[2024-08-10T23:26:22.661+0000] {processor.py:161} INFO - Started process (PID=63) to work on /home/airflow/.local/lib/python3.12/site-packages/airflow/example_dags/example_external_task_marker_dag.py
[2024-08-10T23:26:22.662+0000] {processor.py:830} INFO - Processing file /home/airflow/.local/lib/python3.12/site-packages/airflow/example_dags/example_external_task_marker_dag.py for tasks to queue
[2024-08-10T23:26:22.663+0000] {logging_mixin.py:188} INFO - [2024-08-10T23:26:22.663+0000] {dagbag.py:545} INFO - Filling up the DagBag from /home/airflow/.local/lib/python3.12/site-packages/airflow/example_dags/example_external_task_marker_dag.py
[2024-08-10T23:26:22.672+0000] {processor.py:840} INFO - DAG(s) 'example_external_task_marker_child', 'example_external_task_marker_parent' retrieved from /home/airflow/.local/lib/python3.12/site-packages/airflow/example_dags/example_external_task_marker_dag.py
[2024-08-10T23:26:22.686+0000] {logging_mixin.py:188} INFO - [2024-08-10T23:26:22.686+0000] {dag.py:3089} INFO - Sync 2 DAGs
[2024-08-10T23:26:22.721+0000] {logging_mixin.py:188} INFO - [2024-08-10T23:26:22.720+0000] {dag.py:3947} INFO - Setting next_dagrun for example_external_task_marker_child to None, run_after=None
[2024-08-10T23:26:22.724+0000] {logging_mixin.py:188} INFO - [2024-08-10T23:26:22.724+0000] {dag.py:3947} INFO - Setting next_dagrun for example_external_task_marker_parent to None, run_after=None
[2024-08-10T23:26:22.741+0000] {processor.py:183} INFO - Processing /home/airflow/.local/lib/python3.12/site-packages/airflow/example_dags/example_external_task_marker_dag.py took 0.086 seconds
[2024-08-10T23:26:53.373+0000] {processor.py:161} INFO - Started process (PID=121) to work on /home/airflow/.local/lib/python3.12/site-packages/airflow/example_dags/example_external_task_marker_dag.py
[2024-08-10T23:26:53.374+0000] {processor.py:830} INFO - Processing file /home/airflow/.local/lib/python3.12/site-packages/airflow/example_dags/example_external_task_marker_dag.py for tasks to queue
[2024-08-10T23:26:53.375+0000] {logging_mixin.py:188} INFO - [2024-08-10T23:26:53.375+0000] {dagbag.py:545} INFO - Filling up the DagBag from /home/airflow/.local/lib/python3.12/site-packages/airflow/example_dags/example_external_task_marker_dag.py
[2024-08-10T23:26:53.379+0000] {processor.py:840} INFO - DAG(s) 'example_external_task_marker_child', 'example_external_task_marker_parent' retrieved from /home/airflow/.local/lib/python3.12/site-packages/airflow/example_dags/example_external_task_marker_dag.py
[2024-08-10T23:26:53.468+0000] {logging_mixin.py:188} INFO - [2024-08-10T23:26:53.468+0000] {dag.py:3089} INFO - Sync 2 DAGs
[2024-08-10T23:26:53.477+0000] {logging_mixin.py:188} INFO - [2024-08-10T23:26:53.477+0000] {dag.py:3947} INFO - Setting next_dagrun for example_external_task_marker_child to None, run_after=None
[2024-08-10T23:26:53.480+0000] {logging_mixin.py:188} INFO - [2024-08-10T23:26:53.480+0000] {dag.py:3947} INFO - Setting next_dagrun for example_external_task_marker_parent to None, run_after=None
[2024-08-10T23:26:53.495+0000] {processor.py:183} INFO - Processing /home/airflow/.local/lib/python3.12/site-packages/airflow/example_dags/example_external_task_marker_dag.py took 0.126 seconds
[2024-08-10T23:27:24.063+0000] {processor.py:161} INFO - Started process (PID=179) to work on /home/airflow/.local/lib/python3.12/site-packages/airflow/example_dags/example_external_task_marker_dag.py
[2024-08-10T23:27:24.064+0000] {processor.py:830} INFO - Processing file /home/airflow/.local/lib/python3.12/site-packages/airflow/example_dags/example_external_task_marker_dag.py for tasks to queue
[2024-08-10T23:27:24.065+0000] {logging_mixin.py:188} INFO - [2024-08-10T23:27:24.065+0000] {dagbag.py:545} INFO - Filling up the DagBag from /home/airflow/.local/lib/python3.12/site-packages/airflow/example_dags/example_external_task_marker_dag.py
[2024-08-10T23:27:24.069+0000] {processor.py:840} INFO - DAG(s) 'example_external_task_marker_parent', 'example_external_task_marker_child' retrieved from /home/airflow/.local/lib/python3.12/site-packages/airflow/example_dags/example_external_task_marker_dag.py
[2024-08-10T23:27:24.092+0000] {logging_mixin.py:188} INFO - [2024-08-10T23:27:24.092+0000] {dag.py:3089} INFO - Sync 2 DAGs
[2024-08-10T23:27:24.104+0000] {logging_mixin.py:188} INFO - [2024-08-10T23:27:24.103+0000] {dag.py:3947} INFO - Setting next_dagrun for example_external_task_marker_child to None, run_after=None
[2024-08-10T23:27:24.107+0000] {logging_mixin.py:188} INFO - [2024-08-10T23:27:24.107+0000] {dag.py:3947} INFO - Setting next_dagrun for example_external_task_marker_parent to None, run_after=None
[2024-08-10T23:27:24.124+0000] {processor.py:183} INFO - Processing /home/airflow/.local/lib/python3.12/site-packages/airflow/example_dags/example_external_task_marker_dag.py took 0.065 seconds
[2024-08-10T23:27:54.395+0000] {processor.py:161} INFO - Started process (PID=237) to work on /home/airflow/.local/lib/python3.12/site-packages/airflow/example_dags/example_external_task_marker_dag.py
[2024-08-10T23:27:54.396+0000] {processor.py:830} INFO - Processing file /home/airflow/.local/lib/python3.12/site-packages/airflow/example_dags/example_external_task_marker_dag.py for tasks to queue
[2024-08-10T23:27:54.397+0000] {logging_mixin.py:188} INFO - [2024-08-10T23:27:54.397+0000] {dagbag.py:545} INFO - Filling up the DagBag from /home/airflow/.local/lib/python3.12/site-packages/airflow/example_dags/example_external_task_marker_dag.py
[2024-08-10T23:27:54.401+0000] {processor.py:840} INFO - DAG(s) 'example_external_task_marker_parent', 'example_external_task_marker_child' retrieved from /home/airflow/.local/lib/python3.12/site-packages/airflow/example_dags/example_external_task_marker_dag.py
[2024-08-10T23:27:54.421+0000] {logging_mixin.py:188} INFO - [2024-08-10T23:27:54.421+0000] {dag.py:3089} INFO - Sync 2 DAGs
[2024-08-10T23:27:54.432+0000] {logging_mixin.py:188} INFO - [2024-08-10T23:27:54.432+0000] {dag.py:3947} INFO - Setting next_dagrun for example_external_task_marker_child to None, run_after=None
[2024-08-10T23:27:54.436+0000] {logging_mixin.py:188} INFO - [2024-08-10T23:27:54.435+0000] {dag.py:3947} INFO - Setting next_dagrun for example_external_task_marker_parent to None, run_after=None
[2024-08-10T23:27:54.451+0000] {processor.py:183} INFO - Processing /home/airflow/.local/lib/python3.12/site-packages/airflow/example_dags/example_external_task_marker_dag.py took 0.060 seconds
[2024-08-10T23:28:24.832+0000] {processor.py:161} INFO - Started process (PID=295) to work on /home/airflow/.local/lib/python3.12/site-packages/airflow/example_dags/example_external_task_marker_dag.py
[2024-08-10T23:28:24.833+0000] {processor.py:830} INFO - Processing file /home/airflow/.local/lib/python3.12/site-packages/airflow/example_dags/example_external_task_marker_dag.py for tasks to queue
[2024-08-10T23:28:24.834+0000] {logging_mixin.py:188} INFO - [2024-08-10T23:28:24.834+0000] {dagbag.py:545} INFO - Filling up the DagBag from /home/airflow/.local/lib/python3.12/site-packages/airflow/example_dags/example_external_task_marker_dag.py
[2024-08-10T23:28:24.839+0000] {processor.py:840} INFO - DAG(s) 'example_external_task_marker_parent', 'example_external_task_marker_child' retrieved from /home/airflow/.local/lib/python3.12/site-packages/airflow/example_dags/example_external_task_marker_dag.py
[2024-08-10T23:28:24.861+0000] {logging_mixin.py:188} INFO - [2024-08-10T23:28:24.861+0000] {dag.py:3089} INFO - Sync 2 DAGs
[2024-08-10T23:28:24.871+0000] {logging_mixin.py:188} INFO - [2024-08-10T23:28:24.871+0000] {dag.py:3947} INFO - Setting next_dagrun for example_external_task_marker_child to None, run_after=None
[2024-08-10T23:28:24.874+0000] {logging_mixin.py:188} INFO - [2024-08-10T23:28:24.874+0000] {dag.py:3947} INFO - Setting next_dagrun for example_external_task_marker_parent to None, run_after=None
[2024-08-10T23:28:24.889+0000] {processor.py:183} INFO - Processing /home/airflow/.local/lib/python3.12/site-packages/airflow/example_dags/example_external_task_marker_dag.py took 0.061 seconds
[2024-08-10T23:28:55.076+0000] {processor.py:161} INFO - Started process (PID=353) to work on /home/airflow/.local/lib/python3.12/site-packages/airflow/example_dags/example_external_task_marker_dag.py
[2024-08-10T23:28:55.077+0000] {processor.py:830} INFO - Processing file /home/airflow/.local/lib/python3.12/site-packages/airflow/example_dags/example_external_task_marker_dag.py for tasks to queue
[2024-08-10T23:28:55.078+0000] {logging_mixin.py:188} INFO - [2024-08-10T23:28:55.078+0000] {dagbag.py:545} INFO - Filling up the DagBag from /home/airflow/.local/lib/python3.12/site-packages/airflow/example_dags/example_external_task_marker_dag.py
[2024-08-10T23:28:55.083+0000] {processor.py:840} INFO - DAG(s) 'example_external_task_marker_parent', 'example_external_task_marker_child' retrieved from /home/airflow/.local/lib/python3.12/site-packages/airflow/example_dags/example_external_task_marker_dag.py
[2024-08-10T23:28:55.102+0000] {logging_mixin.py:188} INFO - [2024-08-10T23:28:55.101+0000] {dag.py:3089} INFO - Sync 2 DAGs
[2024-08-10T23:28:55.112+0000] {logging_mixin.py:188} INFO - [2024-08-10T23:28:55.112+0000] {dag.py:3947} INFO - Setting next_dagrun for example_external_task_marker_child to None, run_after=None
[2024-08-10T23:28:55.115+0000] {logging_mixin.py:188} INFO - [2024-08-10T23:28:55.115+0000] {dag.py:3947} INFO - Setting next_dagrun for example_external_task_marker_parent to None, run_after=None
[2024-08-10T23:28:55.130+0000] {processor.py:183} INFO - Processing /home/airflow/.local/lib/python3.12/site-packages/airflow/example_dags/example_external_task_marker_dag.py took 0.058 seconds
[2024-08-10T23:29:25.411+0000] {processor.py:161} INFO - Started process (PID=411) to work on /home/airflow/.local/lib/python3.12/site-packages/airflow/example_dags/example_external_task_marker_dag.py
[2024-08-10T23:29:25.412+0000] {processor.py:830} INFO - Processing file /home/airflow/.local/lib/python3.12/site-packages/airflow/example_dags/example_external_task_marker_dag.py for tasks to queue
[2024-08-10T23:29:25.414+0000] {logging_mixin.py:188} INFO - [2024-08-10T23:29:25.413+0000] {dagbag.py:545} INFO - Filling up the DagBag from /home/airflow/.local/lib/python3.12/site-packages/airflow/example_dags/example_external_task_marker_dag.py
[2024-08-10T23:29:25.418+0000] {processor.py:840} INFO - DAG(s) 'example_external_task_marker_child', 'example_external_task_marker_parent' retrieved from /home/airflow/.local/lib/python3.12/site-packages/airflow/example_dags/example_external_task_marker_dag.py
[2024-08-10T23:29:25.437+0000] {logging_mixin.py:188} INFO - [2024-08-10T23:29:25.437+0000] {dag.py:3089} INFO - Sync 2 DAGs
[2024-08-10T23:29:25.447+0000] {logging_mixin.py:188} INFO - [2024-08-10T23:29:25.447+0000] {dag.py:3947} INFO - Setting next_dagrun for example_external_task_marker_child to None, run_after=None
[2024-08-10T23:29:25.451+0000] {logging_mixin.py:188} INFO - [2024-08-10T23:29:25.450+0000] {dag.py:3947} INFO - Setting next_dagrun for example_external_task_marker_parent to None, run_after=None
[2024-08-10T23:29:25.465+0000] {processor.py:183} INFO - Processing /home/airflow/.local/lib/python3.12/site-packages/airflow/example_dags/example_external_task_marker_dag.py took 0.057 seconds
[2024-08-10T23:29:55.812+0000] {processor.py:161} INFO - Started process (PID=469) to work on /home/airflow/.local/lib/python3.12/site-packages/airflow/example_dags/example_external_task_marker_dag.py
[2024-08-10T23:29:55.813+0000] {processor.py:830} INFO - Processing file /home/airflow/.local/lib/python3.12/site-packages/airflow/example_dags/example_external_task_marker_dag.py for tasks to queue
[2024-08-10T23:29:55.815+0000] {logging_mixin.py:188} INFO - [2024-08-10T23:29:55.815+0000] {dagbag.py:545} INFO - Filling up the DagBag from /home/airflow/.local/lib/python3.12/site-packages/airflow/example_dags/example_external_task_marker_dag.py
[2024-08-10T23:29:55.819+0000] {processor.py:840} INFO - DAG(s) 'example_external_task_marker_parent', 'example_external_task_marker_child' retrieved from /home/airflow/.local/lib/python3.12/site-packages/airflow/example_dags/example_external_task_marker_dag.py
[2024-08-10T23:29:55.839+0000] {logging_mixin.py:188} INFO - [2024-08-10T23:29:55.839+0000] {dag.py:3089} INFO - Sync 2 DAGs
[2024-08-10T23:29:55.850+0000] {logging_mixin.py:188} INFO - [2024-08-10T23:29:55.850+0000] {dag.py:3947} INFO - Setting next_dagrun for example_external_task_marker_child to None, run_after=None
[2024-08-10T23:29:55.853+0000] {logging_mixin.py:188} INFO - [2024-08-10T23:29:55.853+0000] {dag.py:3947} INFO - Setting next_dagrun for example_external_task_marker_parent to None, run_after=None
[2024-08-10T23:29:55.868+0000] {processor.py:183} INFO - Processing /home/airflow/.local/lib/python3.12/site-packages/airflow/example_dags/example_external_task_marker_dag.py took 0.060 seconds
[2024-08-10T23:30:26.022+0000] {processor.py:161} INFO - Started process (PID=527) to work on /home/airflow/.local/lib/python3.12/site-packages/airflow/example_dags/example_external_task_marker_dag.py
[2024-08-10T23:30:26.023+0000] {processor.py:830} INFO - Processing file /home/airflow/.local/lib/python3.12/site-packages/airflow/example_dags/example_external_task_marker_dag.py for tasks to queue
[2024-08-10T23:30:26.025+0000] {logging_mixin.py:188} INFO - [2024-08-10T23:30:26.024+0000] {dagbag.py:545} INFO - Filling up the DagBag from /home/airflow/.local/lib/python3.12/site-packages/airflow/example_dags/example_external_task_marker_dag.py
[2024-08-10T23:30:26.029+0000] {processor.py:840} INFO - DAG(s) 'example_external_task_marker_child', 'example_external_task_marker_parent' retrieved from /home/airflow/.local/lib/python3.12/site-packages/airflow/example_dags/example_external_task_marker_dag.py
[2024-08-10T23:30:26.048+0000] {logging_mixin.py:188} INFO - [2024-08-10T23:30:26.048+0000] {dag.py:3089} INFO - Sync 2 DAGs
[2024-08-10T23:30:26.058+0000] {logging_mixin.py:188} INFO - [2024-08-10T23:30:26.058+0000] {dag.py:3947} INFO - Setting next_dagrun for example_external_task_marker_child to None, run_after=None
[2024-08-10T23:30:26.061+0000] {logging_mixin.py:188} INFO - [2024-08-10T23:30:26.061+0000] {dag.py:3947} INFO - Setting next_dagrun for example_external_task_marker_parent to None, run_after=None
[2024-08-10T23:30:26.075+0000] {processor.py:183} INFO - Processing /home/airflow/.local/lib/python3.12/site-packages/airflow/example_dags/example_external_task_marker_dag.py took 0.057 seconds
[2024-08-10T23:30:56.378+0000] {processor.py:161} INFO - Started process (PID=585) to work on /home/airflow/.local/lib/python3.12/site-packages/airflow/example_dags/example_external_task_marker_dag.py
[2024-08-10T23:30:56.379+0000] {processor.py:830} INFO - Processing file /home/airflow/.local/lib/python3.12/site-packages/airflow/example_dags/example_external_task_marker_dag.py for tasks to queue
[2024-08-10T23:30:56.380+0000] {logging_mixin.py:188} INFO - [2024-08-10T23:30:56.380+0000] {dagbag.py:545} INFO - Filling up the DagBag from /home/airflow/.local/lib/python3.12/site-packages/airflow/example_dags/example_external_task_marker_dag.py
[2024-08-10T23:30:56.384+0000] {processor.py:840} INFO - DAG(s) 'example_external_task_marker_parent', 'example_external_task_marker_child' retrieved from /home/airflow/.local/lib/python3.12/site-packages/airflow/example_dags/example_external_task_marker_dag.py
[2024-08-10T23:30:56.405+0000] {logging_mixin.py:188} INFO - [2024-08-10T23:30:56.405+0000] {dag.py:3089} INFO - Sync 2 DAGs
[2024-08-10T23:30:56.419+0000] {logging_mixin.py:188} INFO - [2024-08-10T23:30:56.419+0000] {dag.py:3947} INFO - Setting next_dagrun for example_external_task_marker_child to None, run_after=None
[2024-08-10T23:30:56.424+0000] {logging_mixin.py:188} INFO - [2024-08-10T23:30:56.423+0000] {dag.py:3947} INFO - Setting next_dagrun for example_external_task_marker_parent to None, run_after=None
[2024-08-10T23:30:56.445+0000] {processor.py:183} INFO - Processing /home/airflow/.local/lib/python3.12/site-packages/airflow/example_dags/example_external_task_marker_dag.py took 0.071 seconds
[2024-08-10T23:31:26.907+0000] {processor.py:161} INFO - Started process (PID=644) to work on /home/airflow/.local/lib/python3.12/site-packages/airflow/example_dags/example_external_task_marker_dag.py
[2024-08-10T23:31:26.908+0000] {processor.py:830} INFO - Processing file /home/airflow/.local/lib/python3.12/site-packages/airflow/example_dags/example_external_task_marker_dag.py for tasks to queue
[2024-08-10T23:31:26.909+0000] {logging_mixin.py:188} INFO - [2024-08-10T23:31:26.909+0000] {dagbag.py:545} INFO - Filling up the DagBag from /home/airflow/.local/lib/python3.12/site-packages/airflow/example_dags/example_external_task_marker_dag.py
[2024-08-10T23:31:26.913+0000] {processor.py:840} INFO - DAG(s) 'example_external_task_marker_parent', 'example_external_task_marker_child' retrieved from /home/airflow/.local/lib/python3.12/site-packages/airflow/example_dags/example_external_task_marker_dag.py
[2024-08-10T23:31:26.933+0000] {logging_mixin.py:188} INFO - [2024-08-10T23:31:26.933+0000] {dag.py:3089} INFO - Sync 2 DAGs
[2024-08-10T23:31:26.945+0000] {logging_mixin.py:188} INFO - [2024-08-10T23:31:26.944+0000] {dag.py:3947} INFO - Setting next_dagrun for example_external_task_marker_child to None, run_after=None
[2024-08-10T23:31:26.949+0000] {logging_mixin.py:188} INFO - [2024-08-10T23:31:26.948+0000] {dag.py:3947} INFO - Setting next_dagrun for example_external_task_marker_parent to None, run_after=None
[2024-08-10T23:31:26.966+0000] {processor.py:183} INFO - Processing /home/airflow/.local/lib/python3.12/site-packages/airflow/example_dags/example_external_task_marker_dag.py took 0.064 seconds
[2024-08-10T23:31:57.293+0000] {processor.py:161} INFO - Started process (PID=702) to work on /home/airflow/.local/lib/python3.12/site-packages/airflow/example_dags/example_external_task_marker_dag.py
[2024-08-10T23:31:57.294+0000] {processor.py:830} INFO - Processing file /home/airflow/.local/lib/python3.12/site-packages/airflow/example_dags/example_external_task_marker_dag.py for tasks to queue
[2024-08-10T23:31:57.295+0000] {logging_mixin.py:188} INFO - [2024-08-10T23:31:57.295+0000] {dagbag.py:545} INFO - Filling up the DagBag from /home/airflow/.local/lib/python3.12/site-packages/airflow/example_dags/example_external_task_marker_dag.py
[2024-08-10T23:31:57.300+0000] {processor.py:840} INFO - DAG(s) 'example_external_task_marker_parent', 'example_external_task_marker_child' retrieved from /home/airflow/.local/lib/python3.12/site-packages/airflow/example_dags/example_external_task_marker_dag.py
[2024-08-10T23:31:57.321+0000] {logging_mixin.py:188} INFO - [2024-08-10T23:31:57.321+0000] {dag.py:3089} INFO - Sync 2 DAGs
[2024-08-10T23:31:57.332+0000] {logging_mixin.py:188} INFO - [2024-08-10T23:31:57.332+0000] {dag.py:3947} INFO - Setting next_dagrun for example_external_task_marker_child to None, run_after=None
[2024-08-10T23:31:57.335+0000] {logging_mixin.py:188} INFO - [2024-08-10T23:31:57.335+0000] {dag.py:3947} INFO - Setting next_dagrun for example_external_task_marker_parent to None, run_after=None
[2024-08-10T23:31:57.350+0000] {processor.py:183} INFO - Processing /home/airflow/.local/lib/python3.12/site-packages/airflow/example_dags/example_external_task_marker_dag.py took 0.061 seconds
[2024-08-10T23:32:27.680+0000] {processor.py:161} INFO - Started process (PID=760) to work on /home/airflow/.local/lib/python3.12/site-packages/airflow/example_dags/example_external_task_marker_dag.py
[2024-08-10T23:32:27.681+0000] {processor.py:830} INFO - Processing file /home/airflow/.local/lib/python3.12/site-packages/airflow/example_dags/example_external_task_marker_dag.py for tasks to queue
[2024-08-10T23:32:27.683+0000] {logging_mixin.py:188} INFO - [2024-08-10T23:32:27.683+0000] {dagbag.py:545} INFO - Filling up the DagBag from /home/airflow/.local/lib/python3.12/site-packages/airflow/example_dags/example_external_task_marker_dag.py
[2024-08-10T23:32:27.687+0000] {processor.py:840} INFO - DAG(s) 'example_external_task_marker_child', 'example_external_task_marker_parent' retrieved from /home/airflow/.local/lib/python3.12/site-packages/airflow/example_dags/example_external_task_marker_dag.py
[2024-08-10T23:32:27.708+0000] {logging_mixin.py:188} INFO - [2024-08-10T23:32:27.708+0000] {dag.py:3089} INFO - Sync 2 DAGs
[2024-08-10T23:32:27.720+0000] {logging_mixin.py:188} INFO - [2024-08-10T23:32:27.720+0000] {dag.py:3947} INFO - Setting next_dagrun for example_external_task_marker_child to None, run_after=None
[2024-08-10T23:32:27.724+0000] {logging_mixin.py:188} INFO - [2024-08-10T23:32:27.723+0000] {dag.py:3947} INFO - Setting next_dagrun for example_external_task_marker_parent to None, run_after=None
[2024-08-10T23:32:27.740+0000] {processor.py:183} INFO - Processing /home/airflow/.local/lib/python3.12/site-packages/airflow/example_dags/example_external_task_marker_dag.py took 0.064 seconds
[2024-08-10T23:32:57.872+0000] {processor.py:161} INFO - Started process (PID=818) to work on /home/airflow/.local/lib/python3.12/site-packages/airflow/example_dags/example_external_task_marker_dag.py
[2024-08-10T23:32:57.873+0000] {processor.py:830} INFO - Processing file /home/airflow/.local/lib/python3.12/site-packages/airflow/example_dags/example_external_task_marker_dag.py for tasks to queue
[2024-08-10T23:32:57.875+0000] {logging_mixin.py:188} INFO - [2024-08-10T23:32:57.874+0000] {dagbag.py:545} INFO - Filling up the DagBag from /home/airflow/.local/lib/python3.12/site-packages/airflow/example_dags/example_external_task_marker_dag.py
[2024-08-10T23:32:57.879+0000] {processor.py:840} INFO - DAG(s) 'example_external_task_marker_parent', 'example_external_task_marker_child' retrieved from /home/airflow/.local/lib/python3.12/site-packages/airflow/example_dags/example_external_task_marker_dag.py
[2024-08-10T23:32:57.896+0000] {logging_mixin.py:188} INFO - [2024-08-10T23:32:57.896+0000] {dag.py:3089} INFO - Sync 2 DAGs
[2024-08-10T23:32:57.906+0000] {logging_mixin.py:188} INFO - [2024-08-10T23:32:57.905+0000] {dag.py:3947} INFO - Setting next_dagrun for example_external_task_marker_child to None, run_after=None
[2024-08-10T23:32:57.909+0000] {logging_mixin.py:188} INFO - [2024-08-10T23:32:57.908+0000] {dag.py:3947} INFO - Setting next_dagrun for example_external_task_marker_parent to None, run_after=None
[2024-08-10T23:32:57.922+0000] {processor.py:183} INFO - Processing /home/airflow/.local/lib/python3.12/site-packages/airflow/example_dags/example_external_task_marker_dag.py took 0.054 seconds
[2024-08-10T23:33:28.169+0000] {processor.py:161} INFO - Started process (PID=876) to work on /home/airflow/.local/lib/python3.12/site-packages/airflow/example_dags/example_external_task_marker_dag.py
[2024-08-10T23:33:28.170+0000] {processor.py:830} INFO - Processing file /home/airflow/.local/lib/python3.12/site-packages/airflow/example_dags/example_external_task_marker_dag.py for tasks to queue
[2024-08-10T23:33:28.171+0000] {logging_mixin.py:188} INFO - [2024-08-10T23:33:28.171+0000] {dagbag.py:545} INFO - Filling up the DagBag from /home/airflow/.local/lib/python3.12/site-packages/airflow/example_dags/example_external_task_marker_dag.py
[2024-08-10T23:33:28.175+0000] {processor.py:840} INFO - DAG(s) 'example_external_task_marker_child', 'example_external_task_marker_parent' retrieved from /home/airflow/.local/lib/python3.12/site-packages/airflow/example_dags/example_external_task_marker_dag.py
[2024-08-10T23:33:28.192+0000] {logging_mixin.py:188} INFO - [2024-08-10T23:33:28.192+0000] {dag.py:3089} INFO - Sync 2 DAGs
[2024-08-10T23:33:28.201+0000] {logging_mixin.py:188} INFO - [2024-08-10T23:33:28.201+0000] {dag.py:3947} INFO - Setting next_dagrun for example_external_task_marker_child to None, run_after=None
[2024-08-10T23:33:28.204+0000] {logging_mixin.py:188} INFO - [2024-08-10T23:33:28.204+0000] {dag.py:3947} INFO - Setting next_dagrun for example_external_task_marker_parent to None, run_after=None
[2024-08-10T23:33:28.218+0000] {processor.py:183} INFO - Processing /home/airflow/.local/lib/python3.12/site-packages/airflow/example_dags/example_external_task_marker_dag.py took 0.053 seconds
[2024-08-10T23:33:58.422+0000] {processor.py:161} INFO - Started process (PID=934) to work on /home/airflow/.local/lib/python3.12/site-packages/airflow/example_dags/example_external_task_marker_dag.py
[2024-08-10T23:33:58.422+0000] {processor.py:830} INFO - Processing file /home/airflow/.local/lib/python3.12/site-packages/airflow/example_dags/example_external_task_marker_dag.py for tasks to queue
[2024-08-10T23:33:58.424+0000] {logging_mixin.py:188} INFO - [2024-08-10T23:33:58.423+0000] {dagbag.py:545} INFO - Filling up the DagBag from /home/airflow/.local/lib/python3.12/site-packages/airflow/example_dags/example_external_task_marker_dag.py
[2024-08-10T23:33:58.428+0000] {processor.py:840} INFO - DAG(s) 'example_external_task_marker_parent', 'example_external_task_marker_child' retrieved from /home/airflow/.local/lib/python3.12/site-packages/airflow/example_dags/example_external_task_marker_dag.py
[2024-08-10T23:33:58.450+0000] {logging_mixin.py:188} INFO - [2024-08-10T23:33:58.450+0000] {dag.py:3089} INFO - Sync 2 DAGs
[2024-08-10T23:33:58.463+0000] {logging_mixin.py:188} INFO - [2024-08-10T23:33:58.463+0000] {dag.py:3947} INFO - Setting next_dagrun for example_external_task_marker_child to None, run_after=None
[2024-08-10T23:33:58.466+0000] {logging_mixin.py:188} INFO - [2024-08-10T23:33:58.466+0000] {dag.py:3947} INFO - Setting next_dagrun for example_external_task_marker_parent to None, run_after=None
[2024-08-10T23:33:58.482+0000] {processor.py:183} INFO - Processing /home/airflow/.local/lib/python3.12/site-packages/airflow/example_dags/example_external_task_marker_dag.py took 0.065 seconds
[2024-08-10T23:34:28.846+0000] {processor.py:161} INFO - Started process (PID=992) to work on /home/airflow/.local/lib/python3.12/site-packages/airflow/example_dags/example_external_task_marker_dag.py
[2024-08-10T23:34:28.847+0000] {processor.py:830} INFO - Processing file /home/airflow/.local/lib/python3.12/site-packages/airflow/example_dags/example_external_task_marker_dag.py for tasks to queue
[2024-08-10T23:34:28.849+0000] {logging_mixin.py:188} INFO - [2024-08-10T23:34:28.849+0000] {dagbag.py:545} INFO - Filling up the DagBag from /home/airflow/.local/lib/python3.12/site-packages/airflow/example_dags/example_external_task_marker_dag.py
[2024-08-10T23:34:28.853+0000] {processor.py:840} INFO - DAG(s) 'example_external_task_marker_parent', 'example_external_task_marker_child' retrieved from /home/airflow/.local/lib/python3.12/site-packages/airflow/example_dags/example_external_task_marker_dag.py
[2024-08-10T23:34:28.872+0000] {logging_mixin.py:188} INFO - [2024-08-10T23:34:28.872+0000] {dag.py:3089} INFO - Sync 2 DAGs
[2024-08-10T23:34:28.882+0000] {logging_mixin.py:188} INFO - [2024-08-10T23:34:28.881+0000] {dag.py:3947} INFO - Setting next_dagrun for example_external_task_marker_child to None, run_after=None
[2024-08-10T23:34:28.885+0000] {logging_mixin.py:188} INFO - [2024-08-10T23:34:28.885+0000] {dag.py:3947} INFO - Setting next_dagrun for example_external_task_marker_parent to None, run_after=None
[2024-08-10T23:34:28.901+0000] {processor.py:183} INFO - Processing /home/airflow/.local/lib/python3.12/site-packages/airflow/example_dags/example_external_task_marker_dag.py took 0.059 seconds
[2024-08-10T23:34:59.064+0000] {processor.py:161} INFO - Started process (PID=1050) to work on /home/airflow/.local/lib/python3.12/site-packages/airflow/example_dags/example_external_task_marker_dag.py
[2024-08-10T23:34:59.065+0000] {processor.py:830} INFO - Processing file /home/airflow/.local/lib/python3.12/site-packages/airflow/example_dags/example_external_task_marker_dag.py for tasks to queue
[2024-08-10T23:34:59.066+0000] {logging_mixin.py:188} INFO - [2024-08-10T23:34:59.066+0000] {dagbag.py:545} INFO - Filling up the DagBag from /home/airflow/.local/lib/python3.12/site-packages/airflow/example_dags/example_external_task_marker_dag.py
[2024-08-10T23:34:59.070+0000] {processor.py:840} INFO - DAG(s) 'example_external_task_marker_parent', 'example_external_task_marker_child' retrieved from /home/airflow/.local/lib/python3.12/site-packages/airflow/example_dags/example_external_task_marker_dag.py
[2024-08-10T23:34:59.091+0000] {logging_mixin.py:188} INFO - [2024-08-10T23:34:59.091+0000] {dag.py:3089} INFO - Sync 2 DAGs
[2024-08-10T23:34:59.102+0000] {logging_mixin.py:188} INFO - [2024-08-10T23:34:59.101+0000] {dag.py:3947} INFO - Setting next_dagrun for example_external_task_marker_child to None, run_after=None
[2024-08-10T23:34:59.105+0000] {logging_mixin.py:188} INFO - [2024-08-10T23:34:59.105+0000] {dag.py:3947} INFO - Setting next_dagrun for example_external_task_marker_parent to None, run_after=None
[2024-08-10T23:34:59.121+0000] {processor.py:183} INFO - Processing /home/airflow/.local/lib/python3.12/site-packages/airflow/example_dags/example_external_task_marker_dag.py took 0.061 seconds
[2024-08-10T23:35:29.520+0000] {processor.py:161} INFO - Started process (PID=1108) to work on /home/airflow/.local/lib/python3.12/site-packages/airflow/example_dags/example_external_task_marker_dag.py
[2024-08-10T23:35:29.521+0000] {processor.py:830} INFO - Processing file /home/airflow/.local/lib/python3.12/site-packages/airflow/example_dags/example_external_task_marker_dag.py for tasks to queue
[2024-08-10T23:35:29.523+0000] {logging_mixin.py:188} INFO - [2024-08-10T23:35:29.522+0000] {dagbag.py:545} INFO - Filling up the DagBag from /home/airflow/.local/lib/python3.12/site-packages/airflow/example_dags/example_external_task_marker_dag.py
[2024-08-10T23:35:29.527+0000] {processor.py:840} INFO - DAG(s) 'example_external_task_marker_parent', 'example_external_task_marker_child' retrieved from /home/airflow/.local/lib/python3.12/site-packages/airflow/example_dags/example_external_task_marker_dag.py
[2024-08-10T23:35:29.548+0000] {logging_mixin.py:188} INFO - [2024-08-10T23:35:29.548+0000] {dag.py:3089} INFO - Sync 2 DAGs
[2024-08-10T23:35:29.559+0000] {logging_mixin.py:188} INFO - [2024-08-10T23:35:29.558+0000] {dag.py:3947} INFO - Setting next_dagrun for example_external_task_marker_child to None, run_after=None
[2024-08-10T23:35:29.562+0000] {logging_mixin.py:188} INFO - [2024-08-10T23:35:29.562+0000] {dag.py:3947} INFO - Setting next_dagrun for example_external_task_marker_parent to None, run_after=None
[2024-08-10T23:35:29.579+0000] {processor.py:183} INFO - Processing /home/airflow/.local/lib/python3.12/site-packages/airflow/example_dags/example_external_task_marker_dag.py took 0.063 seconds
[2024-08-10T23:35:59.788+0000] {processor.py:161} INFO - Started process (PID=1166) to work on /home/airflow/.local/lib/python3.12/site-packages/airflow/example_dags/example_external_task_marker_dag.py
[2024-08-10T23:35:59.788+0000] {processor.py:830} INFO - Processing file /home/airflow/.local/lib/python3.12/site-packages/airflow/example_dags/example_external_task_marker_dag.py for tasks to queue
[2024-08-10T23:35:59.789+0000] {logging_mixin.py:188} INFO - [2024-08-10T23:35:59.789+0000] {dagbag.py:545} INFO - Filling up the DagBag from /home/airflow/.local/lib/python3.12/site-packages/airflow/example_dags/example_external_task_marker_dag.py
[2024-08-10T23:35:59.793+0000] {processor.py:840} INFO - DAG(s) 'example_external_task_marker_child', 'example_external_task_marker_parent' retrieved from /home/airflow/.local/lib/python3.12/site-packages/airflow/example_dags/example_external_task_marker_dag.py
[2024-08-10T23:35:59.811+0000] {logging_mixin.py:188} INFO - [2024-08-10T23:35:59.811+0000] {dag.py:3089} INFO - Sync 2 DAGs
[2024-08-10T23:35:59.822+0000] {logging_mixin.py:188} INFO - [2024-08-10T23:35:59.821+0000] {dag.py:3947} INFO - Setting next_dagrun for example_external_task_marker_child to None, run_after=None
[2024-08-10T23:35:59.825+0000] {logging_mixin.py:188} INFO - [2024-08-10T23:35:59.824+0000] {dag.py:3947} INFO - Setting next_dagrun for example_external_task_marker_parent to None, run_after=None
[2024-08-10T23:35:59.842+0000] {processor.py:183} INFO - Processing /home/airflow/.local/lib/python3.12/site-packages/airflow/example_dags/example_external_task_marker_dag.py took 0.058 seconds
[2024-08-10T23:36:29.874+0000] {processor.py:161} INFO - Started process (PID=1224) to work on /home/airflow/.local/lib/python3.12/site-packages/airflow/example_dags/example_external_task_marker_dag.py
[2024-08-10T23:36:29.875+0000] {processor.py:830} INFO - Processing file /home/airflow/.local/lib/python3.12/site-packages/airflow/example_dags/example_external_task_marker_dag.py for tasks to queue
[2024-08-10T23:36:29.877+0000] {logging_mixin.py:188} INFO - [2024-08-10T23:36:29.876+0000] {dagbag.py:545} INFO - Filling up the DagBag from /home/airflow/.local/lib/python3.12/site-packages/airflow/example_dags/example_external_task_marker_dag.py
[2024-08-10T23:36:29.881+0000] {processor.py:840} INFO - DAG(s) 'example_external_task_marker_child', 'example_external_task_marker_parent' retrieved from /home/airflow/.local/lib/python3.12/site-packages/airflow/example_dags/example_external_task_marker_dag.py
[2024-08-10T23:36:29.899+0000] {logging_mixin.py:188} INFO - [2024-08-10T23:36:29.899+0000] {dag.py:3089} INFO - Sync 2 DAGs
[2024-08-10T23:36:29.909+0000] {logging_mixin.py:188} INFO - [2024-08-10T23:36:29.909+0000] {dag.py:3947} INFO - Setting next_dagrun for example_external_task_marker_child to None, run_after=None
[2024-08-10T23:36:29.912+0000] {logging_mixin.py:188} INFO - [2024-08-10T23:36:29.912+0000] {dag.py:3947} INFO - Setting next_dagrun for example_external_task_marker_parent to None, run_after=None
[2024-08-10T23:36:29.925+0000] {processor.py:183} INFO - Processing /home/airflow/.local/lib/python3.12/site-packages/airflow/example_dags/example_external_task_marker_dag.py took 0.054 seconds
[2024-08-10T23:37:00.596+0000] {processor.py:161} INFO - Started process (PID=1283) to work on /home/airflow/.local/lib/python3.12/site-packages/airflow/example_dags/example_external_task_marker_dag.py
[2024-08-10T23:37:00.597+0000] {processor.py:830} INFO - Processing file /home/airflow/.local/lib/python3.12/site-packages/airflow/example_dags/example_external_task_marker_dag.py for tasks to queue
[2024-08-10T23:37:00.598+0000] {logging_mixin.py:188} INFO - [2024-08-10T23:37:00.598+0000] {dagbag.py:545} INFO - Filling up the DagBag from /home/airflow/.local/lib/python3.12/site-packages/airflow/example_dags/example_external_task_marker_dag.py
[2024-08-10T23:37:00.603+0000] {processor.py:840} INFO - DAG(s) 'example_external_task_marker_child', 'example_external_task_marker_parent' retrieved from /home/airflow/.local/lib/python3.12/site-packages/airflow/example_dags/example_external_task_marker_dag.py
[2024-08-10T23:37:00.623+0000] {logging_mixin.py:188} INFO - [2024-08-10T23:37:00.623+0000] {dag.py:3089} INFO - Sync 2 DAGs
[2024-08-10T23:37:00.634+0000] {logging_mixin.py:188} INFO - [2024-08-10T23:37:00.634+0000] {dag.py:3947} INFO - Setting next_dagrun for example_external_task_marker_child to None, run_after=None
[2024-08-10T23:37:00.637+0000] {logging_mixin.py:188} INFO - [2024-08-10T23:37:00.637+0000] {dag.py:3947} INFO - Setting next_dagrun for example_external_task_marker_parent to None, run_after=None
[2024-08-10T23:37:00.652+0000] {processor.py:183} INFO - Processing /home/airflow/.local/lib/python3.12/site-packages/airflow/example_dags/example_external_task_marker_dag.py took 0.060 seconds
