[2024-08-10T23:26:21.500+0000] {processor.py:161} INFO - Started process (PID=47) to work on /home/airflow/.local/lib/python3.12/site-packages/airflow/example_dags/example_sensors.py
[2024-08-10T23:26:21.503+0000] {processor.py:830} INFO - Processing file /home/airflow/.local/lib/python3.12/site-packages/airflow/example_dags/example_sensors.py for tasks to queue
[2024-08-10T23:26:21.512+0000] {logging_mixin.py:188} INFO - [2024-08-10T23:26:21.511+0000] {dagbag.py:545} INFO - Filling up the DagBag from /home/airflow/.local/lib/python3.12/site-packages/airflow/example_dags/example_sensors.py
[2024-08-10T23:26:21.547+0000] {processor.py:840} INFO - DAG(s) 'example_sensors' retrieved from /home/airflow/.local/lib/python3.12/site-packages/airflow/example_dags/example_sensors.py
[2024-08-10T23:26:21.625+0000] {logging_mixin.py:188} INFO - [2024-08-10T23:26:21.625+0000] {dag.py:3089} INFO - Sync 1 DAGs
[2024-08-10T23:26:21.662+0000] {logging_mixin.py:188} INFO - [2024-08-10T23:26:21.662+0000] {dag.py:3947} INFO - Setting next_dagrun for example_sensors to None, run_after=None
[2024-08-10T23:26:21.700+0000] {processor.py:183} INFO - Processing /home/airflow/.local/lib/python3.12/site-packages/airflow/example_dags/example_sensors.py took 0.227 seconds
[2024-08-10T23:26:52.103+0000] {processor.py:161} INFO - Started process (PID=105) to work on /home/airflow/.local/lib/python3.12/site-packages/airflow/example_dags/example_sensors.py
[2024-08-10T23:26:52.104+0000] {processor.py:830} INFO - Processing file /home/airflow/.local/lib/python3.12/site-packages/airflow/example_dags/example_sensors.py for tasks to queue
[2024-08-10T23:26:52.105+0000] {logging_mixin.py:188} INFO - [2024-08-10T23:26:52.105+0000] {dagbag.py:545} INFO - Filling up the DagBag from /home/airflow/.local/lib/python3.12/site-packages/airflow/example_dags/example_sensors.py
[2024-08-10T23:26:52.111+0000] {processor.py:840} INFO - DAG(s) 'example_sensors' retrieved from /home/airflow/.local/lib/python3.12/site-packages/airflow/example_dags/example_sensors.py
[2024-08-10T23:26:52.283+0000] {logging_mixin.py:188} INFO - [2024-08-10T23:26:52.283+0000] {dag.py:3089} INFO - Sync 1 DAGs
[2024-08-10T23:26:52.293+0000] {logging_mixin.py:188} INFO - [2024-08-10T23:26:52.293+0000] {dag.py:3947} INFO - Setting next_dagrun for example_sensors to None, run_after=None
[2024-08-10T23:26:52.309+0000] {processor.py:183} INFO - Processing /home/airflow/.local/lib/python3.12/site-packages/airflow/example_dags/example_sensors.py took 0.211 seconds
[2024-08-10T23:27:22.368+0000] {processor.py:161} INFO - Started process (PID=163) to work on /home/airflow/.local/lib/python3.12/site-packages/airflow/example_dags/example_sensors.py
[2024-08-10T23:27:22.368+0000] {processor.py:830} INFO - Processing file /home/airflow/.local/lib/python3.12/site-packages/airflow/example_dags/example_sensors.py for tasks to queue
[2024-08-10T23:27:22.371+0000] {logging_mixin.py:188} INFO - [2024-08-10T23:27:22.370+0000] {dagbag.py:545} INFO - Filling up the DagBag from /home/airflow/.local/lib/python3.12/site-packages/airflow/example_dags/example_sensors.py
[2024-08-10T23:27:22.381+0000] {processor.py:840} INFO - DAG(s) 'example_sensors' retrieved from /home/airflow/.local/lib/python3.12/site-packages/airflow/example_dags/example_sensors.py
[2024-08-10T23:27:22.407+0000] {logging_mixin.py:188} INFO - [2024-08-10T23:27:22.407+0000] {dag.py:3089} INFO - Sync 1 DAGs
[2024-08-10T23:27:22.420+0000] {logging_mixin.py:188} INFO - [2024-08-10T23:27:22.420+0000] {dag.py:3947} INFO - Setting next_dagrun for example_sensors to None, run_after=None
[2024-08-10T23:27:22.444+0000] {processor.py:183} INFO - Processing /home/airflow/.local/lib/python3.12/site-packages/airflow/example_dags/example_sensors.py took 0.082 seconds
[2024-08-10T23:27:52.739+0000] {processor.py:161} INFO - Started process (PID=221) to work on /home/airflow/.local/lib/python3.12/site-packages/airflow/example_dags/example_sensors.py
[2024-08-10T23:27:52.740+0000] {processor.py:830} INFO - Processing file /home/airflow/.local/lib/python3.12/site-packages/airflow/example_dags/example_sensors.py for tasks to queue
[2024-08-10T23:27:52.742+0000] {logging_mixin.py:188} INFO - [2024-08-10T23:27:52.742+0000] {dagbag.py:545} INFO - Filling up the DagBag from /home/airflow/.local/lib/python3.12/site-packages/airflow/example_dags/example_sensors.py
[2024-08-10T23:27:52.748+0000] {processor.py:840} INFO - DAG(s) 'example_sensors' retrieved from /home/airflow/.local/lib/python3.12/site-packages/airflow/example_dags/example_sensors.py
[2024-08-10T23:27:52.777+0000] {logging_mixin.py:188} INFO - [2024-08-10T23:27:52.776+0000] {dag.py:3089} INFO - Sync 1 DAGs
[2024-08-10T23:27:52.792+0000] {logging_mixin.py:188} INFO - [2024-08-10T23:27:52.792+0000] {dag.py:3947} INFO - Setting next_dagrun for example_sensors to None, run_after=None
[2024-08-10T23:27:52.810+0000] {processor.py:183} INFO - Processing /home/airflow/.local/lib/python3.12/site-packages/airflow/example_dags/example_sensors.py took 0.075 seconds
[2024-08-10T23:28:22.926+0000] {processor.py:161} INFO - Started process (PID=279) to work on /home/airflow/.local/lib/python3.12/site-packages/airflow/example_dags/example_sensors.py
[2024-08-10T23:28:22.928+0000] {processor.py:830} INFO - Processing file /home/airflow/.local/lib/python3.12/site-packages/airflow/example_dags/example_sensors.py for tasks to queue
[2024-08-10T23:28:22.929+0000] {logging_mixin.py:188} INFO - [2024-08-10T23:28:22.929+0000] {dagbag.py:545} INFO - Filling up the DagBag from /home/airflow/.local/lib/python3.12/site-packages/airflow/example_dags/example_sensors.py
[2024-08-10T23:28:22.937+0000] {processor.py:840} INFO - DAG(s) 'example_sensors' retrieved from /home/airflow/.local/lib/python3.12/site-packages/airflow/example_dags/example_sensors.py
[2024-08-10T23:28:22.963+0000] {logging_mixin.py:188} INFO - [2024-08-10T23:28:22.962+0000] {dag.py:3089} INFO - Sync 1 DAGs
[2024-08-10T23:28:22.975+0000] {logging_mixin.py:188} INFO - [2024-08-10T23:28:22.975+0000] {dag.py:3947} INFO - Setting next_dagrun for example_sensors to None, run_after=None
[2024-08-10T23:28:22.997+0000] {processor.py:183} INFO - Processing /home/airflow/.local/lib/python3.12/site-packages/airflow/example_dags/example_sensors.py took 0.076 seconds
[2024-08-10T23:28:53.385+0000] {processor.py:161} INFO - Started process (PID=337) to work on /home/airflow/.local/lib/python3.12/site-packages/airflow/example_dags/example_sensors.py
[2024-08-10T23:28:53.386+0000] {processor.py:830} INFO - Processing file /home/airflow/.local/lib/python3.12/site-packages/airflow/example_dags/example_sensors.py for tasks to queue
[2024-08-10T23:28:53.387+0000] {logging_mixin.py:188} INFO - [2024-08-10T23:28:53.387+0000] {dagbag.py:545} INFO - Filling up the DagBag from /home/airflow/.local/lib/python3.12/site-packages/airflow/example_dags/example_sensors.py
[2024-08-10T23:28:53.394+0000] {processor.py:840} INFO - DAG(s) 'example_sensors' retrieved from /home/airflow/.local/lib/python3.12/site-packages/airflow/example_dags/example_sensors.py
[2024-08-10T23:28:53.416+0000] {logging_mixin.py:188} INFO - [2024-08-10T23:28:53.416+0000] {dag.py:3089} INFO - Sync 1 DAGs
[2024-08-10T23:28:53.428+0000] {logging_mixin.py:188} INFO - [2024-08-10T23:28:53.428+0000] {dag.py:3947} INFO - Setting next_dagrun for example_sensors to None, run_after=None
[2024-08-10T23:28:53.448+0000] {processor.py:183} INFO - Processing /home/airflow/.local/lib/python3.12/site-packages/airflow/example_dags/example_sensors.py took 0.067 seconds
[2024-08-10T23:29:23.572+0000] {processor.py:161} INFO - Started process (PID=395) to work on /home/airflow/.local/lib/python3.12/site-packages/airflow/example_dags/example_sensors.py
[2024-08-10T23:29:23.573+0000] {processor.py:830} INFO - Processing file /home/airflow/.local/lib/python3.12/site-packages/airflow/example_dags/example_sensors.py for tasks to queue
[2024-08-10T23:29:23.574+0000] {logging_mixin.py:188} INFO - [2024-08-10T23:29:23.574+0000] {dagbag.py:545} INFO - Filling up the DagBag from /home/airflow/.local/lib/python3.12/site-packages/airflow/example_dags/example_sensors.py
[2024-08-10T23:29:23.581+0000] {processor.py:840} INFO - DAG(s) 'example_sensors' retrieved from /home/airflow/.local/lib/python3.12/site-packages/airflow/example_dags/example_sensors.py
[2024-08-10T23:29:23.602+0000] {logging_mixin.py:188} INFO - [2024-08-10T23:29:23.601+0000] {dag.py:3089} INFO - Sync 1 DAGs
[2024-08-10T23:29:23.612+0000] {logging_mixin.py:188} INFO - [2024-08-10T23:29:23.612+0000] {dag.py:3947} INFO - Setting next_dagrun for example_sensors to None, run_after=None
[2024-08-10T23:29:23.627+0000] {processor.py:183} INFO - Processing /home/airflow/.local/lib/python3.12/site-packages/airflow/example_dags/example_sensors.py took 0.059 seconds
[2024-08-10T23:29:53.932+0000] {processor.py:161} INFO - Started process (PID=453) to work on /home/airflow/.local/lib/python3.12/site-packages/airflow/example_dags/example_sensors.py
[2024-08-10T23:29:53.933+0000] {processor.py:830} INFO - Processing file /home/airflow/.local/lib/python3.12/site-packages/airflow/example_dags/example_sensors.py for tasks to queue
[2024-08-10T23:29:53.934+0000] {logging_mixin.py:188} INFO - [2024-08-10T23:29:53.934+0000] {dagbag.py:545} INFO - Filling up the DagBag from /home/airflow/.local/lib/python3.12/site-packages/airflow/example_dags/example_sensors.py
[2024-08-10T23:29:53.940+0000] {processor.py:840} INFO - DAG(s) 'example_sensors' retrieved from /home/airflow/.local/lib/python3.12/site-packages/airflow/example_dags/example_sensors.py
[2024-08-10T23:29:53.961+0000] {logging_mixin.py:188} INFO - [2024-08-10T23:29:53.961+0000] {dag.py:3089} INFO - Sync 1 DAGs
[2024-08-10T23:29:53.971+0000] {logging_mixin.py:188} INFO - [2024-08-10T23:29:53.971+0000] {dag.py:3947} INFO - Setting next_dagrun for example_sensors to None, run_after=None
[2024-08-10T23:29:53.985+0000] {processor.py:183} INFO - Processing /home/airflow/.local/lib/python3.12/site-packages/airflow/example_dags/example_sensors.py took 0.057 seconds
