[2024-08-10T23:26:24.583+0000] {processor.py:161} INFO - Started process (PID=84) to work on /home/airflow/.local/lib/python3.12/site-packages/airflow/example_dags/example_complex.py
[2024-08-10T23:26:24.586+0000] {processor.py:830} INFO - Processing file /home/airflow/.local/lib/python3.12/site-packages/airflow/example_dags/example_complex.py for tasks to queue
[2024-08-10T23:26:24.596+0000] {logging_mixin.py:188} INFO - [2024-08-10T23:26:24.595+0000] {dagbag.py:545} INFO - Filling up the DagBag from /home/airflow/.local/lib/python3.12/site-packages/airflow/example_dags/example_complex.py
[2024-08-10T23:26:24.626+0000] {processor.py:840} INFO - DAG(s) 'example_complex' retrieved from /home/airflow/.local/lib/python3.12/site-packages/airflow/example_dags/example_complex.py
[2024-08-10T23:26:24.657+0000] {logging_mixin.py:188} INFO - [2024-08-10T23:26:24.657+0000] {dag.py:3089} INFO - Sync 1 DAGs
[2024-08-10T23:26:24.696+0000] {logging_mixin.py:188} INFO - [2024-08-10T23:26:24.695+0000] {dag.py:3947} INFO - Setting next_dagrun for example_complex to None, run_after=None
[2024-08-10T23:26:24.726+0000] {processor.py:183} INFO - Processing /home/airflow/.local/lib/python3.12/site-packages/airflow/example_dags/example_complex.py took 0.174 seconds
[2024-08-10T23:26:54.956+0000] {processor.py:161} INFO - Started process (PID=142) to work on /home/airflow/.local/lib/python3.12/site-packages/airflow/example_dags/example_complex.py
[2024-08-10T23:26:54.957+0000] {processor.py:830} INFO - Processing file /home/airflow/.local/lib/python3.12/site-packages/airflow/example_dags/example_complex.py for tasks to queue
[2024-08-10T23:26:54.958+0000] {logging_mixin.py:188} INFO - [2024-08-10T23:26:54.958+0000] {dagbag.py:545} INFO - Filling up the DagBag from /home/airflow/.local/lib/python3.12/site-packages/airflow/example_dags/example_complex.py
[2024-08-10T23:26:54.966+0000] {processor.py:840} INFO - DAG(s) 'example_complex' retrieved from /home/airflow/.local/lib/python3.12/site-packages/airflow/example_dags/example_complex.py
[2024-08-10T23:26:55.057+0000] {logging_mixin.py:188} INFO - [2024-08-10T23:26:55.057+0000] {dag.py:3089} INFO - Sync 1 DAGs
[2024-08-10T23:26:55.067+0000] {logging_mixin.py:188} INFO - [2024-08-10T23:26:55.066+0000] {dag.py:3947} INFO - Setting next_dagrun for example_complex to None, run_after=None
[2024-08-10T23:26:55.084+0000] {processor.py:183} INFO - Processing /home/airflow/.local/lib/python3.12/site-packages/airflow/example_dags/example_complex.py took 0.131 seconds
[2024-08-10T23:27:25.153+0000] {processor.py:161} INFO - Started process (PID=200) to work on /home/airflow/.local/lib/python3.12/site-packages/airflow/example_dags/example_complex.py
[2024-08-10T23:27:25.154+0000] {processor.py:830} INFO - Processing file /home/airflow/.local/lib/python3.12/site-packages/airflow/example_dags/example_complex.py for tasks to queue
[2024-08-10T23:27:25.155+0000] {logging_mixin.py:188} INFO - [2024-08-10T23:27:25.155+0000] {dagbag.py:545} INFO - Filling up the DagBag from /home/airflow/.local/lib/python3.12/site-packages/airflow/example_dags/example_complex.py
[2024-08-10T23:27:25.163+0000] {processor.py:840} INFO - DAG(s) 'example_complex' retrieved from /home/airflow/.local/lib/python3.12/site-packages/airflow/example_dags/example_complex.py
[2024-08-10T23:27:25.189+0000] {logging_mixin.py:188} INFO - [2024-08-10T23:27:25.189+0000] {dag.py:3089} INFO - Sync 1 DAGs
[2024-08-10T23:27:25.199+0000] {logging_mixin.py:188} INFO - [2024-08-10T23:27:25.199+0000] {dag.py:3947} INFO - Setting next_dagrun for example_complex to None, run_after=None
[2024-08-10T23:27:25.214+0000] {processor.py:183} INFO - Processing /home/airflow/.local/lib/python3.12/site-packages/airflow/example_dags/example_complex.py took 0.066 seconds
[2024-08-10T23:27:55.331+0000] {processor.py:161} INFO - Started process (PID=258) to work on /home/airflow/.local/lib/python3.12/site-packages/airflow/example_dags/example_complex.py
[2024-08-10T23:27:55.332+0000] {processor.py:830} INFO - Processing file /home/airflow/.local/lib/python3.12/site-packages/airflow/example_dags/example_complex.py for tasks to queue
[2024-08-10T23:27:55.334+0000] {logging_mixin.py:188} INFO - [2024-08-10T23:27:55.334+0000] {dagbag.py:545} INFO - Filling up the DagBag from /home/airflow/.local/lib/python3.12/site-packages/airflow/example_dags/example_complex.py
[2024-08-10T23:27:55.342+0000] {processor.py:840} INFO - DAG(s) 'example_complex' retrieved from /home/airflow/.local/lib/python3.12/site-packages/airflow/example_dags/example_complex.py
[2024-08-10T23:27:55.368+0000] {logging_mixin.py:188} INFO - [2024-08-10T23:27:55.367+0000] {dag.py:3089} INFO - Sync 1 DAGs
[2024-08-10T23:27:55.377+0000] {logging_mixin.py:188} INFO - [2024-08-10T23:27:55.377+0000] {dag.py:3947} INFO - Setting next_dagrun for example_complex to None, run_after=None
[2024-08-10T23:27:55.391+0000] {processor.py:183} INFO - Processing /home/airflow/.local/lib/python3.12/site-packages/airflow/example_dags/example_complex.py took 0.063 seconds
[2024-08-10T23:28:25.822+0000] {processor.py:161} INFO - Started process (PID=316) to work on /home/airflow/.local/lib/python3.12/site-packages/airflow/example_dags/example_complex.py
[2024-08-10T23:28:25.822+0000] {processor.py:830} INFO - Processing file /home/airflow/.local/lib/python3.12/site-packages/airflow/example_dags/example_complex.py for tasks to queue
[2024-08-10T23:28:25.824+0000] {logging_mixin.py:188} INFO - [2024-08-10T23:28:25.823+0000] {dagbag.py:545} INFO - Filling up the DagBag from /home/airflow/.local/lib/python3.12/site-packages/airflow/example_dags/example_complex.py
[2024-08-10T23:28:25.832+0000] {processor.py:840} INFO - DAG(s) 'example_complex' retrieved from /home/airflow/.local/lib/python3.12/site-packages/airflow/example_dags/example_complex.py
[2024-08-10T23:28:25.860+0000] {logging_mixin.py:188} INFO - [2024-08-10T23:28:25.859+0000] {dag.py:3089} INFO - Sync 1 DAGs
[2024-08-10T23:28:25.870+0000] {logging_mixin.py:188} INFO - [2024-08-10T23:28:25.870+0000] {dag.py:3947} INFO - Setting next_dagrun for example_complex to None, run_after=None
[2024-08-10T23:28:25.888+0000] {processor.py:183} INFO - Processing /home/airflow/.local/lib/python3.12/site-packages/airflow/example_dags/example_complex.py took 0.071 seconds
[2024-08-10T23:28:55.950+0000] {processor.py:161} INFO - Started process (PID=374) to work on /home/airflow/.local/lib/python3.12/site-packages/airflow/example_dags/example_complex.py
[2024-08-10T23:28:55.951+0000] {processor.py:830} INFO - Processing file /home/airflow/.local/lib/python3.12/site-packages/airflow/example_dags/example_complex.py for tasks to queue
[2024-08-10T23:28:55.952+0000] {logging_mixin.py:188} INFO - [2024-08-10T23:28:55.952+0000] {dagbag.py:545} INFO - Filling up the DagBag from /home/airflow/.local/lib/python3.12/site-packages/airflow/example_dags/example_complex.py
[2024-08-10T23:28:55.960+0000] {processor.py:840} INFO - DAG(s) 'example_complex' retrieved from /home/airflow/.local/lib/python3.12/site-packages/airflow/example_dags/example_complex.py
[2024-08-10T23:28:55.987+0000] {logging_mixin.py:188} INFO - [2024-08-10T23:28:55.987+0000] {dag.py:3089} INFO - Sync 1 DAGs
[2024-08-10T23:28:55.997+0000] {logging_mixin.py:188} INFO - [2024-08-10T23:28:55.997+0000] {dag.py:3947} INFO - Setting next_dagrun for example_complex to None, run_after=None
[2024-08-10T23:28:56.013+0000] {processor.py:183} INFO - Processing /home/airflow/.local/lib/python3.12/site-packages/airflow/example_dags/example_complex.py took 0.067 seconds
[2024-08-10T23:29:26.401+0000] {processor.py:161} INFO - Started process (PID=432) to work on /home/airflow/.local/lib/python3.12/site-packages/airflow/example_dags/example_complex.py
[2024-08-10T23:29:26.402+0000] {processor.py:830} INFO - Processing file /home/airflow/.local/lib/python3.12/site-packages/airflow/example_dags/example_complex.py for tasks to queue
[2024-08-10T23:29:26.403+0000] {logging_mixin.py:188} INFO - [2024-08-10T23:29:26.403+0000] {dagbag.py:545} INFO - Filling up the DagBag from /home/airflow/.local/lib/python3.12/site-packages/airflow/example_dags/example_complex.py
[2024-08-10T23:29:26.411+0000] {processor.py:840} INFO - DAG(s) 'example_complex' retrieved from /home/airflow/.local/lib/python3.12/site-packages/airflow/example_dags/example_complex.py
[2024-08-10T23:29:26.436+0000] {logging_mixin.py:188} INFO - [2024-08-10T23:29:26.436+0000] {dag.py:3089} INFO - Sync 1 DAGs
[2024-08-10T23:29:26.446+0000] {logging_mixin.py:188} INFO - [2024-08-10T23:29:26.446+0000] {dag.py:3947} INFO - Setting next_dagrun for example_complex to None, run_after=None
[2024-08-10T23:29:26.462+0000] {processor.py:183} INFO - Processing /home/airflow/.local/lib/python3.12/site-packages/airflow/example_dags/example_complex.py took 0.065 seconds
[2024-08-10T23:29:56.712+0000] {processor.py:161} INFO - Started process (PID=490) to work on /home/airflow/.local/lib/python3.12/site-packages/airflow/example_dags/example_complex.py
[2024-08-10T23:29:56.713+0000] {processor.py:830} INFO - Processing file /home/airflow/.local/lib/python3.12/site-packages/airflow/example_dags/example_complex.py for tasks to queue
[2024-08-10T23:29:56.715+0000] {logging_mixin.py:188} INFO - [2024-08-10T23:29:56.715+0000] {dagbag.py:545} INFO - Filling up the DagBag from /home/airflow/.local/lib/python3.12/site-packages/airflow/example_dags/example_complex.py
[2024-08-10T23:29:56.723+0000] {processor.py:840} INFO - DAG(s) 'example_complex' retrieved from /home/airflow/.local/lib/python3.12/site-packages/airflow/example_dags/example_complex.py
[2024-08-10T23:29:56.752+0000] {logging_mixin.py:188} INFO - [2024-08-10T23:29:56.752+0000] {dag.py:3089} INFO - Sync 1 DAGs
[2024-08-10T23:29:56.762+0000] {logging_mixin.py:188} INFO - [2024-08-10T23:29:56.762+0000] {dag.py:3947} INFO - Setting next_dagrun for example_complex to None, run_after=None
[2024-08-10T23:29:56.782+0000] {processor.py:183} INFO - Processing /home/airflow/.local/lib/python3.12/site-packages/airflow/example_dags/example_complex.py took 0.073 seconds
[2024-08-10T23:30:26.844+0000] {processor.py:161} INFO - Started process (PID=548) to work on /home/airflow/.local/lib/python3.12/site-packages/airflow/example_dags/example_complex.py
[2024-08-10T23:30:26.845+0000] {processor.py:830} INFO - Processing file /home/airflow/.local/lib/python3.12/site-packages/airflow/example_dags/example_complex.py for tasks to queue
[2024-08-10T23:30:26.847+0000] {logging_mixin.py:188} INFO - [2024-08-10T23:30:26.846+0000] {dagbag.py:545} INFO - Filling up the DagBag from /home/airflow/.local/lib/python3.12/site-packages/airflow/example_dags/example_complex.py
[2024-08-10T23:30:26.854+0000] {processor.py:840} INFO - DAG(s) 'example_complex' retrieved from /home/airflow/.local/lib/python3.12/site-packages/airflow/example_dags/example_complex.py
[2024-08-10T23:30:26.880+0000] {logging_mixin.py:188} INFO - [2024-08-10T23:30:26.880+0000] {dag.py:3089} INFO - Sync 1 DAGs
[2024-08-10T23:30:26.890+0000] {logging_mixin.py:188} INFO - [2024-08-10T23:30:26.889+0000] {dag.py:3947} INFO - Setting next_dagrun for example_complex to None, run_after=None
[2024-08-10T23:30:26.904+0000] {processor.py:183} INFO - Processing /home/airflow/.local/lib/python3.12/site-packages/airflow/example_dags/example_complex.py took 0.063 seconds
[2024-08-10T23:30:57.293+0000] {processor.py:161} INFO - Started process (PID=606) to work on /home/airflow/.local/lib/python3.12/site-packages/airflow/example_dags/example_complex.py
[2024-08-10T23:30:57.294+0000] {processor.py:830} INFO - Processing file /home/airflow/.local/lib/python3.12/site-packages/airflow/example_dags/example_complex.py for tasks to queue
[2024-08-10T23:30:57.296+0000] {logging_mixin.py:188} INFO - [2024-08-10T23:30:57.295+0000] {dagbag.py:545} INFO - Filling up the DagBag from /home/airflow/.local/lib/python3.12/site-packages/airflow/example_dags/example_complex.py
[2024-08-10T23:30:57.303+0000] {processor.py:840} INFO - DAG(s) 'example_complex' retrieved from /home/airflow/.local/lib/python3.12/site-packages/airflow/example_dags/example_complex.py
[2024-08-10T23:30:57.332+0000] {logging_mixin.py:188} INFO - [2024-08-10T23:30:57.332+0000] {dag.py:3089} INFO - Sync 1 DAGs
[2024-08-10T23:30:57.343+0000] {logging_mixin.py:188} INFO - [2024-08-10T23:30:57.342+0000] {dag.py:3947} INFO - Setting next_dagrun for example_complex to None, run_after=None
[2024-08-10T23:30:57.360+0000] {processor.py:183} INFO - Processing /home/airflow/.local/lib/python3.12/site-packages/airflow/example_dags/example_complex.py took 0.071 seconds
[2024-08-10T23:31:27.778+0000] {processor.py:161} INFO - Started process (PID=665) to work on /home/airflow/.local/lib/python3.12/site-packages/airflow/example_dags/example_complex.py
[2024-08-10T23:31:27.779+0000] {processor.py:830} INFO - Processing file /home/airflow/.local/lib/python3.12/site-packages/airflow/example_dags/example_complex.py for tasks to queue
[2024-08-10T23:31:27.780+0000] {logging_mixin.py:188} INFO - [2024-08-10T23:31:27.780+0000] {dagbag.py:545} INFO - Filling up the DagBag from /home/airflow/.local/lib/python3.12/site-packages/airflow/example_dags/example_complex.py
[2024-08-10T23:31:27.788+0000] {processor.py:840} INFO - DAG(s) 'example_complex' retrieved from /home/airflow/.local/lib/python3.12/site-packages/airflow/example_dags/example_complex.py
[2024-08-10T23:31:27.815+0000] {logging_mixin.py:188} INFO - [2024-08-10T23:31:27.815+0000] {dag.py:3089} INFO - Sync 1 DAGs
[2024-08-10T23:31:27.825+0000] {logging_mixin.py:188} INFO - [2024-08-10T23:31:27.825+0000] {dag.py:3947} INFO - Setting next_dagrun for example_complex to None, run_after=None
[2024-08-10T23:31:27.841+0000] {processor.py:183} INFO - Processing /home/airflow/.local/lib/python3.12/site-packages/airflow/example_dags/example_complex.py took 0.067 seconds
[2024-08-10T23:31:58.210+0000] {processor.py:161} INFO - Started process (PID=723) to work on /home/airflow/.local/lib/python3.12/site-packages/airflow/example_dags/example_complex.py
[2024-08-10T23:31:58.211+0000] {processor.py:830} INFO - Processing file /home/airflow/.local/lib/python3.12/site-packages/airflow/example_dags/example_complex.py for tasks to queue
[2024-08-10T23:31:58.213+0000] {logging_mixin.py:188} INFO - [2024-08-10T23:31:58.213+0000] {dagbag.py:545} INFO - Filling up the DagBag from /home/airflow/.local/lib/python3.12/site-packages/airflow/example_dags/example_complex.py
[2024-08-10T23:31:58.221+0000] {processor.py:840} INFO - DAG(s) 'example_complex' retrieved from /home/airflow/.local/lib/python3.12/site-packages/airflow/example_dags/example_complex.py
[2024-08-10T23:31:58.250+0000] {logging_mixin.py:188} INFO - [2024-08-10T23:31:58.250+0000] {dag.py:3089} INFO - Sync 1 DAGs
[2024-08-10T23:31:58.260+0000] {logging_mixin.py:188} INFO - [2024-08-10T23:31:58.260+0000] {dag.py:3947} INFO - Setting next_dagrun for example_complex to None, run_after=None
[2024-08-10T23:31:58.279+0000] {processor.py:183} INFO - Processing /home/airflow/.local/lib/python3.12/site-packages/airflow/example_dags/example_complex.py took 0.073 seconds
[2024-08-10T23:32:28.534+0000] {processor.py:161} INFO - Started process (PID=781) to work on /home/airflow/.local/lib/python3.12/site-packages/airflow/example_dags/example_complex.py
[2024-08-10T23:32:28.535+0000] {processor.py:830} INFO - Processing file /home/airflow/.local/lib/python3.12/site-packages/airflow/example_dags/example_complex.py for tasks to queue
[2024-08-10T23:32:28.536+0000] {logging_mixin.py:188} INFO - [2024-08-10T23:32:28.536+0000] {dagbag.py:545} INFO - Filling up the DagBag from /home/airflow/.local/lib/python3.12/site-packages/airflow/example_dags/example_complex.py
[2024-08-10T23:32:28.544+0000] {processor.py:840} INFO - DAG(s) 'example_complex' retrieved from /home/airflow/.local/lib/python3.12/site-packages/airflow/example_dags/example_complex.py
[2024-08-10T23:32:28.571+0000] {logging_mixin.py:188} INFO - [2024-08-10T23:32:28.571+0000] {dag.py:3089} INFO - Sync 1 DAGs
[2024-08-10T23:32:28.581+0000] {logging_mixin.py:188} INFO - [2024-08-10T23:32:28.581+0000] {dag.py:3947} INFO - Setting next_dagrun for example_complex to None, run_after=None
[2024-08-10T23:32:28.596+0000] {processor.py:183} INFO - Processing /home/airflow/.local/lib/python3.12/site-packages/airflow/example_dags/example_complex.py took 0.066 seconds
[2024-08-10T23:32:58.726+0000] {processor.py:161} INFO - Started process (PID=839) to work on /home/airflow/.local/lib/python3.12/site-packages/airflow/example_dags/example_complex.py
[2024-08-10T23:32:58.727+0000] {processor.py:830} INFO - Processing file /home/airflow/.local/lib/python3.12/site-packages/airflow/example_dags/example_complex.py for tasks to queue
[2024-08-10T23:32:58.729+0000] {logging_mixin.py:188} INFO - [2024-08-10T23:32:58.728+0000] {dagbag.py:545} INFO - Filling up the DagBag from /home/airflow/.local/lib/python3.12/site-packages/airflow/example_dags/example_complex.py
[2024-08-10T23:32:58.737+0000] {processor.py:840} INFO - DAG(s) 'example_complex' retrieved from /home/airflow/.local/lib/python3.12/site-packages/airflow/example_dags/example_complex.py
[2024-08-10T23:32:58.763+0000] {logging_mixin.py:188} INFO - [2024-08-10T23:32:58.762+0000] {dag.py:3089} INFO - Sync 1 DAGs
[2024-08-10T23:32:58.773+0000] {logging_mixin.py:188} INFO - [2024-08-10T23:32:58.773+0000] {dag.py:3947} INFO - Setting next_dagrun for example_complex to None, run_after=None
[2024-08-10T23:32:58.788+0000] {processor.py:183} INFO - Processing /home/airflow/.local/lib/python3.12/site-packages/airflow/example_dags/example_complex.py took 0.065 seconds
