[2024-08-10T23:26:24.179+0000] {processor.py:161} INFO - Started process (PID=80) to work on /home/airflow/.local/lib/python3.12/site-packages/airflow/example_dags/example_task_group.py
[2024-08-10T23:26:24.184+0000] {processor.py:830} INFO - Processing file /home/airflow/.local/lib/python3.12/site-packages/airflow/example_dags/example_task_group.py for tasks to queue
[2024-08-10T23:26:24.194+0000] {logging_mixin.py:188} INFO - [2024-08-10T23:26:24.193+0000] {dagbag.py:545} INFO - Filling up the DagBag from /home/airflow/.local/lib/python3.12/site-packages/airflow/example_dags/example_task_group.py
[2024-08-10T23:26:24.228+0000] {processor.py:840} INFO - DAG(s) 'example_task_group' retrieved from /home/airflow/.local/lib/python3.12/site-packages/airflow/example_dags/example_task_group.py
[2024-08-10T23:26:24.251+0000] {logging_mixin.py:188} INFO - [2024-08-10T23:26:24.251+0000] {dag.py:3089} INFO - Sync 1 DAGs
[2024-08-10T23:26:24.311+0000] {logging_mixin.py:188} INFO - [2024-08-10T23:26:24.311+0000] {dag.py:3947} INFO - Setting next_dagrun for example_task_group to 2024-08-09 00:00:00+00:00, run_after=2024-08-10 00:00:00+00:00
[2024-08-10T23:26:24.342+0000] {processor.py:183} INFO - Processing /home/airflow/.local/lib/python3.12/site-packages/airflow/example_dags/example_task_group.py took 0.171 seconds
[2024-08-10T23:26:54.674+0000] {processor.py:161} INFO - Started process (PID=138) to work on /home/airflow/.local/lib/python3.12/site-packages/airflow/example_dags/example_task_group.py
[2024-08-10T23:26:54.674+0000] {processor.py:830} INFO - Processing file /home/airflow/.local/lib/python3.12/site-packages/airflow/example_dags/example_task_group.py for tasks to queue
[2024-08-10T23:26:54.675+0000] {logging_mixin.py:188} INFO - [2024-08-10T23:26:54.675+0000] {dagbag.py:545} INFO - Filling up the DagBag from /home/airflow/.local/lib/python3.12/site-packages/airflow/example_dags/example_task_group.py
[2024-08-10T23:26:54.680+0000] {processor.py:840} INFO - DAG(s) 'example_task_group' retrieved from /home/airflow/.local/lib/python3.12/site-packages/airflow/example_dags/example_task_group.py
[2024-08-10T23:26:54.763+0000] {logging_mixin.py:188} INFO - [2024-08-10T23:26:54.763+0000] {dag.py:3089} INFO - Sync 1 DAGs
[2024-08-10T23:26:54.781+0000] {logging_mixin.py:188} INFO - [2024-08-10T23:26:54.781+0000] {dag.py:3947} INFO - Setting next_dagrun for example_task_group to 2024-08-09 00:00:00+00:00, run_after=2024-08-10 00:00:00+00:00
[2024-08-10T23:26:54.797+0000] {processor.py:183} INFO - Processing /home/airflow/.local/lib/python3.12/site-packages/airflow/example_dags/example_task_group.py took 0.128 seconds
[2024-08-10T23:27:24.850+0000] {processor.py:161} INFO - Started process (PID=196) to work on /home/airflow/.local/lib/python3.12/site-packages/airflow/example_dags/example_task_group.py
[2024-08-10T23:27:24.851+0000] {processor.py:830} INFO - Processing file /home/airflow/.local/lib/python3.12/site-packages/airflow/example_dags/example_task_group.py for tasks to queue
[2024-08-10T23:27:24.853+0000] {logging_mixin.py:188} INFO - [2024-08-10T23:27:24.852+0000] {dagbag.py:545} INFO - Filling up the DagBag from /home/airflow/.local/lib/python3.12/site-packages/airflow/example_dags/example_task_group.py
[2024-08-10T23:27:24.858+0000] {processor.py:840} INFO - DAG(s) 'example_task_group' retrieved from /home/airflow/.local/lib/python3.12/site-packages/airflow/example_dags/example_task_group.py
[2024-08-10T23:27:24.878+0000] {logging_mixin.py:188} INFO - [2024-08-10T23:27:24.878+0000] {dag.py:3089} INFO - Sync 1 DAGs
[2024-08-10T23:27:24.895+0000] {logging_mixin.py:188} INFO - [2024-08-10T23:27:24.895+0000] {dag.py:3947} INFO - Setting next_dagrun for example_task_group to 2024-08-09 00:00:00+00:00, run_after=2024-08-10 00:00:00+00:00
[2024-08-10T23:27:24.908+0000] {processor.py:183} INFO - Processing /home/airflow/.local/lib/python3.12/site-packages/airflow/example_dags/example_task_group.py took 0.062 seconds
[2024-08-10T23:27:55.104+0000] {processor.py:161} INFO - Started process (PID=254) to work on /home/airflow/.local/lib/python3.12/site-packages/airflow/example_dags/example_task_group.py
[2024-08-10T23:27:55.105+0000] {processor.py:830} INFO - Processing file /home/airflow/.local/lib/python3.12/site-packages/airflow/example_dags/example_task_group.py for tasks to queue
[2024-08-10T23:27:55.106+0000] {logging_mixin.py:188} INFO - [2024-08-10T23:27:55.106+0000] {dagbag.py:545} INFO - Filling up the DagBag from /home/airflow/.local/lib/python3.12/site-packages/airflow/example_dags/example_task_group.py
[2024-08-10T23:27:55.111+0000] {processor.py:840} INFO - DAG(s) 'example_task_group' retrieved from /home/airflow/.local/lib/python3.12/site-packages/airflow/example_dags/example_task_group.py
[2024-08-10T23:27:55.130+0000] {logging_mixin.py:188} INFO - [2024-08-10T23:27:55.130+0000] {dag.py:3089} INFO - Sync 1 DAGs
[2024-08-10T23:27:55.147+0000] {logging_mixin.py:188} INFO - [2024-08-10T23:27:55.147+0000] {dag.py:3947} INFO - Setting next_dagrun for example_task_group to 2024-08-09 00:00:00+00:00, run_after=2024-08-10 00:00:00+00:00
[2024-08-10T23:27:55.161+0000] {processor.py:183} INFO - Processing /home/airflow/.local/lib/python3.12/site-packages/airflow/example_dags/example_task_group.py took 0.061 seconds
[2024-08-10T23:28:25.653+0000] {processor.py:161} INFO - Started process (PID=312) to work on /home/airflow/.local/lib/python3.12/site-packages/airflow/example_dags/example_task_group.py
[2024-08-10T23:28:25.654+0000] {processor.py:830} INFO - Processing file /home/airflow/.local/lib/python3.12/site-packages/airflow/example_dags/example_task_group.py for tasks to queue
[2024-08-10T23:28:25.656+0000] {logging_mixin.py:188} INFO - [2024-08-10T23:28:25.655+0000] {dagbag.py:545} INFO - Filling up the DagBag from /home/airflow/.local/lib/python3.12/site-packages/airflow/example_dags/example_task_group.py
[2024-08-10T23:28:25.661+0000] {processor.py:840} INFO - DAG(s) 'example_task_group' retrieved from /home/airflow/.local/lib/python3.12/site-packages/airflow/example_dags/example_task_group.py
[2024-08-10T23:28:25.680+0000] {logging_mixin.py:188} INFO - [2024-08-10T23:28:25.680+0000] {dag.py:3089} INFO - Sync 1 DAGs
[2024-08-10T23:28:25.699+0000] {logging_mixin.py:188} INFO - [2024-08-10T23:28:25.699+0000] {dag.py:3947} INFO - Setting next_dagrun for example_task_group to 2024-08-09 00:00:00+00:00, run_after=2024-08-10 00:00:00+00:00
[2024-08-10T23:28:25.717+0000] {processor.py:183} INFO - Processing /home/airflow/.local/lib/python3.12/site-packages/airflow/example_dags/example_task_group.py took 0.067 seconds
[2024-08-10T23:28:55.792+0000] {processor.py:161} INFO - Started process (PID=370) to work on /home/airflow/.local/lib/python3.12/site-packages/airflow/example_dags/example_task_group.py
[2024-08-10T23:28:55.793+0000] {processor.py:830} INFO - Processing file /home/airflow/.local/lib/python3.12/site-packages/airflow/example_dags/example_task_group.py for tasks to queue
[2024-08-10T23:28:55.794+0000] {logging_mixin.py:188} INFO - [2024-08-10T23:28:55.794+0000] {dagbag.py:545} INFO - Filling up the DagBag from /home/airflow/.local/lib/python3.12/site-packages/airflow/example_dags/example_task_group.py
[2024-08-10T23:28:55.800+0000] {processor.py:840} INFO - DAG(s) 'example_task_group' retrieved from /home/airflow/.local/lib/python3.12/site-packages/airflow/example_dags/example_task_group.py
[2024-08-10T23:28:55.818+0000] {logging_mixin.py:188} INFO - [2024-08-10T23:28:55.818+0000] {dag.py:3089} INFO - Sync 1 DAGs
[2024-08-10T23:28:55.836+0000] {logging_mixin.py:188} INFO - [2024-08-10T23:28:55.836+0000] {dag.py:3947} INFO - Setting next_dagrun for example_task_group to 2024-08-09 00:00:00+00:00, run_after=2024-08-10 00:00:00+00:00
[2024-08-10T23:28:55.853+0000] {processor.py:183} INFO - Processing /home/airflow/.local/lib/python3.12/site-packages/airflow/example_dags/example_task_group.py took 0.066 seconds
[2024-08-10T23:29:26.248+0000] {processor.py:161} INFO - Started process (PID=428) to work on /home/airflow/.local/lib/python3.12/site-packages/airflow/example_dags/example_task_group.py
[2024-08-10T23:29:26.249+0000] {processor.py:830} INFO - Processing file /home/airflow/.local/lib/python3.12/site-packages/airflow/example_dags/example_task_group.py for tasks to queue
[2024-08-10T23:29:26.250+0000] {logging_mixin.py:188} INFO - [2024-08-10T23:29:26.250+0000] {dagbag.py:545} INFO - Filling up the DagBag from /home/airflow/.local/lib/python3.12/site-packages/airflow/example_dags/example_task_group.py
[2024-08-10T23:29:26.255+0000] {processor.py:840} INFO - DAG(s) 'example_task_group' retrieved from /home/airflow/.local/lib/python3.12/site-packages/airflow/example_dags/example_task_group.py
[2024-08-10T23:29:26.274+0000] {logging_mixin.py:188} INFO - [2024-08-10T23:29:26.273+0000] {dag.py:3089} INFO - Sync 1 DAGs
[2024-08-10T23:29:26.292+0000] {logging_mixin.py:188} INFO - [2024-08-10T23:29:26.292+0000] {dag.py:3947} INFO - Setting next_dagrun for example_task_group to 2024-08-09 00:00:00+00:00, run_after=2024-08-10 00:00:00+00:00
[2024-08-10T23:29:26.307+0000] {processor.py:183} INFO - Processing /home/airflow/.local/lib/python3.12/site-packages/airflow/example_dags/example_task_group.py took 0.064 seconds
[2024-08-10T23:29:56.548+0000] {processor.py:161} INFO - Started process (PID=486) to work on /home/airflow/.local/lib/python3.12/site-packages/airflow/example_dags/example_task_group.py
[2024-08-10T23:29:56.549+0000] {processor.py:830} INFO - Processing file /home/airflow/.local/lib/python3.12/site-packages/airflow/example_dags/example_task_group.py for tasks to queue
[2024-08-10T23:29:56.550+0000] {logging_mixin.py:188} INFO - [2024-08-10T23:29:56.550+0000] {dagbag.py:545} INFO - Filling up the DagBag from /home/airflow/.local/lib/python3.12/site-packages/airflow/example_dags/example_task_group.py
[2024-08-10T23:29:56.556+0000] {processor.py:840} INFO - DAG(s) 'example_task_group' retrieved from /home/airflow/.local/lib/python3.12/site-packages/airflow/example_dags/example_task_group.py
[2024-08-10T23:29:56.573+0000] {logging_mixin.py:188} INFO - [2024-08-10T23:29:56.573+0000] {dag.py:3089} INFO - Sync 1 DAGs
[2024-08-10T23:29:56.590+0000] {logging_mixin.py:188} INFO - [2024-08-10T23:29:56.590+0000] {dag.py:3947} INFO - Setting next_dagrun for example_task_group to 2024-08-09 00:00:00+00:00, run_after=2024-08-10 00:00:00+00:00
[2024-08-10T23:29:56.611+0000] {processor.py:183} INFO - Processing /home/airflow/.local/lib/python3.12/site-packages/airflow/example_dags/example_task_group.py took 0.068 seconds
[2024-08-10T23:30:26.694+0000] {processor.py:161} INFO - Started process (PID=544) to work on /home/airflow/.local/lib/python3.12/site-packages/airflow/example_dags/example_task_group.py
[2024-08-10T23:30:26.695+0000] {processor.py:830} INFO - Processing file /home/airflow/.local/lib/python3.12/site-packages/airflow/example_dags/example_task_group.py for tasks to queue
[2024-08-10T23:30:26.696+0000] {logging_mixin.py:188} INFO - [2024-08-10T23:30:26.696+0000] {dagbag.py:545} INFO - Filling up the DagBag from /home/airflow/.local/lib/python3.12/site-packages/airflow/example_dags/example_task_group.py
[2024-08-10T23:30:26.701+0000] {processor.py:840} INFO - DAG(s) 'example_task_group' retrieved from /home/airflow/.local/lib/python3.12/site-packages/airflow/example_dags/example_task_group.py
[2024-08-10T23:30:26.718+0000] {logging_mixin.py:188} INFO - [2024-08-10T23:30:26.718+0000] {dag.py:3089} INFO - Sync 1 DAGs
[2024-08-10T23:30:26.736+0000] {logging_mixin.py:188} INFO - [2024-08-10T23:30:26.736+0000] {dag.py:3947} INFO - Setting next_dagrun for example_task_group to 2024-08-09 00:00:00+00:00, run_after=2024-08-10 00:00:00+00:00
[2024-08-10T23:30:26.752+0000] {processor.py:183} INFO - Processing /home/airflow/.local/lib/python3.12/site-packages/airflow/example_dags/example_task_group.py took 0.062 seconds
[2024-08-10T23:30:57.124+0000] {processor.py:161} INFO - Started process (PID=602) to work on /home/airflow/.local/lib/python3.12/site-packages/airflow/example_dags/example_task_group.py
[2024-08-10T23:30:57.125+0000] {processor.py:830} INFO - Processing file /home/airflow/.local/lib/python3.12/site-packages/airflow/example_dags/example_task_group.py for tasks to queue
[2024-08-10T23:30:57.127+0000] {logging_mixin.py:188} INFO - [2024-08-10T23:30:57.126+0000] {dagbag.py:545} INFO - Filling up the DagBag from /home/airflow/.local/lib/python3.12/site-packages/airflow/example_dags/example_task_group.py
[2024-08-10T23:30:57.132+0000] {processor.py:840} INFO - DAG(s) 'example_task_group' retrieved from /home/airflow/.local/lib/python3.12/site-packages/airflow/example_dags/example_task_group.py
[2024-08-10T23:30:57.151+0000] {logging_mixin.py:188} INFO - [2024-08-10T23:30:57.150+0000] {dag.py:3089} INFO - Sync 1 DAGs
[2024-08-10T23:30:57.168+0000] {logging_mixin.py:188} INFO - [2024-08-10T23:30:57.168+0000] {dag.py:3947} INFO - Setting next_dagrun for example_task_group to 2024-08-09 00:00:00+00:00, run_after=2024-08-10 00:00:00+00:00
[2024-08-10T23:30:57.186+0000] {processor.py:183} INFO - Processing /home/airflow/.local/lib/python3.12/site-packages/airflow/example_dags/example_task_group.py took 0.065 seconds
[2024-08-10T23:31:27.620+0000] {processor.py:161} INFO - Started process (PID=661) to work on /home/airflow/.local/lib/python3.12/site-packages/airflow/example_dags/example_task_group.py
[2024-08-10T23:31:27.621+0000] {processor.py:830} INFO - Processing file /home/airflow/.local/lib/python3.12/site-packages/airflow/example_dags/example_task_group.py for tasks to queue
[2024-08-10T23:31:27.622+0000] {logging_mixin.py:188} INFO - [2024-08-10T23:31:27.622+0000] {dagbag.py:545} INFO - Filling up the DagBag from /home/airflow/.local/lib/python3.12/site-packages/airflow/example_dags/example_task_group.py
[2024-08-10T23:31:27.627+0000] {processor.py:840} INFO - DAG(s) 'example_task_group' retrieved from /home/airflow/.local/lib/python3.12/site-packages/airflow/example_dags/example_task_group.py
[2024-08-10T23:31:27.644+0000] {logging_mixin.py:188} INFO - [2024-08-10T23:31:27.644+0000] {dag.py:3089} INFO - Sync 1 DAGs
[2024-08-10T23:31:27.661+0000] {logging_mixin.py:188} INFO - [2024-08-10T23:31:27.661+0000] {dag.py:3947} INFO - Setting next_dagrun for example_task_group to 2024-08-09 00:00:00+00:00, run_after=2024-08-10 00:00:00+00:00
[2024-08-10T23:31:27.678+0000] {processor.py:183} INFO - Processing /home/airflow/.local/lib/python3.12/site-packages/airflow/example_dags/example_task_group.py took 0.062 seconds
[2024-08-10T23:31:58.042+0000] {processor.py:161} INFO - Started process (PID=719) to work on /home/airflow/.local/lib/python3.12/site-packages/airflow/example_dags/example_task_group.py
[2024-08-10T23:31:58.043+0000] {processor.py:830} INFO - Processing file /home/airflow/.local/lib/python3.12/site-packages/airflow/example_dags/example_task_group.py for tasks to queue
[2024-08-10T23:31:58.044+0000] {logging_mixin.py:188} INFO - [2024-08-10T23:31:58.044+0000] {dagbag.py:545} INFO - Filling up the DagBag from /home/airflow/.local/lib/python3.12/site-packages/airflow/example_dags/example_task_group.py
[2024-08-10T23:31:58.049+0000] {processor.py:840} INFO - DAG(s) 'example_task_group' retrieved from /home/airflow/.local/lib/python3.12/site-packages/airflow/example_dags/example_task_group.py
[2024-08-10T23:31:58.069+0000] {logging_mixin.py:188} INFO - [2024-08-10T23:31:58.069+0000] {dag.py:3089} INFO - Sync 1 DAGs
[2024-08-10T23:31:58.088+0000] {logging_mixin.py:188} INFO - [2024-08-10T23:31:58.088+0000] {dag.py:3947} INFO - Setting next_dagrun for example_task_group to 2024-08-09 00:00:00+00:00, run_after=2024-08-10 00:00:00+00:00
[2024-08-10T23:31:58.106+0000] {processor.py:183} INFO - Processing /home/airflow/.local/lib/python3.12/site-packages/airflow/example_dags/example_task_group.py took 0.068 seconds
[2024-08-10T23:32:28.378+0000] {processor.py:161} INFO - Started process (PID=777) to work on /home/airflow/.local/lib/python3.12/site-packages/airflow/example_dags/example_task_group.py
[2024-08-10T23:32:28.379+0000] {processor.py:830} INFO - Processing file /home/airflow/.local/lib/python3.12/site-packages/airflow/example_dags/example_task_group.py for tasks to queue
[2024-08-10T23:32:28.381+0000] {logging_mixin.py:188} INFO - [2024-08-10T23:32:28.380+0000] {dagbag.py:545} INFO - Filling up the DagBag from /home/airflow/.local/lib/python3.12/site-packages/airflow/example_dags/example_task_group.py
[2024-08-10T23:32:28.386+0000] {processor.py:840} INFO - DAG(s) 'example_task_group' retrieved from /home/airflow/.local/lib/python3.12/site-packages/airflow/example_dags/example_task_group.py
[2024-08-10T23:32:28.403+0000] {logging_mixin.py:188} INFO - [2024-08-10T23:32:28.402+0000] {dag.py:3089} INFO - Sync 1 DAGs
[2024-08-10T23:32:28.420+0000] {logging_mixin.py:188} INFO - [2024-08-10T23:32:28.420+0000] {dag.py:3947} INFO - Setting next_dagrun for example_task_group to 2024-08-09 00:00:00+00:00, run_after=2024-08-10 00:00:00+00:00
[2024-08-10T23:32:28.435+0000] {processor.py:183} INFO - Processing /home/airflow/.local/lib/python3.12/site-packages/airflow/example_dags/example_task_group.py took 0.061 seconds
[2024-08-10T23:32:58.563+0000] {processor.py:161} INFO - Started process (PID=835) to work on /home/airflow/.local/lib/python3.12/site-packages/airflow/example_dags/example_task_group.py
[2024-08-10T23:32:58.564+0000] {processor.py:830} INFO - Processing file /home/airflow/.local/lib/python3.12/site-packages/airflow/example_dags/example_task_group.py for tasks to queue
[2024-08-10T23:32:58.565+0000] {logging_mixin.py:188} INFO - [2024-08-10T23:32:58.565+0000] {dagbag.py:545} INFO - Filling up the DagBag from /home/airflow/.local/lib/python3.12/site-packages/airflow/example_dags/example_task_group.py
[2024-08-10T23:32:58.571+0000] {processor.py:840} INFO - DAG(s) 'example_task_group' retrieved from /home/airflow/.local/lib/python3.12/site-packages/airflow/example_dags/example_task_group.py
[2024-08-10T23:32:58.589+0000] {logging_mixin.py:188} INFO - [2024-08-10T23:32:58.588+0000] {dag.py:3089} INFO - Sync 1 DAGs
[2024-08-10T23:32:58.609+0000] {logging_mixin.py:188} INFO - [2024-08-10T23:32:58.608+0000] {dag.py:3947} INFO - Setting next_dagrun for example_task_group to 2024-08-09 00:00:00+00:00, run_after=2024-08-10 00:00:00+00:00
[2024-08-10T23:32:58.625+0000] {processor.py:183} INFO - Processing /home/airflow/.local/lib/python3.12/site-packages/airflow/example_dags/example_task_group.py took 0.066 seconds
[2024-08-10T23:33:28.849+0000] {processor.py:161} INFO - Started process (PID=893) to work on /home/airflow/.local/lib/python3.12/site-packages/airflow/example_dags/example_task_group.py
[2024-08-10T23:33:28.850+0000] {processor.py:830} INFO - Processing file /home/airflow/.local/lib/python3.12/site-packages/airflow/example_dags/example_task_group.py for tasks to queue
[2024-08-10T23:33:28.851+0000] {logging_mixin.py:188} INFO - [2024-08-10T23:33:28.851+0000] {dagbag.py:545} INFO - Filling up the DagBag from /home/airflow/.local/lib/python3.12/site-packages/airflow/example_dags/example_task_group.py
[2024-08-10T23:33:28.857+0000] {processor.py:840} INFO - DAG(s) 'example_task_group' retrieved from /home/airflow/.local/lib/python3.12/site-packages/airflow/example_dags/example_task_group.py
[2024-08-10T23:33:28.873+0000] {logging_mixin.py:188} INFO - [2024-08-10T23:33:28.873+0000] {dag.py:3089} INFO - Sync 1 DAGs
[2024-08-10T23:33:28.892+0000] {logging_mixin.py:188} INFO - [2024-08-10T23:33:28.891+0000] {dag.py:3947} INFO - Setting next_dagrun for example_task_group to 2024-08-09 00:00:00+00:00, run_after=2024-08-10 00:00:00+00:00
[2024-08-10T23:33:28.907+0000] {processor.py:183} INFO - Processing /home/airflow/.local/lib/python3.12/site-packages/airflow/example_dags/example_task_group.py took 0.062 seconds
[2024-08-10T23:33:59.119+0000] {processor.py:161} INFO - Started process (PID=951) to work on /home/airflow/.local/lib/python3.12/site-packages/airflow/example_dags/example_task_group.py
[2024-08-10T23:33:59.119+0000] {processor.py:830} INFO - Processing file /home/airflow/.local/lib/python3.12/site-packages/airflow/example_dags/example_task_group.py for tasks to queue
[2024-08-10T23:33:59.121+0000] {logging_mixin.py:188} INFO - [2024-08-10T23:33:59.120+0000] {dagbag.py:545} INFO - Filling up the DagBag from /home/airflow/.local/lib/python3.12/site-packages/airflow/example_dags/example_task_group.py
[2024-08-10T23:33:59.125+0000] {processor.py:840} INFO - DAG(s) 'example_task_group' retrieved from /home/airflow/.local/lib/python3.12/site-packages/airflow/example_dags/example_task_group.py
[2024-08-10T23:33:59.143+0000] {logging_mixin.py:188} INFO - [2024-08-10T23:33:59.142+0000] {dag.py:3089} INFO - Sync 1 DAGs
[2024-08-10T23:33:59.160+0000] {logging_mixin.py:188} INFO - [2024-08-10T23:33:59.160+0000] {dag.py:3947} INFO - Setting next_dagrun for example_task_group to 2024-08-09 00:00:00+00:00, run_after=2024-08-10 00:00:00+00:00
[2024-08-10T23:33:59.177+0000] {processor.py:183} INFO - Processing /home/airflow/.local/lib/python3.12/site-packages/airflow/example_dags/example_task_group.py took 0.062 seconds
[2024-08-10T23:34:29.516+0000] {processor.py:161} INFO - Started process (PID=1009) to work on /home/airflow/.local/lib/python3.12/site-packages/airflow/example_dags/example_task_group.py
[2024-08-10T23:34:29.517+0000] {processor.py:830} INFO - Processing file /home/airflow/.local/lib/python3.12/site-packages/airflow/example_dags/example_task_group.py for tasks to queue
[2024-08-10T23:34:29.519+0000] {logging_mixin.py:188} INFO - [2024-08-10T23:34:29.519+0000] {dagbag.py:545} INFO - Filling up the DagBag from /home/airflow/.local/lib/python3.12/site-packages/airflow/example_dags/example_task_group.py
[2024-08-10T23:34:29.525+0000] {processor.py:840} INFO - DAG(s) 'example_task_group' retrieved from /home/airflow/.local/lib/python3.12/site-packages/airflow/example_dags/example_task_group.py
[2024-08-10T23:34:29.546+0000] {logging_mixin.py:188} INFO - [2024-08-10T23:34:29.545+0000] {dag.py:3089} INFO - Sync 1 DAGs
[2024-08-10T23:34:29.566+0000] {logging_mixin.py:188} INFO - [2024-08-10T23:34:29.566+0000] {dag.py:3947} INFO - Setting next_dagrun for example_task_group to 2024-08-09 00:00:00+00:00, run_after=2024-08-10 00:00:00+00:00
[2024-08-10T23:34:29.584+0000] {processor.py:183} INFO - Processing /home/airflow/.local/lib/python3.12/site-packages/airflow/example_dags/example_task_group.py took 0.073 seconds
[2024-08-10T23:34:59.946+0000] {processor.py:161} INFO - Started process (PID=1067) to work on /home/airflow/.local/lib/python3.12/site-packages/airflow/example_dags/example_task_group.py
[2024-08-10T23:34:59.947+0000] {processor.py:830} INFO - Processing file /home/airflow/.local/lib/python3.12/site-packages/airflow/example_dags/example_task_group.py for tasks to queue
[2024-08-10T23:34:59.949+0000] {logging_mixin.py:188} INFO - [2024-08-10T23:34:59.948+0000] {dagbag.py:545} INFO - Filling up the DagBag from /home/airflow/.local/lib/python3.12/site-packages/airflow/example_dags/example_task_group.py
[2024-08-10T23:34:59.954+0000] {processor.py:840} INFO - DAG(s) 'example_task_group' retrieved from /home/airflow/.local/lib/python3.12/site-packages/airflow/example_dags/example_task_group.py
[2024-08-10T23:34:59.971+0000] {logging_mixin.py:188} INFO - [2024-08-10T23:34:59.971+0000] {dag.py:3089} INFO - Sync 1 DAGs
[2024-08-10T23:34:59.988+0000] {logging_mixin.py:188} INFO - [2024-08-10T23:34:59.987+0000] {dag.py:3947} INFO - Setting next_dagrun for example_task_group to 2024-08-09 00:00:00+00:00, run_after=2024-08-10 00:00:00+00:00
[2024-08-10T23:35:00.005+0000] {processor.py:183} INFO - Processing /home/airflow/.local/lib/python3.12/site-packages/airflow/example_dags/example_task_group.py took 0.062 seconds
[2024-08-10T23:35:30.231+0000] {processor.py:161} INFO - Started process (PID=1125) to work on /home/airflow/.local/lib/python3.12/site-packages/airflow/example_dags/example_task_group.py
[2024-08-10T23:35:30.232+0000] {processor.py:830} INFO - Processing file /home/airflow/.local/lib/python3.12/site-packages/airflow/example_dags/example_task_group.py for tasks to queue
[2024-08-10T23:35:30.233+0000] {logging_mixin.py:188} INFO - [2024-08-10T23:35:30.233+0000] {dagbag.py:545} INFO - Filling up the DagBag from /home/airflow/.local/lib/python3.12/site-packages/airflow/example_dags/example_task_group.py
[2024-08-10T23:35:30.239+0000] {processor.py:840} INFO - DAG(s) 'example_task_group' retrieved from /home/airflow/.local/lib/python3.12/site-packages/airflow/example_dags/example_task_group.py
[2024-08-10T23:35:30.256+0000] {logging_mixin.py:188} INFO - [2024-08-10T23:35:30.256+0000] {dag.py:3089} INFO - Sync 1 DAGs
[2024-08-10T23:35:30.274+0000] {logging_mixin.py:188} INFO - [2024-08-10T23:35:30.274+0000] {dag.py:3947} INFO - Setting next_dagrun for example_task_group to 2024-08-09 00:00:00+00:00, run_after=2024-08-10 00:00:00+00:00
[2024-08-10T23:35:30.291+0000] {processor.py:183} INFO - Processing /home/airflow/.local/lib/python3.12/site-packages/airflow/example_dags/example_task_group.py took 0.064 seconds
[2024-08-10T23:36:00.581+0000] {processor.py:161} INFO - Started process (PID=1183) to work on /home/airflow/.local/lib/python3.12/site-packages/airflow/example_dags/example_task_group.py
[2024-08-10T23:36:00.582+0000] {processor.py:830} INFO - Processing file /home/airflow/.local/lib/python3.12/site-packages/airflow/example_dags/example_task_group.py for tasks to queue
[2024-08-10T23:36:00.583+0000] {logging_mixin.py:188} INFO - [2024-08-10T23:36:00.583+0000] {dagbag.py:545} INFO - Filling up the DagBag from /home/airflow/.local/lib/python3.12/site-packages/airflow/example_dags/example_task_group.py
[2024-08-10T23:36:00.588+0000] {processor.py:840} INFO - DAG(s) 'example_task_group' retrieved from /home/airflow/.local/lib/python3.12/site-packages/airflow/example_dags/example_task_group.py
[2024-08-10T23:36:00.606+0000] {logging_mixin.py:188} INFO - [2024-08-10T23:36:00.606+0000] {dag.py:3089} INFO - Sync 1 DAGs
[2024-08-10T23:36:00.625+0000] {logging_mixin.py:188} INFO - [2024-08-10T23:36:00.625+0000] {dag.py:3947} INFO - Setting next_dagrun for example_task_group to 2024-08-09 00:00:00+00:00, run_after=2024-08-10 00:00:00+00:00
[2024-08-10T23:36:00.641+0000] {processor.py:183} INFO - Processing /home/airflow/.local/lib/python3.12/site-packages/airflow/example_dags/example_task_group.py took 0.064 seconds
[2024-08-10T23:36:31.801+0000] {processor.py:161} INFO - Started process (PID=1242) to work on /home/airflow/.local/lib/python3.12/site-packages/airflow/example_dags/example_task_group.py
[2024-08-10T23:36:31.802+0000] {processor.py:830} INFO - Processing file /home/airflow/.local/lib/python3.12/site-packages/airflow/example_dags/example_task_group.py for tasks to queue
[2024-08-10T23:36:31.803+0000] {logging_mixin.py:188} INFO - [2024-08-10T23:36:31.803+0000] {dagbag.py:545} INFO - Filling up the DagBag from /home/airflow/.local/lib/python3.12/site-packages/airflow/example_dags/example_task_group.py
[2024-08-10T23:36:31.808+0000] {processor.py:840} INFO - DAG(s) 'example_task_group' retrieved from /home/airflow/.local/lib/python3.12/site-packages/airflow/example_dags/example_task_group.py
[2024-08-10T23:36:31.826+0000] {logging_mixin.py:188} INFO - [2024-08-10T23:36:31.826+0000] {dag.py:3089} INFO - Sync 1 DAGs
[2024-08-10T23:36:31.843+0000] {logging_mixin.py:188} INFO - [2024-08-10T23:36:31.843+0000] {dag.py:3947} INFO - Setting next_dagrun for example_task_group to 2024-08-09 00:00:00+00:00, run_after=2024-08-10 00:00:00+00:00
[2024-08-10T23:36:31.858+0000] {processor.py:183} INFO - Processing /home/airflow/.local/lib/python3.12/site-packages/airflow/example_dags/example_task_group.py took 0.062 seconds
[2024-08-10T23:37:02.498+0000] {processor.py:161} INFO - Started process (PID=1301) to work on /home/airflow/.local/lib/python3.12/site-packages/airflow/example_dags/example_task_group.py
[2024-08-10T23:37:02.499+0000] {processor.py:830} INFO - Processing file /home/airflow/.local/lib/python3.12/site-packages/airflow/example_dags/example_task_group.py for tasks to queue
[2024-08-10T23:37:02.500+0000] {logging_mixin.py:188} INFO - [2024-08-10T23:37:02.500+0000] {dagbag.py:545} INFO - Filling up the DagBag from /home/airflow/.local/lib/python3.12/site-packages/airflow/example_dags/example_task_group.py
[2024-08-10T23:37:02.505+0000] {processor.py:840} INFO - DAG(s) 'example_task_group' retrieved from /home/airflow/.local/lib/python3.12/site-packages/airflow/example_dags/example_task_group.py
[2024-08-10T23:37:02.522+0000] {logging_mixin.py:188} INFO - [2024-08-10T23:37:02.522+0000] {dag.py:3089} INFO - Sync 1 DAGs
[2024-08-10T23:37:02.538+0000] {logging_mixin.py:188} INFO - [2024-08-10T23:37:02.538+0000] {dag.py:3947} INFO - Setting next_dagrun for example_task_group to 2024-08-09 00:00:00+00:00, run_after=2024-08-10 00:00:00+00:00
[2024-08-10T23:37:02.554+0000] {processor.py:183} INFO - Processing /home/airflow/.local/lib/python3.12/site-packages/airflow/example_dags/example_task_group.py took 0.060 seconds
[2024-08-10T23:37:33.052+0000] {processor.py:161} INFO - Started process (PID=1360) to work on /home/airflow/.local/lib/python3.12/site-packages/airflow/example_dags/example_task_group.py
[2024-08-10T23:37:33.053+0000] {processor.py:830} INFO - Processing file /home/airflow/.local/lib/python3.12/site-packages/airflow/example_dags/example_task_group.py for tasks to queue
[2024-08-10T23:37:33.055+0000] {logging_mixin.py:188} INFO - [2024-08-10T23:37:33.055+0000] {dagbag.py:545} INFO - Filling up the DagBag from /home/airflow/.local/lib/python3.12/site-packages/airflow/example_dags/example_task_group.py
[2024-08-10T23:37:33.061+0000] {processor.py:840} INFO - DAG(s) 'example_task_group' retrieved from /home/airflow/.local/lib/python3.12/site-packages/airflow/example_dags/example_task_group.py
[2024-08-10T23:37:33.081+0000] {logging_mixin.py:188} INFO - [2024-08-10T23:37:33.081+0000] {dag.py:3089} INFO - Sync 1 DAGs
[2024-08-10T23:37:33.103+0000] {logging_mixin.py:188} INFO - [2024-08-10T23:37:33.102+0000] {dag.py:3947} INFO - Setting next_dagrun for example_task_group to 2024-08-09 00:00:00+00:00, run_after=2024-08-10 00:00:00+00:00
[2024-08-10T23:37:33.123+0000] {processor.py:183} INFO - Processing /home/airflow/.local/lib/python3.12/site-packages/airflow/example_dags/example_task_group.py took 0.076 seconds
[2024-08-10T23:38:03.391+0000] {processor.py:161} INFO - Started process (PID=1420) to work on /home/airflow/.local/lib/python3.12/site-packages/airflow/example_dags/example_task_group.py
[2024-08-10T23:38:03.392+0000] {processor.py:830} INFO - Processing file /home/airflow/.local/lib/python3.12/site-packages/airflow/example_dags/example_task_group.py for tasks to queue
[2024-08-10T23:38:03.394+0000] {logging_mixin.py:188} INFO - [2024-08-10T23:38:03.394+0000] {dagbag.py:545} INFO - Filling up the DagBag from /home/airflow/.local/lib/python3.12/site-packages/airflow/example_dags/example_task_group.py
[2024-08-10T23:38:03.400+0000] {processor.py:840} INFO - DAG(s) 'example_task_group' retrieved from /home/airflow/.local/lib/python3.12/site-packages/airflow/example_dags/example_task_group.py
[2024-08-10T23:38:03.418+0000] {logging_mixin.py:188} INFO - [2024-08-10T23:38:03.418+0000] {dag.py:3089} INFO - Sync 1 DAGs
[2024-08-10T23:38:03.436+0000] {logging_mixin.py:188} INFO - [2024-08-10T23:38:03.435+0000] {dag.py:3947} INFO - Setting next_dagrun for example_task_group to 2024-08-09 00:00:00+00:00, run_after=2024-08-10 00:00:00+00:00
[2024-08-10T23:38:03.451+0000] {processor.py:183} INFO - Processing /home/airflow/.local/lib/python3.12/site-packages/airflow/example_dags/example_task_group.py took 0.064 seconds
[2024-08-10T23:38:33.813+0000] {processor.py:161} INFO - Started process (PID=1479) to work on /home/airflow/.local/lib/python3.12/site-packages/airflow/example_dags/example_task_group.py
[2024-08-10T23:38:33.814+0000] {processor.py:830} INFO - Processing file /home/airflow/.local/lib/python3.12/site-packages/airflow/example_dags/example_task_group.py for tasks to queue
[2024-08-10T23:38:33.815+0000] {logging_mixin.py:188} INFO - [2024-08-10T23:38:33.815+0000] {dagbag.py:545} INFO - Filling up the DagBag from /home/airflow/.local/lib/python3.12/site-packages/airflow/example_dags/example_task_group.py
[2024-08-10T23:38:33.820+0000] {processor.py:840} INFO - DAG(s) 'example_task_group' retrieved from /home/airflow/.local/lib/python3.12/site-packages/airflow/example_dags/example_task_group.py
[2024-08-10T23:38:33.838+0000] {logging_mixin.py:188} INFO - [2024-08-10T23:38:33.838+0000] {dag.py:3089} INFO - Sync 1 DAGs
[2024-08-10T23:38:33.857+0000] {logging_mixin.py:188} INFO - [2024-08-10T23:38:33.857+0000] {dag.py:3947} INFO - Setting next_dagrun for example_task_group to 2024-08-09 00:00:00+00:00, run_after=2024-08-10 00:00:00+00:00
[2024-08-10T23:38:33.874+0000] {processor.py:183} INFO - Processing /home/airflow/.local/lib/python3.12/site-packages/airflow/example_dags/example_task_group.py took 0.065 seconds
[2024-08-10T23:39:04.246+0000] {processor.py:161} INFO - Started process (PID=1538) to work on /home/airflow/.local/lib/python3.12/site-packages/airflow/example_dags/example_task_group.py
[2024-08-10T23:39:04.247+0000] {processor.py:830} INFO - Processing file /home/airflow/.local/lib/python3.12/site-packages/airflow/example_dags/example_task_group.py for tasks to queue
[2024-08-10T23:39:04.249+0000] {logging_mixin.py:188} INFO - [2024-08-10T23:39:04.249+0000] {dagbag.py:545} INFO - Filling up the DagBag from /home/airflow/.local/lib/python3.12/site-packages/airflow/example_dags/example_task_group.py
[2024-08-10T23:39:04.255+0000] {processor.py:840} INFO - DAG(s) 'example_task_group' retrieved from /home/airflow/.local/lib/python3.12/site-packages/airflow/example_dags/example_task_group.py
[2024-08-10T23:39:04.275+0000] {logging_mixin.py:188} INFO - [2024-08-10T23:39:04.274+0000] {dag.py:3089} INFO - Sync 1 DAGs
[2024-08-10T23:39:04.293+0000] {logging_mixin.py:188} INFO - [2024-08-10T23:39:04.292+0000] {dag.py:3947} INFO - Setting next_dagrun for example_task_group to 2024-08-09 00:00:00+00:00, run_after=2024-08-10 00:00:00+00:00
[2024-08-10T23:39:04.308+0000] {processor.py:183} INFO - Processing /home/airflow/.local/lib/python3.12/site-packages/airflow/example_dags/example_task_group.py took 0.066 seconds
[2024-08-10T23:39:34.705+0000] {processor.py:161} INFO - Started process (PID=1597) to work on /home/airflow/.local/lib/python3.12/site-packages/airflow/example_dags/example_task_group.py
[2024-08-10T23:39:34.706+0000] {processor.py:830} INFO - Processing file /home/airflow/.local/lib/python3.12/site-packages/airflow/example_dags/example_task_group.py for tasks to queue
[2024-08-10T23:39:34.707+0000] {logging_mixin.py:188} INFO - [2024-08-10T23:39:34.707+0000] {dagbag.py:545} INFO - Filling up the DagBag from /home/airflow/.local/lib/python3.12/site-packages/airflow/example_dags/example_task_group.py
[2024-08-10T23:39:34.712+0000] {processor.py:840} INFO - DAG(s) 'example_task_group' retrieved from /home/airflow/.local/lib/python3.12/site-packages/airflow/example_dags/example_task_group.py
[2024-08-10T23:39:34.730+0000] {logging_mixin.py:188} INFO - [2024-08-10T23:39:34.730+0000] {dag.py:3089} INFO - Sync 1 DAGs
[2024-08-10T23:39:34.749+0000] {logging_mixin.py:188} INFO - [2024-08-10T23:39:34.749+0000] {dag.py:3947} INFO - Setting next_dagrun for example_task_group to 2024-08-09 00:00:00+00:00, run_after=2024-08-10 00:00:00+00:00
[2024-08-10T23:39:34.767+0000] {processor.py:183} INFO - Processing /home/airflow/.local/lib/python3.12/site-packages/airflow/example_dags/example_task_group.py took 0.066 seconds
[2024-08-10T23:40:06.044+0000] {processor.py:161} INFO - Started process (PID=1656) to work on /home/airflow/.local/lib/python3.12/site-packages/airflow/example_dags/example_task_group.py
[2024-08-10T23:40:06.045+0000] {processor.py:830} INFO - Processing file /home/airflow/.local/lib/python3.12/site-packages/airflow/example_dags/example_task_group.py for tasks to queue
[2024-08-10T23:40:06.046+0000] {logging_mixin.py:188} INFO - [2024-08-10T23:40:06.046+0000] {dagbag.py:545} INFO - Filling up the DagBag from /home/airflow/.local/lib/python3.12/site-packages/airflow/example_dags/example_task_group.py
[2024-08-10T23:40:06.051+0000] {processor.py:840} INFO - DAG(s) 'example_task_group' retrieved from /home/airflow/.local/lib/python3.12/site-packages/airflow/example_dags/example_task_group.py
[2024-08-10T23:40:06.068+0000] {logging_mixin.py:188} INFO - [2024-08-10T23:40:06.068+0000] {dag.py:3089} INFO - Sync 1 DAGs
[2024-08-10T23:40:06.084+0000] {logging_mixin.py:188} INFO - [2024-08-10T23:40:06.084+0000] {dag.py:3947} INFO - Setting next_dagrun for example_task_group to 2024-08-09 00:00:00+00:00, run_after=2024-08-10 00:00:00+00:00
[2024-08-10T23:40:06.101+0000] {processor.py:183} INFO - Processing /home/airflow/.local/lib/python3.12/site-packages/airflow/example_dags/example_task_group.py took 0.061 seconds
[2024-08-10T23:40:37.263+0000] {processor.py:161} INFO - Started process (PID=1721) to work on /home/airflow/.local/lib/python3.12/site-packages/airflow/example_dags/example_task_group.py
[2024-08-10T23:40:37.264+0000] {processor.py:830} INFO - Processing file /home/airflow/.local/lib/python3.12/site-packages/airflow/example_dags/example_task_group.py for tasks to queue
[2024-08-10T23:40:37.265+0000] {logging_mixin.py:188} INFO - [2024-08-10T23:40:37.265+0000] {dagbag.py:545} INFO - Filling up the DagBag from /home/airflow/.local/lib/python3.12/site-packages/airflow/example_dags/example_task_group.py
[2024-08-10T23:40:37.271+0000] {processor.py:840} INFO - DAG(s) 'example_task_group' retrieved from /home/airflow/.local/lib/python3.12/site-packages/airflow/example_dags/example_task_group.py
[2024-08-10T23:40:37.289+0000] {logging_mixin.py:188} INFO - [2024-08-10T23:40:37.289+0000] {dag.py:3089} INFO - Sync 1 DAGs
[2024-08-10T23:40:37.433+0000] {logging_mixin.py:188} INFO - [2024-08-10T23:40:37.433+0000] {dag.py:3947} INFO - Setting next_dagrun for example_task_group to 2024-08-09 00:00:00+00:00, run_after=2024-08-10 00:00:00+00:00
[2024-08-10T23:40:37.450+0000] {processor.py:183} INFO - Processing /home/airflow/.local/lib/python3.12/site-packages/airflow/example_dags/example_task_group.py took 0.192 seconds
[2024-08-10T23:41:07.648+0000] {processor.py:161} INFO - Started process (PID=1780) to work on /home/airflow/.local/lib/python3.12/site-packages/airflow/example_dags/example_task_group.py
[2024-08-10T23:41:07.649+0000] {processor.py:830} INFO - Processing file /home/airflow/.local/lib/python3.12/site-packages/airflow/example_dags/example_task_group.py for tasks to queue
[2024-08-10T23:41:07.650+0000] {logging_mixin.py:188} INFO - [2024-08-10T23:41:07.650+0000] {dagbag.py:545} INFO - Filling up the DagBag from /home/airflow/.local/lib/python3.12/site-packages/airflow/example_dags/example_task_group.py
[2024-08-10T23:41:07.655+0000] {processor.py:840} INFO - DAG(s) 'example_task_group' retrieved from /home/airflow/.local/lib/python3.12/site-packages/airflow/example_dags/example_task_group.py
[2024-08-10T23:41:07.674+0000] {logging_mixin.py:188} INFO - [2024-08-10T23:41:07.674+0000] {dag.py:3089} INFO - Sync 1 DAGs
[2024-08-10T23:41:07.692+0000] {logging_mixin.py:188} INFO - [2024-08-10T23:41:07.692+0000] {dag.py:3947} INFO - Setting next_dagrun for example_task_group to 2024-08-09 00:00:00+00:00, run_after=2024-08-10 00:00:00+00:00
[2024-08-10T23:41:07.710+0000] {processor.py:183} INFO - Processing /home/airflow/.local/lib/python3.12/site-packages/airflow/example_dags/example_task_group.py took 0.066 seconds
[2024-08-10T23:41:38.602+0000] {processor.py:161} INFO - Started process (PID=1839) to work on /home/airflow/.local/lib/python3.12/site-packages/airflow/example_dags/example_task_group.py
[2024-08-10T23:41:38.603+0000] {processor.py:830} INFO - Processing file /home/airflow/.local/lib/python3.12/site-packages/airflow/example_dags/example_task_group.py for tasks to queue
[2024-08-10T23:41:38.604+0000] {logging_mixin.py:188} INFO - [2024-08-10T23:41:38.604+0000] {dagbag.py:545} INFO - Filling up the DagBag from /home/airflow/.local/lib/python3.12/site-packages/airflow/example_dags/example_task_group.py
[2024-08-10T23:41:38.610+0000] {processor.py:840} INFO - DAG(s) 'example_task_group' retrieved from /home/airflow/.local/lib/python3.12/site-packages/airflow/example_dags/example_task_group.py
[2024-08-10T23:41:38.628+0000] {logging_mixin.py:188} INFO - [2024-08-10T23:41:38.627+0000] {dag.py:3089} INFO - Sync 1 DAGs
[2024-08-10T23:41:38.645+0000] {logging_mixin.py:188} INFO - [2024-08-10T23:41:38.645+0000] {dag.py:3947} INFO - Setting next_dagrun for example_task_group to 2024-08-09 00:00:00+00:00, run_after=2024-08-10 00:00:00+00:00
[2024-08-10T23:41:38.662+0000] {processor.py:183} INFO - Processing /home/airflow/.local/lib/python3.12/site-packages/airflow/example_dags/example_task_group.py took 0.063 seconds
[2024-08-10T23:42:08.903+0000] {processor.py:161} INFO - Started process (PID=1898) to work on /home/airflow/.local/lib/python3.12/site-packages/airflow/example_dags/example_task_group.py
[2024-08-10T23:42:08.904+0000] {processor.py:830} INFO - Processing file /home/airflow/.local/lib/python3.12/site-packages/airflow/example_dags/example_task_group.py for tasks to queue
[2024-08-10T23:42:08.905+0000] {logging_mixin.py:188} INFO - [2024-08-10T23:42:08.905+0000] {dagbag.py:545} INFO - Filling up the DagBag from /home/airflow/.local/lib/python3.12/site-packages/airflow/example_dags/example_task_group.py
[2024-08-10T23:42:08.910+0000] {processor.py:840} INFO - DAG(s) 'example_task_group' retrieved from /home/airflow/.local/lib/python3.12/site-packages/airflow/example_dags/example_task_group.py
[2024-08-10T23:42:08.928+0000] {logging_mixin.py:188} INFO - [2024-08-10T23:42:08.927+0000] {dag.py:3089} INFO - Sync 1 DAGs
[2024-08-10T23:42:08.945+0000] {logging_mixin.py:188} INFO - [2024-08-10T23:42:08.945+0000] {dag.py:3947} INFO - Setting next_dagrun for example_task_group to 2024-08-09 00:00:00+00:00, run_after=2024-08-10 00:00:00+00:00
[2024-08-10T23:42:08.960+0000] {processor.py:183} INFO - Processing /home/airflow/.local/lib/python3.12/site-packages/airflow/example_dags/example_task_group.py took 0.061 seconds
[2024-08-10T23:42:39.528+0000] {processor.py:161} INFO - Started process (PID=1957) to work on /home/airflow/.local/lib/python3.12/site-packages/airflow/example_dags/example_task_group.py
[2024-08-10T23:42:39.529+0000] {processor.py:830} INFO - Processing file /home/airflow/.local/lib/python3.12/site-packages/airflow/example_dags/example_task_group.py for tasks to queue
[2024-08-10T23:42:39.530+0000] {logging_mixin.py:188} INFO - [2024-08-10T23:42:39.530+0000] {dagbag.py:545} INFO - Filling up the DagBag from /home/airflow/.local/lib/python3.12/site-packages/airflow/example_dags/example_task_group.py
[2024-08-10T23:42:39.535+0000] {processor.py:840} INFO - DAG(s) 'example_task_group' retrieved from /home/airflow/.local/lib/python3.12/site-packages/airflow/example_dags/example_task_group.py
[2024-08-10T23:42:39.552+0000] {logging_mixin.py:188} INFO - [2024-08-10T23:42:39.552+0000] {dag.py:3089} INFO - Sync 1 DAGs
[2024-08-10T23:42:39.570+0000] {logging_mixin.py:188} INFO - [2024-08-10T23:42:39.570+0000] {dag.py:3947} INFO - Setting next_dagrun for example_task_group to 2024-08-09 00:00:00+00:00, run_after=2024-08-10 00:00:00+00:00
[2024-08-10T23:42:39.588+0000] {processor.py:183} INFO - Processing /home/airflow/.local/lib/python3.12/site-packages/airflow/example_dags/example_task_group.py took 0.064 seconds
[2024-08-10T23:43:09.907+0000] {processor.py:161} INFO - Started process (PID=2016) to work on /home/airflow/.local/lib/python3.12/site-packages/airflow/example_dags/example_task_group.py
[2024-08-10T23:43:09.908+0000] {processor.py:830} INFO - Processing file /home/airflow/.local/lib/python3.12/site-packages/airflow/example_dags/example_task_group.py for tasks to queue
[2024-08-10T23:43:09.910+0000] {logging_mixin.py:188} INFO - [2024-08-10T23:43:09.910+0000] {dagbag.py:545} INFO - Filling up the DagBag from /home/airflow/.local/lib/python3.12/site-packages/airflow/example_dags/example_task_group.py
[2024-08-10T23:43:09.915+0000] {processor.py:840} INFO - DAG(s) 'example_task_group' retrieved from /home/airflow/.local/lib/python3.12/site-packages/airflow/example_dags/example_task_group.py
[2024-08-10T23:43:09.932+0000] {logging_mixin.py:188} INFO - [2024-08-10T23:43:09.932+0000] {dag.py:3089} INFO - Sync 1 DAGs
[2024-08-10T23:43:09.949+0000] {logging_mixin.py:188} INFO - [2024-08-10T23:43:09.949+0000] {dag.py:3947} INFO - Setting next_dagrun for example_task_group to 2024-08-09 00:00:00+00:00, run_after=2024-08-10 00:00:00+00:00
[2024-08-10T23:43:09.965+0000] {processor.py:183} INFO - Processing /home/airflow/.local/lib/python3.12/site-packages/airflow/example_dags/example_task_group.py took 0.062 seconds
[2024-08-10T23:43:40.164+0000] {processor.py:161} INFO - Started process (PID=2075) to work on /home/airflow/.local/lib/python3.12/site-packages/airflow/example_dags/example_task_group.py
[2024-08-10T23:43:40.165+0000] {processor.py:830} INFO - Processing file /home/airflow/.local/lib/python3.12/site-packages/airflow/example_dags/example_task_group.py for tasks to queue
[2024-08-10T23:43:40.167+0000] {logging_mixin.py:188} INFO - [2024-08-10T23:43:40.166+0000] {dagbag.py:545} INFO - Filling up the DagBag from /home/airflow/.local/lib/python3.12/site-packages/airflow/example_dags/example_task_group.py
[2024-08-10T23:43:40.172+0000] {processor.py:840} INFO - DAG(s) 'example_task_group' retrieved from /home/airflow/.local/lib/python3.12/site-packages/airflow/example_dags/example_task_group.py
[2024-08-10T23:43:40.190+0000] {logging_mixin.py:188} INFO - [2024-08-10T23:43:40.190+0000] {dag.py:3089} INFO - Sync 1 DAGs
[2024-08-10T23:43:40.207+0000] {logging_mixin.py:188} INFO - [2024-08-10T23:43:40.207+0000] {dag.py:3947} INFO - Setting next_dagrun for example_task_group to 2024-08-09 00:00:00+00:00, run_after=2024-08-10 00:00:00+00:00
[2024-08-10T23:43:40.221+0000] {processor.py:183} INFO - Processing /home/airflow/.local/lib/python3.12/site-packages/airflow/example_dags/example_task_group.py took 0.061 seconds
[2024-08-10T23:44:10.423+0000] {processor.py:161} INFO - Started process (PID=2134) to work on /home/airflow/.local/lib/python3.12/site-packages/airflow/example_dags/example_task_group.py
[2024-08-10T23:44:10.424+0000] {processor.py:830} INFO - Processing file /home/airflow/.local/lib/python3.12/site-packages/airflow/example_dags/example_task_group.py for tasks to queue
[2024-08-10T23:44:10.425+0000] {logging_mixin.py:188} INFO - [2024-08-10T23:44:10.425+0000] {dagbag.py:545} INFO - Filling up the DagBag from /home/airflow/.local/lib/python3.12/site-packages/airflow/example_dags/example_task_group.py
[2024-08-10T23:44:10.430+0000] {processor.py:840} INFO - DAG(s) 'example_task_group' retrieved from /home/airflow/.local/lib/python3.12/site-packages/airflow/example_dags/example_task_group.py
[2024-08-10T23:44:10.446+0000] {logging_mixin.py:188} INFO - [2024-08-10T23:44:10.446+0000] {dag.py:3089} INFO - Sync 1 DAGs
[2024-08-10T23:44:10.463+0000] {logging_mixin.py:188} INFO - [2024-08-10T23:44:10.463+0000] {dag.py:3947} INFO - Setting next_dagrun for example_task_group to 2024-08-09 00:00:00+00:00, run_after=2024-08-10 00:00:00+00:00
[2024-08-10T23:44:10.479+0000] {processor.py:183} INFO - Processing /home/airflow/.local/lib/python3.12/site-packages/airflow/example_dags/example_task_group.py took 0.060 seconds
[2024-08-10T23:44:40.791+0000] {processor.py:161} INFO - Started process (PID=2193) to work on /home/airflow/.local/lib/python3.12/site-packages/airflow/example_dags/example_task_group.py
[2024-08-10T23:44:40.792+0000] {processor.py:830} INFO - Processing file /home/airflow/.local/lib/python3.12/site-packages/airflow/example_dags/example_task_group.py for tasks to queue
[2024-08-10T23:44:40.793+0000] {logging_mixin.py:188} INFO - [2024-08-10T23:44:40.793+0000] {dagbag.py:545} INFO - Filling up the DagBag from /home/airflow/.local/lib/python3.12/site-packages/airflow/example_dags/example_task_group.py
[2024-08-10T23:44:40.799+0000] {processor.py:840} INFO - DAG(s) 'example_task_group' retrieved from /home/airflow/.local/lib/python3.12/site-packages/airflow/example_dags/example_task_group.py
[2024-08-10T23:44:40.818+0000] {logging_mixin.py:188} INFO - [2024-08-10T23:44:40.818+0000] {dag.py:3089} INFO - Sync 1 DAGs
[2024-08-10T23:44:40.837+0000] {logging_mixin.py:188} INFO - [2024-08-10T23:44:40.837+0000] {dag.py:3947} INFO - Setting next_dagrun for example_task_group to 2024-08-09 00:00:00+00:00, run_after=2024-08-10 00:00:00+00:00
[2024-08-10T23:44:40.857+0000] {processor.py:183} INFO - Processing /home/airflow/.local/lib/python3.12/site-packages/airflow/example_dags/example_task_group.py took 0.070 seconds
[2024-08-10T23:45:11.075+0000] {processor.py:161} INFO - Started process (PID=2252) to work on /home/airflow/.local/lib/python3.12/site-packages/airflow/example_dags/example_task_group.py
[2024-08-10T23:45:11.076+0000] {processor.py:830} INFO - Processing file /home/airflow/.local/lib/python3.12/site-packages/airflow/example_dags/example_task_group.py for tasks to queue
[2024-08-10T23:45:11.078+0000] {logging_mixin.py:188} INFO - [2024-08-10T23:45:11.077+0000] {dagbag.py:545} INFO - Filling up the DagBag from /home/airflow/.local/lib/python3.12/site-packages/airflow/example_dags/example_task_group.py
[2024-08-10T23:45:11.083+0000] {processor.py:840} INFO - DAG(s) 'example_task_group' retrieved from /home/airflow/.local/lib/python3.12/site-packages/airflow/example_dags/example_task_group.py
[2024-08-10T23:45:11.100+0000] {logging_mixin.py:188} INFO - [2024-08-10T23:45:11.100+0000] {dag.py:3089} INFO - Sync 1 DAGs
[2024-08-10T23:45:11.117+0000] {logging_mixin.py:188} INFO - [2024-08-10T23:45:11.117+0000] {dag.py:3947} INFO - Setting next_dagrun for example_task_group to 2024-08-09 00:00:00+00:00, run_after=2024-08-10 00:00:00+00:00
[2024-08-10T23:45:11.133+0000] {processor.py:183} INFO - Processing /home/airflow/.local/lib/python3.12/site-packages/airflow/example_dags/example_task_group.py took 0.062 seconds
[2024-08-10T23:45:41.416+0000] {processor.py:161} INFO - Started process (PID=2311) to work on /home/airflow/.local/lib/python3.12/site-packages/airflow/example_dags/example_task_group.py
[2024-08-10T23:45:41.417+0000] {processor.py:830} INFO - Processing file /home/airflow/.local/lib/python3.12/site-packages/airflow/example_dags/example_task_group.py for tasks to queue
[2024-08-10T23:45:41.418+0000] {logging_mixin.py:188} INFO - [2024-08-10T23:45:41.418+0000] {dagbag.py:545} INFO - Filling up the DagBag from /home/airflow/.local/lib/python3.12/site-packages/airflow/example_dags/example_task_group.py
[2024-08-10T23:45:41.423+0000] {processor.py:840} INFO - DAG(s) 'example_task_group' retrieved from /home/airflow/.local/lib/python3.12/site-packages/airflow/example_dags/example_task_group.py
[2024-08-10T23:45:41.442+0000] {logging_mixin.py:188} INFO - [2024-08-10T23:45:41.442+0000] {dag.py:3089} INFO - Sync 1 DAGs
[2024-08-10T23:45:41.459+0000] {logging_mixin.py:188} INFO - [2024-08-10T23:45:41.459+0000] {dag.py:3947} INFO - Setting next_dagrun for example_task_group to 2024-08-09 00:00:00+00:00, run_after=2024-08-10 00:00:00+00:00
[2024-08-10T23:45:41.475+0000] {processor.py:183} INFO - Processing /home/airflow/.local/lib/python3.12/site-packages/airflow/example_dags/example_task_group.py took 0.063 seconds
[2024-08-10T23:46:11.627+0000] {processor.py:161} INFO - Started process (PID=2370) to work on /home/airflow/.local/lib/python3.12/site-packages/airflow/example_dags/example_task_group.py
[2024-08-10T23:46:11.627+0000] {processor.py:830} INFO - Processing file /home/airflow/.local/lib/python3.12/site-packages/airflow/example_dags/example_task_group.py for tasks to queue
[2024-08-10T23:46:11.629+0000] {logging_mixin.py:188} INFO - [2024-08-10T23:46:11.629+0000] {dagbag.py:545} INFO - Filling up the DagBag from /home/airflow/.local/lib/python3.12/site-packages/airflow/example_dags/example_task_group.py
[2024-08-10T23:46:11.634+0000] {processor.py:840} INFO - DAG(s) 'example_task_group' retrieved from /home/airflow/.local/lib/python3.12/site-packages/airflow/example_dags/example_task_group.py
[2024-08-10T23:46:11.653+0000] {logging_mixin.py:188} INFO - [2024-08-10T23:46:11.652+0000] {dag.py:3089} INFO - Sync 1 DAGs
[2024-08-10T23:46:11.670+0000] {logging_mixin.py:188} INFO - [2024-08-10T23:46:11.670+0000] {dag.py:3947} INFO - Setting next_dagrun for example_task_group to 2024-08-09 00:00:00+00:00, run_after=2024-08-10 00:00:00+00:00
[2024-08-10T23:46:11.687+0000] {processor.py:183} INFO - Processing /home/airflow/.local/lib/python3.12/site-packages/airflow/example_dags/example_task_group.py took 0.065 seconds
