[2024-08-10T23:26:22.497+0000] {processor.py:161} INFO - Started process (PID=60) to work on /home/airflow/.local/lib/python3.12/site-packages/airflow/example_dags/example_branch_operator.py
[2024-08-10T23:26:22.500+0000] {processor.py:830} INFO - Processing file /home/airflow/.local/lib/python3.12/site-packages/airflow/example_dags/example_branch_operator.py for tasks to queue
[2024-08-10T23:26:22.501+0000] {logging_mixin.py:188} INFO - [2024-08-10T23:26:22.501+0000] {dagbag.py:545} INFO - Filling up the DagBag from /home/airflow/.local/lib/python3.12/site-packages/airflow/example_dags/example_branch_operator.py
[2024-08-10T23:26:22.519+0000] {processor.py:840} INFO - DAG(s) 'example_branch_operator' retrieved from /home/airflow/.local/lib/python3.12/site-packages/airflow/example_dags/example_branch_operator.py
[2024-08-10T23:26:22.529+0000] {logging_mixin.py:188} INFO - [2024-08-10T23:26:22.529+0000] {dag.py:3089} INFO - Sync 1 DAGs
[2024-08-10T23:26:22.551+0000] {logging_mixin.py:188} INFO - [2024-08-10T23:26:22.551+0000] {dag.py:3947} INFO - Setting next_dagrun for example_branch_operator to 2024-08-09 00:00:00+00:00, run_after=2024-08-10 00:00:00+00:00
[2024-08-10T23:26:22.601+0000] {processor.py:183} INFO - Processing /home/airflow/.local/lib/python3.12/site-packages/airflow/example_dags/example_branch_operator.py took 0.111 seconds
[2024-08-10T23:26:53.179+0000] {processor.py:161} INFO - Started process (PID=118) to work on /home/airflow/.local/lib/python3.12/site-packages/airflow/example_dags/example_branch_operator.py
[2024-08-10T23:26:53.179+0000] {processor.py:830} INFO - Processing file /home/airflow/.local/lib/python3.12/site-packages/airflow/example_dags/example_branch_operator.py for tasks to queue
[2024-08-10T23:26:53.181+0000] {logging_mixin.py:188} INFO - [2024-08-10T23:26:53.180+0000] {dagbag.py:545} INFO - Filling up the DagBag from /home/airflow/.local/lib/python3.12/site-packages/airflow/example_dags/example_branch_operator.py
[2024-08-10T23:26:53.193+0000] {processor.py:840} INFO - DAG(s) 'example_branch_operator' retrieved from /home/airflow/.local/lib/python3.12/site-packages/airflow/example_dags/example_branch_operator.py
[2024-08-10T23:26:53.281+0000] {logging_mixin.py:188} INFO - [2024-08-10T23:26:53.281+0000] {dag.py:3089} INFO - Sync 1 DAGs
[2024-08-10T23:26:53.300+0000] {logging_mixin.py:188} INFO - [2024-08-10T23:26:53.300+0000] {dag.py:3947} INFO - Setting next_dagrun for example_branch_operator to 2024-08-09 00:00:00+00:00, run_after=2024-08-10 00:00:00+00:00
[2024-08-10T23:26:53.318+0000] {processor.py:183} INFO - Processing /home/airflow/.local/lib/python3.12/site-packages/airflow/example_dags/example_branch_operator.py took 0.143 seconds
[2024-08-10T23:27:23.944+0000] {processor.py:161} INFO - Started process (PID=176) to work on /home/airflow/.local/lib/python3.12/site-packages/airflow/example_dags/example_branch_operator.py
[2024-08-10T23:27:23.945+0000] {processor.py:830} INFO - Processing file /home/airflow/.local/lib/python3.12/site-packages/airflow/example_dags/example_branch_operator.py for tasks to queue
[2024-08-10T23:27:23.946+0000] {logging_mixin.py:188} INFO - [2024-08-10T23:27:23.946+0000] {dagbag.py:545} INFO - Filling up the DagBag from /home/airflow/.local/lib/python3.12/site-packages/airflow/example_dags/example_branch_operator.py
[2024-08-10T23:27:23.961+0000] {processor.py:840} INFO - DAG(s) 'example_branch_operator' retrieved from /home/airflow/.local/lib/python3.12/site-packages/airflow/example_dags/example_branch_operator.py
[2024-08-10T23:27:23.986+0000] {logging_mixin.py:188} INFO - [2024-08-10T23:27:23.986+0000] {dag.py:3089} INFO - Sync 1 DAGs
[2024-08-10T23:27:24.005+0000] {logging_mixin.py:188} INFO - [2024-08-10T23:27:24.005+0000] {dag.py:3947} INFO - Setting next_dagrun for example_branch_operator to 2024-08-09 00:00:00+00:00, run_after=2024-08-10 00:00:00+00:00
[2024-08-10T23:27:24.022+0000] {processor.py:183} INFO - Processing /home/airflow/.local/lib/python3.12/site-packages/airflow/example_dags/example_branch_operator.py took 0.082 seconds
[2024-08-10T23:27:54.297+0000] {processor.py:161} INFO - Started process (PID=234) to work on /home/airflow/.local/lib/python3.12/site-packages/airflow/example_dags/example_branch_operator.py
[2024-08-10T23:27:54.298+0000] {processor.py:830} INFO - Processing file /home/airflow/.local/lib/python3.12/site-packages/airflow/example_dags/example_branch_operator.py for tasks to queue
[2024-08-10T23:27:54.300+0000] {logging_mixin.py:188} INFO - [2024-08-10T23:27:54.299+0000] {dagbag.py:545} INFO - Filling up the DagBag from /home/airflow/.local/lib/python3.12/site-packages/airflow/example_dags/example_branch_operator.py
[2024-08-10T23:27:54.312+0000] {processor.py:840} INFO - DAG(s) 'example_branch_operator' retrieved from /home/airflow/.local/lib/python3.12/site-packages/airflow/example_dags/example_branch_operator.py
[2024-08-10T23:27:54.336+0000] {logging_mixin.py:188} INFO - [2024-08-10T23:27:54.336+0000] {dag.py:3089} INFO - Sync 1 DAGs
[2024-08-10T23:27:54.353+0000] {logging_mixin.py:188} INFO - [2024-08-10T23:27:54.353+0000] {dag.py:3947} INFO - Setting next_dagrun for example_branch_operator to 2024-08-09 00:00:00+00:00, run_after=2024-08-10 00:00:00+00:00
[2024-08-10T23:27:54.368+0000] {processor.py:183} INFO - Processing /home/airflow/.local/lib/python3.12/site-packages/airflow/example_dags/example_branch_operator.py took 0.074 seconds
[2024-08-10T23:28:24.644+0000] {processor.py:161} INFO - Started process (PID=292) to work on /home/airflow/.local/lib/python3.12/site-packages/airflow/example_dags/example_branch_operator.py
[2024-08-10T23:28:24.645+0000] {processor.py:830} INFO - Processing file /home/airflow/.local/lib/python3.12/site-packages/airflow/example_dags/example_branch_operator.py for tasks to queue
[2024-08-10T23:28:24.647+0000] {logging_mixin.py:188} INFO - [2024-08-10T23:28:24.646+0000] {dagbag.py:545} INFO - Filling up the DagBag from /home/airflow/.local/lib/python3.12/site-packages/airflow/example_dags/example_branch_operator.py
[2024-08-10T23:28:24.659+0000] {processor.py:840} INFO - DAG(s) 'example_branch_operator' retrieved from /home/airflow/.local/lib/python3.12/site-packages/airflow/example_dags/example_branch_operator.py
[2024-08-10T23:28:24.686+0000] {logging_mixin.py:188} INFO - [2024-08-10T23:28:24.686+0000] {dag.py:3089} INFO - Sync 1 DAGs
[2024-08-10T23:28:24.706+0000] {logging_mixin.py:188} INFO - [2024-08-10T23:28:24.706+0000] {dag.py:3947} INFO - Setting next_dagrun for example_branch_operator to 2024-08-09 00:00:00+00:00, run_after=2024-08-10 00:00:00+00:00
[2024-08-10T23:28:24.724+0000] {processor.py:183} INFO - Processing /home/airflow/.local/lib/python3.12/site-packages/airflow/example_dags/example_branch_operator.py took 0.085 seconds
[2024-08-10T23:28:54.977+0000] {processor.py:161} INFO - Started process (PID=350) to work on /home/airflow/.local/lib/python3.12/site-packages/airflow/example_dags/example_branch_operator.py
[2024-08-10T23:28:54.978+0000] {processor.py:830} INFO - Processing file /home/airflow/.local/lib/python3.12/site-packages/airflow/example_dags/example_branch_operator.py for tasks to queue
[2024-08-10T23:28:54.980+0000] {logging_mixin.py:188} INFO - [2024-08-10T23:28:54.979+0000] {dagbag.py:545} INFO - Filling up the DagBag from /home/airflow/.local/lib/python3.12/site-packages/airflow/example_dags/example_branch_operator.py
[2024-08-10T23:28:54.993+0000] {processor.py:840} INFO - DAG(s) 'example_branch_operator' retrieved from /home/airflow/.local/lib/python3.12/site-packages/airflow/example_dags/example_branch_operator.py
[2024-08-10T23:28:55.016+0000] {logging_mixin.py:188} INFO - [2024-08-10T23:28:55.016+0000] {dag.py:3089} INFO - Sync 1 DAGs
[2024-08-10T23:28:55.034+0000] {logging_mixin.py:188} INFO - [2024-08-10T23:28:55.034+0000] {dag.py:3947} INFO - Setting next_dagrun for example_branch_operator to 2024-08-09 00:00:00+00:00, run_after=2024-08-10 00:00:00+00:00
[2024-08-10T23:28:55.048+0000] {processor.py:183} INFO - Processing /home/airflow/.local/lib/python3.12/site-packages/airflow/example_dags/example_branch_operator.py took 0.075 seconds
[2024-08-10T23:29:25.235+0000] {processor.py:161} INFO - Started process (PID=408) to work on /home/airflow/.local/lib/python3.12/site-packages/airflow/example_dags/example_branch_operator.py
[2024-08-10T23:29:25.236+0000] {processor.py:830} INFO - Processing file /home/airflow/.local/lib/python3.12/site-packages/airflow/example_dags/example_branch_operator.py for tasks to queue
[2024-08-10T23:29:25.238+0000] {logging_mixin.py:188} INFO - [2024-08-10T23:29:25.238+0000] {dagbag.py:545} INFO - Filling up the DagBag from /home/airflow/.local/lib/python3.12/site-packages/airflow/example_dags/example_branch_operator.py
[2024-08-10T23:29:25.254+0000] {processor.py:840} INFO - DAG(s) 'example_branch_operator' retrieved from /home/airflow/.local/lib/python3.12/site-packages/airflow/example_dags/example_branch_operator.py
[2024-08-10T23:29:25.279+0000] {logging_mixin.py:188} INFO - [2024-08-10T23:29:25.279+0000] {dag.py:3089} INFO - Sync 1 DAGs
[2024-08-10T23:29:25.300+0000] {logging_mixin.py:188} INFO - [2024-08-10T23:29:25.300+0000] {dag.py:3947} INFO - Setting next_dagrun for example_branch_operator to 2024-08-09 00:00:00+00:00, run_after=2024-08-10 00:00:00+00:00
[2024-08-10T23:29:25.316+0000] {processor.py:183} INFO - Processing /home/airflow/.local/lib/python3.12/site-packages/airflow/example_dags/example_branch_operator.py took 0.085 seconds
[2024-08-10T23:29:55.638+0000] {processor.py:161} INFO - Started process (PID=466) to work on /home/airflow/.local/lib/python3.12/site-packages/airflow/example_dags/example_branch_operator.py
[2024-08-10T23:29:55.639+0000] {processor.py:830} INFO - Processing file /home/airflow/.local/lib/python3.12/site-packages/airflow/example_dags/example_branch_operator.py for tasks to queue
[2024-08-10T23:29:55.640+0000] {logging_mixin.py:188} INFO - [2024-08-10T23:29:55.640+0000] {dagbag.py:545} INFO - Filling up the DagBag from /home/airflow/.local/lib/python3.12/site-packages/airflow/example_dags/example_branch_operator.py
[2024-08-10T23:29:55.653+0000] {processor.py:840} INFO - DAG(s) 'example_branch_operator' retrieved from /home/airflow/.local/lib/python3.12/site-packages/airflow/example_dags/example_branch_operator.py
[2024-08-10T23:29:55.677+0000] {logging_mixin.py:188} INFO - [2024-08-10T23:29:55.676+0000] {dag.py:3089} INFO - Sync 1 DAGs
[2024-08-10T23:29:55.695+0000] {logging_mixin.py:188} INFO - [2024-08-10T23:29:55.695+0000] {dag.py:3947} INFO - Setting next_dagrun for example_branch_operator to 2024-08-09 00:00:00+00:00, run_after=2024-08-10 00:00:00+00:00
[2024-08-10T23:29:55.713+0000] {processor.py:183} INFO - Processing /home/airflow/.local/lib/python3.12/site-packages/airflow/example_dags/example_branch_operator.py took 0.079 seconds
[2024-08-10T23:30:25.930+0000] {processor.py:161} INFO - Started process (PID=524) to work on /home/airflow/.local/lib/python3.12/site-packages/airflow/example_dags/example_branch_operator.py
[2024-08-10T23:30:25.931+0000] {processor.py:830} INFO - Processing file /home/airflow/.local/lib/python3.12/site-packages/airflow/example_dags/example_branch_operator.py for tasks to queue
[2024-08-10T23:30:25.932+0000] {logging_mixin.py:188} INFO - [2024-08-10T23:30:25.932+0000] {dagbag.py:545} INFO - Filling up the DagBag from /home/airflow/.local/lib/python3.12/site-packages/airflow/example_dags/example_branch_operator.py
[2024-08-10T23:30:25.944+0000] {processor.py:840} INFO - DAG(s) 'example_branch_operator' retrieved from /home/airflow/.local/lib/python3.12/site-packages/airflow/example_dags/example_branch_operator.py
[2024-08-10T23:30:25.967+0000] {logging_mixin.py:188} INFO - [2024-08-10T23:30:25.966+0000] {dag.py:3089} INFO - Sync 1 DAGs
[2024-08-10T23:30:25.984+0000] {logging_mixin.py:188} INFO - [2024-08-10T23:30:25.983+0000] {dag.py:3947} INFO - Setting next_dagrun for example_branch_operator to 2024-08-09 00:00:00+00:00, run_after=2024-08-10 00:00:00+00:00
[2024-08-10T23:30:26.001+0000] {processor.py:183} INFO - Processing /home/airflow/.local/lib/python3.12/site-packages/airflow/example_dags/example_branch_operator.py took 0.075 seconds
[2024-08-10T23:30:56.209+0000] {processor.py:161} INFO - Started process (PID=582) to work on /home/airflow/.local/lib/python3.12/site-packages/airflow/example_dags/example_branch_operator.py
[2024-08-10T23:30:56.210+0000] {processor.py:830} INFO - Processing file /home/airflow/.local/lib/python3.12/site-packages/airflow/example_dags/example_branch_operator.py for tasks to queue
[2024-08-10T23:30:56.211+0000] {logging_mixin.py:188} INFO - [2024-08-10T23:30:56.211+0000] {dagbag.py:545} INFO - Filling up the DagBag from /home/airflow/.local/lib/python3.12/site-packages/airflow/example_dags/example_branch_operator.py
[2024-08-10T23:30:56.224+0000] {processor.py:840} INFO - DAG(s) 'example_branch_operator' retrieved from /home/airflow/.local/lib/python3.12/site-packages/airflow/example_dags/example_branch_operator.py
[2024-08-10T23:30:56.247+0000] {logging_mixin.py:188} INFO - [2024-08-10T23:30:56.247+0000] {dag.py:3089} INFO - Sync 1 DAGs
[2024-08-10T23:30:56.265+0000] {logging_mixin.py:188} INFO - [2024-08-10T23:30:56.265+0000] {dag.py:3947} INFO - Setting next_dagrun for example_branch_operator to 2024-08-09 00:00:00+00:00, run_after=2024-08-10 00:00:00+00:00
[2024-08-10T23:30:56.281+0000] {processor.py:183} INFO - Processing /home/airflow/.local/lib/python3.12/site-packages/airflow/example_dags/example_branch_operator.py took 0.077 seconds
[2024-08-10T23:31:26.737+0000] {processor.py:161} INFO - Started process (PID=641) to work on /home/airflow/.local/lib/python3.12/site-packages/airflow/example_dags/example_branch_operator.py
[2024-08-10T23:31:26.738+0000] {processor.py:830} INFO - Processing file /home/airflow/.local/lib/python3.12/site-packages/airflow/example_dags/example_branch_operator.py for tasks to queue
[2024-08-10T23:31:26.739+0000] {logging_mixin.py:188} INFO - [2024-08-10T23:31:26.739+0000] {dagbag.py:545} INFO - Filling up the DagBag from /home/airflow/.local/lib/python3.12/site-packages/airflow/example_dags/example_branch_operator.py
[2024-08-10T23:31:26.752+0000] {processor.py:840} INFO - DAG(s) 'example_branch_operator' retrieved from /home/airflow/.local/lib/python3.12/site-packages/airflow/example_dags/example_branch_operator.py
[2024-08-10T23:31:26.777+0000] {logging_mixin.py:188} INFO - [2024-08-10T23:31:26.777+0000] {dag.py:3089} INFO - Sync 1 DAGs
[2024-08-10T23:31:26.797+0000] {logging_mixin.py:188} INFO - [2024-08-10T23:31:26.797+0000] {dag.py:3947} INFO - Setting next_dagrun for example_branch_operator to 2024-08-09 00:00:00+00:00, run_after=2024-08-10 00:00:00+00:00
[2024-08-10T23:31:26.814+0000] {processor.py:183} INFO - Processing /home/airflow/.local/lib/python3.12/site-packages/airflow/example_dags/example_branch_operator.py took 0.081 seconds
[2024-08-10T23:31:57.107+0000] {processor.py:161} INFO - Started process (PID=699) to work on /home/airflow/.local/lib/python3.12/site-packages/airflow/example_dags/example_branch_operator.py
[2024-08-10T23:31:57.107+0000] {processor.py:830} INFO - Processing file /home/airflow/.local/lib/python3.12/site-packages/airflow/example_dags/example_branch_operator.py for tasks to queue
[2024-08-10T23:31:57.109+0000] {logging_mixin.py:188} INFO - [2024-08-10T23:31:57.108+0000] {dagbag.py:545} INFO - Filling up the DagBag from /home/airflow/.local/lib/python3.12/site-packages/airflow/example_dags/example_branch_operator.py
[2024-08-10T23:31:57.121+0000] {processor.py:840} INFO - DAG(s) 'example_branch_operator' retrieved from /home/airflow/.local/lib/python3.12/site-packages/airflow/example_dags/example_branch_operator.py
[2024-08-10T23:31:57.146+0000] {logging_mixin.py:188} INFO - [2024-08-10T23:31:57.145+0000] {dag.py:3089} INFO - Sync 1 DAGs
[2024-08-10T23:31:57.165+0000] {logging_mixin.py:188} INFO - [2024-08-10T23:31:57.164+0000] {dag.py:3947} INFO - Setting next_dagrun for example_branch_operator to 2024-08-09 00:00:00+00:00, run_after=2024-08-10 00:00:00+00:00
[2024-08-10T23:31:57.183+0000] {processor.py:183} INFO - Processing /home/airflow/.local/lib/python3.12/site-packages/airflow/example_dags/example_branch_operator.py took 0.081 seconds
[2024-08-10T23:32:27.493+0000] {processor.py:161} INFO - Started process (PID=757) to work on /home/airflow/.local/lib/python3.12/site-packages/airflow/example_dags/example_branch_operator.py
[2024-08-10T23:32:27.494+0000] {processor.py:830} INFO - Processing file /home/airflow/.local/lib/python3.12/site-packages/airflow/example_dags/example_branch_operator.py for tasks to queue
[2024-08-10T23:32:27.496+0000] {logging_mixin.py:188} INFO - [2024-08-10T23:32:27.496+0000] {dagbag.py:545} INFO - Filling up the DagBag from /home/airflow/.local/lib/python3.12/site-packages/airflow/example_dags/example_branch_operator.py
[2024-08-10T23:32:27.509+0000] {processor.py:840} INFO - DAG(s) 'example_branch_operator' retrieved from /home/airflow/.local/lib/python3.12/site-packages/airflow/example_dags/example_branch_operator.py
[2024-08-10T23:32:27.535+0000] {logging_mixin.py:188} INFO - [2024-08-10T23:32:27.534+0000] {dag.py:3089} INFO - Sync 1 DAGs
[2024-08-10T23:32:27.554+0000] {logging_mixin.py:188} INFO - [2024-08-10T23:32:27.554+0000] {dag.py:3947} INFO - Setting next_dagrun for example_branch_operator to 2024-08-09 00:00:00+00:00, run_after=2024-08-10 00:00:00+00:00
[2024-08-10T23:32:27.572+0000] {processor.py:183} INFO - Processing /home/airflow/.local/lib/python3.12/site-packages/airflow/example_dags/example_branch_operator.py took 0.083 seconds
[2024-08-10T23:32:57.783+0000] {processor.py:161} INFO - Started process (PID=815) to work on /home/airflow/.local/lib/python3.12/site-packages/airflow/example_dags/example_branch_operator.py
[2024-08-10T23:32:57.783+0000] {processor.py:830} INFO - Processing file /home/airflow/.local/lib/python3.12/site-packages/airflow/example_dags/example_branch_operator.py for tasks to queue
[2024-08-10T23:32:57.785+0000] {logging_mixin.py:188} INFO - [2024-08-10T23:32:57.784+0000] {dagbag.py:545} INFO - Filling up the DagBag from /home/airflow/.local/lib/python3.12/site-packages/airflow/example_dags/example_branch_operator.py
[2024-08-10T23:32:57.797+0000] {processor.py:840} INFO - DAG(s) 'example_branch_operator' retrieved from /home/airflow/.local/lib/python3.12/site-packages/airflow/example_dags/example_branch_operator.py
[2024-08-10T23:32:57.819+0000] {logging_mixin.py:188} INFO - [2024-08-10T23:32:57.819+0000] {dag.py:3089} INFO - Sync 1 DAGs
[2024-08-10T23:32:57.837+0000] {logging_mixin.py:188} INFO - [2024-08-10T23:32:57.837+0000] {dag.py:3947} INFO - Setting next_dagrun for example_branch_operator to 2024-08-09 00:00:00+00:00, run_after=2024-08-10 00:00:00+00:00
[2024-08-10T23:32:57.853+0000] {processor.py:183} INFO - Processing /home/airflow/.local/lib/python3.12/site-packages/airflow/example_dags/example_branch_operator.py took 0.074 seconds
[2024-08-10T23:33:28.005+0000] {processor.py:161} INFO - Started process (PID=873) to work on /home/airflow/.local/lib/python3.12/site-packages/airflow/example_dags/example_branch_operator.py
[2024-08-10T23:33:28.006+0000] {processor.py:830} INFO - Processing file /home/airflow/.local/lib/python3.12/site-packages/airflow/example_dags/example_branch_operator.py for tasks to queue
[2024-08-10T23:33:28.007+0000] {logging_mixin.py:188} INFO - [2024-08-10T23:33:28.007+0000] {dagbag.py:545} INFO - Filling up the DagBag from /home/airflow/.local/lib/python3.12/site-packages/airflow/example_dags/example_branch_operator.py
[2024-08-10T23:33:28.020+0000] {processor.py:840} INFO - DAG(s) 'example_branch_operator' retrieved from /home/airflow/.local/lib/python3.12/site-packages/airflow/example_dags/example_branch_operator.py
[2024-08-10T23:33:28.044+0000] {logging_mixin.py:188} INFO - [2024-08-10T23:33:28.043+0000] {dag.py:3089} INFO - Sync 1 DAGs
[2024-08-10T23:33:28.061+0000] {logging_mixin.py:188} INFO - [2024-08-10T23:33:28.061+0000] {dag.py:3947} INFO - Setting next_dagrun for example_branch_operator to 2024-08-09 00:00:00+00:00, run_after=2024-08-10 00:00:00+00:00
[2024-08-10T23:33:28.075+0000] {processor.py:183} INFO - Processing /home/airflow/.local/lib/python3.12/site-packages/airflow/example_dags/example_branch_operator.py took 0.075 seconds
[2024-08-10T23:33:58.247+0000] {processor.py:161} INFO - Started process (PID=931) to work on /home/airflow/.local/lib/python3.12/site-packages/airflow/example_dags/example_branch_operator.py
[2024-08-10T23:33:58.248+0000] {processor.py:830} INFO - Processing file /home/airflow/.local/lib/python3.12/site-packages/airflow/example_dags/example_branch_operator.py for tasks to queue
[2024-08-10T23:33:58.249+0000] {logging_mixin.py:188} INFO - [2024-08-10T23:33:58.249+0000] {dagbag.py:545} INFO - Filling up the DagBag from /home/airflow/.local/lib/python3.12/site-packages/airflow/example_dags/example_branch_operator.py
[2024-08-10T23:33:58.262+0000] {processor.py:840} INFO - DAG(s) 'example_branch_operator' retrieved from /home/airflow/.local/lib/python3.12/site-packages/airflow/example_dags/example_branch_operator.py
[2024-08-10T23:33:58.287+0000] {logging_mixin.py:188} INFO - [2024-08-10T23:33:58.287+0000] {dag.py:3089} INFO - Sync 1 DAGs
[2024-08-10T23:33:58.305+0000] {logging_mixin.py:188} INFO - [2024-08-10T23:33:58.305+0000] {dag.py:3947} INFO - Setting next_dagrun for example_branch_operator to 2024-08-09 00:00:00+00:00, run_after=2024-08-10 00:00:00+00:00
[2024-08-10T23:33:58.319+0000] {processor.py:183} INFO - Processing /home/airflow/.local/lib/python3.12/site-packages/airflow/example_dags/example_branch_operator.py took 0.077 seconds
[2024-08-10T23:34:28.665+0000] {processor.py:161} INFO - Started process (PID=989) to work on /home/airflow/.local/lib/python3.12/site-packages/airflow/example_dags/example_branch_operator.py
[2024-08-10T23:34:28.666+0000] {processor.py:830} INFO - Processing file /home/airflow/.local/lib/python3.12/site-packages/airflow/example_dags/example_branch_operator.py for tasks to queue
[2024-08-10T23:34:28.667+0000] {logging_mixin.py:188} INFO - [2024-08-10T23:34:28.667+0000] {dagbag.py:545} INFO - Filling up the DagBag from /home/airflow/.local/lib/python3.12/site-packages/airflow/example_dags/example_branch_operator.py
[2024-08-10T23:34:28.681+0000] {processor.py:840} INFO - DAG(s) 'example_branch_operator' retrieved from /home/airflow/.local/lib/python3.12/site-packages/airflow/example_dags/example_branch_operator.py
[2024-08-10T23:34:28.708+0000] {logging_mixin.py:188} INFO - [2024-08-10T23:34:28.707+0000] {dag.py:3089} INFO - Sync 1 DAGs
[2024-08-10T23:34:28.727+0000] {logging_mixin.py:188} INFO - [2024-08-10T23:34:28.726+0000] {dag.py:3947} INFO - Setting next_dagrun for example_branch_operator to 2024-08-09 00:00:00+00:00, run_after=2024-08-10 00:00:00+00:00
[2024-08-10T23:34:28.745+0000] {processor.py:183} INFO - Processing /home/airflow/.local/lib/python3.12/site-packages/airflow/example_dags/example_branch_operator.py took 0.085 seconds
[2024-08-10T23:34:58.798+0000] {processor.py:161} INFO - Started process (PID=1046) to work on /home/airflow/.local/lib/python3.12/site-packages/airflow/example_dags/example_branch_operator.py
[2024-08-10T23:34:58.799+0000] {processor.py:830} INFO - Processing file /home/airflow/.local/lib/python3.12/site-packages/airflow/example_dags/example_branch_operator.py for tasks to queue
[2024-08-10T23:34:58.801+0000] {logging_mixin.py:188} INFO - [2024-08-10T23:34:58.801+0000] {dagbag.py:545} INFO - Filling up the DagBag from /home/airflow/.local/lib/python3.12/site-packages/airflow/example_dags/example_branch_operator.py
[2024-08-10T23:34:58.815+0000] {processor.py:840} INFO - DAG(s) 'example_branch_operator' retrieved from /home/airflow/.local/lib/python3.12/site-packages/airflow/example_dags/example_branch_operator.py
[2024-08-10T23:34:58.842+0000] {logging_mixin.py:188} INFO - [2024-08-10T23:34:58.842+0000] {dag.py:3089} INFO - Sync 1 DAGs
[2024-08-10T23:34:58.864+0000] {logging_mixin.py:188} INFO - [2024-08-10T23:34:58.863+0000] {dag.py:3947} INFO - Setting next_dagrun for example_branch_operator to 2024-08-09 00:00:00+00:00, run_after=2024-08-10 00:00:00+00:00
[2024-08-10T23:34:58.885+0000] {processor.py:183} INFO - Processing /home/airflow/.local/lib/python3.12/site-packages/airflow/example_dags/example_branch_operator.py took 0.091 seconds
[2024-08-10T23:35:29.265+0000] {processor.py:161} INFO - Started process (PID=1105) to work on /home/airflow/.local/lib/python3.12/site-packages/airflow/example_dags/example_branch_operator.py
[2024-08-10T23:35:29.266+0000] {processor.py:830} INFO - Processing file /home/airflow/.local/lib/python3.12/site-packages/airflow/example_dags/example_branch_operator.py for tasks to queue
[2024-08-10T23:35:29.267+0000] {logging_mixin.py:188} INFO - [2024-08-10T23:35:29.267+0000] {dagbag.py:545} INFO - Filling up the DagBag from /home/airflow/.local/lib/python3.12/site-packages/airflow/example_dags/example_branch_operator.py
[2024-08-10T23:35:29.279+0000] {processor.py:840} INFO - DAG(s) 'example_branch_operator' retrieved from /home/airflow/.local/lib/python3.12/site-packages/airflow/example_dags/example_branch_operator.py
[2024-08-10T23:35:29.303+0000] {logging_mixin.py:188} INFO - [2024-08-10T23:35:29.302+0000] {dag.py:3089} INFO - Sync 1 DAGs
[2024-08-10T23:35:29.321+0000] {logging_mixin.py:188} INFO - [2024-08-10T23:35:29.320+0000] {dag.py:3947} INFO - Setting next_dagrun for example_branch_operator to 2024-08-09 00:00:00+00:00, run_after=2024-08-10 00:00:00+00:00
[2024-08-10T23:35:29.337+0000] {processor.py:183} INFO - Processing /home/airflow/.local/lib/python3.12/site-packages/airflow/example_dags/example_branch_operator.py took 0.076 seconds
[2024-08-10T23:35:59.621+0000] {processor.py:161} INFO - Started process (PID=1162) to work on /home/airflow/.local/lib/python3.12/site-packages/airflow/example_dags/example_branch_operator.py
[2024-08-10T23:35:59.621+0000] {processor.py:830} INFO - Processing file /home/airflow/.local/lib/python3.12/site-packages/airflow/example_dags/example_branch_operator.py for tasks to queue
[2024-08-10T23:35:59.622+0000] {logging_mixin.py:188} INFO - [2024-08-10T23:35:59.622+0000] {dagbag.py:545} INFO - Filling up the DagBag from /home/airflow/.local/lib/python3.12/site-packages/airflow/example_dags/example_branch_operator.py
[2024-08-10T23:35:59.635+0000] {processor.py:840} INFO - DAG(s) 'example_branch_operator' retrieved from /home/airflow/.local/lib/python3.12/site-packages/airflow/example_dags/example_branch_operator.py
[2024-08-10T23:35:59.659+0000] {logging_mixin.py:188} INFO - [2024-08-10T23:35:59.658+0000] {dag.py:3089} INFO - Sync 1 DAGs
[2024-08-10T23:35:59.676+0000] {logging_mixin.py:188} INFO - [2024-08-10T23:35:59.676+0000] {dag.py:3947} INFO - Setting next_dagrun for example_branch_operator to 2024-08-09 00:00:00+00:00, run_after=2024-08-10 00:00:00+00:00
[2024-08-10T23:35:59.694+0000] {processor.py:183} INFO - Processing /home/airflow/.local/lib/python3.12/site-packages/airflow/example_dags/example_branch_operator.py took 0.077 seconds
[2024-08-10T23:36:29.737+0000] {processor.py:161} INFO - Started process (PID=1221) to work on /home/airflow/.local/lib/python3.12/site-packages/airflow/example_dags/example_branch_operator.py
[2024-08-10T23:36:29.738+0000] {processor.py:830} INFO - Processing file /home/airflow/.local/lib/python3.12/site-packages/airflow/example_dags/example_branch_operator.py for tasks to queue
[2024-08-10T23:36:29.740+0000] {logging_mixin.py:188} INFO - [2024-08-10T23:36:29.739+0000] {dagbag.py:545} INFO - Filling up the DagBag from /home/airflow/.local/lib/python3.12/site-packages/airflow/example_dags/example_branch_operator.py
[2024-08-10T23:36:29.753+0000] {processor.py:840} INFO - DAG(s) 'example_branch_operator' retrieved from /home/airflow/.local/lib/python3.12/site-packages/airflow/example_dags/example_branch_operator.py
[2024-08-10T23:36:29.776+0000] {logging_mixin.py:188} INFO - [2024-08-10T23:36:29.776+0000] {dag.py:3089} INFO - Sync 1 DAGs
[2024-08-10T23:36:29.794+0000] {logging_mixin.py:188} INFO - [2024-08-10T23:36:29.793+0000] {dag.py:3947} INFO - Setting next_dagrun for example_branch_operator to 2024-08-09 00:00:00+00:00, run_after=2024-08-10 00:00:00+00:00
[2024-08-10T23:36:29.809+0000] {processor.py:183} INFO - Processing /home/airflow/.local/lib/python3.12/site-packages/airflow/example_dags/example_branch_operator.py took 0.076 seconds
[2024-08-10T23:37:00.447+0000] {processor.py:161} INFO - Started process (PID=1280) to work on /home/airflow/.local/lib/python3.12/site-packages/airflow/example_dags/example_branch_operator.py
[2024-08-10T23:37:00.448+0000] {processor.py:830} INFO - Processing file /home/airflow/.local/lib/python3.12/site-packages/airflow/example_dags/example_branch_operator.py for tasks to queue
[2024-08-10T23:37:00.450+0000] {logging_mixin.py:188} INFO - [2024-08-10T23:37:00.450+0000] {dagbag.py:545} INFO - Filling up the DagBag from /home/airflow/.local/lib/python3.12/site-packages/airflow/example_dags/example_branch_operator.py
[2024-08-10T23:37:00.463+0000] {processor.py:840} INFO - DAG(s) 'example_branch_operator' retrieved from /home/airflow/.local/lib/python3.12/site-packages/airflow/example_dags/example_branch_operator.py
[2024-08-10T23:37:00.489+0000] {logging_mixin.py:188} INFO - [2024-08-10T23:37:00.489+0000] {dag.py:3089} INFO - Sync 1 DAGs
[2024-08-10T23:37:00.507+0000] {logging_mixin.py:188} INFO - [2024-08-10T23:37:00.507+0000] {dag.py:3947} INFO - Setting next_dagrun for example_branch_operator to 2024-08-09 00:00:00+00:00, run_after=2024-08-10 00:00:00+00:00
[2024-08-10T23:37:00.523+0000] {processor.py:183} INFO - Processing /home/airflow/.local/lib/python3.12/site-packages/airflow/example_dags/example_branch_operator.py took 0.080 seconds
[2024-08-10T23:37:30.881+0000] {processor.py:161} INFO - Started process (PID=1339) to work on /home/airflow/.local/lib/python3.12/site-packages/airflow/example_dags/example_branch_operator.py
[2024-08-10T23:37:30.882+0000] {processor.py:830} INFO - Processing file /home/airflow/.local/lib/python3.12/site-packages/airflow/example_dags/example_branch_operator.py for tasks to queue
[2024-08-10T23:37:30.883+0000] {logging_mixin.py:188} INFO - [2024-08-10T23:37:30.883+0000] {dagbag.py:545} INFO - Filling up the DagBag from /home/airflow/.local/lib/python3.12/site-packages/airflow/example_dags/example_branch_operator.py
[2024-08-10T23:37:30.896+0000] {processor.py:840} INFO - DAG(s) 'example_branch_operator' retrieved from /home/airflow/.local/lib/python3.12/site-packages/airflow/example_dags/example_branch_operator.py
[2024-08-10T23:37:30.921+0000] {logging_mixin.py:188} INFO - [2024-08-10T23:37:30.921+0000] {dag.py:3089} INFO - Sync 1 DAGs
[2024-08-10T23:37:30.941+0000] {logging_mixin.py:188} INFO - [2024-08-10T23:37:30.941+0000] {dag.py:3947} INFO - Setting next_dagrun for example_branch_operator to 2024-08-09 00:00:00+00:00, run_after=2024-08-10 00:00:00+00:00
[2024-08-10T23:37:30.960+0000] {processor.py:183} INFO - Processing /home/airflow/.local/lib/python3.12/site-packages/airflow/example_dags/example_branch_operator.py took 0.083 seconds
[2024-08-10T23:38:01.432+0000] {processor.py:161} INFO - Started process (PID=1399) to work on /home/airflow/.local/lib/python3.12/site-packages/airflow/example_dags/example_branch_operator.py
[2024-08-10T23:38:01.433+0000] {processor.py:830} INFO - Processing file /home/airflow/.local/lib/python3.12/site-packages/airflow/example_dags/example_branch_operator.py for tasks to queue
[2024-08-10T23:38:01.435+0000] {logging_mixin.py:188} INFO - [2024-08-10T23:38:01.434+0000] {dagbag.py:545} INFO - Filling up the DagBag from /home/airflow/.local/lib/python3.12/site-packages/airflow/example_dags/example_branch_operator.py
[2024-08-10T23:38:01.448+0000] {processor.py:840} INFO - DAG(s) 'example_branch_operator' retrieved from /home/airflow/.local/lib/python3.12/site-packages/airflow/example_dags/example_branch_operator.py
[2024-08-10T23:38:01.471+0000] {logging_mixin.py:188} INFO - [2024-08-10T23:38:01.470+0000] {dag.py:3089} INFO - Sync 1 DAGs
[2024-08-10T23:38:01.487+0000] {logging_mixin.py:188} INFO - [2024-08-10T23:38:01.487+0000] {dag.py:3947} INFO - Setting next_dagrun for example_branch_operator to 2024-08-09 00:00:00+00:00, run_after=2024-08-10 00:00:00+00:00
[2024-08-10T23:38:01.501+0000] {processor.py:183} INFO - Processing /home/airflow/.local/lib/python3.12/site-packages/airflow/example_dags/example_branch_operator.py took 0.073 seconds
[2024-08-10T23:38:31.706+0000] {processor.py:161} INFO - Started process (PID=1458) to work on /home/airflow/.local/lib/python3.12/site-packages/airflow/example_dags/example_branch_operator.py
[2024-08-10T23:38:31.707+0000] {processor.py:830} INFO - Processing file /home/airflow/.local/lib/python3.12/site-packages/airflow/example_dags/example_branch_operator.py for tasks to queue
[2024-08-10T23:38:31.708+0000] {logging_mixin.py:188} INFO - [2024-08-10T23:38:31.708+0000] {dagbag.py:545} INFO - Filling up the DagBag from /home/airflow/.local/lib/python3.12/site-packages/airflow/example_dags/example_branch_operator.py
[2024-08-10T23:38:31.721+0000] {processor.py:840} INFO - DAG(s) 'example_branch_operator' retrieved from /home/airflow/.local/lib/python3.12/site-packages/airflow/example_dags/example_branch_operator.py
[2024-08-10T23:38:31.746+0000] {logging_mixin.py:188} INFO - [2024-08-10T23:38:31.746+0000] {dag.py:3089} INFO - Sync 1 DAGs
[2024-08-10T23:38:31.765+0000] {logging_mixin.py:188} INFO - [2024-08-10T23:38:31.765+0000] {dag.py:3947} INFO - Setting next_dagrun for example_branch_operator to 2024-08-09 00:00:00+00:00, run_after=2024-08-10 00:00:00+00:00
[2024-08-10T23:38:31.785+0000] {processor.py:183} INFO - Processing /home/airflow/.local/lib/python3.12/site-packages/airflow/example_dags/example_branch_operator.py took 0.084 seconds
[2024-08-10T23:39:02.093+0000] {processor.py:161} INFO - Started process (PID=1517) to work on /home/airflow/.local/lib/python3.12/site-packages/airflow/example_dags/example_branch_operator.py
[2024-08-10T23:39:02.094+0000] {processor.py:830} INFO - Processing file /home/airflow/.local/lib/python3.12/site-packages/airflow/example_dags/example_branch_operator.py for tasks to queue
[2024-08-10T23:39:02.095+0000] {logging_mixin.py:188} INFO - [2024-08-10T23:39:02.095+0000] {dagbag.py:545} INFO - Filling up the DagBag from /home/airflow/.local/lib/python3.12/site-packages/airflow/example_dags/example_branch_operator.py
[2024-08-10T23:39:02.108+0000] {processor.py:840} INFO - DAG(s) 'example_branch_operator' retrieved from /home/airflow/.local/lib/python3.12/site-packages/airflow/example_dags/example_branch_operator.py
[2024-08-10T23:39:02.133+0000] {logging_mixin.py:188} INFO - [2024-08-10T23:39:02.133+0000] {dag.py:3089} INFO - Sync 1 DAGs
[2024-08-10T23:39:02.152+0000] {logging_mixin.py:188} INFO - [2024-08-10T23:39:02.152+0000] {dag.py:3947} INFO - Setting next_dagrun for example_branch_operator to 2024-08-09 00:00:00+00:00, run_after=2024-08-10 00:00:00+00:00
[2024-08-10T23:39:02.169+0000] {processor.py:183} INFO - Processing /home/airflow/.local/lib/python3.12/site-packages/airflow/example_dags/example_branch_operator.py took 0.080 seconds
[2024-08-10T23:39:32.631+0000] {processor.py:161} INFO - Started process (PID=1576) to work on /home/airflow/.local/lib/python3.12/site-packages/airflow/example_dags/example_branch_operator.py
[2024-08-10T23:39:32.632+0000] {processor.py:830} INFO - Processing file /home/airflow/.local/lib/python3.12/site-packages/airflow/example_dags/example_branch_operator.py for tasks to queue
[2024-08-10T23:39:32.634+0000] {logging_mixin.py:188} INFO - [2024-08-10T23:39:32.634+0000] {dagbag.py:545} INFO - Filling up the DagBag from /home/airflow/.local/lib/python3.12/site-packages/airflow/example_dags/example_branch_operator.py
[2024-08-10T23:39:32.646+0000] {processor.py:840} INFO - DAG(s) 'example_branch_operator' retrieved from /home/airflow/.local/lib/python3.12/site-packages/airflow/example_dags/example_branch_operator.py
[2024-08-10T23:39:32.671+0000] {logging_mixin.py:188} INFO - [2024-08-10T23:39:32.671+0000] {dag.py:3089} INFO - Sync 1 DAGs
[2024-08-10T23:39:32.691+0000] {logging_mixin.py:188} INFO - [2024-08-10T23:39:32.690+0000] {dag.py:3947} INFO - Setting next_dagrun for example_branch_operator to 2024-08-09 00:00:00+00:00, run_after=2024-08-10 00:00:00+00:00
[2024-08-10T23:39:32.709+0000] {processor.py:183} INFO - Processing /home/airflow/.local/lib/python3.12/site-packages/airflow/example_dags/example_branch_operator.py took 0.082 seconds
[2024-08-10T23:40:03.326+0000] {processor.py:161} INFO - Started process (PID=1635) to work on /home/airflow/.local/lib/python3.12/site-packages/airflow/example_dags/example_branch_operator.py
[2024-08-10T23:40:03.327+0000] {processor.py:830} INFO - Processing file /home/airflow/.local/lib/python3.12/site-packages/airflow/example_dags/example_branch_operator.py for tasks to queue
[2024-08-10T23:40:03.328+0000] {logging_mixin.py:188} INFO - [2024-08-10T23:40:03.328+0000] {dagbag.py:545} INFO - Filling up the DagBag from /home/airflow/.local/lib/python3.12/site-packages/airflow/example_dags/example_branch_operator.py
[2024-08-10T23:40:03.342+0000] {processor.py:840} INFO - DAG(s) 'example_branch_operator' retrieved from /home/airflow/.local/lib/python3.12/site-packages/airflow/example_dags/example_branch_operator.py
[2024-08-10T23:40:03.367+0000] {logging_mixin.py:188} INFO - [2024-08-10T23:40:03.367+0000] {dag.py:3089} INFO - Sync 1 DAGs
[2024-08-10T23:40:03.509+0000] {logging_mixin.py:188} INFO - [2024-08-10T23:40:03.508+0000] {dag.py:3947} INFO - Setting next_dagrun for example_branch_operator to 2024-08-09 00:00:00+00:00, run_after=2024-08-10 00:00:00+00:00
[2024-08-10T23:40:03.526+0000] {processor.py:183} INFO - Processing /home/airflow/.local/lib/python3.12/site-packages/airflow/example_dags/example_branch_operator.py took 0.204 seconds
[2024-08-10T23:40:34.329+0000] {processor.py:161} INFO - Started process (PID=1694) to work on /home/airflow/.local/lib/python3.12/site-packages/airflow/example_dags/example_branch_operator.py
[2024-08-10T23:40:34.330+0000] {processor.py:830} INFO - Processing file /home/airflow/.local/lib/python3.12/site-packages/airflow/example_dags/example_branch_operator.py for tasks to queue
[2024-08-10T23:40:34.331+0000] {logging_mixin.py:188} INFO - [2024-08-10T23:40:34.331+0000] {dagbag.py:545} INFO - Filling up the DagBag from /home/airflow/.local/lib/python3.12/site-packages/airflow/example_dags/example_branch_operator.py
[2024-08-10T23:40:34.344+0000] {processor.py:840} INFO - DAG(s) 'example_branch_operator' retrieved from /home/airflow/.local/lib/python3.12/site-packages/airflow/example_dags/example_branch_operator.py
[2024-08-10T23:40:34.368+0000] {logging_mixin.py:188} INFO - [2024-08-10T23:40:34.367+0000] {dag.py:3089} INFO - Sync 1 DAGs
[2024-08-10T23:40:34.385+0000] {logging_mixin.py:188} INFO - [2024-08-10T23:40:34.385+0000] {dag.py:3947} INFO - Setting next_dagrun for example_branch_operator to 2024-08-09 00:00:00+00:00, run_after=2024-08-10 00:00:00+00:00
[2024-08-10T23:40:34.529+0000] {processor.py:183} INFO - Processing /home/airflow/.local/lib/python3.12/site-packages/airflow/example_dags/example_branch_operator.py took 0.204 seconds
[2024-08-10T23:41:04.566+0000] {processor.py:161} INFO - Started process (PID=1754) to work on /home/airflow/.local/lib/python3.12/site-packages/airflow/example_dags/example_branch_operator.py
[2024-08-10T23:41:04.567+0000] {processor.py:830} INFO - Processing file /home/airflow/.local/lib/python3.12/site-packages/airflow/example_dags/example_branch_operator.py for tasks to queue
[2024-08-10T23:41:04.568+0000] {logging_mixin.py:188} INFO - [2024-08-10T23:41:04.568+0000] {dagbag.py:545} INFO - Filling up the DagBag from /home/airflow/.local/lib/python3.12/site-packages/airflow/example_dags/example_branch_operator.py
[2024-08-10T23:41:04.582+0000] {processor.py:840} INFO - DAG(s) 'example_branch_operator' retrieved from /home/airflow/.local/lib/python3.12/site-packages/airflow/example_dags/example_branch_operator.py
[2024-08-10T23:41:04.606+0000] {logging_mixin.py:188} INFO - [2024-08-10T23:41:04.606+0000] {dag.py:3089} INFO - Sync 1 DAGs
[2024-08-10T23:41:04.626+0000] {logging_mixin.py:188} INFO - [2024-08-10T23:41:04.626+0000] {dag.py:3947} INFO - Setting next_dagrun for example_branch_operator to 2024-08-09 00:00:00+00:00, run_after=2024-08-10 00:00:00+00:00
[2024-08-10T23:41:04.647+0000] {processor.py:183} INFO - Processing /home/airflow/.local/lib/python3.12/site-packages/airflow/example_dags/example_branch_operator.py took 0.085 seconds
[2024-08-10T23:41:34.667+0000] {processor.py:161} INFO - Started process (PID=1812) to work on /home/airflow/.local/lib/python3.12/site-packages/airflow/example_dags/example_branch_operator.py
[2024-08-10T23:41:34.668+0000] {processor.py:830} INFO - Processing file /home/airflow/.local/lib/python3.12/site-packages/airflow/example_dags/example_branch_operator.py for tasks to queue
[2024-08-10T23:41:34.669+0000] {logging_mixin.py:188} INFO - [2024-08-10T23:41:34.669+0000] {dagbag.py:545} INFO - Filling up the DagBag from /home/airflow/.local/lib/python3.12/site-packages/airflow/example_dags/example_branch_operator.py
[2024-08-10T23:41:34.681+0000] {processor.py:840} INFO - DAG(s) 'example_branch_operator' retrieved from /home/airflow/.local/lib/python3.12/site-packages/airflow/example_dags/example_branch_operator.py
[2024-08-10T23:41:34.706+0000] {logging_mixin.py:188} INFO - [2024-08-10T23:41:34.705+0000] {dag.py:3089} INFO - Sync 1 DAGs
[2024-08-10T23:41:34.725+0000] {logging_mixin.py:188} INFO - [2024-08-10T23:41:34.725+0000] {dag.py:3947} INFO - Setting next_dagrun for example_branch_operator to 2024-08-09 00:00:00+00:00, run_after=2024-08-10 00:00:00+00:00
[2024-08-10T23:41:34.743+0000] {processor.py:183} INFO - Processing /home/airflow/.local/lib/python3.12/site-packages/airflow/example_dags/example_branch_operator.py took 0.081 seconds
[2024-08-10T23:42:04.808+0000] {processor.py:161} INFO - Started process (PID=1871) to work on /home/airflow/.local/lib/python3.12/site-packages/airflow/example_dags/example_branch_operator.py
[2024-08-10T23:42:04.809+0000] {processor.py:830} INFO - Processing file /home/airflow/.local/lib/python3.12/site-packages/airflow/example_dags/example_branch_operator.py for tasks to queue
[2024-08-10T23:42:04.811+0000] {logging_mixin.py:188} INFO - [2024-08-10T23:42:04.811+0000] {dagbag.py:545} INFO - Filling up the DagBag from /home/airflow/.local/lib/python3.12/site-packages/airflow/example_dags/example_branch_operator.py
[2024-08-10T23:42:04.823+0000] {processor.py:840} INFO - DAG(s) 'example_branch_operator' retrieved from /home/airflow/.local/lib/python3.12/site-packages/airflow/example_dags/example_branch_operator.py
[2024-08-10T23:42:04.848+0000] {logging_mixin.py:188} INFO - [2024-08-10T23:42:04.847+0000] {dag.py:3089} INFO - Sync 1 DAGs
[2024-08-10T23:42:04.866+0000] {logging_mixin.py:188} INFO - [2024-08-10T23:42:04.866+0000] {dag.py:3947} INFO - Setting next_dagrun for example_branch_operator to 2024-08-09 00:00:00+00:00, run_after=2024-08-10 00:00:00+00:00
[2024-08-10T23:42:04.882+0000] {processor.py:183} INFO - Processing /home/airflow/.local/lib/python3.12/site-packages/airflow/example_dags/example_branch_operator.py took 0.078 seconds
[2024-08-10T23:42:35.660+0000] {processor.py:161} INFO - Started process (PID=1930) to work on /home/airflow/.local/lib/python3.12/site-packages/airflow/example_dags/example_branch_operator.py
[2024-08-10T23:42:35.661+0000] {processor.py:830} INFO - Processing file /home/airflow/.local/lib/python3.12/site-packages/airflow/example_dags/example_branch_operator.py for tasks to queue
[2024-08-10T23:42:35.662+0000] {logging_mixin.py:188} INFO - [2024-08-10T23:42:35.662+0000] {dagbag.py:545} INFO - Filling up the DagBag from /home/airflow/.local/lib/python3.12/site-packages/airflow/example_dags/example_branch_operator.py
[2024-08-10T23:42:35.674+0000] {processor.py:840} INFO - DAG(s) 'example_branch_operator' retrieved from /home/airflow/.local/lib/python3.12/site-packages/airflow/example_dags/example_branch_operator.py
[2024-08-10T23:42:35.698+0000] {logging_mixin.py:188} INFO - [2024-08-10T23:42:35.698+0000] {dag.py:3089} INFO - Sync 1 DAGs
[2024-08-10T23:42:35.717+0000] {logging_mixin.py:188} INFO - [2024-08-10T23:42:35.717+0000] {dag.py:3947} INFO - Setting next_dagrun for example_branch_operator to 2024-08-09 00:00:00+00:00, run_after=2024-08-10 00:00:00+00:00
[2024-08-10T23:42:35.734+0000] {processor.py:183} INFO - Processing /home/airflow/.local/lib/python3.12/site-packages/airflow/example_dags/example_branch_operator.py took 0.078 seconds
[2024-08-10T23:43:06.021+0000] {processor.py:161} INFO - Started process (PID=1989) to work on /home/airflow/.local/lib/python3.12/site-packages/airflow/example_dags/example_branch_operator.py
[2024-08-10T23:43:06.022+0000] {processor.py:830} INFO - Processing file /home/airflow/.local/lib/python3.12/site-packages/airflow/example_dags/example_branch_operator.py for tasks to queue
[2024-08-10T23:43:06.023+0000] {logging_mixin.py:188} INFO - [2024-08-10T23:43:06.023+0000] {dagbag.py:545} INFO - Filling up the DagBag from /home/airflow/.local/lib/python3.12/site-packages/airflow/example_dags/example_branch_operator.py
[2024-08-10T23:43:06.035+0000] {processor.py:840} INFO - DAG(s) 'example_branch_operator' retrieved from /home/airflow/.local/lib/python3.12/site-packages/airflow/example_dags/example_branch_operator.py
[2024-08-10T23:43:06.058+0000] {logging_mixin.py:188} INFO - [2024-08-10T23:43:06.058+0000] {dag.py:3089} INFO - Sync 1 DAGs
[2024-08-10T23:43:06.076+0000] {logging_mixin.py:188} INFO - [2024-08-10T23:43:06.075+0000] {dag.py:3947} INFO - Setting next_dagrun for example_branch_operator to 2024-08-09 00:00:00+00:00, run_after=2024-08-10 00:00:00+00:00
[2024-08-10T23:43:06.091+0000] {processor.py:183} INFO - Processing /home/airflow/.local/lib/python3.12/site-packages/airflow/example_dags/example_branch_operator.py took 0.074 seconds
[2024-08-10T23:43:36.255+0000] {processor.py:161} INFO - Started process (PID=2048) to work on /home/airflow/.local/lib/python3.12/site-packages/airflow/example_dags/example_branch_operator.py
[2024-08-10T23:43:36.256+0000] {processor.py:830} INFO - Processing file /home/airflow/.local/lib/python3.12/site-packages/airflow/example_dags/example_branch_operator.py for tasks to queue
[2024-08-10T23:43:36.257+0000] {logging_mixin.py:188} INFO - [2024-08-10T23:43:36.257+0000] {dagbag.py:545} INFO - Filling up the DagBag from /home/airflow/.local/lib/python3.12/site-packages/airflow/example_dags/example_branch_operator.py
[2024-08-10T23:43:36.269+0000] {processor.py:840} INFO - DAG(s) 'example_branch_operator' retrieved from /home/airflow/.local/lib/python3.12/site-packages/airflow/example_dags/example_branch_operator.py
[2024-08-10T23:43:36.291+0000] {logging_mixin.py:188} INFO - [2024-08-10T23:43:36.291+0000] {dag.py:3089} INFO - Sync 1 DAGs
[2024-08-10T23:43:36.308+0000] {logging_mixin.py:188} INFO - [2024-08-10T23:43:36.308+0000] {dag.py:3947} INFO - Setting next_dagrun for example_branch_operator to 2024-08-09 00:00:00+00:00, run_after=2024-08-10 00:00:00+00:00
[2024-08-10T23:43:36.323+0000] {processor.py:183} INFO - Processing /home/airflow/.local/lib/python3.12/site-packages/airflow/example_dags/example_branch_operator.py took 0.072 seconds
[2024-08-10T23:44:06.524+0000] {processor.py:161} INFO - Started process (PID=2107) to work on /home/airflow/.local/lib/python3.12/site-packages/airflow/example_dags/example_branch_operator.py
[2024-08-10T23:44:06.525+0000] {processor.py:830} INFO - Processing file /home/airflow/.local/lib/python3.12/site-packages/airflow/example_dags/example_branch_operator.py for tasks to queue
[2024-08-10T23:44:06.526+0000] {logging_mixin.py:188} INFO - [2024-08-10T23:44:06.526+0000] {dagbag.py:545} INFO - Filling up the DagBag from /home/airflow/.local/lib/python3.12/site-packages/airflow/example_dags/example_branch_operator.py
[2024-08-10T23:44:06.539+0000] {processor.py:840} INFO - DAG(s) 'example_branch_operator' retrieved from /home/airflow/.local/lib/python3.12/site-packages/airflow/example_dags/example_branch_operator.py
[2024-08-10T23:44:06.562+0000] {logging_mixin.py:188} INFO - [2024-08-10T23:44:06.562+0000] {dag.py:3089} INFO - Sync 1 DAGs
[2024-08-10T23:44:06.579+0000] {logging_mixin.py:188} INFO - [2024-08-10T23:44:06.579+0000] {dag.py:3947} INFO - Setting next_dagrun for example_branch_operator to 2024-08-09 00:00:00+00:00, run_after=2024-08-10 00:00:00+00:00
[2024-08-10T23:44:06.598+0000] {processor.py:183} INFO - Processing /home/airflow/.local/lib/python3.12/site-packages/airflow/example_dags/example_branch_operator.py took 0.078 seconds
[2024-08-10T23:44:36.806+0000] {processor.py:161} INFO - Started process (PID=2166) to work on /home/airflow/.local/lib/python3.12/site-packages/airflow/example_dags/example_branch_operator.py
[2024-08-10T23:44:36.807+0000] {processor.py:830} INFO - Processing file /home/airflow/.local/lib/python3.12/site-packages/airflow/example_dags/example_branch_operator.py for tasks to queue
[2024-08-10T23:44:36.808+0000] {logging_mixin.py:188} INFO - [2024-08-10T23:44:36.808+0000] {dagbag.py:545} INFO - Filling up the DagBag from /home/airflow/.local/lib/python3.12/site-packages/airflow/example_dags/example_branch_operator.py
[2024-08-10T23:44:36.820+0000] {processor.py:840} INFO - DAG(s) 'example_branch_operator' retrieved from /home/airflow/.local/lib/python3.12/site-packages/airflow/example_dags/example_branch_operator.py
[2024-08-10T23:44:36.843+0000] {logging_mixin.py:188} INFO - [2024-08-10T23:44:36.843+0000] {dag.py:3089} INFO - Sync 1 DAGs
[2024-08-10T23:44:36.861+0000] {logging_mixin.py:188} INFO - [2024-08-10T23:44:36.861+0000] {dag.py:3947} INFO - Setting next_dagrun for example_branch_operator to 2024-08-09 00:00:00+00:00, run_after=2024-08-10 00:00:00+00:00
[2024-08-10T23:44:36.877+0000] {processor.py:183} INFO - Processing /home/airflow/.local/lib/python3.12/site-packages/airflow/example_dags/example_branch_operator.py took 0.076 seconds
[2024-08-10T23:45:07.183+0000] {processor.py:161} INFO - Started process (PID=2231) to work on /home/airflow/.local/lib/python3.12/site-packages/airflow/example_dags/example_branch_operator.py
[2024-08-10T23:45:07.184+0000] {processor.py:830} INFO - Processing file /home/airflow/.local/lib/python3.12/site-packages/airflow/example_dags/example_branch_operator.py for tasks to queue
[2024-08-10T23:45:07.186+0000] {logging_mixin.py:188} INFO - [2024-08-10T23:45:07.185+0000] {dagbag.py:545} INFO - Filling up the DagBag from /home/airflow/.local/lib/python3.12/site-packages/airflow/example_dags/example_branch_operator.py
[2024-08-10T23:45:07.199+0000] {processor.py:840} INFO - DAG(s) 'example_branch_operator' retrieved from /home/airflow/.local/lib/python3.12/site-packages/airflow/example_dags/example_branch_operator.py
[2024-08-10T23:45:07.224+0000] {logging_mixin.py:188} INFO - [2024-08-10T23:45:07.224+0000] {dag.py:3089} INFO - Sync 1 DAGs
[2024-08-10T23:45:07.243+0000] {logging_mixin.py:188} INFO - [2024-08-10T23:45:07.242+0000] {dag.py:3947} INFO - Setting next_dagrun for example_branch_operator to 2024-08-09 00:00:00+00:00, run_after=2024-08-10 00:00:00+00:00
[2024-08-10T23:45:07.260+0000] {processor.py:183} INFO - Processing /home/airflow/.local/lib/python3.12/site-packages/airflow/example_dags/example_branch_operator.py took 0.083 seconds
[2024-08-10T23:45:37.485+0000] {processor.py:161} INFO - Started process (PID=2290) to work on /home/airflow/.local/lib/python3.12/site-packages/airflow/example_dags/example_branch_operator.py
[2024-08-10T23:45:37.486+0000] {processor.py:830} INFO - Processing file /home/airflow/.local/lib/python3.12/site-packages/airflow/example_dags/example_branch_operator.py for tasks to queue
[2024-08-10T23:45:37.488+0000] {logging_mixin.py:188} INFO - [2024-08-10T23:45:37.488+0000] {dagbag.py:545} INFO - Filling up the DagBag from /home/airflow/.local/lib/python3.12/site-packages/airflow/example_dags/example_branch_operator.py
[2024-08-10T23:45:37.500+0000] {processor.py:840} INFO - DAG(s) 'example_branch_operator' retrieved from /home/airflow/.local/lib/python3.12/site-packages/airflow/example_dags/example_branch_operator.py
[2024-08-10T23:45:37.524+0000] {logging_mixin.py:188} INFO - [2024-08-10T23:45:37.524+0000] {dag.py:3089} INFO - Sync 1 DAGs
[2024-08-10T23:45:37.541+0000] {logging_mixin.py:188} INFO - [2024-08-10T23:45:37.541+0000] {dag.py:3947} INFO - Setting next_dagrun for example_branch_operator to 2024-08-09 00:00:00+00:00, run_after=2024-08-10 00:00:00+00:00
[2024-08-10T23:45:37.557+0000] {processor.py:183} INFO - Processing /home/airflow/.local/lib/python3.12/site-packages/airflow/example_dags/example_branch_operator.py took 0.076 seconds
[2024-08-10T23:46:07.621+0000] {processor.py:161} INFO - Started process (PID=2349) to work on /home/airflow/.local/lib/python3.12/site-packages/airflow/example_dags/example_branch_operator.py
[2024-08-10T23:46:07.622+0000] {processor.py:830} INFO - Processing file /home/airflow/.local/lib/python3.12/site-packages/airflow/example_dags/example_branch_operator.py for tasks to queue
[2024-08-10T23:46:07.624+0000] {logging_mixin.py:188} INFO - [2024-08-10T23:46:07.624+0000] {dagbag.py:545} INFO - Filling up the DagBag from /home/airflow/.local/lib/python3.12/site-packages/airflow/example_dags/example_branch_operator.py
[2024-08-10T23:46:07.637+0000] {processor.py:840} INFO - DAG(s) 'example_branch_operator' retrieved from /home/airflow/.local/lib/python3.12/site-packages/airflow/example_dags/example_branch_operator.py
[2024-08-10T23:46:07.659+0000] {logging_mixin.py:188} INFO - [2024-08-10T23:46:07.659+0000] {dag.py:3089} INFO - Sync 1 DAGs
[2024-08-10T23:46:07.678+0000] {logging_mixin.py:188} INFO - [2024-08-10T23:46:07.677+0000] {dag.py:3947} INFO - Setting next_dagrun for example_branch_operator to 2024-08-09 00:00:00+00:00, run_after=2024-08-10 00:00:00+00:00
[2024-08-10T23:46:07.695+0000] {processor.py:183} INFO - Processing /home/airflow/.local/lib/python3.12/site-packages/airflow/example_dags/example_branch_operator.py took 0.078 seconds
