[2024-08-10T23:26:23.712+0000] {processor.py:161} INFO - Started process (PID=74) to work on /home/airflow/.local/lib/python3.12/site-packages/airflow/example_dags/example_subdag_operator.py
[2024-08-10T23:26:23.717+0000] {processor.py:830} INFO - Processing file /home/airflow/.local/lib/python3.12/site-packages/airflow/example_dags/example_subdag_operator.py for tasks to queue
[2024-08-10T23:26:23.721+0000] {logging_mixin.py:188} INFO - [2024-08-10T23:26:23.719+0000] {dagbag.py:545} INFO - Filling up the DagBag from /home/airflow/.local/lib/python3.12/site-packages/airflow/example_dags/example_subdag_operator.py
[2024-08-10T23:26:23.759+0000] {processor.py:840} INFO - DAG(s) 'example_subdag_operator.section-1', 'example_subdag_operator.section-2', 'example_subdag_operator' retrieved from /home/airflow/.local/lib/python3.12/site-packages/airflow/example_dags/example_subdag_operator.py
[2024-08-10T23:26:23.763+0000] {logging_mixin.py:188} INFO - [2024-08-10T23:26:23.762+0000] {dag.py:3089} INFO - Sync 3 DAGs
[2024-08-10T23:26:23.791+0000] {logging_mixin.py:188} INFO - [2024-08-10T23:26:23.790+0000] {dag.py:3947} INFO - Setting next_dagrun for example_subdag_operator to 2022-01-01 00:00:00+00:00, run_after=2022-01-01 00:00:00+00:00
[2024-08-10T23:26:23.797+0000] {logging_mixin.py:188} INFO - [2024-08-10T23:26:23.797+0000] {dag.py:3947} INFO - Setting next_dagrun for example_subdag_operator.section-1 to None, run_after=None
[2024-08-10T23:26:23.798+0000] {logging_mixin.py:188} INFO - [2024-08-10T23:26:23.798+0000] {dag.py:3947} INFO - Setting next_dagrun for example_subdag_operator.section-2 to None, run_after=None
[2024-08-10T23:26:23.810+0000] {logging_mixin.py:188} INFO - [2024-08-10T23:26:23.810+0000] {dag.py:3089} INFO - Sync 2 DAGs
[2024-08-10T23:26:23.815+0000] {logging_mixin.py:188} INFO - [2024-08-10T23:26:23.815+0000] {dag.py:3947} INFO - Setting next_dagrun for example_subdag_operator.section-1 to None, run_after=None
[2024-08-10T23:26:23.816+0000] {logging_mixin.py:188} INFO - [2024-08-10T23:26:23.816+0000] {dag.py:3947} INFO - Setting next_dagrun for example_subdag_operator.section-2 to None, run_after=None
[2024-08-10T23:26:23.832+0000] {processor.py:183} INFO - Processing /home/airflow/.local/lib/python3.12/site-packages/airflow/example_dags/example_subdag_operator.py took 0.146 seconds
[2024-08-10T23:26:54.200+0000] {processor.py:161} INFO - Started process (PID=132) to work on /home/airflow/.local/lib/python3.12/site-packages/airflow/example_dags/example_subdag_operator.py
[2024-08-10T23:26:54.200+0000] {processor.py:830} INFO - Processing file /home/airflow/.local/lib/python3.12/site-packages/airflow/example_dags/example_subdag_operator.py for tasks to queue
[2024-08-10T23:26:54.201+0000] {logging_mixin.py:188} INFO - [2024-08-10T23:26:54.201+0000] {dagbag.py:545} INFO - Filling up the DagBag from /home/airflow/.local/lib/python3.12/site-packages/airflow/example_dags/example_subdag_operator.py
[2024-08-10T23:26:54.219+0000] {processor.py:840} INFO - DAG(s) 'example_subdag_operator.section-1', 'example_subdag_operator.section-2', 'example_subdag_operator' retrieved from /home/airflow/.local/lib/python3.12/site-packages/airflow/example_dags/example_subdag_operator.py
[2024-08-10T23:26:54.296+0000] {logging_mixin.py:188} INFO - [2024-08-10T23:26:54.296+0000] {dag.py:3089} INFO - Sync 3 DAGs
[2024-08-10T23:26:54.312+0000] {logging_mixin.py:188} INFO - [2024-08-10T23:26:54.312+0000] {dag.py:3947} INFO - Setting next_dagrun for example_subdag_operator to 2022-01-01 00:00:00+00:00, run_after=2022-01-01 00:00:00+00:00
[2024-08-10T23:26:54.315+0000] {logging_mixin.py:188} INFO - [2024-08-10T23:26:54.314+0000] {dag.py:3947} INFO - Setting next_dagrun for example_subdag_operator.section-1 to None, run_after=None
[2024-08-10T23:26:54.315+0000] {logging_mixin.py:188} INFO - [2024-08-10T23:26:54.315+0000] {dag.py:3947} INFO - Setting next_dagrun for example_subdag_operator.section-2 to None, run_after=None
[2024-08-10T23:26:54.323+0000] {logging_mixin.py:188} INFO - [2024-08-10T23:26:54.323+0000] {dag.py:3089} INFO - Sync 2 DAGs
[2024-08-10T23:26:54.326+0000] {logging_mixin.py:188} INFO - [2024-08-10T23:26:54.326+0000] {dag.py:3947} INFO - Setting next_dagrun for example_subdag_operator.section-1 to None, run_after=None
[2024-08-10T23:26:54.327+0000] {logging_mixin.py:188} INFO - [2024-08-10T23:26:54.327+0000] {dag.py:3947} INFO - Setting next_dagrun for example_subdag_operator.section-2 to None, run_after=None
[2024-08-10T23:26:54.335+0000] {processor.py:183} INFO - Processing /home/airflow/.local/lib/python3.12/site-packages/airflow/example_dags/example_subdag_operator.py took 0.140 seconds
[2024-08-10T23:27:24.522+0000] {processor.py:161} INFO - Started process (PID=190) to work on /home/airflow/.local/lib/python3.12/site-packages/airflow/example_dags/example_subdag_operator.py
[2024-08-10T23:27:24.523+0000] {processor.py:830} INFO - Processing file /home/airflow/.local/lib/python3.12/site-packages/airflow/example_dags/example_subdag_operator.py for tasks to queue
[2024-08-10T23:27:24.525+0000] {logging_mixin.py:188} INFO - [2024-08-10T23:27:24.524+0000] {dagbag.py:545} INFO - Filling up the DagBag from /home/airflow/.local/lib/python3.12/site-packages/airflow/example_dags/example_subdag_operator.py
[2024-08-10T23:27:24.545+0000] {processor.py:840} INFO - DAG(s) 'example_subdag_operator.section-1', 'example_subdag_operator.section-2', 'example_subdag_operator' retrieved from /home/airflow/.local/lib/python3.12/site-packages/airflow/example_dags/example_subdag_operator.py
[2024-08-10T23:27:24.558+0000] {logging_mixin.py:188} INFO - [2024-08-10T23:27:24.558+0000] {dag.py:3089} INFO - Sync 3 DAGs
[2024-08-10T23:27:24.576+0000] {logging_mixin.py:188} INFO - [2024-08-10T23:27:24.576+0000] {dag.py:3947} INFO - Setting next_dagrun for example_subdag_operator to 2022-01-01 00:00:00+00:00, run_after=2022-01-01 00:00:00+00:00
[2024-08-10T23:27:24.580+0000] {logging_mixin.py:188} INFO - [2024-08-10T23:27:24.579+0000] {dag.py:3947} INFO - Setting next_dagrun for example_subdag_operator.section-1 to None, run_after=None
[2024-08-10T23:27:24.581+0000] {logging_mixin.py:188} INFO - [2024-08-10T23:27:24.581+0000] {dag.py:3947} INFO - Setting next_dagrun for example_subdag_operator.section-2 to None, run_after=None
[2024-08-10T23:27:24.588+0000] {logging_mixin.py:188} INFO - [2024-08-10T23:27:24.587+0000] {dag.py:3089} INFO - Sync 2 DAGs
[2024-08-10T23:27:24.592+0000] {logging_mixin.py:188} INFO - [2024-08-10T23:27:24.592+0000] {dag.py:3947} INFO - Setting next_dagrun for example_subdag_operator.section-1 to None, run_after=None
[2024-08-10T23:27:24.593+0000] {logging_mixin.py:188} INFO - [2024-08-10T23:27:24.593+0000] {dag.py:3947} INFO - Setting next_dagrun for example_subdag_operator.section-2 to None, run_after=None
[2024-08-10T23:27:24.603+0000] {processor.py:183} INFO - Processing /home/airflow/.local/lib/python3.12/site-packages/airflow/example_dags/example_subdag_operator.py took 0.085 seconds
[2024-08-10T23:27:54.852+0000] {processor.py:161} INFO - Started process (PID=248) to work on /home/airflow/.local/lib/python3.12/site-packages/airflow/example_dags/example_subdag_operator.py
[2024-08-10T23:27:54.853+0000] {processor.py:830} INFO - Processing file /home/airflow/.local/lib/python3.12/site-packages/airflow/example_dags/example_subdag_operator.py for tasks to queue
[2024-08-10T23:27:54.855+0000] {logging_mixin.py:188} INFO - [2024-08-10T23:27:54.854+0000] {dagbag.py:545} INFO - Filling up the DagBag from /home/airflow/.local/lib/python3.12/site-packages/airflow/example_dags/example_subdag_operator.py
[2024-08-10T23:27:54.873+0000] {processor.py:840} INFO - DAG(s) 'example_subdag_operator.section-1', 'example_subdag_operator.section-2', 'example_subdag_operator' retrieved from /home/airflow/.local/lib/python3.12/site-packages/airflow/example_dags/example_subdag_operator.py
[2024-08-10T23:27:54.886+0000] {logging_mixin.py:188} INFO - [2024-08-10T23:27:54.886+0000] {dag.py:3089} INFO - Sync 3 DAGs
[2024-08-10T23:27:54.903+0000] {logging_mixin.py:188} INFO - [2024-08-10T23:27:54.903+0000] {dag.py:3947} INFO - Setting next_dagrun for example_subdag_operator to 2022-01-01 00:00:00+00:00, run_after=2022-01-01 00:00:00+00:00
[2024-08-10T23:27:54.906+0000] {logging_mixin.py:188} INFO - [2024-08-10T23:27:54.906+0000] {dag.py:3947} INFO - Setting next_dagrun for example_subdag_operator.section-1 to None, run_after=None
[2024-08-10T23:27:54.907+0000] {logging_mixin.py:188} INFO - [2024-08-10T23:27:54.907+0000] {dag.py:3947} INFO - Setting next_dagrun for example_subdag_operator.section-2 to None, run_after=None
[2024-08-10T23:27:54.913+0000] {logging_mixin.py:188} INFO - [2024-08-10T23:27:54.913+0000] {dag.py:3089} INFO - Sync 2 DAGs
[2024-08-10T23:27:54.917+0000] {logging_mixin.py:188} INFO - [2024-08-10T23:27:54.917+0000] {dag.py:3947} INFO - Setting next_dagrun for example_subdag_operator.section-1 to None, run_after=None
[2024-08-10T23:27:54.918+0000] {logging_mixin.py:188} INFO - [2024-08-10T23:27:54.918+0000] {dag.py:3947} INFO - Setting next_dagrun for example_subdag_operator.section-2 to None, run_after=None
[2024-08-10T23:27:54.927+0000] {processor.py:183} INFO - Processing /home/airflow/.local/lib/python3.12/site-packages/airflow/example_dags/example_subdag_operator.py took 0.079 seconds
[2024-08-10T23:28:25.310+0000] {processor.py:161} INFO - Started process (PID=306) to work on /home/airflow/.local/lib/python3.12/site-packages/airflow/example_dags/example_subdag_operator.py
[2024-08-10T23:28:25.311+0000] {processor.py:830} INFO - Processing file /home/airflow/.local/lib/python3.12/site-packages/airflow/example_dags/example_subdag_operator.py for tasks to queue
[2024-08-10T23:28:25.313+0000] {logging_mixin.py:188} INFO - [2024-08-10T23:28:25.312+0000] {dagbag.py:545} INFO - Filling up the DagBag from /home/airflow/.local/lib/python3.12/site-packages/airflow/example_dags/example_subdag_operator.py
[2024-08-10T23:28:25.332+0000] {processor.py:840} INFO - DAG(s) 'example_subdag_operator.section-1', 'example_subdag_operator.section-2', 'example_subdag_operator' retrieved from /home/airflow/.local/lib/python3.12/site-packages/airflow/example_dags/example_subdag_operator.py
[2024-08-10T23:28:25.346+0000] {logging_mixin.py:188} INFO - [2024-08-10T23:28:25.346+0000] {dag.py:3089} INFO - Sync 3 DAGs
[2024-08-10T23:28:25.364+0000] {logging_mixin.py:188} INFO - [2024-08-10T23:28:25.364+0000] {dag.py:3947} INFO - Setting next_dagrun for example_subdag_operator to 2022-01-01 00:00:00+00:00, run_after=2022-01-01 00:00:00+00:00
[2024-08-10T23:28:25.367+0000] {logging_mixin.py:188} INFO - [2024-08-10T23:28:25.367+0000] {dag.py:3947} INFO - Setting next_dagrun for example_subdag_operator.section-1 to None, run_after=None
[2024-08-10T23:28:25.368+0000] {logging_mixin.py:188} INFO - [2024-08-10T23:28:25.368+0000] {dag.py:3947} INFO - Setting next_dagrun for example_subdag_operator.section-2 to None, run_after=None
[2024-08-10T23:28:25.375+0000] {logging_mixin.py:188} INFO - [2024-08-10T23:28:25.374+0000] {dag.py:3089} INFO - Sync 2 DAGs
[2024-08-10T23:28:25.380+0000] {logging_mixin.py:188} INFO - [2024-08-10T23:28:25.380+0000] {dag.py:3947} INFO - Setting next_dagrun for example_subdag_operator.section-1 to None, run_after=None
[2024-08-10T23:28:25.380+0000] {logging_mixin.py:188} INFO - [2024-08-10T23:28:25.380+0000] {dag.py:3947} INFO - Setting next_dagrun for example_subdag_operator.section-2 to None, run_after=None
[2024-08-10T23:28:25.392+0000] {processor.py:183} INFO - Processing /home/airflow/.local/lib/python3.12/site-packages/airflow/example_dags/example_subdag_operator.py took 0.086 seconds
[2024-08-10T23:28:55.530+0000] {processor.py:161} INFO - Started process (PID=364) to work on /home/airflow/.local/lib/python3.12/site-packages/airflow/example_dags/example_subdag_operator.py
[2024-08-10T23:28:55.531+0000] {processor.py:830} INFO - Processing file /home/airflow/.local/lib/python3.12/site-packages/airflow/example_dags/example_subdag_operator.py for tasks to queue
[2024-08-10T23:28:55.532+0000] {logging_mixin.py:188} INFO - [2024-08-10T23:28:55.532+0000] {dagbag.py:545} INFO - Filling up the DagBag from /home/airflow/.local/lib/python3.12/site-packages/airflow/example_dags/example_subdag_operator.py
[2024-08-10T23:28:55.550+0000] {processor.py:840} INFO - DAG(s) 'example_subdag_operator.section-1', 'example_subdag_operator.section-2', 'example_subdag_operator' retrieved from /home/airflow/.local/lib/python3.12/site-packages/airflow/example_dags/example_subdag_operator.py
[2024-08-10T23:28:55.562+0000] {logging_mixin.py:188} INFO - [2024-08-10T23:28:55.562+0000] {dag.py:3089} INFO - Sync 3 DAGs
[2024-08-10T23:28:55.580+0000] {logging_mixin.py:188} INFO - [2024-08-10T23:28:55.580+0000] {dag.py:3947} INFO - Setting next_dagrun for example_subdag_operator to 2022-01-01 00:00:00+00:00, run_after=2022-01-01 00:00:00+00:00
[2024-08-10T23:28:55.583+0000] {logging_mixin.py:188} INFO - [2024-08-10T23:28:55.583+0000] {dag.py:3947} INFO - Setting next_dagrun for example_subdag_operator.section-1 to None, run_after=None
[2024-08-10T23:28:55.584+0000] {logging_mixin.py:188} INFO - [2024-08-10T23:28:55.584+0000] {dag.py:3947} INFO - Setting next_dagrun for example_subdag_operator.section-2 to None, run_after=None
[2024-08-10T23:28:55.590+0000] {logging_mixin.py:188} INFO - [2024-08-10T23:28:55.590+0000] {dag.py:3089} INFO - Sync 2 DAGs
[2024-08-10T23:28:55.594+0000] {logging_mixin.py:188} INFO - [2024-08-10T23:28:55.594+0000] {dag.py:3947} INFO - Setting next_dagrun for example_subdag_operator.section-1 to None, run_after=None
[2024-08-10T23:28:55.594+0000] {logging_mixin.py:188} INFO - [2024-08-10T23:28:55.594+0000] {dag.py:3947} INFO - Setting next_dagrun for example_subdag_operator.section-2 to None, run_after=None
[2024-08-10T23:28:55.603+0000] {processor.py:183} INFO - Processing /home/airflow/.local/lib/python3.12/site-packages/airflow/example_dags/example_subdag_operator.py took 0.077 seconds
[2024-08-10T23:29:25.935+0000] {processor.py:161} INFO - Started process (PID=422) to work on /home/airflow/.local/lib/python3.12/site-packages/airflow/example_dags/example_subdag_operator.py
[2024-08-10T23:29:25.936+0000] {processor.py:830} INFO - Processing file /home/airflow/.local/lib/python3.12/site-packages/airflow/example_dags/example_subdag_operator.py for tasks to queue
[2024-08-10T23:29:25.937+0000] {logging_mixin.py:188} INFO - [2024-08-10T23:29:25.937+0000] {dagbag.py:545} INFO - Filling up the DagBag from /home/airflow/.local/lib/python3.12/site-packages/airflow/example_dags/example_subdag_operator.py
[2024-08-10T23:29:25.955+0000] {processor.py:840} INFO - DAG(s) 'example_subdag_operator.section-1', 'example_subdag_operator.section-2', 'example_subdag_operator' retrieved from /home/airflow/.local/lib/python3.12/site-packages/airflow/example_dags/example_subdag_operator.py
[2024-08-10T23:29:25.968+0000] {logging_mixin.py:188} INFO - [2024-08-10T23:29:25.968+0000] {dag.py:3089} INFO - Sync 3 DAGs
[2024-08-10T23:29:25.985+0000] {logging_mixin.py:188} INFO - [2024-08-10T23:29:25.985+0000] {dag.py:3947} INFO - Setting next_dagrun for example_subdag_operator to 2022-01-01 00:00:00+00:00, run_after=2022-01-01 00:00:00+00:00
[2024-08-10T23:29:25.988+0000] {logging_mixin.py:188} INFO - [2024-08-10T23:29:25.988+0000] {dag.py:3947} INFO - Setting next_dagrun for example_subdag_operator.section-1 to None, run_after=None
[2024-08-10T23:29:25.989+0000] {logging_mixin.py:188} INFO - [2024-08-10T23:29:25.989+0000] {dag.py:3947} INFO - Setting next_dagrun for example_subdag_operator.section-2 to None, run_after=None
[2024-08-10T23:29:25.994+0000] {logging_mixin.py:188} INFO - [2024-08-10T23:29:25.994+0000] {dag.py:3089} INFO - Sync 2 DAGs
[2024-08-10T23:29:25.998+0000] {logging_mixin.py:188} INFO - [2024-08-10T23:29:25.997+0000] {dag.py:3947} INFO - Setting next_dagrun for example_subdag_operator.section-1 to None, run_after=None
[2024-08-10T23:29:25.998+0000] {logging_mixin.py:188} INFO - [2024-08-10T23:29:25.998+0000] {dag.py:3947} INFO - Setting next_dagrun for example_subdag_operator.section-2 to None, run_after=None
[2024-08-10T23:29:26.006+0000] {processor.py:183} INFO - Processing /home/airflow/.local/lib/python3.12/site-packages/airflow/example_dags/example_subdag_operator.py took 0.076 seconds
[2024-08-10T23:29:56.282+0000] {processor.py:161} INFO - Started process (PID=480) to work on /home/airflow/.local/lib/python3.12/site-packages/airflow/example_dags/example_subdag_operator.py
[2024-08-10T23:29:56.282+0000] {processor.py:830} INFO - Processing file /home/airflow/.local/lib/python3.12/site-packages/airflow/example_dags/example_subdag_operator.py for tasks to queue
[2024-08-10T23:29:56.284+0000] {logging_mixin.py:188} INFO - [2024-08-10T23:29:56.284+0000] {dagbag.py:545} INFO - Filling up the DagBag from /home/airflow/.local/lib/python3.12/site-packages/airflow/example_dags/example_subdag_operator.py
[2024-08-10T23:29:56.304+0000] {processor.py:840} INFO - DAG(s) 'example_subdag_operator.section-1', 'example_subdag_operator.section-2', 'example_subdag_operator' retrieved from /home/airflow/.local/lib/python3.12/site-packages/airflow/example_dags/example_subdag_operator.py
[2024-08-10T23:29:56.316+0000] {logging_mixin.py:188} INFO - [2024-08-10T23:29:56.316+0000] {dag.py:3089} INFO - Sync 3 DAGs
[2024-08-10T23:29:56.333+0000] {logging_mixin.py:188} INFO - [2024-08-10T23:29:56.332+0000] {dag.py:3947} INFO - Setting next_dagrun for example_subdag_operator to 2022-01-01 00:00:00+00:00, run_after=2022-01-01 00:00:00+00:00
[2024-08-10T23:29:56.336+0000] {logging_mixin.py:188} INFO - [2024-08-10T23:29:56.335+0000] {dag.py:3947} INFO - Setting next_dagrun for example_subdag_operator.section-1 to None, run_after=None
[2024-08-10T23:29:56.336+0000] {logging_mixin.py:188} INFO - [2024-08-10T23:29:56.336+0000] {dag.py:3947} INFO - Setting next_dagrun for example_subdag_operator.section-2 to None, run_after=None
[2024-08-10T23:29:56.342+0000] {logging_mixin.py:188} INFO - [2024-08-10T23:29:56.342+0000] {dag.py:3089} INFO - Sync 2 DAGs
[2024-08-10T23:29:56.346+0000] {logging_mixin.py:188} INFO - [2024-08-10T23:29:56.346+0000] {dag.py:3947} INFO - Setting next_dagrun for example_subdag_operator.section-1 to None, run_after=None
[2024-08-10T23:29:56.347+0000] {logging_mixin.py:188} INFO - [2024-08-10T23:29:56.346+0000] {dag.py:3947} INFO - Setting next_dagrun for example_subdag_operator.section-2 to None, run_after=None
[2024-08-10T23:29:56.356+0000] {processor.py:183} INFO - Processing /home/airflow/.local/lib/python3.12/site-packages/airflow/example_dags/example_subdag_operator.py took 0.079 seconds
[2024-08-10T23:30:26.467+0000] {processor.py:161} INFO - Started process (PID=538) to work on /home/airflow/.local/lib/python3.12/site-packages/airflow/example_dags/example_subdag_operator.py
[2024-08-10T23:30:26.467+0000] {processor.py:830} INFO - Processing file /home/airflow/.local/lib/python3.12/site-packages/airflow/example_dags/example_subdag_operator.py for tasks to queue
[2024-08-10T23:30:26.469+0000] {logging_mixin.py:188} INFO - [2024-08-10T23:30:26.468+0000] {dagbag.py:545} INFO - Filling up the DagBag from /home/airflow/.local/lib/python3.12/site-packages/airflow/example_dags/example_subdag_operator.py
[2024-08-10T23:30:26.487+0000] {processor.py:840} INFO - DAG(s) 'example_subdag_operator.section-1', 'example_subdag_operator.section-2', 'example_subdag_operator' retrieved from /home/airflow/.local/lib/python3.12/site-packages/airflow/example_dags/example_subdag_operator.py
[2024-08-10T23:30:26.500+0000] {logging_mixin.py:188} INFO - [2024-08-10T23:30:26.500+0000] {dag.py:3089} INFO - Sync 3 DAGs
[2024-08-10T23:30:26.517+0000] {logging_mixin.py:188} INFO - [2024-08-10T23:30:26.517+0000] {dag.py:3947} INFO - Setting next_dagrun for example_subdag_operator to 2022-01-01 00:00:00+00:00, run_after=2022-01-01 00:00:00+00:00
[2024-08-10T23:30:26.520+0000] {logging_mixin.py:188} INFO - [2024-08-10T23:30:26.520+0000] {dag.py:3947} INFO - Setting next_dagrun for example_subdag_operator.section-1 to None, run_after=None
[2024-08-10T23:30:26.521+0000] {logging_mixin.py:188} INFO - [2024-08-10T23:30:26.521+0000] {dag.py:3947} INFO - Setting next_dagrun for example_subdag_operator.section-2 to None, run_after=None
[2024-08-10T23:30:26.526+0000] {logging_mixin.py:188} INFO - [2024-08-10T23:30:26.526+0000] {dag.py:3089} INFO - Sync 2 DAGs
[2024-08-10T23:30:26.530+0000] {logging_mixin.py:188} INFO - [2024-08-10T23:30:26.530+0000] {dag.py:3947} INFO - Setting next_dagrun for example_subdag_operator.section-1 to None, run_after=None
[2024-08-10T23:30:26.530+0000] {logging_mixin.py:188} INFO - [2024-08-10T23:30:26.530+0000] {dag.py:3947} INFO - Setting next_dagrun for example_subdag_operator.section-2 to None, run_after=None
[2024-08-10T23:30:26.539+0000] {processor.py:183} INFO - Processing /home/airflow/.local/lib/python3.12/site-packages/airflow/example_dags/example_subdag_operator.py took 0.077 seconds
[2024-08-10T23:30:56.860+0000] {processor.py:161} INFO - Started process (PID=596) to work on /home/airflow/.local/lib/python3.12/site-packages/airflow/example_dags/example_subdag_operator.py
[2024-08-10T23:30:56.860+0000] {processor.py:830} INFO - Processing file /home/airflow/.local/lib/python3.12/site-packages/airflow/example_dags/example_subdag_operator.py for tasks to queue
[2024-08-10T23:30:56.862+0000] {logging_mixin.py:188} INFO - [2024-08-10T23:30:56.861+0000] {dagbag.py:545} INFO - Filling up the DagBag from /home/airflow/.local/lib/python3.12/site-packages/airflow/example_dags/example_subdag_operator.py
[2024-08-10T23:30:56.880+0000] {processor.py:840} INFO - DAG(s) 'example_subdag_operator.section-1', 'example_subdag_operator.section-2', 'example_subdag_operator' retrieved from /home/airflow/.local/lib/python3.12/site-packages/airflow/example_dags/example_subdag_operator.py
[2024-08-10T23:30:56.892+0000] {logging_mixin.py:188} INFO - [2024-08-10T23:30:56.892+0000] {dag.py:3089} INFO - Sync 3 DAGs
[2024-08-10T23:30:56.909+0000] {logging_mixin.py:188} INFO - [2024-08-10T23:30:56.909+0000] {dag.py:3947} INFO - Setting next_dagrun for example_subdag_operator to 2022-01-01 00:00:00+00:00, run_after=2022-01-01 00:00:00+00:00
[2024-08-10T23:30:56.912+0000] {logging_mixin.py:188} INFO - [2024-08-10T23:30:56.911+0000] {dag.py:3947} INFO - Setting next_dagrun for example_subdag_operator.section-1 to None, run_after=None
[2024-08-10T23:30:56.913+0000] {logging_mixin.py:188} INFO - [2024-08-10T23:30:56.913+0000] {dag.py:3947} INFO - Setting next_dagrun for example_subdag_operator.section-2 to None, run_after=None
[2024-08-10T23:30:56.919+0000] {logging_mixin.py:188} INFO - [2024-08-10T23:30:56.919+0000] {dag.py:3089} INFO - Sync 2 DAGs
[2024-08-10T23:30:56.924+0000] {logging_mixin.py:188} INFO - [2024-08-10T23:30:56.924+0000] {dag.py:3947} INFO - Setting next_dagrun for example_subdag_operator.section-1 to None, run_after=None
[2024-08-10T23:30:56.925+0000] {logging_mixin.py:188} INFO - [2024-08-10T23:30:56.924+0000] {dag.py:3947} INFO - Setting next_dagrun for example_subdag_operator.section-2 to None, run_after=None
[2024-08-10T23:30:56.936+0000] {processor.py:183} INFO - Processing /home/airflow/.local/lib/python3.12/site-packages/airflow/example_dags/example_subdag_operator.py took 0.081 seconds
[2024-08-10T23:31:27.361+0000] {processor.py:161} INFO - Started process (PID=655) to work on /home/airflow/.local/lib/python3.12/site-packages/airflow/example_dags/example_subdag_operator.py
[2024-08-10T23:31:27.362+0000] {processor.py:830} INFO - Processing file /home/airflow/.local/lib/python3.12/site-packages/airflow/example_dags/example_subdag_operator.py for tasks to queue
[2024-08-10T23:31:27.363+0000] {logging_mixin.py:188} INFO - [2024-08-10T23:31:27.363+0000] {dagbag.py:545} INFO - Filling up the DagBag from /home/airflow/.local/lib/python3.12/site-packages/airflow/example_dags/example_subdag_operator.py
[2024-08-10T23:31:27.383+0000] {processor.py:840} INFO - DAG(s) 'example_subdag_operator.section-1', 'example_subdag_operator.section-2', 'example_subdag_operator' retrieved from /home/airflow/.local/lib/python3.12/site-packages/airflow/example_dags/example_subdag_operator.py
[2024-08-10T23:31:27.396+0000] {logging_mixin.py:188} INFO - [2024-08-10T23:31:27.396+0000] {dag.py:3089} INFO - Sync 3 DAGs
[2024-08-10T23:31:27.413+0000] {logging_mixin.py:188} INFO - [2024-08-10T23:31:27.413+0000] {dag.py:3947} INFO - Setting next_dagrun for example_subdag_operator to 2022-01-01 00:00:00+00:00, run_after=2022-01-01 00:00:00+00:00
[2024-08-10T23:31:27.416+0000] {logging_mixin.py:188} INFO - [2024-08-10T23:31:27.416+0000] {dag.py:3947} INFO - Setting next_dagrun for example_subdag_operator.section-1 to None, run_after=None
[2024-08-10T23:31:27.417+0000] {logging_mixin.py:188} INFO - [2024-08-10T23:31:27.417+0000] {dag.py:3947} INFO - Setting next_dagrun for example_subdag_operator.section-2 to None, run_after=None
[2024-08-10T23:31:27.423+0000] {logging_mixin.py:188} INFO - [2024-08-10T23:31:27.422+0000] {dag.py:3089} INFO - Sync 2 DAGs
[2024-08-10T23:31:27.427+0000] {logging_mixin.py:188} INFO - [2024-08-10T23:31:27.427+0000] {dag.py:3947} INFO - Setting next_dagrun for example_subdag_operator.section-1 to None, run_after=None
[2024-08-10T23:31:27.427+0000] {logging_mixin.py:188} INFO - [2024-08-10T23:31:27.427+0000] {dag.py:3947} INFO - Setting next_dagrun for example_subdag_operator.section-2 to None, run_after=None
[2024-08-10T23:31:27.438+0000] {processor.py:183} INFO - Processing /home/airflow/.local/lib/python3.12/site-packages/airflow/example_dags/example_subdag_operator.py took 0.081 seconds
[2024-08-10T23:31:57.767+0000] {processor.py:161} INFO - Started process (PID=713) to work on /home/airflow/.local/lib/python3.12/site-packages/airflow/example_dags/example_subdag_operator.py
[2024-08-10T23:31:57.768+0000] {processor.py:830} INFO - Processing file /home/airflow/.local/lib/python3.12/site-packages/airflow/example_dags/example_subdag_operator.py for tasks to queue
[2024-08-10T23:31:57.770+0000] {logging_mixin.py:188} INFO - [2024-08-10T23:31:57.769+0000] {dagbag.py:545} INFO - Filling up the DagBag from /home/airflow/.local/lib/python3.12/site-packages/airflow/example_dags/example_subdag_operator.py
[2024-08-10T23:31:57.789+0000] {processor.py:840} INFO - DAG(s) 'example_subdag_operator.section-1', 'example_subdag_operator.section-2', 'example_subdag_operator' retrieved from /home/airflow/.local/lib/python3.12/site-packages/airflow/example_dags/example_subdag_operator.py
[2024-08-10T23:31:57.802+0000] {logging_mixin.py:188} INFO - [2024-08-10T23:31:57.802+0000] {dag.py:3089} INFO - Sync 3 DAGs
[2024-08-10T23:31:57.822+0000] {logging_mixin.py:188} INFO - [2024-08-10T23:31:57.822+0000] {dag.py:3947} INFO - Setting next_dagrun for example_subdag_operator to 2022-01-01 00:00:00+00:00, run_after=2022-01-01 00:00:00+00:00
[2024-08-10T23:31:57.826+0000] {logging_mixin.py:188} INFO - [2024-08-10T23:31:57.826+0000] {dag.py:3947} INFO - Setting next_dagrun for example_subdag_operator.section-1 to None, run_after=None
[2024-08-10T23:31:57.827+0000] {logging_mixin.py:188} INFO - [2024-08-10T23:31:57.827+0000] {dag.py:3947} INFO - Setting next_dagrun for example_subdag_operator.section-2 to None, run_after=None
[2024-08-10T23:31:57.834+0000] {logging_mixin.py:188} INFO - [2024-08-10T23:31:57.834+0000] {dag.py:3089} INFO - Sync 2 DAGs
[2024-08-10T23:31:57.839+0000] {logging_mixin.py:188} INFO - [2024-08-10T23:31:57.839+0000] {dag.py:3947} INFO - Setting next_dagrun for example_subdag_operator.section-1 to None, run_after=None
[2024-08-10T23:31:57.839+0000] {logging_mixin.py:188} INFO - [2024-08-10T23:31:57.839+0000] {dag.py:3947} INFO - Setting next_dagrun for example_subdag_operator.section-2 to None, run_after=None
[2024-08-10T23:31:57.850+0000] {processor.py:183} INFO - Processing /home/airflow/.local/lib/python3.12/site-packages/airflow/example_dags/example_subdag_operator.py took 0.087 seconds
[2024-08-10T23:32:28.128+0000] {processor.py:161} INFO - Started process (PID=771) to work on /home/airflow/.local/lib/python3.12/site-packages/airflow/example_dags/example_subdag_operator.py
[2024-08-10T23:32:28.129+0000] {processor.py:830} INFO - Processing file /home/airflow/.local/lib/python3.12/site-packages/airflow/example_dags/example_subdag_operator.py for tasks to queue
[2024-08-10T23:32:28.130+0000] {logging_mixin.py:188} INFO - [2024-08-10T23:32:28.130+0000] {dagbag.py:545} INFO - Filling up the DagBag from /home/airflow/.local/lib/python3.12/site-packages/airflow/example_dags/example_subdag_operator.py
[2024-08-10T23:32:28.148+0000] {processor.py:840} INFO - DAG(s) 'example_subdag_operator.section-1', 'example_subdag_operator.section-2', 'example_subdag_operator' retrieved from /home/airflow/.local/lib/python3.12/site-packages/airflow/example_dags/example_subdag_operator.py
[2024-08-10T23:32:28.161+0000] {logging_mixin.py:188} INFO - [2024-08-10T23:32:28.160+0000] {dag.py:3089} INFO - Sync 3 DAGs
[2024-08-10T23:32:28.177+0000] {logging_mixin.py:188} INFO - [2024-08-10T23:32:28.177+0000] {dag.py:3947} INFO - Setting next_dagrun for example_subdag_operator to 2022-01-01 00:00:00+00:00, run_after=2022-01-01 00:00:00+00:00
[2024-08-10T23:32:28.181+0000] {logging_mixin.py:188} INFO - [2024-08-10T23:32:28.180+0000] {dag.py:3947} INFO - Setting next_dagrun for example_subdag_operator.section-1 to None, run_after=None
[2024-08-10T23:32:28.182+0000] {logging_mixin.py:188} INFO - [2024-08-10T23:32:28.182+0000] {dag.py:3947} INFO - Setting next_dagrun for example_subdag_operator.section-2 to None, run_after=None
[2024-08-10T23:32:28.187+0000] {logging_mixin.py:188} INFO - [2024-08-10T23:32:28.187+0000] {dag.py:3089} INFO - Sync 2 DAGs
[2024-08-10T23:32:28.191+0000] {logging_mixin.py:188} INFO - [2024-08-10T23:32:28.191+0000] {dag.py:3947} INFO - Setting next_dagrun for example_subdag_operator.section-1 to None, run_after=None
[2024-08-10T23:32:28.192+0000] {logging_mixin.py:188} INFO - [2024-08-10T23:32:28.192+0000] {dag.py:3947} INFO - Setting next_dagrun for example_subdag_operator.section-2 to None, run_after=None
[2024-08-10T23:32:28.201+0000] {processor.py:183} INFO - Processing /home/airflow/.local/lib/python3.12/site-packages/airflow/example_dags/example_subdag_operator.py took 0.077 seconds
[2024-08-10T23:32:58.329+0000] {processor.py:161} INFO - Started process (PID=829) to work on /home/airflow/.local/lib/python3.12/site-packages/airflow/example_dags/example_subdag_operator.py
[2024-08-10T23:32:58.330+0000] {processor.py:830} INFO - Processing file /home/airflow/.local/lib/python3.12/site-packages/airflow/example_dags/example_subdag_operator.py for tasks to queue
[2024-08-10T23:32:58.331+0000] {logging_mixin.py:188} INFO - [2024-08-10T23:32:58.331+0000] {dagbag.py:545} INFO - Filling up the DagBag from /home/airflow/.local/lib/python3.12/site-packages/airflow/example_dags/example_subdag_operator.py
[2024-08-10T23:32:58.349+0000] {processor.py:840} INFO - DAG(s) 'example_subdag_operator.section-1', 'example_subdag_operator.section-2', 'example_subdag_operator' retrieved from /home/airflow/.local/lib/python3.12/site-packages/airflow/example_dags/example_subdag_operator.py
[2024-08-10T23:32:58.362+0000] {logging_mixin.py:188} INFO - [2024-08-10T23:32:58.362+0000] {dag.py:3089} INFO - Sync 3 DAGs
[2024-08-10T23:32:58.380+0000] {logging_mixin.py:188} INFO - [2024-08-10T23:32:58.380+0000] {dag.py:3947} INFO - Setting next_dagrun for example_subdag_operator to 2022-01-01 00:00:00+00:00, run_after=2022-01-01 00:00:00+00:00
[2024-08-10T23:32:58.383+0000] {logging_mixin.py:188} INFO - [2024-08-10T23:32:58.383+0000] {dag.py:3947} INFO - Setting next_dagrun for example_subdag_operator.section-1 to None, run_after=None
[2024-08-10T23:32:58.384+0000] {logging_mixin.py:188} INFO - [2024-08-10T23:32:58.384+0000] {dag.py:3947} INFO - Setting next_dagrun for example_subdag_operator.section-2 to None, run_after=None
[2024-08-10T23:32:58.390+0000] {logging_mixin.py:188} INFO - [2024-08-10T23:32:58.390+0000] {dag.py:3089} INFO - Sync 2 DAGs
[2024-08-10T23:32:58.394+0000] {logging_mixin.py:188} INFO - [2024-08-10T23:32:58.394+0000] {dag.py:3947} INFO - Setting next_dagrun for example_subdag_operator.section-1 to None, run_after=None
[2024-08-10T23:32:58.394+0000] {logging_mixin.py:188} INFO - [2024-08-10T23:32:58.394+0000] {dag.py:3947} INFO - Setting next_dagrun for example_subdag_operator.section-2 to None, run_after=None
[2024-08-10T23:32:58.404+0000] {processor.py:183} INFO - Processing /home/airflow/.local/lib/python3.12/site-packages/airflow/example_dags/example_subdag_operator.py took 0.079 seconds
[2024-08-10T23:33:28.618+0000] {processor.py:161} INFO - Started process (PID=887) to work on /home/airflow/.local/lib/python3.12/site-packages/airflow/example_dags/example_subdag_operator.py
[2024-08-10T23:33:28.619+0000] {processor.py:830} INFO - Processing file /home/airflow/.local/lib/python3.12/site-packages/airflow/example_dags/example_subdag_operator.py for tasks to queue
[2024-08-10T23:33:28.620+0000] {logging_mixin.py:188} INFO - [2024-08-10T23:33:28.620+0000] {dagbag.py:545} INFO - Filling up the DagBag from /home/airflow/.local/lib/python3.12/site-packages/airflow/example_dags/example_subdag_operator.py
[2024-08-10T23:33:28.638+0000] {processor.py:840} INFO - DAG(s) 'example_subdag_operator.section-1', 'example_subdag_operator.section-2', 'example_subdag_operator' retrieved from /home/airflow/.local/lib/python3.12/site-packages/airflow/example_dags/example_subdag_operator.py
[2024-08-10T23:33:28.651+0000] {logging_mixin.py:188} INFO - [2024-08-10T23:33:28.651+0000] {dag.py:3089} INFO - Sync 3 DAGs
[2024-08-10T23:33:28.670+0000] {logging_mixin.py:188} INFO - [2024-08-10T23:33:28.670+0000] {dag.py:3947} INFO - Setting next_dagrun for example_subdag_operator to 2022-01-01 00:00:00+00:00, run_after=2022-01-01 00:00:00+00:00
[2024-08-10T23:33:28.673+0000] {logging_mixin.py:188} INFO - [2024-08-10T23:33:28.673+0000] {dag.py:3947} INFO - Setting next_dagrun for example_subdag_operator.section-1 to None, run_after=None
[2024-08-10T23:33:28.675+0000] {logging_mixin.py:188} INFO - [2024-08-10T23:33:28.675+0000] {dag.py:3947} INFO - Setting next_dagrun for example_subdag_operator.section-2 to None, run_after=None
[2024-08-10T23:33:28.681+0000] {logging_mixin.py:188} INFO - [2024-08-10T23:33:28.680+0000] {dag.py:3089} INFO - Sync 2 DAGs
[2024-08-10T23:33:28.685+0000] {logging_mixin.py:188} INFO - [2024-08-10T23:33:28.685+0000] {dag.py:3947} INFO - Setting next_dagrun for example_subdag_operator.section-1 to None, run_after=None
[2024-08-10T23:33:28.685+0000] {logging_mixin.py:188} INFO - [2024-08-10T23:33:28.685+0000] {dag.py:3947} INFO - Setting next_dagrun for example_subdag_operator.section-2 to None, run_after=None
[2024-08-10T23:33:28.694+0000] {processor.py:183} INFO - Processing /home/airflow/.local/lib/python3.12/site-packages/airflow/example_dags/example_subdag_operator.py took 0.081 seconds
[2024-08-10T23:33:58.863+0000] {processor.py:161} INFO - Started process (PID=945) to work on /home/airflow/.local/lib/python3.12/site-packages/airflow/example_dags/example_subdag_operator.py
[2024-08-10T23:33:58.864+0000] {processor.py:830} INFO - Processing file /home/airflow/.local/lib/python3.12/site-packages/airflow/example_dags/example_subdag_operator.py for tasks to queue
[2024-08-10T23:33:58.865+0000] {logging_mixin.py:188} INFO - [2024-08-10T23:33:58.865+0000] {dagbag.py:545} INFO - Filling up the DagBag from /home/airflow/.local/lib/python3.12/site-packages/airflow/example_dags/example_subdag_operator.py
[2024-08-10T23:33:58.883+0000] {processor.py:840} INFO - DAG(s) 'example_subdag_operator.section-1', 'example_subdag_operator.section-2', 'example_subdag_operator' retrieved from /home/airflow/.local/lib/python3.12/site-packages/airflow/example_dags/example_subdag_operator.py
[2024-08-10T23:33:58.896+0000] {logging_mixin.py:188} INFO - [2024-08-10T23:33:58.896+0000] {dag.py:3089} INFO - Sync 3 DAGs
[2024-08-10T23:33:58.912+0000] {logging_mixin.py:188} INFO - [2024-08-10T23:33:58.912+0000] {dag.py:3947} INFO - Setting next_dagrun for example_subdag_operator to 2022-01-01 00:00:00+00:00, run_after=2022-01-01 00:00:00+00:00
[2024-08-10T23:33:58.915+0000] {logging_mixin.py:188} INFO - [2024-08-10T23:33:58.915+0000] {dag.py:3947} INFO - Setting next_dagrun for example_subdag_operator.section-1 to None, run_after=None
[2024-08-10T23:33:58.916+0000] {logging_mixin.py:188} INFO - [2024-08-10T23:33:58.915+0000] {dag.py:3947} INFO - Setting next_dagrun for example_subdag_operator.section-2 to None, run_after=None
[2024-08-10T23:33:58.921+0000] {logging_mixin.py:188} INFO - [2024-08-10T23:33:58.921+0000] {dag.py:3089} INFO - Sync 2 DAGs
[2024-08-10T23:33:58.925+0000] {logging_mixin.py:188} INFO - [2024-08-10T23:33:58.925+0000] {dag.py:3947} INFO - Setting next_dagrun for example_subdag_operator.section-1 to None, run_after=None
[2024-08-10T23:33:58.925+0000] {logging_mixin.py:188} INFO - [2024-08-10T23:33:58.925+0000] {dag.py:3947} INFO - Setting next_dagrun for example_subdag_operator.section-2 to None, run_after=None
[2024-08-10T23:33:58.934+0000] {processor.py:183} INFO - Processing /home/airflow/.local/lib/python3.12/site-packages/airflow/example_dags/example_subdag_operator.py took 0.075 seconds
[2024-08-10T23:34:29.286+0000] {processor.py:161} INFO - Started process (PID=1003) to work on /home/airflow/.local/lib/python3.12/site-packages/airflow/example_dags/example_subdag_operator.py
[2024-08-10T23:34:29.287+0000] {processor.py:830} INFO - Processing file /home/airflow/.local/lib/python3.12/site-packages/airflow/example_dags/example_subdag_operator.py for tasks to queue
[2024-08-10T23:34:29.288+0000] {logging_mixin.py:188} INFO - [2024-08-10T23:34:29.288+0000] {dagbag.py:545} INFO - Filling up the DagBag from /home/airflow/.local/lib/python3.12/site-packages/airflow/example_dags/example_subdag_operator.py
[2024-08-10T23:34:29.305+0000] {processor.py:840} INFO - DAG(s) 'example_subdag_operator.section-1', 'example_subdag_operator.section-2', 'example_subdag_operator' retrieved from /home/airflow/.local/lib/python3.12/site-packages/airflow/example_dags/example_subdag_operator.py
[2024-08-10T23:34:29.318+0000] {logging_mixin.py:188} INFO - [2024-08-10T23:34:29.318+0000] {dag.py:3089} INFO - Sync 3 DAGs
[2024-08-10T23:34:29.335+0000] {logging_mixin.py:188} INFO - [2024-08-10T23:34:29.335+0000] {dag.py:3947} INFO - Setting next_dagrun for example_subdag_operator to 2022-01-01 00:00:00+00:00, run_after=2022-01-01 00:00:00+00:00
[2024-08-10T23:34:29.338+0000] {logging_mixin.py:188} INFO - [2024-08-10T23:34:29.338+0000] {dag.py:3947} INFO - Setting next_dagrun for example_subdag_operator.section-1 to None, run_after=None
[2024-08-10T23:34:29.339+0000] {logging_mixin.py:188} INFO - [2024-08-10T23:34:29.339+0000] {dag.py:3947} INFO - Setting next_dagrun for example_subdag_operator.section-2 to None, run_after=None
[2024-08-10T23:34:29.345+0000] {logging_mixin.py:188} INFO - [2024-08-10T23:34:29.345+0000] {dag.py:3089} INFO - Sync 2 DAGs
[2024-08-10T23:34:29.350+0000] {logging_mixin.py:188} INFO - [2024-08-10T23:34:29.350+0000] {dag.py:3947} INFO - Setting next_dagrun for example_subdag_operator.section-1 to None, run_after=None
[2024-08-10T23:34:29.350+0000] {logging_mixin.py:188} INFO - [2024-08-10T23:34:29.350+0000] {dag.py:3947} INFO - Setting next_dagrun for example_subdag_operator.section-2 to None, run_after=None
[2024-08-10T23:34:29.359+0000] {processor.py:183} INFO - Processing /home/airflow/.local/lib/python3.12/site-packages/airflow/example_dags/example_subdag_operator.py took 0.077 seconds
[2024-08-10T23:34:59.644+0000] {processor.py:161} INFO - Started process (PID=1061) to work on /home/airflow/.local/lib/python3.12/site-packages/airflow/example_dags/example_subdag_operator.py
[2024-08-10T23:34:59.645+0000] {processor.py:830} INFO - Processing file /home/airflow/.local/lib/python3.12/site-packages/airflow/example_dags/example_subdag_operator.py for tasks to queue
[2024-08-10T23:34:59.647+0000] {logging_mixin.py:188} INFO - [2024-08-10T23:34:59.646+0000] {dagbag.py:545} INFO - Filling up the DagBag from /home/airflow/.local/lib/python3.12/site-packages/airflow/example_dags/example_subdag_operator.py
[2024-08-10T23:34:59.664+0000] {processor.py:840} INFO - DAG(s) 'example_subdag_operator.section-1', 'example_subdag_operator.section-2', 'example_subdag_operator' retrieved from /home/airflow/.local/lib/python3.12/site-packages/airflow/example_dags/example_subdag_operator.py
[2024-08-10T23:34:59.677+0000] {logging_mixin.py:188} INFO - [2024-08-10T23:34:59.677+0000] {dag.py:3089} INFO - Sync 3 DAGs
[2024-08-10T23:34:59.695+0000] {logging_mixin.py:188} INFO - [2024-08-10T23:34:59.694+0000] {dag.py:3947} INFO - Setting next_dagrun for example_subdag_operator to 2022-01-01 00:00:00+00:00, run_after=2022-01-01 00:00:00+00:00
[2024-08-10T23:34:59.698+0000] {logging_mixin.py:188} INFO - [2024-08-10T23:34:59.698+0000] {dag.py:3947} INFO - Setting next_dagrun for example_subdag_operator.section-1 to None, run_after=None
[2024-08-10T23:34:59.699+0000] {logging_mixin.py:188} INFO - [2024-08-10T23:34:59.699+0000] {dag.py:3947} INFO - Setting next_dagrun for example_subdag_operator.section-2 to None, run_after=None
[2024-08-10T23:34:59.704+0000] {logging_mixin.py:188} INFO - [2024-08-10T23:34:59.704+0000] {dag.py:3089} INFO - Sync 2 DAGs
[2024-08-10T23:34:59.708+0000] {logging_mixin.py:188} INFO - [2024-08-10T23:34:59.708+0000] {dag.py:3947} INFO - Setting next_dagrun for example_subdag_operator.section-1 to None, run_after=None
[2024-08-10T23:34:59.708+0000] {logging_mixin.py:188} INFO - [2024-08-10T23:34:59.708+0000] {dag.py:3947} INFO - Setting next_dagrun for example_subdag_operator.section-2 to None, run_after=None
[2024-08-10T23:34:59.717+0000] {processor.py:183} INFO - Processing /home/airflow/.local/lib/python3.12/site-packages/airflow/example_dags/example_subdag_operator.py took 0.077 seconds
[2024-08-10T23:35:29.989+0000] {processor.py:161} INFO - Started process (PID=1119) to work on /home/airflow/.local/lib/python3.12/site-packages/airflow/example_dags/example_subdag_operator.py
[2024-08-10T23:35:29.990+0000] {processor.py:830} INFO - Processing file /home/airflow/.local/lib/python3.12/site-packages/airflow/example_dags/example_subdag_operator.py for tasks to queue
[2024-08-10T23:35:29.991+0000] {logging_mixin.py:188} INFO - [2024-08-10T23:35:29.991+0000] {dagbag.py:545} INFO - Filling up the DagBag from /home/airflow/.local/lib/python3.12/site-packages/airflow/example_dags/example_subdag_operator.py
[2024-08-10T23:35:30.012+0000] {processor.py:840} INFO - DAG(s) 'example_subdag_operator.section-1', 'example_subdag_operator.section-2', 'example_subdag_operator' retrieved from /home/airflow/.local/lib/python3.12/site-packages/airflow/example_dags/example_subdag_operator.py
[2024-08-10T23:35:30.026+0000] {logging_mixin.py:188} INFO - [2024-08-10T23:35:30.026+0000] {dag.py:3089} INFO - Sync 3 DAGs
[2024-08-10T23:35:30.044+0000] {logging_mixin.py:188} INFO - [2024-08-10T23:35:30.043+0000] {dag.py:3947} INFO - Setting next_dagrun for example_subdag_operator to 2022-01-01 00:00:00+00:00, run_after=2022-01-01 00:00:00+00:00
[2024-08-10T23:35:30.047+0000] {logging_mixin.py:188} INFO - [2024-08-10T23:35:30.046+0000] {dag.py:3947} INFO - Setting next_dagrun for example_subdag_operator.section-1 to None, run_after=None
[2024-08-10T23:35:30.048+0000] {logging_mixin.py:188} INFO - [2024-08-10T23:35:30.047+0000] {dag.py:3947} INFO - Setting next_dagrun for example_subdag_operator.section-2 to None, run_after=None
[2024-08-10T23:35:30.054+0000] {logging_mixin.py:188} INFO - [2024-08-10T23:35:30.054+0000] {dag.py:3089} INFO - Sync 2 DAGs
[2024-08-10T23:35:30.058+0000] {logging_mixin.py:188} INFO - [2024-08-10T23:35:30.058+0000] {dag.py:3947} INFO - Setting next_dagrun for example_subdag_operator.section-1 to None, run_after=None
[2024-08-10T23:35:30.058+0000] {logging_mixin.py:188} INFO - [2024-08-10T23:35:30.058+0000] {dag.py:3947} INFO - Setting next_dagrun for example_subdag_operator.section-2 to None, run_after=None
[2024-08-10T23:35:30.067+0000] {processor.py:183} INFO - Processing /home/airflow/.local/lib/python3.12/site-packages/airflow/example_dags/example_subdag_operator.py took 0.083 seconds
