[2024-08-10T23:26:25.326+0000] {processor.py:161} INFO - Started process (PID=92) to work on /home/airflow/.local/lib/python3.12/site-packages/airflow/example_dags/example_bash_operator.py
[2024-08-10T23:26:25.330+0000] {processor.py:830} INFO - Processing file /home/airflow/.local/lib/python3.12/site-packages/airflow/example_dags/example_bash_operator.py for tasks to queue
[2024-08-10T23:26:25.342+0000] {logging_mixin.py:188} INFO - [2024-08-10T23:26:25.341+0000] {dagbag.py:545} INFO - Filling up the DagBag from /home/airflow/.local/lib/python3.12/site-packages/airflow/example_dags/example_bash_operator.py
[2024-08-10T23:26:25.368+0000] {processor.py:840} INFO - DAG(s) 'example_bash_operator' retrieved from /home/airflow/.local/lib/python3.12/site-packages/airflow/example_dags/example_bash_operator.py
[2024-08-10T23:26:25.394+0000] {logging_mixin.py:188} INFO - [2024-08-10T23:26:25.394+0000] {dag.py:3089} INFO - Sync 1 DAGs
[2024-08-10T23:26:25.438+0000] {logging_mixin.py:188} INFO - [2024-08-10T23:26:25.437+0000] {dag.py:3947} INFO - Setting next_dagrun for example_bash_operator to 2024-08-09 00:00:00+00:00, run_after=2024-08-10 00:00:00+00:00
[2024-08-10T23:26:25.470+0000] {processor.py:183} INFO - Processing /home/airflow/.local/lib/python3.12/site-packages/airflow/example_dags/example_bash_operator.py took 0.181 seconds
[2024-08-10T23:26:55.674+0000] {processor.py:161} INFO - Started process (PID=150) to work on /home/airflow/.local/lib/python3.12/site-packages/airflow/example_dags/example_bash_operator.py
[2024-08-10T23:26:55.675+0000] {processor.py:830} INFO - Processing file /home/airflow/.local/lib/python3.12/site-packages/airflow/example_dags/example_bash_operator.py for tasks to queue
[2024-08-10T23:26:55.676+0000] {logging_mixin.py:188} INFO - [2024-08-10T23:26:55.676+0000] {dagbag.py:545} INFO - Filling up the DagBag from /home/airflow/.local/lib/python3.12/site-packages/airflow/example_dags/example_bash_operator.py
[2024-08-10T23:26:55.685+0000] {processor.py:840} INFO - DAG(s) 'example_bash_operator' retrieved from /home/airflow/.local/lib/python3.12/site-packages/airflow/example_dags/example_bash_operator.py
[2024-08-10T23:26:55.785+0000] {logging_mixin.py:188} INFO - [2024-08-10T23:26:55.785+0000] {dag.py:3089} INFO - Sync 1 DAGs
[2024-08-10T23:26:55.803+0000] {logging_mixin.py:188} INFO - [2024-08-10T23:26:55.803+0000] {dag.py:3947} INFO - Setting next_dagrun for example_bash_operator to 2024-08-09 00:00:00+00:00, run_after=2024-08-10 00:00:00+00:00
[2024-08-10T23:26:55.823+0000] {processor.py:183} INFO - Processing /home/airflow/.local/lib/python3.12/site-packages/airflow/example_dags/example_bash_operator.py took 0.153 seconds
[2024-08-10T23:27:26.484+0000] {processor.py:161} INFO - Started process (PID=208) to work on /home/airflow/.local/lib/python3.12/site-packages/airflow/example_dags/example_bash_operator.py
[2024-08-10T23:27:26.485+0000] {processor.py:830} INFO - Processing file /home/airflow/.local/lib/python3.12/site-packages/airflow/example_dags/example_bash_operator.py for tasks to queue
[2024-08-10T23:27:26.487+0000] {logging_mixin.py:188} INFO - [2024-08-10T23:27:26.486+0000] {dagbag.py:545} INFO - Filling up the DagBag from /home/airflow/.local/lib/python3.12/site-packages/airflow/example_dags/example_bash_operator.py
[2024-08-10T23:27:26.495+0000] {processor.py:840} INFO - DAG(s) 'example_bash_operator' retrieved from /home/airflow/.local/lib/python3.12/site-packages/airflow/example_dags/example_bash_operator.py
[2024-08-10T23:27:26.519+0000] {logging_mixin.py:188} INFO - [2024-08-10T23:27:26.518+0000] {dag.py:3089} INFO - Sync 1 DAGs
[2024-08-10T23:27:26.538+0000] {logging_mixin.py:188} INFO - [2024-08-10T23:27:26.538+0000] {dag.py:3947} INFO - Setting next_dagrun for example_bash_operator to 2024-08-09 00:00:00+00:00, run_after=2024-08-10 00:00:00+00:00
[2024-08-10T23:27:26.557+0000] {processor.py:183} INFO - Processing /home/airflow/.local/lib/python3.12/site-packages/airflow/example_dags/example_bash_operator.py took 0.077 seconds
[2024-08-10T23:27:56.715+0000] {processor.py:161} INFO - Started process (PID=266) to work on /home/airflow/.local/lib/python3.12/site-packages/airflow/example_dags/example_bash_operator.py
[2024-08-10T23:27:56.716+0000] {processor.py:830} INFO - Processing file /home/airflow/.local/lib/python3.12/site-packages/airflow/example_dags/example_bash_operator.py for tasks to queue
[2024-08-10T23:27:56.718+0000] {logging_mixin.py:188} INFO - [2024-08-10T23:27:56.717+0000] {dagbag.py:545} INFO - Filling up the DagBag from /home/airflow/.local/lib/python3.12/site-packages/airflow/example_dags/example_bash_operator.py
[2024-08-10T23:27:56.726+0000] {processor.py:840} INFO - DAG(s) 'example_bash_operator' retrieved from /home/airflow/.local/lib/python3.12/site-packages/airflow/example_dags/example_bash_operator.py
[2024-08-10T23:27:56.748+0000] {logging_mixin.py:188} INFO - [2024-08-10T23:27:56.748+0000] {dag.py:3089} INFO - Sync 1 DAGs
[2024-08-10T23:27:56.766+0000] {logging_mixin.py:188} INFO - [2024-08-10T23:27:56.766+0000] {dag.py:3947} INFO - Setting next_dagrun for example_bash_operator to 2024-08-09 00:00:00+00:00, run_after=2024-08-10 00:00:00+00:00
[2024-08-10T23:27:56.783+0000] {processor.py:183} INFO - Processing /home/airflow/.local/lib/python3.12/site-packages/airflow/example_dags/example_bash_operator.py took 0.073 seconds
[2024-08-10T23:28:27.143+0000] {processor.py:161} INFO - Started process (PID=324) to work on /home/airflow/.local/lib/python3.12/site-packages/airflow/example_dags/example_bash_operator.py
[2024-08-10T23:28:27.144+0000] {processor.py:830} INFO - Processing file /home/airflow/.local/lib/python3.12/site-packages/airflow/example_dags/example_bash_operator.py for tasks to queue
[2024-08-10T23:28:27.145+0000] {logging_mixin.py:188} INFO - [2024-08-10T23:28:27.145+0000] {dagbag.py:545} INFO - Filling up the DagBag from /home/airflow/.local/lib/python3.12/site-packages/airflow/example_dags/example_bash_operator.py
[2024-08-10T23:28:27.154+0000] {processor.py:840} INFO - DAG(s) 'example_bash_operator' retrieved from /home/airflow/.local/lib/python3.12/site-packages/airflow/example_dags/example_bash_operator.py
[2024-08-10T23:28:27.177+0000] {logging_mixin.py:188} INFO - [2024-08-10T23:28:27.177+0000] {dag.py:3089} INFO - Sync 1 DAGs
[2024-08-10T23:28:27.195+0000] {logging_mixin.py:188} INFO - [2024-08-10T23:28:27.194+0000] {dag.py:3947} INFO - Setting next_dagrun for example_bash_operator to 2024-08-09 00:00:00+00:00, run_after=2024-08-10 00:00:00+00:00
[2024-08-10T23:28:27.211+0000] {processor.py:183} INFO - Processing /home/airflow/.local/lib/python3.12/site-packages/airflow/example_dags/example_bash_operator.py took 0.073 seconds
[2024-08-10T23:28:57.359+0000] {processor.py:161} INFO - Started process (PID=382) to work on /home/airflow/.local/lib/python3.12/site-packages/airflow/example_dags/example_bash_operator.py
[2024-08-10T23:28:57.360+0000] {processor.py:830} INFO - Processing file /home/airflow/.local/lib/python3.12/site-packages/airflow/example_dags/example_bash_operator.py for tasks to queue
[2024-08-10T23:28:57.362+0000] {logging_mixin.py:188} INFO - [2024-08-10T23:28:57.361+0000] {dagbag.py:545} INFO - Filling up the DagBag from /home/airflow/.local/lib/python3.12/site-packages/airflow/example_dags/example_bash_operator.py
[2024-08-10T23:28:57.371+0000] {processor.py:840} INFO - DAG(s) 'example_bash_operator' retrieved from /home/airflow/.local/lib/python3.12/site-packages/airflow/example_dags/example_bash_operator.py
[2024-08-10T23:28:57.394+0000] {logging_mixin.py:188} INFO - [2024-08-10T23:28:57.394+0000] {dag.py:3089} INFO - Sync 1 DAGs
[2024-08-10T23:28:57.413+0000] {logging_mixin.py:188} INFO - [2024-08-10T23:28:57.413+0000] {dag.py:3947} INFO - Setting next_dagrun for example_bash_operator to 2024-08-09 00:00:00+00:00, run_after=2024-08-10 00:00:00+00:00
[2024-08-10T23:28:57.431+0000] {processor.py:183} INFO - Processing /home/airflow/.local/lib/python3.12/site-packages/airflow/example_dags/example_bash_operator.py took 0.076 seconds
[2024-08-10T23:29:27.703+0000] {processor.py:161} INFO - Started process (PID=440) to work on /home/airflow/.local/lib/python3.12/site-packages/airflow/example_dags/example_bash_operator.py
[2024-08-10T23:29:27.704+0000] {processor.py:830} INFO - Processing file /home/airflow/.local/lib/python3.12/site-packages/airflow/example_dags/example_bash_operator.py for tasks to queue
[2024-08-10T23:29:27.705+0000] {logging_mixin.py:188} INFO - [2024-08-10T23:29:27.705+0000] {dagbag.py:545} INFO - Filling up the DagBag from /home/airflow/.local/lib/python3.12/site-packages/airflow/example_dags/example_bash_operator.py
[2024-08-10T23:29:27.713+0000] {processor.py:840} INFO - DAG(s) 'example_bash_operator' retrieved from /home/airflow/.local/lib/python3.12/site-packages/airflow/example_dags/example_bash_operator.py
[2024-08-10T23:29:27.735+0000] {logging_mixin.py:188} INFO - [2024-08-10T23:29:27.734+0000] {dag.py:3089} INFO - Sync 1 DAGs
[2024-08-10T23:29:27.753+0000] {logging_mixin.py:188} INFO - [2024-08-10T23:29:27.753+0000] {dag.py:3947} INFO - Setting next_dagrun for example_bash_operator to 2024-08-09 00:00:00+00:00, run_after=2024-08-10 00:00:00+00:00
[2024-08-10T23:29:27.770+0000] {processor.py:183} INFO - Processing /home/airflow/.local/lib/python3.12/site-packages/airflow/example_dags/example_bash_operator.py took 0.070 seconds
[2024-08-10T23:29:58.061+0000] {processor.py:161} INFO - Started process (PID=498) to work on /home/airflow/.local/lib/python3.12/site-packages/airflow/example_dags/example_bash_operator.py
[2024-08-10T23:29:58.062+0000] {processor.py:830} INFO - Processing file /home/airflow/.local/lib/python3.12/site-packages/airflow/example_dags/example_bash_operator.py for tasks to queue
[2024-08-10T23:29:58.063+0000] {logging_mixin.py:188} INFO - [2024-08-10T23:29:58.063+0000] {dagbag.py:545} INFO - Filling up the DagBag from /home/airflow/.local/lib/python3.12/site-packages/airflow/example_dags/example_bash_operator.py
[2024-08-10T23:29:58.071+0000] {processor.py:840} INFO - DAG(s) 'example_bash_operator' retrieved from /home/airflow/.local/lib/python3.12/site-packages/airflow/example_dags/example_bash_operator.py
[2024-08-10T23:29:58.095+0000] {logging_mixin.py:188} INFO - [2024-08-10T23:29:58.095+0000] {dag.py:3089} INFO - Sync 1 DAGs
[2024-08-10T23:29:58.115+0000] {logging_mixin.py:188} INFO - [2024-08-10T23:29:58.115+0000] {dag.py:3947} INFO - Setting next_dagrun for example_bash_operator to 2024-08-09 00:00:00+00:00, run_after=2024-08-10 00:00:00+00:00
[2024-08-10T23:29:58.132+0000] {processor.py:183} INFO - Processing /home/airflow/.local/lib/python3.12/site-packages/airflow/example_dags/example_bash_operator.py took 0.077 seconds
[2024-08-10T23:30:28.275+0000] {processor.py:161} INFO - Started process (PID=556) to work on /home/airflow/.local/lib/python3.12/site-packages/airflow/example_dags/example_bash_operator.py
[2024-08-10T23:30:28.276+0000] {processor.py:830} INFO - Processing file /home/airflow/.local/lib/python3.12/site-packages/airflow/example_dags/example_bash_operator.py for tasks to queue
[2024-08-10T23:30:28.277+0000] {logging_mixin.py:188} INFO - [2024-08-10T23:30:28.277+0000] {dagbag.py:545} INFO - Filling up the DagBag from /home/airflow/.local/lib/python3.12/site-packages/airflow/example_dags/example_bash_operator.py
[2024-08-10T23:30:28.285+0000] {processor.py:840} INFO - DAG(s) 'example_bash_operator' retrieved from /home/airflow/.local/lib/python3.12/site-packages/airflow/example_dags/example_bash_operator.py
[2024-08-10T23:30:28.307+0000] {logging_mixin.py:188} INFO - [2024-08-10T23:30:28.306+0000] {dag.py:3089} INFO - Sync 1 DAGs
[2024-08-10T23:30:28.324+0000] {logging_mixin.py:188} INFO - [2024-08-10T23:30:28.324+0000] {dag.py:3947} INFO - Setting next_dagrun for example_bash_operator to 2024-08-09 00:00:00+00:00, run_after=2024-08-10 00:00:00+00:00
[2024-08-10T23:30:28.339+0000] {processor.py:183} INFO - Processing /home/airflow/.local/lib/python3.12/site-packages/airflow/example_dags/example_bash_operator.py took 0.069 seconds
[2024-08-10T23:30:58.700+0000] {processor.py:161} INFO - Started process (PID=614) to work on /home/airflow/.local/lib/python3.12/site-packages/airflow/example_dags/example_bash_operator.py
[2024-08-10T23:30:58.701+0000] {processor.py:830} INFO - Processing file /home/airflow/.local/lib/python3.12/site-packages/airflow/example_dags/example_bash_operator.py for tasks to queue
[2024-08-10T23:30:58.702+0000] {logging_mixin.py:188} INFO - [2024-08-10T23:30:58.702+0000] {dagbag.py:545} INFO - Filling up the DagBag from /home/airflow/.local/lib/python3.12/site-packages/airflow/example_dags/example_bash_operator.py
[2024-08-10T23:30:58.710+0000] {processor.py:840} INFO - DAG(s) 'example_bash_operator' retrieved from /home/airflow/.local/lib/python3.12/site-packages/airflow/example_dags/example_bash_operator.py
[2024-08-10T23:30:58.734+0000] {logging_mixin.py:188} INFO - [2024-08-10T23:30:58.734+0000] {dag.py:3089} INFO - Sync 1 DAGs
[2024-08-10T23:30:58.753+0000] {logging_mixin.py:188} INFO - [2024-08-10T23:30:58.753+0000] {dag.py:3947} INFO - Setting next_dagrun for example_bash_operator to 2024-08-09 00:00:00+00:00, run_after=2024-08-10 00:00:00+00:00
[2024-08-10T23:30:58.771+0000] {processor.py:183} INFO - Processing /home/airflow/.local/lib/python3.12/site-packages/airflow/example_dags/example_bash_operator.py took 0.075 seconds
[2024-08-10T23:31:29.100+0000] {processor.py:161} INFO - Started process (PID=673) to work on /home/airflow/.local/lib/python3.12/site-packages/airflow/example_dags/example_bash_operator.py
[2024-08-10T23:31:29.101+0000] {processor.py:830} INFO - Processing file /home/airflow/.local/lib/python3.12/site-packages/airflow/example_dags/example_bash_operator.py for tasks to queue
[2024-08-10T23:31:29.102+0000] {logging_mixin.py:188} INFO - [2024-08-10T23:31:29.102+0000] {dagbag.py:545} INFO - Filling up the DagBag from /home/airflow/.local/lib/python3.12/site-packages/airflow/example_dags/example_bash_operator.py
[2024-08-10T23:31:29.110+0000] {processor.py:840} INFO - DAG(s) 'example_bash_operator' retrieved from /home/airflow/.local/lib/python3.12/site-packages/airflow/example_dags/example_bash_operator.py
[2024-08-10T23:31:29.134+0000] {logging_mixin.py:188} INFO - [2024-08-10T23:31:29.134+0000] {dag.py:3089} INFO - Sync 1 DAGs
[2024-08-10T23:31:29.155+0000] {logging_mixin.py:188} INFO - [2024-08-10T23:31:29.155+0000] {dag.py:3947} INFO - Setting next_dagrun for example_bash_operator to 2024-08-09 00:00:00+00:00, run_after=2024-08-10 00:00:00+00:00
[2024-08-10T23:31:29.172+0000] {processor.py:183} INFO - Processing /home/airflow/.local/lib/python3.12/site-packages/airflow/example_dags/example_bash_operator.py took 0.076 seconds
[2024-08-10T23:31:59.654+0000] {processor.py:161} INFO - Started process (PID=731) to work on /home/airflow/.local/lib/python3.12/site-packages/airflow/example_dags/example_bash_operator.py
[2024-08-10T23:31:59.655+0000] {processor.py:830} INFO - Processing file /home/airflow/.local/lib/python3.12/site-packages/airflow/example_dags/example_bash_operator.py for tasks to queue
[2024-08-10T23:31:59.657+0000] {logging_mixin.py:188} INFO - [2024-08-10T23:31:59.657+0000] {dagbag.py:545} INFO - Filling up the DagBag from /home/airflow/.local/lib/python3.12/site-packages/airflow/example_dags/example_bash_operator.py
[2024-08-10T23:31:59.665+0000] {processor.py:840} INFO - DAG(s) 'example_bash_operator' retrieved from /home/airflow/.local/lib/python3.12/site-packages/airflow/example_dags/example_bash_operator.py
[2024-08-10T23:31:59.696+0000] {logging_mixin.py:188} INFO - [2024-08-10T23:31:59.695+0000] {dag.py:3089} INFO - Sync 1 DAGs
[2024-08-10T23:31:59.718+0000] {logging_mixin.py:188} INFO - [2024-08-10T23:31:59.717+0000] {dag.py:3947} INFO - Setting next_dagrun for example_bash_operator to 2024-08-09 00:00:00+00:00, run_after=2024-08-10 00:00:00+00:00
[2024-08-10T23:31:59.735+0000] {processor.py:183} INFO - Processing /home/airflow/.local/lib/python3.12/site-packages/airflow/example_dags/example_bash_operator.py took 0.085 seconds
[2024-08-10T23:32:29.846+0000] {processor.py:161} INFO - Started process (PID=789) to work on /home/airflow/.local/lib/python3.12/site-packages/airflow/example_dags/example_bash_operator.py
[2024-08-10T23:32:29.847+0000] {processor.py:830} INFO - Processing file /home/airflow/.local/lib/python3.12/site-packages/airflow/example_dags/example_bash_operator.py for tasks to queue
[2024-08-10T23:32:29.848+0000] {logging_mixin.py:188} INFO - [2024-08-10T23:32:29.848+0000] {dagbag.py:545} INFO - Filling up the DagBag from /home/airflow/.local/lib/python3.12/site-packages/airflow/example_dags/example_bash_operator.py
[2024-08-10T23:32:29.856+0000] {processor.py:840} INFO - DAG(s) 'example_bash_operator' retrieved from /home/airflow/.local/lib/python3.12/site-packages/airflow/example_dags/example_bash_operator.py
[2024-08-10T23:32:29.879+0000] {logging_mixin.py:188} INFO - [2024-08-10T23:32:29.879+0000] {dag.py:3089} INFO - Sync 1 DAGs
[2024-08-10T23:32:29.899+0000] {logging_mixin.py:188} INFO - [2024-08-10T23:32:29.899+0000] {dag.py:3947} INFO - Setting next_dagrun for example_bash_operator to 2024-08-09 00:00:00+00:00, run_after=2024-08-10 00:00:00+00:00
[2024-08-10T23:32:29.917+0000] {processor.py:183} INFO - Processing /home/airflow/.local/lib/python3.12/site-packages/airflow/example_dags/example_bash_operator.py took 0.075 seconds
[2024-08-10T23:33:00.051+0000] {processor.py:161} INFO - Started process (PID=847) to work on /home/airflow/.local/lib/python3.12/site-packages/airflow/example_dags/example_bash_operator.py
[2024-08-10T23:33:00.051+0000] {processor.py:830} INFO - Processing file /home/airflow/.local/lib/python3.12/site-packages/airflow/example_dags/example_bash_operator.py for tasks to queue
[2024-08-10T23:33:00.053+0000] {logging_mixin.py:188} INFO - [2024-08-10T23:33:00.053+0000] {dagbag.py:545} INFO - Filling up the DagBag from /home/airflow/.local/lib/python3.12/site-packages/airflow/example_dags/example_bash_operator.py
[2024-08-10T23:33:00.061+0000] {processor.py:840} INFO - DAG(s) 'example_bash_operator' retrieved from /home/airflow/.local/lib/python3.12/site-packages/airflow/example_dags/example_bash_operator.py
[2024-08-10T23:33:00.083+0000] {logging_mixin.py:188} INFO - [2024-08-10T23:33:00.082+0000] {dag.py:3089} INFO - Sync 1 DAGs
[2024-08-10T23:33:00.102+0000] {logging_mixin.py:188} INFO - [2024-08-10T23:33:00.102+0000] {dag.py:3947} INFO - Setting next_dagrun for example_bash_operator to 2024-08-09 00:00:00+00:00, run_after=2024-08-10 00:00:00+00:00
[2024-08-10T23:33:00.119+0000] {processor.py:183} INFO - Processing /home/airflow/.local/lib/python3.12/site-packages/airflow/example_dags/example_bash_operator.py took 0.072 seconds
[2024-08-10T23:33:30.330+0000] {processor.py:161} INFO - Started process (PID=905) to work on /home/airflow/.local/lib/python3.12/site-packages/airflow/example_dags/example_bash_operator.py
[2024-08-10T23:33:30.331+0000] {processor.py:830} INFO - Processing file /home/airflow/.local/lib/python3.12/site-packages/airflow/example_dags/example_bash_operator.py for tasks to queue
[2024-08-10T23:33:30.332+0000] {logging_mixin.py:188} INFO - [2024-08-10T23:33:30.332+0000] {dagbag.py:545} INFO - Filling up the DagBag from /home/airflow/.local/lib/python3.12/site-packages/airflow/example_dags/example_bash_operator.py
[2024-08-10T23:33:30.340+0000] {processor.py:840} INFO - DAG(s) 'example_bash_operator' retrieved from /home/airflow/.local/lib/python3.12/site-packages/airflow/example_dags/example_bash_operator.py
[2024-08-10T23:33:30.363+0000] {logging_mixin.py:188} INFO - [2024-08-10T23:33:30.363+0000] {dag.py:3089} INFO - Sync 1 DAGs
[2024-08-10T23:33:30.381+0000] {logging_mixin.py:188} INFO - [2024-08-10T23:33:30.381+0000] {dag.py:3947} INFO - Setting next_dagrun for example_bash_operator to 2024-08-09 00:00:00+00:00, run_after=2024-08-10 00:00:00+00:00
[2024-08-10T23:33:30.397+0000] {processor.py:183} INFO - Processing /home/airflow/.local/lib/python3.12/site-packages/airflow/example_dags/example_bash_operator.py took 0.071 seconds
[2024-08-10T23:34:00.722+0000] {processor.py:161} INFO - Started process (PID=963) to work on /home/airflow/.local/lib/python3.12/site-packages/airflow/example_dags/example_bash_operator.py
[2024-08-10T23:34:00.723+0000] {processor.py:830} INFO - Processing file /home/airflow/.local/lib/python3.12/site-packages/airflow/example_dags/example_bash_operator.py for tasks to queue
[2024-08-10T23:34:00.724+0000] {logging_mixin.py:188} INFO - [2024-08-10T23:34:00.724+0000] {dagbag.py:545} INFO - Filling up the DagBag from /home/airflow/.local/lib/python3.12/site-packages/airflow/example_dags/example_bash_operator.py
[2024-08-10T23:34:00.733+0000] {processor.py:840} INFO - DAG(s) 'example_bash_operator' retrieved from /home/airflow/.local/lib/python3.12/site-packages/airflow/example_dags/example_bash_operator.py
[2024-08-10T23:34:00.757+0000] {logging_mixin.py:188} INFO - [2024-08-10T23:34:00.757+0000] {dag.py:3089} INFO - Sync 1 DAGs
[2024-08-10T23:34:00.777+0000] {logging_mixin.py:188} INFO - [2024-08-10T23:34:00.776+0000] {dag.py:3947} INFO - Setting next_dagrun for example_bash_operator to 2024-08-09 00:00:00+00:00, run_after=2024-08-10 00:00:00+00:00
[2024-08-10T23:34:00.796+0000] {processor.py:183} INFO - Processing /home/airflow/.local/lib/python3.12/site-packages/airflow/example_dags/example_bash_operator.py took 0.078 seconds
[2024-08-10T23:34:31.075+0000] {processor.py:161} INFO - Started process (PID=1021) to work on /home/airflow/.local/lib/python3.12/site-packages/airflow/example_dags/example_bash_operator.py
[2024-08-10T23:34:31.076+0000] {processor.py:830} INFO - Processing file /home/airflow/.local/lib/python3.12/site-packages/airflow/example_dags/example_bash_operator.py for tasks to queue
[2024-08-10T23:34:31.077+0000] {logging_mixin.py:188} INFO - [2024-08-10T23:34:31.077+0000] {dagbag.py:545} INFO - Filling up the DagBag from /home/airflow/.local/lib/python3.12/site-packages/airflow/example_dags/example_bash_operator.py
[2024-08-10T23:34:31.085+0000] {processor.py:840} INFO - DAG(s) 'example_bash_operator' retrieved from /home/airflow/.local/lib/python3.12/site-packages/airflow/example_dags/example_bash_operator.py
[2024-08-10T23:34:31.107+0000] {logging_mixin.py:188} INFO - [2024-08-10T23:34:31.107+0000] {dag.py:3089} INFO - Sync 1 DAGs
[2024-08-10T23:34:31.126+0000] {logging_mixin.py:188} INFO - [2024-08-10T23:34:31.126+0000] {dag.py:3947} INFO - Setting next_dagrun for example_bash_operator to 2024-08-09 00:00:00+00:00, run_after=2024-08-10 00:00:00+00:00
[2024-08-10T23:34:31.142+0000] {processor.py:183} INFO - Processing /home/airflow/.local/lib/python3.12/site-packages/airflow/example_dags/example_bash_operator.py took 0.071 seconds
[2024-08-10T23:35:01.546+0000] {processor.py:161} INFO - Started process (PID=1079) to work on /home/airflow/.local/lib/python3.12/site-packages/airflow/example_dags/example_bash_operator.py
[2024-08-10T23:35:01.547+0000] {processor.py:830} INFO - Processing file /home/airflow/.local/lib/python3.12/site-packages/airflow/example_dags/example_bash_operator.py for tasks to queue
[2024-08-10T23:35:01.549+0000] {logging_mixin.py:188} INFO - [2024-08-10T23:35:01.549+0000] {dagbag.py:545} INFO - Filling up the DagBag from /home/airflow/.local/lib/python3.12/site-packages/airflow/example_dags/example_bash_operator.py
[2024-08-10T23:35:01.558+0000] {processor.py:840} INFO - DAG(s) 'example_bash_operator' retrieved from /home/airflow/.local/lib/python3.12/site-packages/airflow/example_dags/example_bash_operator.py
[2024-08-10T23:35:01.584+0000] {logging_mixin.py:188} INFO - [2024-08-10T23:35:01.583+0000] {dag.py:3089} INFO - Sync 1 DAGs
[2024-08-10T23:35:01.606+0000] {logging_mixin.py:188} INFO - [2024-08-10T23:35:01.605+0000] {dag.py:3947} INFO - Setting next_dagrun for example_bash_operator to 2024-08-09 00:00:00+00:00, run_after=2024-08-10 00:00:00+00:00
[2024-08-10T23:35:01.624+0000] {processor.py:183} INFO - Processing /home/airflow/.local/lib/python3.12/site-packages/airflow/example_dags/example_bash_operator.py took 0.083 seconds
[2024-08-10T23:35:31.881+0000] {processor.py:161} INFO - Started process (PID=1137) to work on /home/airflow/.local/lib/python3.12/site-packages/airflow/example_dags/example_bash_operator.py
[2024-08-10T23:35:31.882+0000] {processor.py:830} INFO - Processing file /home/airflow/.local/lib/python3.12/site-packages/airflow/example_dags/example_bash_operator.py for tasks to queue
[2024-08-10T23:35:31.883+0000] {logging_mixin.py:188} INFO - [2024-08-10T23:35:31.883+0000] {dagbag.py:545} INFO - Filling up the DagBag from /home/airflow/.local/lib/python3.12/site-packages/airflow/example_dags/example_bash_operator.py
[2024-08-10T23:35:31.893+0000] {processor.py:840} INFO - DAG(s) 'example_bash_operator' retrieved from /home/airflow/.local/lib/python3.12/site-packages/airflow/example_dags/example_bash_operator.py
[2024-08-10T23:35:31.917+0000] {logging_mixin.py:188} INFO - [2024-08-10T23:35:31.917+0000] {dag.py:3089} INFO - Sync 1 DAGs
[2024-08-10T23:35:31.936+0000] {logging_mixin.py:188} INFO - [2024-08-10T23:35:31.936+0000] {dag.py:3947} INFO - Setting next_dagrun for example_bash_operator to 2024-08-09 00:00:00+00:00, run_after=2024-08-10 00:00:00+00:00
[2024-08-10T23:35:31.952+0000] {processor.py:183} INFO - Processing /home/airflow/.local/lib/python3.12/site-packages/airflow/example_dags/example_bash_operator.py took 0.077 seconds
