[2024-08-10T23:26:24.772+0000] {processor.py:161} INFO - Started process (PID=86) to work on /home/airflow/.local/lib/python3.12/site-packages/airflow/example_dags/example_datasets.py
[2024-08-10T23:26:24.775+0000] {processor.py:830} INFO - Processing file /home/airflow/.local/lib/python3.12/site-packages/airflow/example_dags/example_datasets.py for tasks to queue
[2024-08-10T23:26:24.779+0000] {logging_mixin.py:188} INFO - [2024-08-10T23:26:24.779+0000] {dagbag.py:545} INFO - Filling up the DagBag from /home/airflow/.local/lib/python3.12/site-packages/airflow/example_dags/example_datasets.py
[2024-08-10T23:26:24.830+0000] {processor.py:840} INFO - DAG(s) 'dataset_consumes_1', 'dataset_consumes_unknown_never_scheduled', 'dataset_consumes_1_never_scheduled', 'consume_1_or_both_2_and_3_with_dataset_expressions', 'dataset_produces_1', 'consume_1_and_2_with_dataset_expressions', 'dataset_produces_2', 'conditional_dataset_and_time_based_timetable', 'dataset_consumes_1_and_2', 'consume_1_or_2_with_dataset_expressions' retrieved from /home/airflow/.local/lib/python3.12/site-packages/airflow/example_dags/example_datasets.py
[2024-08-10T23:26:24.858+0000] {logging_mixin.py:188} INFO - [2024-08-10T23:26:24.858+0000] {dag.py:3089} INFO - Sync 10 DAGs
[2024-08-10T23:26:24.903+0000] {logging_mixin.py:188} INFO - [2024-08-10T23:26:24.903+0000] {dag.py:3947} INFO - Setting next_dagrun for conditional_dataset_and_time_based_timetable to 2024-08-07 01:00:00+00:00, run_after=2024-08-07 01:00:00+00:00
[2024-08-10T23:26:24.909+0000] {logging_mixin.py:188} INFO - [2024-08-10T23:26:24.909+0000] {dag.py:3947} INFO - Setting next_dagrun for consume_1_and_2_with_dataset_expressions to None, run_after=None
[2024-08-10T23:26:24.911+0000] {logging_mixin.py:188} INFO - [2024-08-10T23:26:24.911+0000] {dag.py:3947} INFO - Setting next_dagrun for consume_1_or_2_with_dataset_expressions to None, run_after=None
[2024-08-10T23:26:24.913+0000] {logging_mixin.py:188} INFO - [2024-08-10T23:26:24.913+0000] {dag.py:3947} INFO - Setting next_dagrun for consume_1_or_both_2_and_3_with_dataset_expressions to None, run_after=None
[2024-08-10T23:26:24.915+0000] {logging_mixin.py:188} INFO - [2024-08-10T23:26:24.914+0000] {dag.py:3947} INFO - Setting next_dagrun for dataset_consumes_1 to None, run_after=None
[2024-08-10T23:26:24.916+0000] {logging_mixin.py:188} INFO - [2024-08-10T23:26:24.916+0000] {dag.py:3947} INFO - Setting next_dagrun for dataset_consumes_1_and_2 to None, run_after=None
[2024-08-10T23:26:24.917+0000] {logging_mixin.py:188} INFO - [2024-08-10T23:26:24.917+0000] {dag.py:3947} INFO - Setting next_dagrun for dataset_consumes_1_never_scheduled to None, run_after=None
[2024-08-10T23:26:24.919+0000] {logging_mixin.py:188} INFO - [2024-08-10T23:26:24.919+0000] {dag.py:3947} INFO - Setting next_dagrun for dataset_consumes_unknown_never_scheduled to None, run_after=None
[2024-08-10T23:26:24.923+0000] {logging_mixin.py:188} INFO - [2024-08-10T23:26:24.922+0000] {dag.py:3947} INFO - Setting next_dagrun for dataset_produces_1 to 2024-08-09 00:00:00+00:00, run_after=2024-08-10 00:00:00+00:00
[2024-08-10T23:26:24.925+0000] {logging_mixin.py:188} INFO - [2024-08-10T23:26:24.924+0000] {dag.py:3947} INFO - Setting next_dagrun for dataset_produces_2 to None, run_after=None
[2024-08-10T23:26:24.970+0000] {processor.py:183} INFO - Processing /home/airflow/.local/lib/python3.12/site-packages/airflow/example_dags/example_datasets.py took 0.219 seconds
[2024-08-10T23:26:55.104+0000] {processor.py:161} INFO - Started process (PID=144) to work on /home/airflow/.local/lib/python3.12/site-packages/airflow/example_dags/example_datasets.py
[2024-08-10T23:26:55.104+0000] {processor.py:830} INFO - Processing file /home/airflow/.local/lib/python3.12/site-packages/airflow/example_dags/example_datasets.py for tasks to queue
[2024-08-10T23:26:55.106+0000] {logging_mixin.py:188} INFO - [2024-08-10T23:26:55.105+0000] {dagbag.py:545} INFO - Filling up the DagBag from /home/airflow/.local/lib/python3.12/site-packages/airflow/example_dags/example_datasets.py
[2024-08-10T23:26:55.116+0000] {processor.py:840} INFO - DAG(s) 'dataset_produces_1', 'dataset_consumes_1_and_2', 'dataset_consumes_unknown_never_scheduled', 'dataset_produces_2', 'consume_1_or_both_2_and_3_with_dataset_expressions', 'dataset_consumes_1', 'consume_1_and_2_with_dataset_expressions', 'conditional_dataset_and_time_based_timetable', 'consume_1_or_2_with_dataset_expressions', 'dataset_consumes_1_never_scheduled' retrieved from /home/airflow/.local/lib/python3.12/site-packages/airflow/example_dags/example_datasets.py
[2024-08-10T23:26:55.287+0000] {logging_mixin.py:188} INFO - [2024-08-10T23:26:55.287+0000] {dag.py:3089} INFO - Sync 10 DAGs
[2024-08-10T23:26:55.308+0000] {logging_mixin.py:188} INFO - [2024-08-10T23:26:55.308+0000] {dag.py:3947} INFO - Setting next_dagrun for conditional_dataset_and_time_based_timetable to 2024-08-07 01:00:00+00:00, run_after=2024-08-07 01:00:00+00:00
[2024-08-10T23:26:55.311+0000] {logging_mixin.py:188} INFO - [2024-08-10T23:26:55.311+0000] {dag.py:3947} INFO - Setting next_dagrun for consume_1_and_2_with_dataset_expressions to None, run_after=None
[2024-08-10T23:26:55.313+0000] {logging_mixin.py:188} INFO - [2024-08-10T23:26:55.313+0000] {dag.py:3947} INFO - Setting next_dagrun for consume_1_or_2_with_dataset_expressions to None, run_after=None
[2024-08-10T23:26:55.314+0000] {logging_mixin.py:188} INFO - [2024-08-10T23:26:55.314+0000] {dag.py:3947} INFO - Setting next_dagrun for consume_1_or_both_2_and_3_with_dataset_expressions to None, run_after=None
[2024-08-10T23:26:55.315+0000] {logging_mixin.py:188} INFO - [2024-08-10T23:26:55.315+0000] {dag.py:3947} INFO - Setting next_dagrun for dataset_consumes_1 to None, run_after=None
[2024-08-10T23:26:55.316+0000] {logging_mixin.py:188} INFO - [2024-08-10T23:26:55.316+0000] {dag.py:3947} INFO - Setting next_dagrun for dataset_consumes_1_and_2 to None, run_after=None
[2024-08-10T23:26:55.318+0000] {logging_mixin.py:188} INFO - [2024-08-10T23:26:55.317+0000] {dag.py:3947} INFO - Setting next_dagrun for dataset_consumes_1_never_scheduled to None, run_after=None
[2024-08-10T23:26:55.318+0000] {logging_mixin.py:188} INFO - [2024-08-10T23:26:55.318+0000] {dag.py:3947} INFO - Setting next_dagrun for dataset_consumes_unknown_never_scheduled to None, run_after=None
[2024-08-10T23:26:55.321+0000] {logging_mixin.py:188} INFO - [2024-08-10T23:26:55.320+0000] {dag.py:3947} INFO - Setting next_dagrun for dataset_produces_1 to 2024-08-09 00:00:00+00:00, run_after=2024-08-10 00:00:00+00:00
[2024-08-10T23:26:55.322+0000] {logging_mixin.py:188} INFO - [2024-08-10T23:26:55.322+0000] {dag.py:3947} INFO - Setting next_dagrun for dataset_produces_2 to None, run_after=None
[2024-08-10T23:26:55.365+0000] {processor.py:183} INFO - Processing /home/airflow/.local/lib/python3.12/site-packages/airflow/example_dags/example_datasets.py took 0.267 seconds
[2024-08-10T23:27:26.242+0000] {processor.py:161} INFO - Started process (PID=202) to work on /home/airflow/.local/lib/python3.12/site-packages/airflow/example_dags/example_datasets.py
[2024-08-10T23:27:26.243+0000] {processor.py:830} INFO - Processing file /home/airflow/.local/lib/python3.12/site-packages/airflow/example_dags/example_datasets.py for tasks to queue
[2024-08-10T23:27:26.245+0000] {logging_mixin.py:188} INFO - [2024-08-10T23:27:26.244+0000] {dagbag.py:545} INFO - Filling up the DagBag from /home/airflow/.local/lib/python3.12/site-packages/airflow/example_dags/example_datasets.py
[2024-08-10T23:27:26.255+0000] {processor.py:840} INFO - DAG(s) 'consume_1_or_2_with_dataset_expressions', 'consume_1_or_both_2_and_3_with_dataset_expressions', 'dataset_produces_1', 'dataset_produces_2', 'conditional_dataset_and_time_based_timetable', 'dataset_consumes_unknown_never_scheduled', 'consume_1_and_2_with_dataset_expressions', 'dataset_consumes_1_and_2', 'dataset_consumes_1_never_scheduled', 'dataset_consumes_1' retrieved from /home/airflow/.local/lib/python3.12/site-packages/airflow/example_dags/example_datasets.py
[2024-08-10T23:27:26.299+0000] {logging_mixin.py:188} INFO - [2024-08-10T23:27:26.299+0000] {dag.py:3089} INFO - Sync 10 DAGs
[2024-08-10T23:27:26.321+0000] {logging_mixin.py:188} INFO - [2024-08-10T23:27:26.320+0000] {dag.py:3947} INFO - Setting next_dagrun for conditional_dataset_and_time_based_timetable to 2024-08-07 01:00:00+00:00, run_after=2024-08-07 01:00:00+00:00
[2024-08-10T23:27:26.324+0000] {logging_mixin.py:188} INFO - [2024-08-10T23:27:26.324+0000] {dag.py:3947} INFO - Setting next_dagrun for consume_1_and_2_with_dataset_expressions to None, run_after=None
[2024-08-10T23:27:26.325+0000] {logging_mixin.py:188} INFO - [2024-08-10T23:27:26.325+0000] {dag.py:3947} INFO - Setting next_dagrun for consume_1_or_2_with_dataset_expressions to None, run_after=None
[2024-08-10T23:27:26.327+0000] {logging_mixin.py:188} INFO - [2024-08-10T23:27:26.327+0000] {dag.py:3947} INFO - Setting next_dagrun for consume_1_or_both_2_and_3_with_dataset_expressions to None, run_after=None
[2024-08-10T23:27:26.328+0000] {logging_mixin.py:188} INFO - [2024-08-10T23:27:26.328+0000] {dag.py:3947} INFO - Setting next_dagrun for dataset_consumes_1 to None, run_after=None
[2024-08-10T23:27:26.329+0000] {logging_mixin.py:188} INFO - [2024-08-10T23:27:26.329+0000] {dag.py:3947} INFO - Setting next_dagrun for dataset_consumes_1_and_2 to None, run_after=None
[2024-08-10T23:27:26.330+0000] {logging_mixin.py:188} INFO - [2024-08-10T23:27:26.330+0000] {dag.py:3947} INFO - Setting next_dagrun for dataset_consumes_1_never_scheduled to None, run_after=None
[2024-08-10T23:27:26.331+0000] {logging_mixin.py:188} INFO - [2024-08-10T23:27:26.331+0000] {dag.py:3947} INFO - Setting next_dagrun for dataset_consumes_unknown_never_scheduled to None, run_after=None
[2024-08-10T23:27:26.333+0000] {logging_mixin.py:188} INFO - [2024-08-10T23:27:26.333+0000] {dag.py:3947} INFO - Setting next_dagrun for dataset_produces_1 to 2024-08-09 00:00:00+00:00, run_after=2024-08-10 00:00:00+00:00
[2024-08-10T23:27:26.335+0000] {logging_mixin.py:188} INFO - [2024-08-10T23:27:26.335+0000] {dag.py:3947} INFO - Setting next_dagrun for dataset_produces_2 to None, run_after=None
[2024-08-10T23:27:26.366+0000] {processor.py:183} INFO - Processing /home/airflow/.local/lib/python3.12/site-packages/airflow/example_dags/example_datasets.py took 0.128 seconds
[2024-08-10T23:27:56.420+0000] {processor.py:161} INFO - Started process (PID=260) to work on /home/airflow/.local/lib/python3.12/site-packages/airflow/example_dags/example_datasets.py
[2024-08-10T23:27:56.422+0000] {processor.py:830} INFO - Processing file /home/airflow/.local/lib/python3.12/site-packages/airflow/example_dags/example_datasets.py for tasks to queue
[2024-08-10T23:27:56.423+0000] {logging_mixin.py:188} INFO - [2024-08-10T23:27:56.423+0000] {dagbag.py:545} INFO - Filling up the DagBag from /home/airflow/.local/lib/python3.12/site-packages/airflow/example_dags/example_datasets.py
[2024-08-10T23:27:56.433+0000] {processor.py:840} INFO - DAG(s) 'consume_1_or_both_2_and_3_with_dataset_expressions', 'consume_1_and_2_with_dataset_expressions', 'dataset_consumes_1_and_2', 'dataset_consumes_1_never_scheduled', 'dataset_produces_1', 'dataset_produces_2', 'dataset_consumes_1', 'conditional_dataset_and_time_based_timetable', 'dataset_consumes_unknown_never_scheduled', 'consume_1_or_2_with_dataset_expressions' retrieved from /home/airflow/.local/lib/python3.12/site-packages/airflow/example_dags/example_datasets.py
[2024-08-10T23:27:56.473+0000] {logging_mixin.py:188} INFO - [2024-08-10T23:27:56.473+0000] {dag.py:3089} INFO - Sync 10 DAGs
[2024-08-10T23:27:56.492+0000] {logging_mixin.py:188} INFO - [2024-08-10T23:27:56.492+0000] {dag.py:3947} INFO - Setting next_dagrun for conditional_dataset_and_time_based_timetable to 2024-08-07 01:00:00+00:00, run_after=2024-08-07 01:00:00+00:00
[2024-08-10T23:27:56.497+0000] {logging_mixin.py:188} INFO - [2024-08-10T23:27:56.497+0000] {dag.py:3947} INFO - Setting next_dagrun for consume_1_and_2_with_dataset_expressions to None, run_after=None
[2024-08-10T23:27:56.498+0000] {logging_mixin.py:188} INFO - [2024-08-10T23:27:56.498+0000] {dag.py:3947} INFO - Setting next_dagrun for consume_1_or_2_with_dataset_expressions to None, run_after=None
[2024-08-10T23:27:56.499+0000] {logging_mixin.py:188} INFO - [2024-08-10T23:27:56.499+0000] {dag.py:3947} INFO - Setting next_dagrun for consume_1_or_both_2_and_3_with_dataset_expressions to None, run_after=None
[2024-08-10T23:27:56.500+0000] {logging_mixin.py:188} INFO - [2024-08-10T23:27:56.500+0000] {dag.py:3947} INFO - Setting next_dagrun for dataset_consumes_1 to None, run_after=None
[2024-08-10T23:27:56.501+0000] {logging_mixin.py:188} INFO - [2024-08-10T23:27:56.501+0000] {dag.py:3947} INFO - Setting next_dagrun for dataset_consumes_1_and_2 to None, run_after=None
[2024-08-10T23:27:56.502+0000] {logging_mixin.py:188} INFO - [2024-08-10T23:27:56.502+0000] {dag.py:3947} INFO - Setting next_dagrun for dataset_consumes_1_never_scheduled to None, run_after=None
[2024-08-10T23:27:56.503+0000] {logging_mixin.py:188} INFO - [2024-08-10T23:27:56.503+0000] {dag.py:3947} INFO - Setting next_dagrun for dataset_consumes_unknown_never_scheduled to None, run_after=None
[2024-08-10T23:27:56.505+0000] {logging_mixin.py:188} INFO - [2024-08-10T23:27:56.505+0000] {dag.py:3947} INFO - Setting next_dagrun for dataset_produces_1 to 2024-08-09 00:00:00+00:00, run_after=2024-08-10 00:00:00+00:00
[2024-08-10T23:27:56.506+0000] {logging_mixin.py:188} INFO - [2024-08-10T23:27:56.506+0000] {dag.py:3947} INFO - Setting next_dagrun for dataset_produces_2 to None, run_after=None
[2024-08-10T23:27:56.537+0000] {processor.py:183} INFO - Processing /home/airflow/.local/lib/python3.12/site-packages/airflow/example_dags/example_datasets.py took 0.121 seconds
[2024-08-10T23:28:26.913+0000] {processor.py:161} INFO - Started process (PID=318) to work on /home/airflow/.local/lib/python3.12/site-packages/airflow/example_dags/example_datasets.py
[2024-08-10T23:28:26.914+0000] {processor.py:830} INFO - Processing file /home/airflow/.local/lib/python3.12/site-packages/airflow/example_dags/example_datasets.py for tasks to queue
[2024-08-10T23:28:26.915+0000] {logging_mixin.py:188} INFO - [2024-08-10T23:28:26.915+0000] {dagbag.py:545} INFO - Filling up the DagBag from /home/airflow/.local/lib/python3.12/site-packages/airflow/example_dags/example_datasets.py
[2024-08-10T23:28:26.925+0000] {processor.py:840} INFO - DAG(s) 'dataset_produces_2', 'consume_1_and_2_with_dataset_expressions', 'conditional_dataset_and_time_based_timetable', 'dataset_consumes_1_never_scheduled', 'consume_1_or_2_with_dataset_expressions', 'dataset_consumes_unknown_never_scheduled', 'dataset_consumes_1_and_2', 'dataset_consumes_1', 'consume_1_or_both_2_and_3_with_dataset_expressions', 'dataset_produces_1' retrieved from /home/airflow/.local/lib/python3.12/site-packages/airflow/example_dags/example_datasets.py
[2024-08-10T23:28:26.968+0000] {logging_mixin.py:188} INFO - [2024-08-10T23:28:26.967+0000] {dag.py:3089} INFO - Sync 10 DAGs
[2024-08-10T23:28:26.988+0000] {logging_mixin.py:188} INFO - [2024-08-10T23:28:26.987+0000] {dag.py:3947} INFO - Setting next_dagrun for conditional_dataset_and_time_based_timetable to 2024-08-07 01:00:00+00:00, run_after=2024-08-07 01:00:00+00:00
[2024-08-10T23:28:26.991+0000] {logging_mixin.py:188} INFO - [2024-08-10T23:28:26.991+0000] {dag.py:3947} INFO - Setting next_dagrun for consume_1_and_2_with_dataset_expressions to None, run_after=None
[2024-08-10T23:28:26.993+0000] {logging_mixin.py:188} INFO - [2024-08-10T23:28:26.993+0000] {dag.py:3947} INFO - Setting next_dagrun for consume_1_or_2_with_dataset_expressions to None, run_after=None
[2024-08-10T23:28:26.994+0000] {logging_mixin.py:188} INFO - [2024-08-10T23:28:26.994+0000] {dag.py:3947} INFO - Setting next_dagrun for consume_1_or_both_2_and_3_with_dataset_expressions to None, run_after=None
[2024-08-10T23:28:26.995+0000] {logging_mixin.py:188} INFO - [2024-08-10T23:28:26.995+0000] {dag.py:3947} INFO - Setting next_dagrun for dataset_consumes_1 to None, run_after=None
[2024-08-10T23:28:26.996+0000] {logging_mixin.py:188} INFO - [2024-08-10T23:28:26.996+0000] {dag.py:3947} INFO - Setting next_dagrun for dataset_consumes_1_and_2 to None, run_after=None
[2024-08-10T23:28:26.997+0000] {logging_mixin.py:188} INFO - [2024-08-10T23:28:26.997+0000] {dag.py:3947} INFO - Setting next_dagrun for dataset_consumes_1_never_scheduled to None, run_after=None
[2024-08-10T23:28:26.998+0000] {logging_mixin.py:188} INFO - [2024-08-10T23:28:26.998+0000] {dag.py:3947} INFO - Setting next_dagrun for dataset_consumes_unknown_never_scheduled to None, run_after=None
[2024-08-10T23:28:27.001+0000] {logging_mixin.py:188} INFO - [2024-08-10T23:28:27.001+0000] {dag.py:3947} INFO - Setting next_dagrun for dataset_produces_1 to 2024-08-09 00:00:00+00:00, run_after=2024-08-10 00:00:00+00:00
[2024-08-10T23:28:27.002+0000] {logging_mixin.py:188} INFO - [2024-08-10T23:28:27.002+0000] {dag.py:3947} INFO - Setting next_dagrun for dataset_produces_2 to None, run_after=None
[2024-08-10T23:28:27.030+0000] {processor.py:183} INFO - Processing /home/airflow/.local/lib/python3.12/site-packages/airflow/example_dags/example_datasets.py took 0.121 seconds
[2024-08-10T23:28:57.073+0000] {processor.py:161} INFO - Started process (PID=377) to work on /home/airflow/.local/lib/python3.12/site-packages/airflow/example_dags/example_datasets.py
[2024-08-10T23:28:57.074+0000] {processor.py:830} INFO - Processing file /home/airflow/.local/lib/python3.12/site-packages/airflow/example_dags/example_datasets.py for tasks to queue
[2024-08-10T23:28:57.075+0000] {logging_mixin.py:188} INFO - [2024-08-10T23:28:57.075+0000] {dagbag.py:545} INFO - Filling up the DagBag from /home/airflow/.local/lib/python3.12/site-packages/airflow/example_dags/example_datasets.py
[2024-08-10T23:28:57.086+0000] {processor.py:840} INFO - DAG(s) 'conditional_dataset_and_time_based_timetable', 'dataset_consumes_unknown_never_scheduled', 'dataset_produces_2', 'consume_1_and_2_with_dataset_expressions', 'dataset_consumes_1', 'dataset_consumes_1_and_2', 'dataset_consumes_1_never_scheduled', 'dataset_produces_1', 'consume_1_or_both_2_and_3_with_dataset_expressions', 'consume_1_or_2_with_dataset_expressions' retrieved from /home/airflow/.local/lib/python3.12/site-packages/airflow/example_dags/example_datasets.py
[2024-08-10T23:28:57.126+0000] {logging_mixin.py:188} INFO - [2024-08-10T23:28:57.126+0000] {dag.py:3089} INFO - Sync 10 DAGs
[2024-08-10T23:28:57.146+0000] {logging_mixin.py:188} INFO - [2024-08-10T23:28:57.146+0000] {dag.py:3947} INFO - Setting next_dagrun for conditional_dataset_and_time_based_timetable to 2024-08-07 01:00:00+00:00, run_after=2024-08-07 01:00:00+00:00
[2024-08-10T23:28:57.150+0000] {logging_mixin.py:188} INFO - [2024-08-10T23:28:57.150+0000] {dag.py:3947} INFO - Setting next_dagrun for consume_1_and_2_with_dataset_expressions to None, run_after=None
[2024-08-10T23:28:57.152+0000] {logging_mixin.py:188} INFO - [2024-08-10T23:28:57.152+0000] {dag.py:3947} INFO - Setting next_dagrun for consume_1_or_2_with_dataset_expressions to None, run_after=None
[2024-08-10T23:28:57.153+0000] {logging_mixin.py:188} INFO - [2024-08-10T23:28:57.153+0000] {dag.py:3947} INFO - Setting next_dagrun for consume_1_or_both_2_and_3_with_dataset_expressions to None, run_after=None
[2024-08-10T23:28:57.155+0000] {logging_mixin.py:188} INFO - [2024-08-10T23:28:57.155+0000] {dag.py:3947} INFO - Setting next_dagrun for dataset_consumes_1 to None, run_after=None
[2024-08-10T23:28:57.157+0000] {logging_mixin.py:188} INFO - [2024-08-10T23:28:57.156+0000] {dag.py:3947} INFO - Setting next_dagrun for dataset_consumes_1_and_2 to None, run_after=None
[2024-08-10T23:28:57.158+0000] {logging_mixin.py:188} INFO - [2024-08-10T23:28:57.157+0000] {dag.py:3947} INFO - Setting next_dagrun for dataset_consumes_1_never_scheduled to None, run_after=None
[2024-08-10T23:28:57.159+0000] {logging_mixin.py:188} INFO - [2024-08-10T23:28:57.158+0000] {dag.py:3947} INFO - Setting next_dagrun for dataset_consumes_unknown_never_scheduled to None, run_after=None
[2024-08-10T23:28:57.161+0000] {logging_mixin.py:188} INFO - [2024-08-10T23:28:57.161+0000] {dag.py:3947} INFO - Setting next_dagrun for dataset_produces_1 to 2024-08-09 00:00:00+00:00, run_after=2024-08-10 00:00:00+00:00
[2024-08-10T23:28:57.162+0000] {logging_mixin.py:188} INFO - [2024-08-10T23:28:57.162+0000] {dag.py:3947} INFO - Setting next_dagrun for dataset_produces_2 to None, run_after=None
[2024-08-10T23:28:57.197+0000] {processor.py:183} INFO - Processing /home/airflow/.local/lib/python3.12/site-packages/airflow/example_dags/example_datasets.py took 0.128 seconds
[2024-08-10T23:29:27.484+0000] {processor.py:161} INFO - Started process (PID=434) to work on /home/airflow/.local/lib/python3.12/site-packages/airflow/example_dags/example_datasets.py
[2024-08-10T23:29:27.486+0000] {processor.py:830} INFO - Processing file /home/airflow/.local/lib/python3.12/site-packages/airflow/example_dags/example_datasets.py for tasks to queue
[2024-08-10T23:29:27.487+0000] {logging_mixin.py:188} INFO - [2024-08-10T23:29:27.487+0000] {dagbag.py:545} INFO - Filling up the DagBag from /home/airflow/.local/lib/python3.12/site-packages/airflow/example_dags/example_datasets.py
[2024-08-10T23:29:27.496+0000] {processor.py:840} INFO - DAG(s) 'consume_1_or_both_2_and_3_with_dataset_expressions', 'dataset_consumes_1_never_scheduled', 'consume_1_and_2_with_dataset_expressions', 'consume_1_or_2_with_dataset_expressions', 'dataset_consumes_1_and_2', 'dataset_produces_2', 'dataset_consumes_unknown_never_scheduled', 'dataset_consumes_1', 'conditional_dataset_and_time_based_timetable', 'dataset_produces_1' retrieved from /home/airflow/.local/lib/python3.12/site-packages/airflow/example_dags/example_datasets.py
[2024-08-10T23:29:27.534+0000] {logging_mixin.py:188} INFO - [2024-08-10T23:29:27.534+0000] {dag.py:3089} INFO - Sync 10 DAGs
[2024-08-10T23:29:27.554+0000] {logging_mixin.py:188} INFO - [2024-08-10T23:29:27.554+0000] {dag.py:3947} INFO - Setting next_dagrun for conditional_dataset_and_time_based_timetable to 2024-08-07 01:00:00+00:00, run_after=2024-08-07 01:00:00+00:00
[2024-08-10T23:29:27.557+0000] {logging_mixin.py:188} INFO - [2024-08-10T23:29:27.557+0000] {dag.py:3947} INFO - Setting next_dagrun for consume_1_and_2_with_dataset_expressions to None, run_after=None
[2024-08-10T23:29:27.558+0000] {logging_mixin.py:188} INFO - [2024-08-10T23:29:27.558+0000] {dag.py:3947} INFO - Setting next_dagrun for consume_1_or_2_with_dataset_expressions to None, run_after=None
[2024-08-10T23:29:27.559+0000] {logging_mixin.py:188} INFO - [2024-08-10T23:29:27.559+0000] {dag.py:3947} INFO - Setting next_dagrun for consume_1_or_both_2_and_3_with_dataset_expressions to None, run_after=None
[2024-08-10T23:29:27.560+0000] {logging_mixin.py:188} INFO - [2024-08-10T23:29:27.560+0000] {dag.py:3947} INFO - Setting next_dagrun for dataset_consumes_1 to None, run_after=None
[2024-08-10T23:29:27.561+0000] {logging_mixin.py:188} INFO - [2024-08-10T23:29:27.561+0000] {dag.py:3947} INFO - Setting next_dagrun for dataset_consumes_1_and_2 to None, run_after=None
[2024-08-10T23:29:27.562+0000] {logging_mixin.py:188} INFO - [2024-08-10T23:29:27.562+0000] {dag.py:3947} INFO - Setting next_dagrun for dataset_consumes_1_never_scheduled to None, run_after=None
[2024-08-10T23:29:27.563+0000] {logging_mixin.py:188} INFO - [2024-08-10T23:29:27.563+0000] {dag.py:3947} INFO - Setting next_dagrun for dataset_consumes_unknown_never_scheduled to None, run_after=None
[2024-08-10T23:29:27.565+0000] {logging_mixin.py:188} INFO - [2024-08-10T23:29:27.565+0000] {dag.py:3947} INFO - Setting next_dagrun for dataset_produces_1 to 2024-08-09 00:00:00+00:00, run_after=2024-08-10 00:00:00+00:00
[2024-08-10T23:29:27.566+0000] {logging_mixin.py:188} INFO - [2024-08-10T23:29:27.566+0000] {dag.py:3947} INFO - Setting next_dagrun for dataset_produces_2 to None, run_after=None
[2024-08-10T23:29:27.595+0000] {processor.py:183} INFO - Processing /home/airflow/.local/lib/python3.12/site-packages/airflow/example_dags/example_datasets.py took 0.114 seconds
[2024-08-10T23:29:57.808+0000] {processor.py:161} INFO - Started process (PID=492) to work on /home/airflow/.local/lib/python3.12/site-packages/airflow/example_dags/example_datasets.py
[2024-08-10T23:29:57.810+0000] {processor.py:830} INFO - Processing file /home/airflow/.local/lib/python3.12/site-packages/airflow/example_dags/example_datasets.py for tasks to queue
[2024-08-10T23:29:57.811+0000] {logging_mixin.py:188} INFO - [2024-08-10T23:29:57.811+0000] {dagbag.py:545} INFO - Filling up the DagBag from /home/airflow/.local/lib/python3.12/site-packages/airflow/example_dags/example_datasets.py
[2024-08-10T23:29:57.822+0000] {processor.py:840} INFO - DAG(s) 'dataset_consumes_1', 'consume_1_or_2_with_dataset_expressions', 'dataset_produces_2', 'dataset_produces_1', 'dataset_consumes_1_and_2', 'consume_1_or_both_2_and_3_with_dataset_expressions', 'dataset_consumes_1_never_scheduled', 'dataset_consumes_unknown_never_scheduled', 'consume_1_and_2_with_dataset_expressions', 'conditional_dataset_and_time_based_timetable' retrieved from /home/airflow/.local/lib/python3.12/site-packages/airflow/example_dags/example_datasets.py
[2024-08-10T23:29:57.870+0000] {logging_mixin.py:188} INFO - [2024-08-10T23:29:57.870+0000] {dag.py:3089} INFO - Sync 10 DAGs
[2024-08-10T23:29:57.893+0000] {logging_mixin.py:188} INFO - [2024-08-10T23:29:57.893+0000] {dag.py:3947} INFO - Setting next_dagrun for conditional_dataset_and_time_based_timetable to 2024-08-07 01:00:00+00:00, run_after=2024-08-07 01:00:00+00:00
[2024-08-10T23:29:57.898+0000] {logging_mixin.py:188} INFO - [2024-08-10T23:29:57.897+0000] {dag.py:3947} INFO - Setting next_dagrun for consume_1_and_2_with_dataset_expressions to None, run_after=None
[2024-08-10T23:29:57.899+0000] {logging_mixin.py:188} INFO - [2024-08-10T23:29:57.899+0000] {dag.py:3947} INFO - Setting next_dagrun for consume_1_or_2_with_dataset_expressions to None, run_after=None
[2024-08-10T23:29:57.900+0000] {logging_mixin.py:188} INFO - [2024-08-10T23:29:57.900+0000] {dag.py:3947} INFO - Setting next_dagrun for consume_1_or_both_2_and_3_with_dataset_expressions to None, run_after=None
[2024-08-10T23:29:57.901+0000] {logging_mixin.py:188} INFO - [2024-08-10T23:29:57.901+0000] {dag.py:3947} INFO - Setting next_dagrun for dataset_consumes_1 to None, run_after=None
[2024-08-10T23:29:57.902+0000] {logging_mixin.py:188} INFO - [2024-08-10T23:29:57.902+0000] {dag.py:3947} INFO - Setting next_dagrun for dataset_consumes_1_and_2 to None, run_after=None
[2024-08-10T23:29:57.904+0000] {logging_mixin.py:188} INFO - [2024-08-10T23:29:57.903+0000] {dag.py:3947} INFO - Setting next_dagrun for dataset_consumes_1_never_scheduled to None, run_after=None
[2024-08-10T23:29:57.905+0000] {logging_mixin.py:188} INFO - [2024-08-10T23:29:57.905+0000] {dag.py:3947} INFO - Setting next_dagrun for dataset_consumes_unknown_never_scheduled to None, run_after=None
[2024-08-10T23:29:57.907+0000] {logging_mixin.py:188} INFO - [2024-08-10T23:29:57.907+0000] {dag.py:3947} INFO - Setting next_dagrun for dataset_produces_1 to 2024-08-09 00:00:00+00:00, run_after=2024-08-10 00:00:00+00:00
[2024-08-10T23:29:57.908+0000] {logging_mixin.py:188} INFO - [2024-08-10T23:29:57.908+0000] {dag.py:3947} INFO - Setting next_dagrun for dataset_produces_2 to None, run_after=None
[2024-08-10T23:29:57.943+0000] {processor.py:183} INFO - Processing /home/airflow/.local/lib/python3.12/site-packages/airflow/example_dags/example_datasets.py took 0.138 seconds
[2024-08-10T23:30:27.992+0000] {processor.py:161} INFO - Started process (PID=551) to work on /home/airflow/.local/lib/python3.12/site-packages/airflow/example_dags/example_datasets.py
[2024-08-10T23:30:27.993+0000] {processor.py:830} INFO - Processing file /home/airflow/.local/lib/python3.12/site-packages/airflow/example_dags/example_datasets.py for tasks to queue
[2024-08-10T23:30:27.994+0000] {logging_mixin.py:188} INFO - [2024-08-10T23:30:27.994+0000] {dagbag.py:545} INFO - Filling up the DagBag from /home/airflow/.local/lib/python3.12/site-packages/airflow/example_dags/example_datasets.py
[2024-08-10T23:30:28.005+0000] {processor.py:840} INFO - DAG(s) 'consume_1_or_both_2_and_3_with_dataset_expressions', 'consume_1_or_2_with_dataset_expressions', 'dataset_consumes_1_never_scheduled', 'dataset_consumes_unknown_never_scheduled', 'dataset_consumes_1_and_2', 'dataset_produces_1', 'consume_1_and_2_with_dataset_expressions', 'conditional_dataset_and_time_based_timetable', 'dataset_consumes_1', 'dataset_produces_2' retrieved from /home/airflow/.local/lib/python3.12/site-packages/airflow/example_dags/example_datasets.py
[2024-08-10T23:30:28.043+0000] {logging_mixin.py:188} INFO - [2024-08-10T23:30:28.043+0000] {dag.py:3089} INFO - Sync 10 DAGs
[2024-08-10T23:30:28.062+0000] {logging_mixin.py:188} INFO - [2024-08-10T23:30:28.062+0000] {dag.py:3947} INFO - Setting next_dagrun for conditional_dataset_and_time_based_timetable to 2024-08-07 01:00:00+00:00, run_after=2024-08-07 01:00:00+00:00
[2024-08-10T23:30:28.065+0000] {logging_mixin.py:188} INFO - [2024-08-10T23:30:28.065+0000] {dag.py:3947} INFO - Setting next_dagrun for consume_1_and_2_with_dataset_expressions to None, run_after=None
[2024-08-10T23:30:28.067+0000] {logging_mixin.py:188} INFO - [2024-08-10T23:30:28.067+0000] {dag.py:3947} INFO - Setting next_dagrun for consume_1_or_2_with_dataset_expressions to None, run_after=None
[2024-08-10T23:30:28.068+0000] {logging_mixin.py:188} INFO - [2024-08-10T23:30:28.068+0000] {dag.py:3947} INFO - Setting next_dagrun for consume_1_or_both_2_and_3_with_dataset_expressions to None, run_after=None
[2024-08-10T23:30:28.069+0000] {logging_mixin.py:188} INFO - [2024-08-10T23:30:28.069+0000] {dag.py:3947} INFO - Setting next_dagrun for dataset_consumes_1 to None, run_after=None
[2024-08-10T23:30:28.070+0000] {logging_mixin.py:188} INFO - [2024-08-10T23:30:28.070+0000] {dag.py:3947} INFO - Setting next_dagrun for dataset_consumes_1_and_2 to None, run_after=None
[2024-08-10T23:30:28.071+0000] {logging_mixin.py:188} INFO - [2024-08-10T23:30:28.071+0000] {dag.py:3947} INFO - Setting next_dagrun for dataset_consumes_1_never_scheduled to None, run_after=None
[2024-08-10T23:30:28.072+0000] {logging_mixin.py:188} INFO - [2024-08-10T23:30:28.072+0000] {dag.py:3947} INFO - Setting next_dagrun for dataset_consumes_unknown_never_scheduled to None, run_after=None
[2024-08-10T23:30:28.074+0000] {logging_mixin.py:188} INFO - [2024-08-10T23:30:28.074+0000] {dag.py:3947} INFO - Setting next_dagrun for dataset_produces_1 to 2024-08-09 00:00:00+00:00, run_after=2024-08-10 00:00:00+00:00
[2024-08-10T23:30:28.075+0000] {logging_mixin.py:188} INFO - [2024-08-10T23:30:28.075+0000] {dag.py:3947} INFO - Setting next_dagrun for dataset_produces_2 to None, run_after=None
[2024-08-10T23:30:28.105+0000] {processor.py:183} INFO - Processing /home/airflow/.local/lib/python3.12/site-packages/airflow/example_dags/example_datasets.py took 0.117 seconds
[2024-08-10T23:30:58.386+0000] {processor.py:161} INFO - Started process (PID=608) to work on /home/airflow/.local/lib/python3.12/site-packages/airflow/example_dags/example_datasets.py
[2024-08-10T23:30:58.388+0000] {processor.py:830} INFO - Processing file /home/airflow/.local/lib/python3.12/site-packages/airflow/example_dags/example_datasets.py for tasks to queue
[2024-08-10T23:30:58.389+0000] {logging_mixin.py:188} INFO - [2024-08-10T23:30:58.389+0000] {dagbag.py:545} INFO - Filling up the DagBag from /home/airflow/.local/lib/python3.12/site-packages/airflow/example_dags/example_datasets.py
[2024-08-10T23:30:58.400+0000] {processor.py:840} INFO - DAG(s) 'dataset_consumes_unknown_never_scheduled', 'dataset_produces_1', 'conditional_dataset_and_time_based_timetable', 'dataset_produces_2', 'dataset_consumes_1_never_scheduled', 'dataset_consumes_1_and_2', 'consume_1_or_both_2_and_3_with_dataset_expressions', 'dataset_consumes_1', 'consume_1_and_2_with_dataset_expressions', 'consume_1_or_2_with_dataset_expressions' retrieved from /home/airflow/.local/lib/python3.12/site-packages/airflow/example_dags/example_datasets.py
[2024-08-10T23:30:58.442+0000] {logging_mixin.py:188} INFO - [2024-08-10T23:30:58.442+0000] {dag.py:3089} INFO - Sync 10 DAGs
[2024-08-10T23:30:58.464+0000] {logging_mixin.py:188} INFO - [2024-08-10T23:30:58.464+0000] {dag.py:3947} INFO - Setting next_dagrun for conditional_dataset_and_time_based_timetable to 2024-08-07 01:00:00+00:00, run_after=2024-08-07 01:00:00+00:00
[2024-08-10T23:30:58.469+0000] {logging_mixin.py:188} INFO - [2024-08-10T23:30:58.469+0000] {dag.py:3947} INFO - Setting next_dagrun for consume_1_and_2_with_dataset_expressions to None, run_after=None
[2024-08-10T23:30:58.471+0000] {logging_mixin.py:188} INFO - [2024-08-10T23:30:58.470+0000] {dag.py:3947} INFO - Setting next_dagrun for consume_1_or_2_with_dataset_expressions to None, run_after=None
[2024-08-10T23:30:58.472+0000] {logging_mixin.py:188} INFO - [2024-08-10T23:30:58.471+0000] {dag.py:3947} INFO - Setting next_dagrun for consume_1_or_both_2_and_3_with_dataset_expressions to None, run_after=None
[2024-08-10T23:30:58.473+0000] {logging_mixin.py:188} INFO - [2024-08-10T23:30:58.473+0000] {dag.py:3947} INFO - Setting next_dagrun for dataset_consumes_1 to None, run_after=None
[2024-08-10T23:30:58.474+0000] {logging_mixin.py:188} INFO - [2024-08-10T23:30:58.474+0000] {dag.py:3947} INFO - Setting next_dagrun for dataset_consumes_1_and_2 to None, run_after=None
[2024-08-10T23:30:58.476+0000] {logging_mixin.py:188} INFO - [2024-08-10T23:30:58.476+0000] {dag.py:3947} INFO - Setting next_dagrun for dataset_consumes_1_never_scheduled to None, run_after=None
[2024-08-10T23:30:58.477+0000] {logging_mixin.py:188} INFO - [2024-08-10T23:30:58.477+0000] {dag.py:3947} INFO - Setting next_dagrun for dataset_consumes_unknown_never_scheduled to None, run_after=None
[2024-08-10T23:30:58.480+0000] {logging_mixin.py:188} INFO - [2024-08-10T23:30:58.480+0000] {dag.py:3947} INFO - Setting next_dagrun for dataset_produces_1 to 2024-08-09 00:00:00+00:00, run_after=2024-08-10 00:00:00+00:00
[2024-08-10T23:30:58.482+0000] {logging_mixin.py:188} INFO - [2024-08-10T23:30:58.482+0000] {dag.py:3947} INFO - Setting next_dagrun for dataset_produces_2 to None, run_after=None
[2024-08-10T23:30:58.523+0000] {processor.py:183} INFO - Processing /home/airflow/.local/lib/python3.12/site-packages/airflow/example_dags/example_datasets.py took 0.141 seconds
[2024-08-10T23:31:28.867+0000] {processor.py:161} INFO - Started process (PID=667) to work on /home/airflow/.local/lib/python3.12/site-packages/airflow/example_dags/example_datasets.py
[2024-08-10T23:31:28.868+0000] {processor.py:830} INFO - Processing file /home/airflow/.local/lib/python3.12/site-packages/airflow/example_dags/example_datasets.py for tasks to queue
[2024-08-10T23:31:28.869+0000] {logging_mixin.py:188} INFO - [2024-08-10T23:31:28.869+0000] {dagbag.py:545} INFO - Filling up the DagBag from /home/airflow/.local/lib/python3.12/site-packages/airflow/example_dags/example_datasets.py
[2024-08-10T23:31:28.879+0000] {processor.py:840} INFO - DAG(s) 'dataset_produces_1', 'consume_1_or_both_2_and_3_with_dataset_expressions', 'conditional_dataset_and_time_based_timetable', 'dataset_consumes_1_never_scheduled', 'dataset_produces_2', 'dataset_consumes_1_and_2', 'dataset_consumes_1', 'consume_1_and_2_with_dataset_expressions', 'dataset_consumes_unknown_never_scheduled', 'consume_1_or_2_with_dataset_expressions' retrieved from /home/airflow/.local/lib/python3.12/site-packages/airflow/example_dags/example_datasets.py
[2024-08-10T23:31:28.921+0000] {logging_mixin.py:188} INFO - [2024-08-10T23:31:28.921+0000] {dag.py:3089} INFO - Sync 10 DAGs
[2024-08-10T23:31:28.942+0000] {logging_mixin.py:188} INFO - [2024-08-10T23:31:28.942+0000] {dag.py:3947} INFO - Setting next_dagrun for conditional_dataset_and_time_based_timetable to 2024-08-07 01:00:00+00:00, run_after=2024-08-07 01:00:00+00:00
[2024-08-10T23:31:28.946+0000] {logging_mixin.py:188} INFO - [2024-08-10T23:31:28.945+0000] {dag.py:3947} INFO - Setting next_dagrun for consume_1_and_2_with_dataset_expressions to None, run_after=None
[2024-08-10T23:31:28.947+0000] {logging_mixin.py:188} INFO - [2024-08-10T23:31:28.947+0000] {dag.py:3947} INFO - Setting next_dagrun for consume_1_or_2_with_dataset_expressions to None, run_after=None
[2024-08-10T23:31:28.948+0000] {logging_mixin.py:188} INFO - [2024-08-10T23:31:28.948+0000] {dag.py:3947} INFO - Setting next_dagrun for consume_1_or_both_2_and_3_with_dataset_expressions to None, run_after=None
[2024-08-10T23:31:28.949+0000] {logging_mixin.py:188} INFO - [2024-08-10T23:31:28.949+0000] {dag.py:3947} INFO - Setting next_dagrun for dataset_consumes_1 to None, run_after=None
[2024-08-10T23:31:28.951+0000] {logging_mixin.py:188} INFO - [2024-08-10T23:31:28.950+0000] {dag.py:3947} INFO - Setting next_dagrun for dataset_consumes_1_and_2 to None, run_after=None
[2024-08-10T23:31:28.952+0000] {logging_mixin.py:188} INFO - [2024-08-10T23:31:28.951+0000] {dag.py:3947} INFO - Setting next_dagrun for dataset_consumes_1_never_scheduled to None, run_after=None
[2024-08-10T23:31:28.953+0000] {logging_mixin.py:188} INFO - [2024-08-10T23:31:28.953+0000] {dag.py:3947} INFO - Setting next_dagrun for dataset_consumes_unknown_never_scheduled to None, run_after=None
[2024-08-10T23:31:28.955+0000] {logging_mixin.py:188} INFO - [2024-08-10T23:31:28.955+0000] {dag.py:3947} INFO - Setting next_dagrun for dataset_produces_1 to 2024-08-09 00:00:00+00:00, run_after=2024-08-10 00:00:00+00:00
[2024-08-10T23:31:28.956+0000] {logging_mixin.py:188} INFO - [2024-08-10T23:31:28.956+0000] {dag.py:3947} INFO - Setting next_dagrun for dataset_produces_2 to None, run_after=None
[2024-08-10T23:31:28.986+0000] {processor.py:183} INFO - Processing /home/airflow/.local/lib/python3.12/site-packages/airflow/example_dags/example_datasets.py took 0.123 seconds
[2024-08-10T23:31:59.308+0000] {processor.py:161} INFO - Started process (PID=725) to work on /home/airflow/.local/lib/python3.12/site-packages/airflow/example_dags/example_datasets.py
[2024-08-10T23:31:59.309+0000] {processor.py:830} INFO - Processing file /home/airflow/.local/lib/python3.12/site-packages/airflow/example_dags/example_datasets.py for tasks to queue
[2024-08-10T23:31:59.310+0000] {logging_mixin.py:188} INFO - [2024-08-10T23:31:59.310+0000] {dagbag.py:545} INFO - Filling up the DagBag from /home/airflow/.local/lib/python3.12/site-packages/airflow/example_dags/example_datasets.py
[2024-08-10T23:31:59.323+0000] {processor.py:840} INFO - DAG(s) 'consume_1_or_both_2_and_3_with_dataset_expressions', 'dataset_produces_2', 'dataset_consumes_unknown_never_scheduled', 'dataset_consumes_1_and_2', 'dataset_consumes_1', 'consume_1_or_2_with_dataset_expressions', 'consume_1_and_2_with_dataset_expressions', 'conditional_dataset_and_time_based_timetable', 'dataset_consumes_1_never_scheduled', 'dataset_produces_1' retrieved from /home/airflow/.local/lib/python3.12/site-packages/airflow/example_dags/example_datasets.py
[2024-08-10T23:31:59.372+0000] {logging_mixin.py:188} INFO - [2024-08-10T23:31:59.372+0000] {dag.py:3089} INFO - Sync 10 DAGs
[2024-08-10T23:31:59.395+0000] {logging_mixin.py:188} INFO - [2024-08-10T23:31:59.395+0000] {dag.py:3947} INFO - Setting next_dagrun for conditional_dataset_and_time_based_timetable to 2024-08-07 01:00:00+00:00, run_after=2024-08-07 01:00:00+00:00
[2024-08-10T23:31:59.399+0000] {logging_mixin.py:188} INFO - [2024-08-10T23:31:59.399+0000] {dag.py:3947} INFO - Setting next_dagrun for consume_1_and_2_with_dataset_expressions to None, run_after=None
[2024-08-10T23:31:59.401+0000] {logging_mixin.py:188} INFO - [2024-08-10T23:31:59.401+0000] {dag.py:3947} INFO - Setting next_dagrun for consume_1_or_2_with_dataset_expressions to None, run_after=None
[2024-08-10T23:31:59.402+0000] {logging_mixin.py:188} INFO - [2024-08-10T23:31:59.402+0000] {dag.py:3947} INFO - Setting next_dagrun for consume_1_or_both_2_and_3_with_dataset_expressions to None, run_after=None
[2024-08-10T23:31:59.403+0000] {logging_mixin.py:188} INFO - [2024-08-10T23:31:59.403+0000] {dag.py:3947} INFO - Setting next_dagrun for dataset_consumes_1 to None, run_after=None
[2024-08-10T23:31:59.405+0000] {logging_mixin.py:188} INFO - [2024-08-10T23:31:59.405+0000] {dag.py:3947} INFO - Setting next_dagrun for dataset_consumes_1_and_2 to None, run_after=None
[2024-08-10T23:31:59.406+0000] {logging_mixin.py:188} INFO - [2024-08-10T23:31:59.406+0000] {dag.py:3947} INFO - Setting next_dagrun for dataset_consumes_1_never_scheduled to None, run_after=None
[2024-08-10T23:31:59.407+0000] {logging_mixin.py:188} INFO - [2024-08-10T23:31:59.407+0000] {dag.py:3947} INFO - Setting next_dagrun for dataset_consumes_unknown_never_scheduled to None, run_after=None
[2024-08-10T23:31:59.410+0000] {logging_mixin.py:188} INFO - [2024-08-10T23:31:59.409+0000] {dag.py:3947} INFO - Setting next_dagrun for dataset_produces_1 to 2024-08-09 00:00:00+00:00, run_after=2024-08-10 00:00:00+00:00
[2024-08-10T23:31:59.411+0000] {logging_mixin.py:188} INFO - [2024-08-10T23:31:59.411+0000] {dag.py:3947} INFO - Setting next_dagrun for dataset_produces_2 to None, run_after=None
[2024-08-10T23:31:59.447+0000] {processor.py:183} INFO - Processing /home/airflow/.local/lib/python3.12/site-packages/airflow/example_dags/example_datasets.py took 0.144 seconds
[2024-08-10T23:32:29.620+0000] {processor.py:161} INFO - Started process (PID=783) to work on /home/airflow/.local/lib/python3.12/site-packages/airflow/example_dags/example_datasets.py
[2024-08-10T23:32:29.621+0000] {processor.py:830} INFO - Processing file /home/airflow/.local/lib/python3.12/site-packages/airflow/example_dags/example_datasets.py for tasks to queue
[2024-08-10T23:32:29.623+0000] {logging_mixin.py:188} INFO - [2024-08-10T23:32:29.622+0000] {dagbag.py:545} INFO - Filling up the DagBag from /home/airflow/.local/lib/python3.12/site-packages/airflow/example_dags/example_datasets.py
[2024-08-10T23:32:29.633+0000] {processor.py:840} INFO - DAG(s) 'dataset_consumes_1_and_2', 'consume_1_or_both_2_and_3_with_dataset_expressions', 'consume_1_or_2_with_dataset_expressions', 'dataset_consumes_1', 'dataset_consumes_unknown_never_scheduled', 'dataset_consumes_1_never_scheduled', 'dataset_produces_1', 'consume_1_and_2_with_dataset_expressions', 'conditional_dataset_and_time_based_timetable', 'dataset_produces_2' retrieved from /home/airflow/.local/lib/python3.12/site-packages/airflow/example_dags/example_datasets.py
[2024-08-10T23:32:29.669+0000] {logging_mixin.py:188} INFO - [2024-08-10T23:32:29.669+0000] {dag.py:3089} INFO - Sync 10 DAGs
[2024-08-10T23:32:29.689+0000] {logging_mixin.py:188} INFO - [2024-08-10T23:32:29.688+0000] {dag.py:3947} INFO - Setting next_dagrun for conditional_dataset_and_time_based_timetable to 2024-08-07 01:00:00+00:00, run_after=2024-08-07 01:00:00+00:00
[2024-08-10T23:32:29.692+0000] {logging_mixin.py:188} INFO - [2024-08-10T23:32:29.692+0000] {dag.py:3947} INFO - Setting next_dagrun for consume_1_and_2_with_dataset_expressions to None, run_after=None
[2024-08-10T23:32:29.693+0000] {logging_mixin.py:188} INFO - [2024-08-10T23:32:29.693+0000] {dag.py:3947} INFO - Setting next_dagrun for consume_1_or_2_with_dataset_expressions to None, run_after=None
[2024-08-10T23:32:29.694+0000] {logging_mixin.py:188} INFO - [2024-08-10T23:32:29.694+0000] {dag.py:3947} INFO - Setting next_dagrun for consume_1_or_both_2_and_3_with_dataset_expressions to None, run_after=None
[2024-08-10T23:32:29.695+0000] {logging_mixin.py:188} INFO - [2024-08-10T23:32:29.695+0000] {dag.py:3947} INFO - Setting next_dagrun for dataset_consumes_1 to None, run_after=None
[2024-08-10T23:32:29.696+0000] {logging_mixin.py:188} INFO - [2024-08-10T23:32:29.696+0000] {dag.py:3947} INFO - Setting next_dagrun for dataset_consumes_1_and_2 to None, run_after=None
[2024-08-10T23:32:29.697+0000] {logging_mixin.py:188} INFO - [2024-08-10T23:32:29.697+0000] {dag.py:3947} INFO - Setting next_dagrun for dataset_consumes_1_never_scheduled to None, run_after=None
[2024-08-10T23:32:29.698+0000] {logging_mixin.py:188} INFO - [2024-08-10T23:32:29.698+0000] {dag.py:3947} INFO - Setting next_dagrun for dataset_consumes_unknown_never_scheduled to None, run_after=None
[2024-08-10T23:32:29.700+0000] {logging_mixin.py:188} INFO - [2024-08-10T23:32:29.700+0000] {dag.py:3947} INFO - Setting next_dagrun for dataset_produces_1 to 2024-08-09 00:00:00+00:00, run_after=2024-08-10 00:00:00+00:00
[2024-08-10T23:32:29.701+0000] {logging_mixin.py:188} INFO - [2024-08-10T23:32:29.701+0000] {dag.py:3947} INFO - Setting next_dagrun for dataset_produces_2 to None, run_after=None
[2024-08-10T23:32:29.731+0000] {processor.py:183} INFO - Processing /home/airflow/.local/lib/python3.12/site-packages/airflow/example_dags/example_datasets.py took 0.114 seconds
[2024-08-10T23:32:59.811+0000] {processor.py:161} INFO - Started process (PID=841) to work on /home/airflow/.local/lib/python3.12/site-packages/airflow/example_dags/example_datasets.py
[2024-08-10T23:32:59.811+0000] {processor.py:830} INFO - Processing file /home/airflow/.local/lib/python3.12/site-packages/airflow/example_dags/example_datasets.py for tasks to queue
[2024-08-10T23:32:59.813+0000] {logging_mixin.py:188} INFO - [2024-08-10T23:32:59.812+0000] {dagbag.py:545} INFO - Filling up the DagBag from /home/airflow/.local/lib/python3.12/site-packages/airflow/example_dags/example_datasets.py
[2024-08-10T23:32:59.823+0000] {processor.py:840} INFO - DAG(s) 'conditional_dataset_and_time_based_timetable', 'dataset_consumes_unknown_never_scheduled', 'dataset_consumes_1_never_scheduled', 'dataset_consumes_1', 'dataset_consumes_1_and_2', 'dataset_produces_2', 'consume_1_and_2_with_dataset_expressions', 'consume_1_or_2_with_dataset_expressions', 'dataset_produces_1', 'consume_1_or_both_2_and_3_with_dataset_expressions' retrieved from /home/airflow/.local/lib/python3.12/site-packages/airflow/example_dags/example_datasets.py
[2024-08-10T23:32:59.867+0000] {logging_mixin.py:188} INFO - [2024-08-10T23:32:59.866+0000] {dag.py:3089} INFO - Sync 10 DAGs
[2024-08-10T23:32:59.888+0000] {logging_mixin.py:188} INFO - [2024-08-10T23:32:59.888+0000] {dag.py:3947} INFO - Setting next_dagrun for conditional_dataset_and_time_based_timetable to 2024-08-07 01:00:00+00:00, run_after=2024-08-07 01:00:00+00:00
[2024-08-10T23:32:59.892+0000] {logging_mixin.py:188} INFO - [2024-08-10T23:32:59.891+0000] {dag.py:3947} INFO - Setting next_dagrun for consume_1_and_2_with_dataset_expressions to None, run_after=None
[2024-08-10T23:32:59.893+0000] {logging_mixin.py:188} INFO - [2024-08-10T23:32:59.893+0000] {dag.py:3947} INFO - Setting next_dagrun for consume_1_or_2_with_dataset_expressions to None, run_after=None
[2024-08-10T23:32:59.894+0000] {logging_mixin.py:188} INFO - [2024-08-10T23:32:59.894+0000] {dag.py:3947} INFO - Setting next_dagrun for consume_1_or_both_2_and_3_with_dataset_expressions to None, run_after=None
[2024-08-10T23:32:59.895+0000] {logging_mixin.py:188} INFO - [2024-08-10T23:32:59.895+0000] {dag.py:3947} INFO - Setting next_dagrun for dataset_consumes_1 to None, run_after=None
[2024-08-10T23:32:59.896+0000] {logging_mixin.py:188} INFO - [2024-08-10T23:32:59.896+0000] {dag.py:3947} INFO - Setting next_dagrun for dataset_consumes_1_and_2 to None, run_after=None
[2024-08-10T23:32:59.897+0000] {logging_mixin.py:188} INFO - [2024-08-10T23:32:59.897+0000] {dag.py:3947} INFO - Setting next_dagrun for dataset_consumes_1_never_scheduled to None, run_after=None
[2024-08-10T23:32:59.898+0000] {logging_mixin.py:188} INFO - [2024-08-10T23:32:59.898+0000] {dag.py:3947} INFO - Setting next_dagrun for dataset_consumes_unknown_never_scheduled to None, run_after=None
[2024-08-10T23:32:59.900+0000] {logging_mixin.py:188} INFO - [2024-08-10T23:32:59.900+0000] {dag.py:3947} INFO - Setting next_dagrun for dataset_produces_1 to 2024-08-09 00:00:00+00:00, run_after=2024-08-10 00:00:00+00:00
[2024-08-10T23:32:59.902+0000] {logging_mixin.py:188} INFO - [2024-08-10T23:32:59.901+0000] {dag.py:3947} INFO - Setting next_dagrun for dataset_produces_2 to None, run_after=None
[2024-08-10T23:32:59.935+0000] {processor.py:183} INFO - Processing /home/airflow/.local/lib/python3.12/site-packages/airflow/example_dags/example_datasets.py took 0.128 seconds
[2024-08-10T23:33:30.099+0000] {processor.py:161} INFO - Started process (PID=899) to work on /home/airflow/.local/lib/python3.12/site-packages/airflow/example_dags/example_datasets.py
[2024-08-10T23:33:30.099+0000] {processor.py:830} INFO - Processing file /home/airflow/.local/lib/python3.12/site-packages/airflow/example_dags/example_datasets.py for tasks to queue
[2024-08-10T23:33:30.101+0000] {logging_mixin.py:188} INFO - [2024-08-10T23:33:30.101+0000] {dagbag.py:545} INFO - Filling up the DagBag from /home/airflow/.local/lib/python3.12/site-packages/airflow/example_dags/example_datasets.py
[2024-08-10T23:33:30.112+0000] {processor.py:840} INFO - DAG(s) 'dataset_produces_1', 'consume_1_or_both_2_and_3_with_dataset_expressions', 'conditional_dataset_and_time_based_timetable', 'dataset_consumes_1_never_scheduled', 'dataset_produces_2', 'consume_1_or_2_with_dataset_expressions', 'dataset_consumes_unknown_never_scheduled', 'dataset_consumes_1_and_2', 'consume_1_and_2_with_dataset_expressions', 'dataset_consumes_1' retrieved from /home/airflow/.local/lib/python3.12/site-packages/airflow/example_dags/example_datasets.py
[2024-08-10T23:33:30.154+0000] {logging_mixin.py:188} INFO - [2024-08-10T23:33:30.154+0000] {dag.py:3089} INFO - Sync 10 DAGs
[2024-08-10T23:33:30.176+0000] {logging_mixin.py:188} INFO - [2024-08-10T23:33:30.176+0000] {dag.py:3947} INFO - Setting next_dagrun for conditional_dataset_and_time_based_timetable to 2024-08-07 01:00:00+00:00, run_after=2024-08-07 01:00:00+00:00
[2024-08-10T23:33:30.179+0000] {logging_mixin.py:188} INFO - [2024-08-10T23:33:30.179+0000] {dag.py:3947} INFO - Setting next_dagrun for consume_1_and_2_with_dataset_expressions to None, run_after=None
[2024-08-10T23:33:30.180+0000] {logging_mixin.py:188} INFO - [2024-08-10T23:33:30.180+0000] {dag.py:3947} INFO - Setting next_dagrun for consume_1_or_2_with_dataset_expressions to None, run_after=None
[2024-08-10T23:33:30.182+0000] {logging_mixin.py:188} INFO - [2024-08-10T23:33:30.182+0000] {dag.py:3947} INFO - Setting next_dagrun for consume_1_or_both_2_and_3_with_dataset_expressions to None, run_after=None
[2024-08-10T23:33:30.183+0000] {logging_mixin.py:188} INFO - [2024-08-10T23:33:30.183+0000] {dag.py:3947} INFO - Setting next_dagrun for dataset_consumes_1 to None, run_after=None
[2024-08-10T23:33:30.184+0000] {logging_mixin.py:188} INFO - [2024-08-10T23:33:30.184+0000] {dag.py:3947} INFO - Setting next_dagrun for dataset_consumes_1_and_2 to None, run_after=None
[2024-08-10T23:33:30.186+0000] {logging_mixin.py:188} INFO - [2024-08-10T23:33:30.185+0000] {dag.py:3947} INFO - Setting next_dagrun for dataset_consumes_1_never_scheduled to None, run_after=None
[2024-08-10T23:33:30.186+0000] {logging_mixin.py:188} INFO - [2024-08-10T23:33:30.186+0000] {dag.py:3947} INFO - Setting next_dagrun for dataset_consumes_unknown_never_scheduled to None, run_after=None
[2024-08-10T23:33:30.188+0000] {logging_mixin.py:188} INFO - [2024-08-10T23:33:30.188+0000] {dag.py:3947} INFO - Setting next_dagrun for dataset_produces_1 to 2024-08-09 00:00:00+00:00, run_after=2024-08-10 00:00:00+00:00
[2024-08-10T23:33:30.189+0000] {logging_mixin.py:188} INFO - [2024-08-10T23:33:30.189+0000] {dag.py:3947} INFO - Setting next_dagrun for dataset_produces_2 to None, run_after=None
[2024-08-10T23:33:30.217+0000] {processor.py:183} INFO - Processing /home/airflow/.local/lib/python3.12/site-packages/airflow/example_dags/example_datasets.py took 0.123 seconds
[2024-08-10T23:34:00.378+0000] {processor.py:161} INFO - Started process (PID=957) to work on /home/airflow/.local/lib/python3.12/site-packages/airflow/example_dags/example_datasets.py
[2024-08-10T23:34:00.379+0000] {processor.py:830} INFO - Processing file /home/airflow/.local/lib/python3.12/site-packages/airflow/example_dags/example_datasets.py for tasks to queue
[2024-08-10T23:34:00.380+0000] {logging_mixin.py:188} INFO - [2024-08-10T23:34:00.380+0000] {dagbag.py:545} INFO - Filling up the DagBag from /home/airflow/.local/lib/python3.12/site-packages/airflow/example_dags/example_datasets.py
[2024-08-10T23:34:00.391+0000] {processor.py:840} INFO - DAG(s) 'dataset_consumes_1_never_scheduled', 'dataset_produces_1', 'consume_1_and_2_with_dataset_expressions', 'conditional_dataset_and_time_based_timetable', 'consume_1_or_both_2_and_3_with_dataset_expressions', 'dataset_produces_2', 'dataset_consumes_1', 'consume_1_or_2_with_dataset_expressions', 'dataset_consumes_unknown_never_scheduled', 'dataset_consumes_1_and_2' retrieved from /home/airflow/.local/lib/python3.12/site-packages/airflow/example_dags/example_datasets.py
[2024-08-10T23:34:00.431+0000] {logging_mixin.py:188} INFO - [2024-08-10T23:34:00.431+0000] {dag.py:3089} INFO - Sync 10 DAGs
[2024-08-10T23:34:00.452+0000] {logging_mixin.py:188} INFO - [2024-08-10T23:34:00.452+0000] {dag.py:3947} INFO - Setting next_dagrun for conditional_dataset_and_time_based_timetable to 2024-08-07 01:00:00+00:00, run_after=2024-08-07 01:00:00+00:00
[2024-08-10T23:34:00.457+0000] {logging_mixin.py:188} INFO - [2024-08-10T23:34:00.457+0000] {dag.py:3947} INFO - Setting next_dagrun for consume_1_and_2_with_dataset_expressions to None, run_after=None
[2024-08-10T23:34:00.458+0000] {logging_mixin.py:188} INFO - [2024-08-10T23:34:00.458+0000] {dag.py:3947} INFO - Setting next_dagrun for consume_1_or_2_with_dataset_expressions to None, run_after=None
[2024-08-10T23:34:00.460+0000] {logging_mixin.py:188} INFO - [2024-08-10T23:34:00.460+0000] {dag.py:3947} INFO - Setting next_dagrun for consume_1_or_both_2_and_3_with_dataset_expressions to None, run_after=None
[2024-08-10T23:34:00.462+0000] {logging_mixin.py:188} INFO - [2024-08-10T23:34:00.461+0000] {dag.py:3947} INFO - Setting next_dagrun for dataset_consumes_1 to None, run_after=None
[2024-08-10T23:34:00.463+0000] {logging_mixin.py:188} INFO - [2024-08-10T23:34:00.463+0000] {dag.py:3947} INFO - Setting next_dagrun for dataset_consumes_1_and_2 to None, run_after=None
[2024-08-10T23:34:00.465+0000] {logging_mixin.py:188} INFO - [2024-08-10T23:34:00.465+0000] {dag.py:3947} INFO - Setting next_dagrun for dataset_consumes_1_never_scheduled to None, run_after=None
[2024-08-10T23:34:00.466+0000] {logging_mixin.py:188} INFO - [2024-08-10T23:34:00.466+0000] {dag.py:3947} INFO - Setting next_dagrun for dataset_consumes_unknown_never_scheduled to None, run_after=None
[2024-08-10T23:34:00.469+0000] {logging_mixin.py:188} INFO - [2024-08-10T23:34:00.469+0000] {dag.py:3947} INFO - Setting next_dagrun for dataset_produces_1 to 2024-08-09 00:00:00+00:00, run_after=2024-08-10 00:00:00+00:00
[2024-08-10T23:34:00.470+0000] {logging_mixin.py:188} INFO - [2024-08-10T23:34:00.470+0000] {dag.py:3947} INFO - Setting next_dagrun for dataset_produces_2 to None, run_after=None
[2024-08-10T23:34:00.503+0000] {processor.py:183} INFO - Processing /home/airflow/.local/lib/python3.12/site-packages/airflow/example_dags/example_datasets.py took 0.129 seconds
[2024-08-10T23:34:30.775+0000] {processor.py:161} INFO - Started process (PID=1015) to work on /home/airflow/.local/lib/python3.12/site-packages/airflow/example_dags/example_datasets.py
[2024-08-10T23:34:30.776+0000] {processor.py:830} INFO - Processing file /home/airflow/.local/lib/python3.12/site-packages/airflow/example_dags/example_datasets.py for tasks to queue
[2024-08-10T23:34:30.777+0000] {logging_mixin.py:188} INFO - [2024-08-10T23:34:30.777+0000] {dagbag.py:545} INFO - Filling up the DagBag from /home/airflow/.local/lib/python3.12/site-packages/airflow/example_dags/example_datasets.py
[2024-08-10T23:34:30.788+0000] {processor.py:840} INFO - DAG(s) 'consume_1_or_2_with_dataset_expressions', 'dataset_produces_2', 'dataset_consumes_1', 'dataset_consumes_1_and_2', 'conditional_dataset_and_time_based_timetable', 'consume_1_and_2_with_dataset_expressions', 'dataset_consumes_1_never_scheduled', 'dataset_consumes_unknown_never_scheduled', 'dataset_produces_1', 'consume_1_or_both_2_and_3_with_dataset_expressions' retrieved from /home/airflow/.local/lib/python3.12/site-packages/airflow/example_dags/example_datasets.py
[2024-08-10T23:34:30.829+0000] {logging_mixin.py:188} INFO - [2024-08-10T23:34:30.829+0000] {dag.py:3089} INFO - Sync 10 DAGs
[2024-08-10T23:34:30.849+0000] {logging_mixin.py:188} INFO - [2024-08-10T23:34:30.849+0000] {dag.py:3947} INFO - Setting next_dagrun for conditional_dataset_and_time_based_timetable to 2024-08-07 01:00:00+00:00, run_after=2024-08-07 01:00:00+00:00
[2024-08-10T23:34:30.853+0000] {logging_mixin.py:188} INFO - [2024-08-10T23:34:30.853+0000] {dag.py:3947} INFO - Setting next_dagrun for consume_1_and_2_with_dataset_expressions to None, run_after=None
[2024-08-10T23:34:30.854+0000] {logging_mixin.py:188} INFO - [2024-08-10T23:34:30.854+0000] {dag.py:3947} INFO - Setting next_dagrun for consume_1_or_2_with_dataset_expressions to None, run_after=None
[2024-08-10T23:34:30.856+0000] {logging_mixin.py:188} INFO - [2024-08-10T23:34:30.856+0000] {dag.py:3947} INFO - Setting next_dagrun for consume_1_or_both_2_and_3_with_dataset_expressions to None, run_after=None
[2024-08-10T23:34:30.858+0000] {logging_mixin.py:188} INFO - [2024-08-10T23:34:30.857+0000] {dag.py:3947} INFO - Setting next_dagrun for dataset_consumes_1 to None, run_after=None
[2024-08-10T23:34:30.859+0000] {logging_mixin.py:188} INFO - [2024-08-10T23:34:30.859+0000] {dag.py:3947} INFO - Setting next_dagrun for dataset_consumes_1_and_2 to None, run_after=None
[2024-08-10T23:34:30.860+0000] {logging_mixin.py:188} INFO - [2024-08-10T23:34:30.860+0000] {dag.py:3947} INFO - Setting next_dagrun for dataset_consumes_1_never_scheduled to None, run_after=None
[2024-08-10T23:34:30.861+0000] {logging_mixin.py:188} INFO - [2024-08-10T23:34:30.861+0000] {dag.py:3947} INFO - Setting next_dagrun for dataset_consumes_unknown_never_scheduled to None, run_after=None
[2024-08-10T23:34:30.863+0000] {logging_mixin.py:188} INFO - [2024-08-10T23:34:30.863+0000] {dag.py:3947} INFO - Setting next_dagrun for dataset_produces_1 to 2024-08-09 00:00:00+00:00, run_after=2024-08-10 00:00:00+00:00
[2024-08-10T23:34:30.864+0000] {logging_mixin.py:188} INFO - [2024-08-10T23:34:30.864+0000] {dag.py:3947} INFO - Setting next_dagrun for dataset_produces_2 to None, run_after=None
[2024-08-10T23:34:30.893+0000] {processor.py:183} INFO - Processing /home/airflow/.local/lib/python3.12/site-packages/airflow/example_dags/example_datasets.py took 0.122 seconds
[2024-08-10T23:35:01.191+0000] {processor.py:161} INFO - Started process (PID=1073) to work on /home/airflow/.local/lib/python3.12/site-packages/airflow/example_dags/example_datasets.py
[2024-08-10T23:35:01.192+0000] {processor.py:830} INFO - Processing file /home/airflow/.local/lib/python3.12/site-packages/airflow/example_dags/example_datasets.py for tasks to queue
[2024-08-10T23:35:01.194+0000] {logging_mixin.py:188} INFO - [2024-08-10T23:35:01.194+0000] {dagbag.py:545} INFO - Filling up the DagBag from /home/airflow/.local/lib/python3.12/site-packages/airflow/example_dags/example_datasets.py
[2024-08-10T23:35:01.205+0000] {processor.py:840} INFO - DAG(s) 'dataset_consumes_1', 'consume_1_and_2_with_dataset_expressions', 'dataset_consumes_1_never_scheduled', 'dataset_produces_2', 'dataset_consumes_1_and_2', 'dataset_produces_1', 'conditional_dataset_and_time_based_timetable', 'consume_1_or_2_with_dataset_expressions', 'dataset_consumes_unknown_never_scheduled', 'consume_1_or_both_2_and_3_with_dataset_expressions' retrieved from /home/airflow/.local/lib/python3.12/site-packages/airflow/example_dags/example_datasets.py
[2024-08-10T23:35:01.254+0000] {logging_mixin.py:188} INFO - [2024-08-10T23:35:01.253+0000] {dag.py:3089} INFO - Sync 10 DAGs
[2024-08-10T23:35:01.275+0000] {logging_mixin.py:188} INFO - [2024-08-10T23:35:01.275+0000] {dag.py:3947} INFO - Setting next_dagrun for conditional_dataset_and_time_based_timetable to 2024-08-07 01:00:00+00:00, run_after=2024-08-07 01:00:00+00:00
[2024-08-10T23:35:01.279+0000] {logging_mixin.py:188} INFO - [2024-08-10T23:35:01.279+0000] {dag.py:3947} INFO - Setting next_dagrun for consume_1_and_2_with_dataset_expressions to None, run_after=None
[2024-08-10T23:35:01.280+0000] {logging_mixin.py:188} INFO - [2024-08-10T23:35:01.280+0000] {dag.py:3947} INFO - Setting next_dagrun for consume_1_or_2_with_dataset_expressions to None, run_after=None
[2024-08-10T23:35:01.282+0000] {logging_mixin.py:188} INFO - [2024-08-10T23:35:01.282+0000] {dag.py:3947} INFO - Setting next_dagrun for consume_1_or_both_2_and_3_with_dataset_expressions to None, run_after=None
[2024-08-10T23:35:01.283+0000] {logging_mixin.py:188} INFO - [2024-08-10T23:35:01.283+0000] {dag.py:3947} INFO - Setting next_dagrun for dataset_consumes_1 to None, run_after=None
[2024-08-10T23:35:01.284+0000] {logging_mixin.py:188} INFO - [2024-08-10T23:35:01.284+0000] {dag.py:3947} INFO - Setting next_dagrun for dataset_consumes_1_and_2 to None, run_after=None
[2024-08-10T23:35:01.285+0000] {logging_mixin.py:188} INFO - [2024-08-10T23:35:01.285+0000] {dag.py:3947} INFO - Setting next_dagrun for dataset_consumes_1_never_scheduled to None, run_after=None
[2024-08-10T23:35:01.287+0000] {logging_mixin.py:188} INFO - [2024-08-10T23:35:01.287+0000] {dag.py:3947} INFO - Setting next_dagrun for dataset_consumes_unknown_never_scheduled to None, run_after=None
[2024-08-10T23:35:01.289+0000] {logging_mixin.py:188} INFO - [2024-08-10T23:35:01.289+0000] {dag.py:3947} INFO - Setting next_dagrun for dataset_produces_1 to 2024-08-09 00:00:00+00:00, run_after=2024-08-10 00:00:00+00:00
[2024-08-10T23:35:01.290+0000] {logging_mixin.py:188} INFO - [2024-08-10T23:35:01.290+0000] {dag.py:3947} INFO - Setting next_dagrun for dataset_produces_2 to None, run_after=None
[2024-08-10T23:35:01.326+0000] {processor.py:183} INFO - Processing /home/airflow/.local/lib/python3.12/site-packages/airflow/example_dags/example_datasets.py took 0.139 seconds
[2024-08-10T23:35:31.482+0000] {processor.py:161} INFO - Started process (PID=1131) to work on /home/airflow/.local/lib/python3.12/site-packages/airflow/example_dags/example_datasets.py
[2024-08-10T23:35:31.483+0000] {processor.py:830} INFO - Processing file /home/airflow/.local/lib/python3.12/site-packages/airflow/example_dags/example_datasets.py for tasks to queue
[2024-08-10T23:35:31.485+0000] {logging_mixin.py:188} INFO - [2024-08-10T23:35:31.484+0000] {dagbag.py:545} INFO - Filling up the DagBag from /home/airflow/.local/lib/python3.12/site-packages/airflow/example_dags/example_datasets.py
[2024-08-10T23:35:31.500+0000] {processor.py:840} INFO - DAG(s) 'dataset_consumes_unknown_never_scheduled', 'dataset_consumes_1', 'conditional_dataset_and_time_based_timetable', 'dataset_produces_1', 'dataset_consumes_1_and_2', 'consume_1_or_2_with_dataset_expressions', 'consume_1_and_2_with_dataset_expressions', 'dataset_consumes_1_never_scheduled', 'dataset_produces_2', 'consume_1_or_both_2_and_3_with_dataset_expressions' retrieved from /home/airflow/.local/lib/python3.12/site-packages/airflow/example_dags/example_datasets.py
[2024-08-10T23:35:31.560+0000] {logging_mixin.py:188} INFO - [2024-08-10T23:35:31.560+0000] {dag.py:3089} INFO - Sync 10 DAGs
[2024-08-10T23:35:31.593+0000] {logging_mixin.py:188} INFO - [2024-08-10T23:35:31.593+0000] {dag.py:3947} INFO - Setting next_dagrun for conditional_dataset_and_time_based_timetable to 2024-08-07 01:00:00+00:00, run_after=2024-08-07 01:00:00+00:00
[2024-08-10T23:35:31.598+0000] {logging_mixin.py:188} INFO - [2024-08-10T23:35:31.598+0000] {dag.py:3947} INFO - Setting next_dagrun for consume_1_and_2_with_dataset_expressions to None, run_after=None
[2024-08-10T23:35:31.600+0000] {logging_mixin.py:188} INFO - [2024-08-10T23:35:31.600+0000] {dag.py:3947} INFO - Setting next_dagrun for consume_1_or_2_with_dataset_expressions to None, run_after=None
[2024-08-10T23:35:31.602+0000] {logging_mixin.py:188} INFO - [2024-08-10T23:35:31.602+0000] {dag.py:3947} INFO - Setting next_dagrun for consume_1_or_both_2_and_3_with_dataset_expressions to None, run_after=None
[2024-08-10T23:35:31.603+0000] {logging_mixin.py:188} INFO - [2024-08-10T23:35:31.603+0000] {dag.py:3947} INFO - Setting next_dagrun for dataset_consumes_1 to None, run_after=None
[2024-08-10T23:35:31.605+0000] {logging_mixin.py:188} INFO - [2024-08-10T23:35:31.605+0000] {dag.py:3947} INFO - Setting next_dagrun for dataset_consumes_1_and_2 to None, run_after=None
[2024-08-10T23:35:31.606+0000] {logging_mixin.py:188} INFO - [2024-08-10T23:35:31.606+0000] {dag.py:3947} INFO - Setting next_dagrun for dataset_consumes_1_never_scheduled to None, run_after=None
[2024-08-10T23:35:31.608+0000] {logging_mixin.py:188} INFO - [2024-08-10T23:35:31.607+0000] {dag.py:3947} INFO - Setting next_dagrun for dataset_consumes_unknown_never_scheduled to None, run_after=None
[2024-08-10T23:35:31.611+0000] {logging_mixin.py:188} INFO - [2024-08-10T23:35:31.610+0000] {dag.py:3947} INFO - Setting next_dagrun for dataset_produces_1 to 2024-08-09 00:00:00+00:00, run_after=2024-08-10 00:00:00+00:00
[2024-08-10T23:35:31.612+0000] {logging_mixin.py:188} INFO - [2024-08-10T23:35:31.612+0000] {dag.py:3947} INFO - Setting next_dagrun for dataset_produces_2 to None, run_after=None
[2024-08-10T23:35:31.655+0000] {processor.py:183} INFO - Processing /home/airflow/.local/lib/python3.12/site-packages/airflow/example_dags/example_datasets.py took 0.178 seconds
