[2024-08-10T23:26:24.116+0000] {processor.py:161} INFO - Started process (PID=79) to work on /home/airflow/.local/lib/python3.12/site-packages/airflow/example_dags/example_setup_teardown.py
[2024-08-10T23:26:24.117+0000] {processor.py:830} INFO - Processing file /home/airflow/.local/lib/python3.12/site-packages/airflow/example_dags/example_setup_teardown.py for tasks to queue
[2024-08-10T23:26:24.118+0000] {logging_mixin.py:188} INFO - [2024-08-10T23:26:24.118+0000] {dagbag.py:545} INFO - Filling up the DagBag from /home/airflow/.local/lib/python3.12/site-packages/airflow/example_dags/example_setup_teardown.py
[2024-08-10T23:26:24.132+0000] {processor.py:840} INFO - DAG(s) 'example_setup_teardown' retrieved from /home/airflow/.local/lib/python3.12/site-packages/airflow/example_dags/example_setup_teardown.py
[2024-08-10T23:26:24.156+0000] {logging_mixin.py:188} INFO - [2024-08-10T23:26:24.156+0000] {dag.py:3089} INFO - Sync 1 DAGs
[2024-08-10T23:26:24.192+0000] {logging_mixin.py:188} INFO - [2024-08-10T23:26:24.191+0000] {dag.py:3947} INFO - Setting next_dagrun for example_setup_teardown to 2024-08-09 00:00:00+00:00, run_after=2024-08-10 00:00:00+00:00
[2024-08-10T23:26:24.226+0000] {processor.py:183} INFO - Processing /home/airflow/.local/lib/python3.12/site-packages/airflow/example_dags/example_setup_teardown.py took 0.115 seconds
[2024-08-10T23:26:54.636+0000] {processor.py:161} INFO - Started process (PID=137) to work on /home/airflow/.local/lib/python3.12/site-packages/airflow/example_dags/example_setup_teardown.py
[2024-08-10T23:26:54.636+0000] {processor.py:830} INFO - Processing file /home/airflow/.local/lib/python3.12/site-packages/airflow/example_dags/example_setup_teardown.py for tasks to queue
[2024-08-10T23:26:54.638+0000] {logging_mixin.py:188} INFO - [2024-08-10T23:26:54.637+0000] {dagbag.py:545} INFO - Filling up the DagBag from /home/airflow/.local/lib/python3.12/site-packages/airflow/example_dags/example_setup_teardown.py
[2024-08-10T23:26:54.643+0000] {processor.py:840} INFO - DAG(s) 'example_setup_teardown' retrieved from /home/airflow/.local/lib/python3.12/site-packages/airflow/example_dags/example_setup_teardown.py
[2024-08-10T23:26:54.724+0000] {logging_mixin.py:188} INFO - [2024-08-10T23:26:54.723+0000] {dag.py:3089} INFO - Sync 1 DAGs
[2024-08-10T23:26:54.739+0000] {logging_mixin.py:188} INFO - [2024-08-10T23:26:54.738+0000] {dag.py:3947} INFO - Setting next_dagrun for example_setup_teardown to 2024-08-09 00:00:00+00:00, run_after=2024-08-10 00:00:00+00:00
[2024-08-10T23:26:54.754+0000] {processor.py:183} INFO - Processing /home/airflow/.local/lib/python3.12/site-packages/airflow/example_dags/example_setup_teardown.py took 0.124 seconds
[2024-08-10T23:27:24.771+0000] {processor.py:161} INFO - Started process (PID=195) to work on /home/airflow/.local/lib/python3.12/site-packages/airflow/example_dags/example_setup_teardown.py
[2024-08-10T23:27:24.772+0000] {processor.py:830} INFO - Processing file /home/airflow/.local/lib/python3.12/site-packages/airflow/example_dags/example_setup_teardown.py for tasks to queue
[2024-08-10T23:27:24.774+0000] {logging_mixin.py:188} INFO - [2024-08-10T23:27:24.773+0000] {dagbag.py:545} INFO - Filling up the DagBag from /home/airflow/.local/lib/python3.12/site-packages/airflow/example_dags/example_setup_teardown.py
[2024-08-10T23:27:24.779+0000] {processor.py:840} INFO - DAG(s) 'example_setup_teardown' retrieved from /home/airflow/.local/lib/python3.12/site-packages/airflow/example_dags/example_setup_teardown.py
[2024-08-10T23:27:24.797+0000] {logging_mixin.py:188} INFO - [2024-08-10T23:27:24.797+0000] {dag.py:3089} INFO - Sync 1 DAGs
[2024-08-10T23:27:24.816+0000] {logging_mixin.py:188} INFO - [2024-08-10T23:27:24.816+0000] {dag.py:3947} INFO - Setting next_dagrun for example_setup_teardown to 2024-08-09 00:00:00+00:00, run_after=2024-08-10 00:00:00+00:00
[2024-08-10T23:27:24.832+0000] {processor.py:183} INFO - Processing /home/airflow/.local/lib/python3.12/site-packages/airflow/example_dags/example_setup_teardown.py took 0.065 seconds
[2024-08-10T23:27:55.038+0000] {processor.py:161} INFO - Started process (PID=253) to work on /home/airflow/.local/lib/python3.12/site-packages/airflow/example_dags/example_setup_teardown.py
[2024-08-10T23:27:55.039+0000] {processor.py:830} INFO - Processing file /home/airflow/.local/lib/python3.12/site-packages/airflow/example_dags/example_setup_teardown.py for tasks to queue
[2024-08-10T23:27:55.041+0000] {logging_mixin.py:188} INFO - [2024-08-10T23:27:55.041+0000] {dagbag.py:545} INFO - Filling up the DagBag from /home/airflow/.local/lib/python3.12/site-packages/airflow/example_dags/example_setup_teardown.py
[2024-08-10T23:27:55.046+0000] {processor.py:840} INFO - DAG(s) 'example_setup_teardown' retrieved from /home/airflow/.local/lib/python3.12/site-packages/airflow/example_dags/example_setup_teardown.py
[2024-08-10T23:27:55.061+0000] {logging_mixin.py:188} INFO - [2024-08-10T23:27:55.061+0000] {dag.py:3089} INFO - Sync 1 DAGs
[2024-08-10T23:27:55.077+0000] {logging_mixin.py:188} INFO - [2024-08-10T23:27:55.076+0000] {dag.py:3947} INFO - Setting next_dagrun for example_setup_teardown to 2024-08-09 00:00:00+00:00, run_after=2024-08-10 00:00:00+00:00
[2024-08-10T23:27:55.091+0000] {processor.py:183} INFO - Processing /home/airflow/.local/lib/python3.12/site-packages/airflow/example_dags/example_setup_teardown.py took 0.057 seconds
[2024-08-10T23:28:25.571+0000] {processor.py:161} INFO - Started process (PID=311) to work on /home/airflow/.local/lib/python3.12/site-packages/airflow/example_dags/example_setup_teardown.py
[2024-08-10T23:28:25.572+0000] {processor.py:830} INFO - Processing file /home/airflow/.local/lib/python3.12/site-packages/airflow/example_dags/example_setup_teardown.py for tasks to queue
[2024-08-10T23:28:25.573+0000] {logging_mixin.py:188} INFO - [2024-08-10T23:28:25.573+0000] {dagbag.py:545} INFO - Filling up the DagBag from /home/airflow/.local/lib/python3.12/site-packages/airflow/example_dags/example_setup_teardown.py
[2024-08-10T23:28:25.579+0000] {processor.py:840} INFO - DAG(s) 'example_setup_teardown' retrieved from /home/airflow/.local/lib/python3.12/site-packages/airflow/example_dags/example_setup_teardown.py
[2024-08-10T23:28:25.599+0000] {logging_mixin.py:188} INFO - [2024-08-10T23:28:25.599+0000] {dag.py:3089} INFO - Sync 1 DAGs
[2024-08-10T23:28:25.618+0000] {logging_mixin.py:188} INFO - [2024-08-10T23:28:25.618+0000] {dag.py:3947} INFO - Setting next_dagrun for example_setup_teardown to 2024-08-09 00:00:00+00:00, run_after=2024-08-10 00:00:00+00:00
[2024-08-10T23:28:25.634+0000] {processor.py:183} INFO - Processing /home/airflow/.local/lib/python3.12/site-packages/airflow/example_dags/example_setup_teardown.py took 0.068 seconds
[2024-08-10T23:28:55.736+0000] {processor.py:161} INFO - Started process (PID=369) to work on /home/airflow/.local/lib/python3.12/site-packages/airflow/example_dags/example_setup_teardown.py
[2024-08-10T23:28:55.737+0000] {processor.py:830} INFO - Processing file /home/airflow/.local/lib/python3.12/site-packages/airflow/example_dags/example_setup_teardown.py for tasks to queue
[2024-08-10T23:28:55.738+0000] {logging_mixin.py:188} INFO - [2024-08-10T23:28:55.738+0000] {dagbag.py:545} INFO - Filling up the DagBag from /home/airflow/.local/lib/python3.12/site-packages/airflow/example_dags/example_setup_teardown.py
[2024-08-10T23:28:55.743+0000] {processor.py:840} INFO - DAG(s) 'example_setup_teardown' retrieved from /home/airflow/.local/lib/python3.12/site-packages/airflow/example_dags/example_setup_teardown.py
[2024-08-10T23:28:55.759+0000] {logging_mixin.py:188} INFO - [2024-08-10T23:28:55.758+0000] {dag.py:3089} INFO - Sync 1 DAGs
[2024-08-10T23:28:55.776+0000] {logging_mixin.py:188} INFO - [2024-08-10T23:28:55.775+0000] {dag.py:3947} INFO - Setting next_dagrun for example_setup_teardown to 2024-08-09 00:00:00+00:00, run_after=2024-08-10 00:00:00+00:00
[2024-08-10T23:28:55.793+0000] {processor.py:183} INFO - Processing /home/airflow/.local/lib/python3.12/site-packages/airflow/example_dags/example_setup_teardown.py took 0.061 seconds
[2024-08-10T23:29:26.183+0000] {processor.py:161} INFO - Started process (PID=427) to work on /home/airflow/.local/lib/python3.12/site-packages/airflow/example_dags/example_setup_teardown.py
[2024-08-10T23:29:26.184+0000] {processor.py:830} INFO - Processing file /home/airflow/.local/lib/python3.12/site-packages/airflow/example_dags/example_setup_teardown.py for tasks to queue
[2024-08-10T23:29:26.185+0000] {logging_mixin.py:188} INFO - [2024-08-10T23:29:26.185+0000] {dagbag.py:545} INFO - Filling up the DagBag from /home/airflow/.local/lib/python3.12/site-packages/airflow/example_dags/example_setup_teardown.py
[2024-08-10T23:29:26.189+0000] {processor.py:840} INFO - DAG(s) 'example_setup_teardown' retrieved from /home/airflow/.local/lib/python3.12/site-packages/airflow/example_dags/example_setup_teardown.py
[2024-08-10T23:29:26.205+0000] {logging_mixin.py:188} INFO - [2024-08-10T23:29:26.204+0000] {dag.py:3089} INFO - Sync 1 DAGs
[2024-08-10T23:29:26.223+0000] {logging_mixin.py:188} INFO - [2024-08-10T23:29:26.223+0000] {dag.py:3947} INFO - Setting next_dagrun for example_setup_teardown to 2024-08-09 00:00:00+00:00, run_after=2024-08-10 00:00:00+00:00
[2024-08-10T23:29:26.241+0000] {processor.py:183} INFO - Processing /home/airflow/.local/lib/python3.12/site-packages/airflow/example_dags/example_setup_teardown.py took 0.062 seconds
[2024-08-10T23:29:56.535+0000] {processor.py:161} INFO - Started process (PID=485) to work on /home/airflow/.local/lib/python3.12/site-packages/airflow/example_dags/example_setup_teardown.py
[2024-08-10T23:29:56.535+0000] {processor.py:830} INFO - Processing file /home/airflow/.local/lib/python3.12/site-packages/airflow/example_dags/example_setup_teardown.py for tasks to queue
[2024-08-10T23:29:56.537+0000] {logging_mixin.py:188} INFO - [2024-08-10T23:29:56.537+0000] {dagbag.py:545} INFO - Filling up the DagBag from /home/airflow/.local/lib/python3.12/site-packages/airflow/example_dags/example_setup_teardown.py
[2024-08-10T23:29:56.543+0000] {processor.py:840} INFO - DAG(s) 'example_setup_teardown' retrieved from /home/airflow/.local/lib/python3.12/site-packages/airflow/example_dags/example_setup_teardown.py
[2024-08-10T23:29:56.562+0000] {logging_mixin.py:188} INFO - [2024-08-10T23:29:56.561+0000] {dag.py:3089} INFO - Sync 1 DAGs
[2024-08-10T23:29:56.578+0000] {logging_mixin.py:188} INFO - [2024-08-10T23:29:56.578+0000] {dag.py:3947} INFO - Setting next_dagrun for example_setup_teardown to 2024-08-09 00:00:00+00:00, run_after=2024-08-10 00:00:00+00:00
[2024-08-10T23:29:56.597+0000] {processor.py:183} INFO - Processing /home/airflow/.local/lib/python3.12/site-packages/airflow/example_dags/example_setup_teardown.py took 0.066 seconds
[2024-08-10T23:30:26.668+0000] {processor.py:161} INFO - Started process (PID=543) to work on /home/airflow/.local/lib/python3.12/site-packages/airflow/example_dags/example_setup_teardown.py
[2024-08-10T23:30:26.669+0000] {processor.py:830} INFO - Processing file /home/airflow/.local/lib/python3.12/site-packages/airflow/example_dags/example_setup_teardown.py for tasks to queue
[2024-08-10T23:30:26.670+0000] {logging_mixin.py:188} INFO - [2024-08-10T23:30:26.670+0000] {dagbag.py:545} INFO - Filling up the DagBag from /home/airflow/.local/lib/python3.12/site-packages/airflow/example_dags/example_setup_teardown.py
[2024-08-10T23:30:26.675+0000] {processor.py:840} INFO - DAG(s) 'example_setup_teardown' retrieved from /home/airflow/.local/lib/python3.12/site-packages/airflow/example_dags/example_setup_teardown.py
[2024-08-10T23:30:26.692+0000] {logging_mixin.py:188} INFO - [2024-08-10T23:30:26.692+0000] {dag.py:3089} INFO - Sync 1 DAGs
[2024-08-10T23:30:26.709+0000] {logging_mixin.py:188} INFO - [2024-08-10T23:30:26.709+0000] {dag.py:3947} INFO - Setting next_dagrun for example_setup_teardown to 2024-08-09 00:00:00+00:00, run_after=2024-08-10 00:00:00+00:00
[2024-08-10T23:30:26.724+0000] {processor.py:183} INFO - Processing /home/airflow/.local/lib/python3.12/site-packages/airflow/example_dags/example_setup_teardown.py took 0.059 seconds
[2024-08-10T23:30:57.103+0000] {processor.py:161} INFO - Started process (PID=601) to work on /home/airflow/.local/lib/python3.12/site-packages/airflow/example_dags/example_setup_teardown.py
[2024-08-10T23:30:57.103+0000] {processor.py:830} INFO - Processing file /home/airflow/.local/lib/python3.12/site-packages/airflow/example_dags/example_setup_teardown.py for tasks to queue
[2024-08-10T23:30:57.105+0000] {logging_mixin.py:188} INFO - [2024-08-10T23:30:57.105+0000] {dagbag.py:545} INFO - Filling up the DagBag from /home/airflow/.local/lib/python3.12/site-packages/airflow/example_dags/example_setup_teardown.py
[2024-08-10T23:30:57.110+0000] {processor.py:840} INFO - DAG(s) 'example_setup_teardown' retrieved from /home/airflow/.local/lib/python3.12/site-packages/airflow/example_dags/example_setup_teardown.py
[2024-08-10T23:30:57.128+0000] {logging_mixin.py:188} INFO - [2024-08-10T23:30:57.128+0000] {dag.py:3089} INFO - Sync 1 DAGs
[2024-08-10T23:30:57.147+0000] {logging_mixin.py:188} INFO - [2024-08-10T23:30:57.146+0000] {dag.py:3947} INFO - Setting next_dagrun for example_setup_teardown to 2024-08-09 00:00:00+00:00, run_after=2024-08-10 00:00:00+00:00
[2024-08-10T23:30:57.164+0000] {processor.py:183} INFO - Processing /home/airflow/.local/lib/python3.12/site-packages/airflow/example_dags/example_setup_teardown.py took 0.065 seconds
[2024-08-10T23:31:27.602+0000] {processor.py:161} INFO - Started process (PID=660) to work on /home/airflow/.local/lib/python3.12/site-packages/airflow/example_dags/example_setup_teardown.py
[2024-08-10T23:31:27.603+0000] {processor.py:830} INFO - Processing file /home/airflow/.local/lib/python3.12/site-packages/airflow/example_dags/example_setup_teardown.py for tasks to queue
[2024-08-10T23:31:27.605+0000] {logging_mixin.py:188} INFO - [2024-08-10T23:31:27.605+0000] {dagbag.py:545} INFO - Filling up the DagBag from /home/airflow/.local/lib/python3.12/site-packages/airflow/example_dags/example_setup_teardown.py
[2024-08-10T23:31:27.610+0000] {processor.py:840} INFO - DAG(s) 'example_setup_teardown' retrieved from /home/airflow/.local/lib/python3.12/site-packages/airflow/example_dags/example_setup_teardown.py
[2024-08-10T23:31:27.627+0000] {logging_mixin.py:188} INFO - [2024-08-10T23:31:27.626+0000] {dag.py:3089} INFO - Sync 1 DAGs
[2024-08-10T23:31:27.644+0000] {logging_mixin.py:188} INFO - [2024-08-10T23:31:27.644+0000] {dag.py:3947} INFO - Setting next_dagrun for example_setup_teardown to 2024-08-09 00:00:00+00:00, run_after=2024-08-10 00:00:00+00:00
[2024-08-10T23:31:27.660+0000] {processor.py:183} INFO - Processing /home/airflow/.local/lib/python3.12/site-packages/airflow/example_dags/example_setup_teardown.py took 0.062 seconds
[2024-08-10T23:31:58.019+0000] {processor.py:161} INFO - Started process (PID=718) to work on /home/airflow/.local/lib/python3.12/site-packages/airflow/example_dags/example_setup_teardown.py
[2024-08-10T23:31:58.020+0000] {processor.py:830} INFO - Processing file /home/airflow/.local/lib/python3.12/site-packages/airflow/example_dags/example_setup_teardown.py for tasks to queue
[2024-08-10T23:31:58.022+0000] {logging_mixin.py:188} INFO - [2024-08-10T23:31:58.021+0000] {dagbag.py:545} INFO - Filling up the DagBag from /home/airflow/.local/lib/python3.12/site-packages/airflow/example_dags/example_setup_teardown.py
[2024-08-10T23:31:58.026+0000] {processor.py:840} INFO - DAG(s) 'example_setup_teardown' retrieved from /home/airflow/.local/lib/python3.12/site-packages/airflow/example_dags/example_setup_teardown.py
[2024-08-10T23:31:58.044+0000] {logging_mixin.py:188} INFO - [2024-08-10T23:31:58.044+0000] {dag.py:3089} INFO - Sync 1 DAGs
[2024-08-10T23:31:58.063+0000] {logging_mixin.py:188} INFO - [2024-08-10T23:31:58.063+0000] {dag.py:3947} INFO - Setting next_dagrun for example_setup_teardown to 2024-08-09 00:00:00+00:00, run_after=2024-08-10 00:00:00+00:00
[2024-08-10T23:31:58.082+0000] {processor.py:183} INFO - Processing /home/airflow/.local/lib/python3.12/site-packages/airflow/example_dags/example_setup_teardown.py took 0.067 seconds
[2024-08-10T23:32:28.356+0000] {processor.py:161} INFO - Started process (PID=776) to work on /home/airflow/.local/lib/python3.12/site-packages/airflow/example_dags/example_setup_teardown.py
[2024-08-10T23:32:28.356+0000] {processor.py:830} INFO - Processing file /home/airflow/.local/lib/python3.12/site-packages/airflow/example_dags/example_setup_teardown.py for tasks to queue
[2024-08-10T23:32:28.358+0000] {logging_mixin.py:188} INFO - [2024-08-10T23:32:28.357+0000] {dagbag.py:545} INFO - Filling up the DagBag from /home/airflow/.local/lib/python3.12/site-packages/airflow/example_dags/example_setup_teardown.py
[2024-08-10T23:32:28.363+0000] {processor.py:840} INFO - DAG(s) 'example_setup_teardown' retrieved from /home/airflow/.local/lib/python3.12/site-packages/airflow/example_dags/example_setup_teardown.py
[2024-08-10T23:32:28.379+0000] {logging_mixin.py:188} INFO - [2024-08-10T23:32:28.379+0000] {dag.py:3089} INFO - Sync 1 DAGs
[2024-08-10T23:32:28.396+0000] {logging_mixin.py:188} INFO - [2024-08-10T23:32:28.396+0000] {dag.py:3947} INFO - Setting next_dagrun for example_setup_teardown to 2024-08-09 00:00:00+00:00, run_after=2024-08-10 00:00:00+00:00
[2024-08-10T23:32:28.411+0000] {processor.py:183} INFO - Processing /home/airflow/.local/lib/python3.12/site-packages/airflow/example_dags/example_setup_teardown.py took 0.060 seconds
[2024-08-10T23:32:58.528+0000] {processor.py:161} INFO - Started process (PID=834) to work on /home/airflow/.local/lib/python3.12/site-packages/airflow/example_dags/example_setup_teardown.py
[2024-08-10T23:32:58.529+0000] {processor.py:830} INFO - Processing file /home/airflow/.local/lib/python3.12/site-packages/airflow/example_dags/example_setup_teardown.py for tasks to queue
[2024-08-10T23:32:58.530+0000] {logging_mixin.py:188} INFO - [2024-08-10T23:32:58.530+0000] {dagbag.py:545} INFO - Filling up the DagBag from /home/airflow/.local/lib/python3.12/site-packages/airflow/example_dags/example_setup_teardown.py
[2024-08-10T23:32:58.535+0000] {processor.py:840} INFO - DAG(s) 'example_setup_teardown' retrieved from /home/airflow/.local/lib/python3.12/site-packages/airflow/example_dags/example_setup_teardown.py
[2024-08-10T23:32:58.551+0000] {logging_mixin.py:188} INFO - [2024-08-10T23:32:58.550+0000] {dag.py:3089} INFO - Sync 1 DAGs
[2024-08-10T23:32:58.568+0000] {logging_mixin.py:188} INFO - [2024-08-10T23:32:58.568+0000] {dag.py:3947} INFO - Setting next_dagrun for example_setup_teardown to 2024-08-09 00:00:00+00:00, run_after=2024-08-10 00:00:00+00:00
[2024-08-10T23:32:58.583+0000] {processor.py:183} INFO - Processing /home/airflow/.local/lib/python3.12/site-packages/airflow/example_dags/example_setup_teardown.py took 0.059 seconds
