[2024-08-10T23:26:22.360+0000] {processor.py:161} INFO - Started process (PID=57) to work on /home/airflow/.local/lib/python3.12/site-packages/airflow/example_dags/example_task_group_decorator.py
[2024-08-10T23:26:22.360+0000] {processor.py:830} INFO - Processing file /home/airflow/.local/lib/python3.12/site-packages/airflow/example_dags/example_task_group_decorator.py for tasks to queue
[2024-08-10T23:26:22.362+0000] {logging_mixin.py:188} INFO - [2024-08-10T23:26:22.361+0000] {dagbag.py:545} INFO - Filling up the DagBag from /home/airflow/.local/lib/python3.12/site-packages/airflow/example_dags/example_task_group_decorator.py
[2024-08-10T23:26:22.377+0000] {processor.py:840} INFO - DAG(s) 'example_task_group_decorator' retrieved from /home/airflow/.local/lib/python3.12/site-packages/airflow/example_dags/example_task_group_decorator.py
[2024-08-10T23:26:22.388+0000] {logging_mixin.py:188} INFO - [2024-08-10T23:26:22.387+0000] {dag.py:3089} INFO - Sync 1 DAGs
[2024-08-10T23:26:22.410+0000] {logging_mixin.py:188} INFO - [2024-08-10T23:26:22.410+0000] {dag.py:3947} INFO - Setting next_dagrun for example_task_group_decorator to 2024-08-09 00:00:00+00:00, run_after=2024-08-10 00:00:00+00:00
[2024-08-10T23:26:22.427+0000] {processor.py:183} INFO - Processing /home/airflow/.local/lib/python3.12/site-packages/airflow/example_dags/example_task_group_decorator.py took 0.071 seconds
[2024-08-10T23:26:52.944+0000] {processor.py:161} INFO - Started process (PID=115) to work on /home/airflow/.local/lib/python3.12/site-packages/airflow/example_dags/example_task_group_decorator.py
[2024-08-10T23:26:52.945+0000] {processor.py:830} INFO - Processing file /home/airflow/.local/lib/python3.12/site-packages/airflow/example_dags/example_task_group_decorator.py for tasks to queue
[2024-08-10T23:26:52.947+0000] {logging_mixin.py:188} INFO - [2024-08-10T23:26:52.947+0000] {dagbag.py:545} INFO - Filling up the DagBag from /home/airflow/.local/lib/python3.12/site-packages/airflow/example_dags/example_task_group_decorator.py
[2024-08-10T23:26:52.958+0000] {processor.py:840} INFO - DAG(s) 'example_task_group_decorator' retrieved from /home/airflow/.local/lib/python3.12/site-packages/airflow/example_dags/example_task_group_decorator.py
[2024-08-10T23:26:53.048+0000] {logging_mixin.py:188} INFO - [2024-08-10T23:26:53.048+0000] {dag.py:3089} INFO - Sync 1 DAGs
[2024-08-10T23:26:53.066+0000] {logging_mixin.py:188} INFO - [2024-08-10T23:26:53.066+0000] {dag.py:3947} INFO - Setting next_dagrun for example_task_group_decorator to 2024-08-09 00:00:00+00:00, run_after=2024-08-10 00:00:00+00:00
[2024-08-10T23:26:53.083+0000] {processor.py:183} INFO - Processing /home/airflow/.local/lib/python3.12/site-packages/airflow/example_dags/example_task_group_decorator.py took 0.143 seconds
[2024-08-10T23:27:23.815+0000] {processor.py:161} INFO - Started process (PID=173) to work on /home/airflow/.local/lib/python3.12/site-packages/airflow/example_dags/example_task_group_decorator.py
[2024-08-10T23:27:23.816+0000] {processor.py:830} INFO - Processing file /home/airflow/.local/lib/python3.12/site-packages/airflow/example_dags/example_task_group_decorator.py for tasks to queue
[2024-08-10T23:27:23.818+0000] {logging_mixin.py:188} INFO - [2024-08-10T23:27:23.817+0000] {dagbag.py:545} INFO - Filling up the DagBag from /home/airflow/.local/lib/python3.12/site-packages/airflow/example_dags/example_task_group_decorator.py
[2024-08-10T23:27:23.829+0000] {processor.py:840} INFO - DAG(s) 'example_task_group_decorator' retrieved from /home/airflow/.local/lib/python3.12/site-packages/airflow/example_dags/example_task_group_decorator.py
[2024-08-10T23:27:23.852+0000] {logging_mixin.py:188} INFO - [2024-08-10T23:27:23.852+0000] {dag.py:3089} INFO - Sync 1 DAGs
[2024-08-10T23:27:23.872+0000] {logging_mixin.py:188} INFO - [2024-08-10T23:27:23.871+0000] {dag.py:3947} INFO - Setting next_dagrun for example_task_group_decorator to 2024-08-09 00:00:00+00:00, run_after=2024-08-10 00:00:00+00:00
[2024-08-10T23:27:23.888+0000] {processor.py:183} INFO - Processing /home/airflow/.local/lib/python3.12/site-packages/airflow/example_dags/example_task_group_decorator.py took 0.077 seconds
[2024-08-10T23:27:54.167+0000] {processor.py:161} INFO - Started process (PID=231) to work on /home/airflow/.local/lib/python3.12/site-packages/airflow/example_dags/example_task_group_decorator.py
[2024-08-10T23:27:54.167+0000] {processor.py:830} INFO - Processing file /home/airflow/.local/lib/python3.12/site-packages/airflow/example_dags/example_task_group_decorator.py for tasks to queue
[2024-08-10T23:27:54.169+0000] {logging_mixin.py:188} INFO - [2024-08-10T23:27:54.168+0000] {dagbag.py:545} INFO - Filling up the DagBag from /home/airflow/.local/lib/python3.12/site-packages/airflow/example_dags/example_task_group_decorator.py
[2024-08-10T23:27:54.180+0000] {processor.py:840} INFO - DAG(s) 'example_task_group_decorator' retrieved from /home/airflow/.local/lib/python3.12/site-packages/airflow/example_dags/example_task_group_decorator.py
[2024-08-10T23:27:54.200+0000] {logging_mixin.py:188} INFO - [2024-08-10T23:27:54.200+0000] {dag.py:3089} INFO - Sync 1 DAGs
[2024-08-10T23:27:54.217+0000] {logging_mixin.py:188} INFO - [2024-08-10T23:27:54.217+0000] {dag.py:3947} INFO - Setting next_dagrun for example_task_group_decorator to 2024-08-09 00:00:00+00:00, run_after=2024-08-10 00:00:00+00:00
[2024-08-10T23:27:54.232+0000] {processor.py:183} INFO - Processing /home/airflow/.local/lib/python3.12/site-packages/airflow/example_dags/example_task_group_decorator.py took 0.070 seconds
[2024-08-10T23:28:24.487+0000] {processor.py:161} INFO - Started process (PID=289) to work on /home/airflow/.local/lib/python3.12/site-packages/airflow/example_dags/example_task_group_decorator.py
[2024-08-10T23:28:24.487+0000] {processor.py:830} INFO - Processing file /home/airflow/.local/lib/python3.12/site-packages/airflow/example_dags/example_task_group_decorator.py for tasks to queue
[2024-08-10T23:28:24.489+0000] {logging_mixin.py:188} INFO - [2024-08-10T23:28:24.489+0000] {dagbag.py:545} INFO - Filling up the DagBag from /home/airflow/.local/lib/python3.12/site-packages/airflow/example_dags/example_task_group_decorator.py
[2024-08-10T23:28:24.500+0000] {processor.py:840} INFO - DAG(s) 'example_task_group_decorator' retrieved from /home/airflow/.local/lib/python3.12/site-packages/airflow/example_dags/example_task_group_decorator.py
[2024-08-10T23:28:24.522+0000] {logging_mixin.py:188} INFO - [2024-08-10T23:28:24.522+0000] {dag.py:3089} INFO - Sync 1 DAGs
[2024-08-10T23:28:24.541+0000] {logging_mixin.py:188} INFO - [2024-08-10T23:28:24.541+0000] {dag.py:3947} INFO - Setting next_dagrun for example_task_group_decorator to 2024-08-09 00:00:00+00:00, run_after=2024-08-10 00:00:00+00:00
[2024-08-10T23:28:24.558+0000] {processor.py:183} INFO - Processing /home/airflow/.local/lib/python3.12/site-packages/airflow/example_dags/example_task_group_decorator.py took 0.076 seconds
[2024-08-10T23:28:54.844+0000] {processor.py:161} INFO - Started process (PID=347) to work on /home/airflow/.local/lib/python3.12/site-packages/airflow/example_dags/example_task_group_decorator.py
[2024-08-10T23:28:54.845+0000] {processor.py:830} INFO - Processing file /home/airflow/.local/lib/python3.12/site-packages/airflow/example_dags/example_task_group_decorator.py for tasks to queue
[2024-08-10T23:28:54.846+0000] {logging_mixin.py:188} INFO - [2024-08-10T23:28:54.846+0000] {dagbag.py:545} INFO - Filling up the DagBag from /home/airflow/.local/lib/python3.12/site-packages/airflow/example_dags/example_task_group_decorator.py
[2024-08-10T23:28:54.856+0000] {processor.py:840} INFO - DAG(s) 'example_task_group_decorator' retrieved from /home/airflow/.local/lib/python3.12/site-packages/airflow/example_dags/example_task_group_decorator.py
[2024-08-10T23:28:54.880+0000] {logging_mixin.py:188} INFO - [2024-08-10T23:28:54.879+0000] {dag.py:3089} INFO - Sync 1 DAGs
[2024-08-10T23:28:54.899+0000] {logging_mixin.py:188} INFO - [2024-08-10T23:28:54.898+0000] {dag.py:3947} INFO - Setting next_dagrun for example_task_group_decorator to 2024-08-09 00:00:00+00:00, run_after=2024-08-10 00:00:00+00:00
[2024-08-10T23:28:54.915+0000] {processor.py:183} INFO - Processing /home/airflow/.local/lib/python3.12/site-packages/airflow/example_dags/example_task_group_decorator.py took 0.075 seconds
[2024-08-10T23:29:25.088+0000] {processor.py:161} INFO - Started process (PID=405) to work on /home/airflow/.local/lib/python3.12/site-packages/airflow/example_dags/example_task_group_decorator.py
[2024-08-10T23:29:25.089+0000] {processor.py:830} INFO - Processing file /home/airflow/.local/lib/python3.12/site-packages/airflow/example_dags/example_task_group_decorator.py for tasks to queue
[2024-08-10T23:29:25.091+0000] {logging_mixin.py:188} INFO - [2024-08-10T23:29:25.090+0000] {dagbag.py:545} INFO - Filling up the DagBag from /home/airflow/.local/lib/python3.12/site-packages/airflow/example_dags/example_task_group_decorator.py
[2024-08-10T23:29:25.102+0000] {processor.py:840} INFO - DAG(s) 'example_task_group_decorator' retrieved from /home/airflow/.local/lib/python3.12/site-packages/airflow/example_dags/example_task_group_decorator.py
[2024-08-10T23:29:25.126+0000] {logging_mixin.py:188} INFO - [2024-08-10T23:29:25.125+0000] {dag.py:3089} INFO - Sync 1 DAGs
[2024-08-10T23:29:25.145+0000] {logging_mixin.py:188} INFO - [2024-08-10T23:29:25.145+0000] {dag.py:3947} INFO - Setting next_dagrun for example_task_group_decorator to 2024-08-09 00:00:00+00:00, run_after=2024-08-10 00:00:00+00:00
[2024-08-10T23:29:25.163+0000] {processor.py:183} INFO - Processing /home/airflow/.local/lib/python3.12/site-packages/airflow/example_dags/example_task_group_decorator.py took 0.079 seconds
[2024-08-10T23:29:55.459+0000] {processor.py:161} INFO - Started process (PID=463) to work on /home/airflow/.local/lib/python3.12/site-packages/airflow/example_dags/example_task_group_decorator.py
[2024-08-10T23:29:55.460+0000] {processor.py:830} INFO - Processing file /home/airflow/.local/lib/python3.12/site-packages/airflow/example_dags/example_task_group_decorator.py for tasks to queue
[2024-08-10T23:29:55.461+0000] {logging_mixin.py:188} INFO - [2024-08-10T23:29:55.461+0000] {dagbag.py:545} INFO - Filling up the DagBag from /home/airflow/.local/lib/python3.12/site-packages/airflow/example_dags/example_task_group_decorator.py
[2024-08-10T23:29:55.472+0000] {processor.py:840} INFO - DAG(s) 'example_task_group_decorator' retrieved from /home/airflow/.local/lib/python3.12/site-packages/airflow/example_dags/example_task_group_decorator.py
[2024-08-10T23:29:55.496+0000] {logging_mixin.py:188} INFO - [2024-08-10T23:29:55.496+0000] {dag.py:3089} INFO - Sync 1 DAGs
[2024-08-10T23:29:55.514+0000] {logging_mixin.py:188} INFO - [2024-08-10T23:29:55.514+0000] {dag.py:3947} INFO - Setting next_dagrun for example_task_group_decorator to 2024-08-09 00:00:00+00:00, run_after=2024-08-10 00:00:00+00:00
[2024-08-10T23:29:55.533+0000] {processor.py:183} INFO - Processing /home/airflow/.local/lib/python3.12/site-packages/airflow/example_dags/example_task_group_decorator.py took 0.078 seconds
[2024-08-10T23:30:25.780+0000] {processor.py:161} INFO - Started process (PID=521) to work on /home/airflow/.local/lib/python3.12/site-packages/airflow/example_dags/example_task_group_decorator.py
[2024-08-10T23:30:25.781+0000] {processor.py:830} INFO - Processing file /home/airflow/.local/lib/python3.12/site-packages/airflow/example_dags/example_task_group_decorator.py for tasks to queue
[2024-08-10T23:30:25.782+0000] {logging_mixin.py:188} INFO - [2024-08-10T23:30:25.782+0000] {dagbag.py:545} INFO - Filling up the DagBag from /home/airflow/.local/lib/python3.12/site-packages/airflow/example_dags/example_task_group_decorator.py
[2024-08-10T23:30:25.793+0000] {processor.py:840} INFO - DAG(s) 'example_task_group_decorator' retrieved from /home/airflow/.local/lib/python3.12/site-packages/airflow/example_dags/example_task_group_decorator.py
[2024-08-10T23:30:25.812+0000] {logging_mixin.py:188} INFO - [2024-08-10T23:30:25.812+0000] {dag.py:3089} INFO - Sync 1 DAGs
[2024-08-10T23:30:25.829+0000] {logging_mixin.py:188} INFO - [2024-08-10T23:30:25.829+0000] {dag.py:3947} INFO - Setting next_dagrun for example_task_group_decorator to 2024-08-09 00:00:00+00:00, run_after=2024-08-10 00:00:00+00:00
[2024-08-10T23:30:25.844+0000] {processor.py:183} INFO - Processing /home/airflow/.local/lib/python3.12/site-packages/airflow/example_dags/example_task_group_decorator.py took 0.068 seconds
[2024-08-10T23:30:56.049+0000] {processor.py:161} INFO - Started process (PID=579) to work on /home/airflow/.local/lib/python3.12/site-packages/airflow/example_dags/example_task_group_decorator.py
[2024-08-10T23:30:56.050+0000] {processor.py:830} INFO - Processing file /home/airflow/.local/lib/python3.12/site-packages/airflow/example_dags/example_task_group_decorator.py for tasks to queue
[2024-08-10T23:30:56.051+0000] {logging_mixin.py:188} INFO - [2024-08-10T23:30:56.051+0000] {dagbag.py:545} INFO - Filling up the DagBag from /home/airflow/.local/lib/python3.12/site-packages/airflow/example_dags/example_task_group_decorator.py
[2024-08-10T23:30:56.063+0000] {processor.py:840} INFO - DAG(s) 'example_task_group_decorator' retrieved from /home/airflow/.local/lib/python3.12/site-packages/airflow/example_dags/example_task_group_decorator.py
[2024-08-10T23:30:56.083+0000] {logging_mixin.py:188} INFO - [2024-08-10T23:30:56.083+0000] {dag.py:3089} INFO - Sync 1 DAGs
[2024-08-10T23:30:56.101+0000] {logging_mixin.py:188} INFO - [2024-08-10T23:30:56.101+0000] {dag.py:3947} INFO - Setting next_dagrun for example_task_group_decorator to 2024-08-09 00:00:00+00:00, run_after=2024-08-10 00:00:00+00:00
[2024-08-10T23:30:56.118+0000] {processor.py:183} INFO - Processing /home/airflow/.local/lib/python3.12/site-packages/airflow/example_dags/example_task_group_decorator.py took 0.073 seconds
[2024-08-10T23:31:26.584+0000] {processor.py:161} INFO - Started process (PID=638) to work on /home/airflow/.local/lib/python3.12/site-packages/airflow/example_dags/example_task_group_decorator.py
[2024-08-10T23:31:26.585+0000] {processor.py:830} INFO - Processing file /home/airflow/.local/lib/python3.12/site-packages/airflow/example_dags/example_task_group_decorator.py for tasks to queue
[2024-08-10T23:31:26.586+0000] {logging_mixin.py:188} INFO - [2024-08-10T23:31:26.586+0000] {dagbag.py:545} INFO - Filling up the DagBag from /home/airflow/.local/lib/python3.12/site-packages/airflow/example_dags/example_task_group_decorator.py
[2024-08-10T23:31:26.597+0000] {processor.py:840} INFO - DAG(s) 'example_task_group_decorator' retrieved from /home/airflow/.local/lib/python3.12/site-packages/airflow/example_dags/example_task_group_decorator.py
[2024-08-10T23:31:26.619+0000] {logging_mixin.py:188} INFO - [2024-08-10T23:31:26.618+0000] {dag.py:3089} INFO - Sync 1 DAGs
[2024-08-10T23:31:26.637+0000] {logging_mixin.py:188} INFO - [2024-08-10T23:31:26.636+0000] {dag.py:3947} INFO - Setting next_dagrun for example_task_group_decorator to 2024-08-09 00:00:00+00:00, run_after=2024-08-10 00:00:00+00:00
[2024-08-10T23:31:26.652+0000] {processor.py:183} INFO - Processing /home/airflow/.local/lib/python3.12/site-packages/airflow/example_dags/example_task_group_decorator.py took 0.071 seconds
[2024-08-10T23:31:56.958+0000] {processor.py:161} INFO - Started process (PID=696) to work on /home/airflow/.local/lib/python3.12/site-packages/airflow/example_dags/example_task_group_decorator.py
[2024-08-10T23:31:56.958+0000] {processor.py:830} INFO - Processing file /home/airflow/.local/lib/python3.12/site-packages/airflow/example_dags/example_task_group_decorator.py for tasks to queue
[2024-08-10T23:31:56.960+0000] {logging_mixin.py:188} INFO - [2024-08-10T23:31:56.960+0000] {dagbag.py:545} INFO - Filling up the DagBag from /home/airflow/.local/lib/python3.12/site-packages/airflow/example_dags/example_task_group_decorator.py
[2024-08-10T23:31:56.972+0000] {processor.py:840} INFO - DAG(s) 'example_task_group_decorator' retrieved from /home/airflow/.local/lib/python3.12/site-packages/airflow/example_dags/example_task_group_decorator.py
[2024-08-10T23:31:56.993+0000] {logging_mixin.py:188} INFO - [2024-08-10T23:31:56.993+0000] {dag.py:3089} INFO - Sync 1 DAGs
[2024-08-10T23:31:57.011+0000] {logging_mixin.py:188} INFO - [2024-08-10T23:31:57.011+0000] {dag.py:3947} INFO - Setting next_dagrun for example_task_group_decorator to 2024-08-09 00:00:00+00:00, run_after=2024-08-10 00:00:00+00:00
[2024-08-10T23:31:57.027+0000] {processor.py:183} INFO - Processing /home/airflow/.local/lib/python3.12/site-packages/airflow/example_dags/example_task_group_decorator.py took 0.074 seconds
[2024-08-10T23:32:27.349+0000] {processor.py:161} INFO - Started process (PID=754) to work on /home/airflow/.local/lib/python3.12/site-packages/airflow/example_dags/example_task_group_decorator.py
[2024-08-10T23:32:27.350+0000] {processor.py:830} INFO - Processing file /home/airflow/.local/lib/python3.12/site-packages/airflow/example_dags/example_task_group_decorator.py for tasks to queue
[2024-08-10T23:32:27.351+0000] {logging_mixin.py:188} INFO - [2024-08-10T23:32:27.351+0000] {dagbag.py:545} INFO - Filling up the DagBag from /home/airflow/.local/lib/python3.12/site-packages/airflow/example_dags/example_task_group_decorator.py
[2024-08-10T23:32:27.362+0000] {processor.py:840} INFO - DAG(s) 'example_task_group_decorator' retrieved from /home/airflow/.local/lib/python3.12/site-packages/airflow/example_dags/example_task_group_decorator.py
[2024-08-10T23:32:27.383+0000] {logging_mixin.py:188} INFO - [2024-08-10T23:32:27.383+0000] {dag.py:3089} INFO - Sync 1 DAGs
[2024-08-10T23:32:27.402+0000] {logging_mixin.py:188} INFO - [2024-08-10T23:32:27.402+0000] {dag.py:3947} INFO - Setting next_dagrun for example_task_group_decorator to 2024-08-09 00:00:00+00:00, run_after=2024-08-10 00:00:00+00:00
[2024-08-10T23:32:27.419+0000] {processor.py:183} INFO - Processing /home/airflow/.local/lib/python3.12/site-packages/airflow/example_dags/example_task_group_decorator.py took 0.074 seconds
[2024-08-10T23:32:57.628+0000] {processor.py:161} INFO - Started process (PID=812) to work on /home/airflow/.local/lib/python3.12/site-packages/airflow/example_dags/example_task_group_decorator.py
[2024-08-10T23:32:57.629+0000] {processor.py:830} INFO - Processing file /home/airflow/.local/lib/python3.12/site-packages/airflow/example_dags/example_task_group_decorator.py for tasks to queue
[2024-08-10T23:32:57.631+0000] {logging_mixin.py:188} INFO - [2024-08-10T23:32:57.630+0000] {dagbag.py:545} INFO - Filling up the DagBag from /home/airflow/.local/lib/python3.12/site-packages/airflow/example_dags/example_task_group_decorator.py
[2024-08-10T23:32:57.641+0000] {processor.py:840} INFO - DAG(s) 'example_task_group_decorator' retrieved from /home/airflow/.local/lib/python3.12/site-packages/airflow/example_dags/example_task_group_decorator.py
[2024-08-10T23:32:57.663+0000] {logging_mixin.py:188} INFO - [2024-08-10T23:32:57.663+0000] {dag.py:3089} INFO - Sync 1 DAGs
[2024-08-10T23:32:57.681+0000] {logging_mixin.py:188} INFO - [2024-08-10T23:32:57.680+0000] {dag.py:3947} INFO - Setting next_dagrun for example_task_group_decorator to 2024-08-09 00:00:00+00:00, run_after=2024-08-10 00:00:00+00:00
[2024-08-10T23:32:57.698+0000] {processor.py:183} INFO - Processing /home/airflow/.local/lib/python3.12/site-packages/airflow/example_dags/example_task_group_decorator.py took 0.074 seconds
[2024-08-10T23:33:27.757+0000] {processor.py:161} INFO - Started process (PID=870) to work on /home/airflow/.local/lib/python3.12/site-packages/airflow/example_dags/example_task_group_decorator.py
[2024-08-10T23:33:27.758+0000] {processor.py:830} INFO - Processing file /home/airflow/.local/lib/python3.12/site-packages/airflow/example_dags/example_task_group_decorator.py for tasks to queue
[2024-08-10T23:33:27.759+0000] {logging_mixin.py:188} INFO - [2024-08-10T23:33:27.759+0000] {dagbag.py:545} INFO - Filling up the DagBag from /home/airflow/.local/lib/python3.12/site-packages/airflow/example_dags/example_task_group_decorator.py
[2024-08-10T23:33:27.770+0000] {processor.py:840} INFO - DAG(s) 'example_task_group_decorator' retrieved from /home/airflow/.local/lib/python3.12/site-packages/airflow/example_dags/example_task_group_decorator.py
[2024-08-10T23:33:27.792+0000] {logging_mixin.py:188} INFO - [2024-08-10T23:33:27.791+0000] {dag.py:3089} INFO - Sync 1 DAGs
[2024-08-10T23:33:27.810+0000] {logging_mixin.py:188} INFO - [2024-08-10T23:33:27.810+0000] {dag.py:3947} INFO - Setting next_dagrun for example_task_group_decorator to 2024-08-09 00:00:00+00:00, run_after=2024-08-10 00:00:00+00:00
[2024-08-10T23:33:27.828+0000] {processor.py:183} INFO - Processing /home/airflow/.local/lib/python3.12/site-packages/airflow/example_dags/example_task_group_decorator.py took 0.075 seconds
[2024-08-10T23:33:57.988+0000] {processor.py:161} INFO - Started process (PID=927) to work on /home/airflow/.local/lib/python3.12/site-packages/airflow/example_dags/example_task_group_decorator.py
[2024-08-10T23:33:57.989+0000] {processor.py:830} INFO - Processing file /home/airflow/.local/lib/python3.12/site-packages/airflow/example_dags/example_task_group_decorator.py for tasks to queue
[2024-08-10T23:33:57.990+0000] {logging_mixin.py:188} INFO - [2024-08-10T23:33:57.990+0000] {dagbag.py:545} INFO - Filling up the DagBag from /home/airflow/.local/lib/python3.12/site-packages/airflow/example_dags/example_task_group_decorator.py
[2024-08-10T23:33:58.001+0000] {processor.py:840} INFO - DAG(s) 'example_task_group_decorator' retrieved from /home/airflow/.local/lib/python3.12/site-packages/airflow/example_dags/example_task_group_decorator.py
[2024-08-10T23:33:58.025+0000] {logging_mixin.py:188} INFO - [2024-08-10T23:33:58.025+0000] {dag.py:3089} INFO - Sync 1 DAGs
[2024-08-10T23:33:58.046+0000] {logging_mixin.py:188} INFO - [2024-08-10T23:33:58.046+0000] {dag.py:3947} INFO - Setting next_dagrun for example_task_group_decorator to 2024-08-09 00:00:00+00:00, run_after=2024-08-10 00:00:00+00:00
[2024-08-10T23:33:58.063+0000] {processor.py:183} INFO - Processing /home/airflow/.local/lib/python3.12/site-packages/airflow/example_dags/example_task_group_decorator.py took 0.080 seconds
[2024-08-10T23:34:28.414+0000] {processor.py:161} INFO - Started process (PID=985) to work on /home/airflow/.local/lib/python3.12/site-packages/airflow/example_dags/example_task_group_decorator.py
[2024-08-10T23:34:28.415+0000] {processor.py:830} INFO - Processing file /home/airflow/.local/lib/python3.12/site-packages/airflow/example_dags/example_task_group_decorator.py for tasks to queue
[2024-08-10T23:34:28.417+0000] {logging_mixin.py:188} INFO - [2024-08-10T23:34:28.417+0000] {dagbag.py:545} INFO - Filling up the DagBag from /home/airflow/.local/lib/python3.12/site-packages/airflow/example_dags/example_task_group_decorator.py
[2024-08-10T23:34:28.430+0000] {processor.py:840} INFO - DAG(s) 'example_task_group_decorator' retrieved from /home/airflow/.local/lib/python3.12/site-packages/airflow/example_dags/example_task_group_decorator.py
[2024-08-10T23:34:28.453+0000] {logging_mixin.py:188} INFO - [2024-08-10T23:34:28.453+0000] {dag.py:3089} INFO - Sync 1 DAGs
[2024-08-10T23:34:28.471+0000] {logging_mixin.py:188} INFO - [2024-08-10T23:34:28.471+0000] {dag.py:3947} INFO - Setting next_dagrun for example_task_group_decorator to 2024-08-09 00:00:00+00:00, run_after=2024-08-10 00:00:00+00:00
[2024-08-10T23:34:28.489+0000] {processor.py:183} INFO - Processing /home/airflow/.local/lib/python3.12/site-packages/airflow/example_dags/example_task_group_decorator.py took 0.079 seconds
[2024-08-10T23:34:58.636+0000] {processor.py:161} INFO - Started process (PID=1043) to work on /home/airflow/.local/lib/python3.12/site-packages/airflow/example_dags/example_task_group_decorator.py
[2024-08-10T23:34:58.637+0000] {processor.py:830} INFO - Processing file /home/airflow/.local/lib/python3.12/site-packages/airflow/example_dags/example_task_group_decorator.py for tasks to queue
[2024-08-10T23:34:58.638+0000] {logging_mixin.py:188} INFO - [2024-08-10T23:34:58.638+0000] {dagbag.py:545} INFO - Filling up the DagBag from /home/airflow/.local/lib/python3.12/site-packages/airflow/example_dags/example_task_group_decorator.py
[2024-08-10T23:34:58.649+0000] {processor.py:840} INFO - DAG(s) 'example_task_group_decorator' retrieved from /home/airflow/.local/lib/python3.12/site-packages/airflow/example_dags/example_task_group_decorator.py
[2024-08-10T23:34:58.669+0000] {logging_mixin.py:188} INFO - [2024-08-10T23:34:58.669+0000] {dag.py:3089} INFO - Sync 1 DAGs
[2024-08-10T23:34:58.686+0000] {logging_mixin.py:188} INFO - [2024-08-10T23:34:58.686+0000] {dag.py:3947} INFO - Setting next_dagrun for example_task_group_decorator to 2024-08-09 00:00:00+00:00, run_after=2024-08-10 00:00:00+00:00
[2024-08-10T23:34:58.701+0000] {processor.py:183} INFO - Processing /home/airflow/.local/lib/python3.12/site-packages/airflow/example_dags/example_task_group_decorator.py took 0.069 seconds
[2024-08-10T23:35:29.106+0000] {processor.py:161} INFO - Started process (PID=1101) to work on /home/airflow/.local/lib/python3.12/site-packages/airflow/example_dags/example_task_group_decorator.py
[2024-08-10T23:35:29.107+0000] {processor.py:830} INFO - Processing file /home/airflow/.local/lib/python3.12/site-packages/airflow/example_dags/example_task_group_decorator.py for tasks to queue
[2024-08-10T23:35:29.108+0000] {logging_mixin.py:188} INFO - [2024-08-10T23:35:29.108+0000] {dagbag.py:545} INFO - Filling up the DagBag from /home/airflow/.local/lib/python3.12/site-packages/airflow/example_dags/example_task_group_decorator.py
[2024-08-10T23:35:29.119+0000] {processor.py:840} INFO - DAG(s) 'example_task_group_decorator' retrieved from /home/airflow/.local/lib/python3.12/site-packages/airflow/example_dags/example_task_group_decorator.py
[2024-08-10T23:35:29.141+0000] {logging_mixin.py:188} INFO - [2024-08-10T23:35:29.141+0000] {dag.py:3089} INFO - Sync 1 DAGs
[2024-08-10T23:35:29.159+0000] {logging_mixin.py:188} INFO - [2024-08-10T23:35:29.159+0000] {dag.py:3947} INFO - Setting next_dagrun for example_task_group_decorator to 2024-08-09 00:00:00+00:00, run_after=2024-08-10 00:00:00+00:00
[2024-08-10T23:35:29.174+0000] {processor.py:183} INFO - Processing /home/airflow/.local/lib/python3.12/site-packages/airflow/example_dags/example_task_group_decorator.py took 0.072 seconds
[2024-08-10T23:35:59.466+0000] {processor.py:161} INFO - Started process (PID=1159) to work on /home/airflow/.local/lib/python3.12/site-packages/airflow/example_dags/example_task_group_decorator.py
[2024-08-10T23:35:59.466+0000] {processor.py:830} INFO - Processing file /home/airflow/.local/lib/python3.12/site-packages/airflow/example_dags/example_task_group_decorator.py for tasks to queue
[2024-08-10T23:35:59.467+0000] {logging_mixin.py:188} INFO - [2024-08-10T23:35:59.467+0000] {dagbag.py:545} INFO - Filling up the DagBag from /home/airflow/.local/lib/python3.12/site-packages/airflow/example_dags/example_task_group_decorator.py
[2024-08-10T23:35:59.478+0000] {processor.py:840} INFO - DAG(s) 'example_task_group_decorator' retrieved from /home/airflow/.local/lib/python3.12/site-packages/airflow/example_dags/example_task_group_decorator.py
[2024-08-10T23:35:59.499+0000] {logging_mixin.py:188} INFO - [2024-08-10T23:35:59.499+0000] {dag.py:3089} INFO - Sync 1 DAGs
[2024-08-10T23:35:59.515+0000] {logging_mixin.py:188} INFO - [2024-08-10T23:35:59.515+0000] {dag.py:3947} INFO - Setting next_dagrun for example_task_group_decorator to 2024-08-09 00:00:00+00:00, run_after=2024-08-10 00:00:00+00:00
[2024-08-10T23:35:59.531+0000] {processor.py:183} INFO - Processing /home/airflow/.local/lib/python3.12/site-packages/airflow/example_dags/example_task_group_decorator.py took 0.069 seconds
[2024-08-10T23:36:29.646+0000] {processor.py:161} INFO - Started process (PID=1218) to work on /home/airflow/.local/lib/python3.12/site-packages/airflow/example_dags/example_task_group_decorator.py
[2024-08-10T23:36:29.647+0000] {processor.py:830} INFO - Processing file /home/airflow/.local/lib/python3.12/site-packages/airflow/example_dags/example_task_group_decorator.py for tasks to queue
[2024-08-10T23:36:29.648+0000] {logging_mixin.py:188} INFO - [2024-08-10T23:36:29.647+0000] {dagbag.py:545} INFO - Filling up the DagBag from /home/airflow/.local/lib/python3.12/site-packages/airflow/example_dags/example_task_group_decorator.py
[2024-08-10T23:36:29.658+0000] {processor.py:840} INFO - DAG(s) 'example_task_group_decorator' retrieved from /home/airflow/.local/lib/python3.12/site-packages/airflow/example_dags/example_task_group_decorator.py
[2024-08-10T23:36:29.679+0000] {logging_mixin.py:188} INFO - [2024-08-10T23:36:29.679+0000] {dag.py:3089} INFO - Sync 1 DAGs
[2024-08-10T23:36:29.695+0000] {logging_mixin.py:188} INFO - [2024-08-10T23:36:29.695+0000] {dag.py:3947} INFO - Setting next_dagrun for example_task_group_decorator to 2024-08-09 00:00:00+00:00, run_after=2024-08-10 00:00:00+00:00
[2024-08-10T23:36:29.710+0000] {processor.py:183} INFO - Processing /home/airflow/.local/lib/python3.12/site-packages/airflow/example_dags/example_task_group_decorator.py took 0.068 seconds
[2024-08-10T23:37:00.354+0000] {processor.py:161} INFO - Started process (PID=1277) to work on /home/airflow/.local/lib/python3.12/site-packages/airflow/example_dags/example_task_group_decorator.py
[2024-08-10T23:37:00.355+0000] {processor.py:830} INFO - Processing file /home/airflow/.local/lib/python3.12/site-packages/airflow/example_dags/example_task_group_decorator.py for tasks to queue
[2024-08-10T23:37:00.356+0000] {logging_mixin.py:188} INFO - [2024-08-10T23:37:00.356+0000] {dagbag.py:545} INFO - Filling up the DagBag from /home/airflow/.local/lib/python3.12/site-packages/airflow/example_dags/example_task_group_decorator.py
[2024-08-10T23:37:00.367+0000] {processor.py:840} INFO - DAG(s) 'example_task_group_decorator' retrieved from /home/airflow/.local/lib/python3.12/site-packages/airflow/example_dags/example_task_group_decorator.py
[2024-08-10T23:37:00.389+0000] {logging_mixin.py:188} INFO - [2024-08-10T23:37:00.389+0000] {dag.py:3089} INFO - Sync 1 DAGs
[2024-08-10T23:37:00.406+0000] {logging_mixin.py:188} INFO - [2024-08-10T23:37:00.406+0000] {dag.py:3947} INFO - Setting next_dagrun for example_task_group_decorator to 2024-08-09 00:00:00+00:00, run_after=2024-08-10 00:00:00+00:00
[2024-08-10T23:37:00.421+0000] {processor.py:183} INFO - Processing /home/airflow/.local/lib/python3.12/site-packages/airflow/example_dags/example_task_group_decorator.py took 0.072 seconds
