[2024-08-10T23:26:23.158+0000] {processor.py:161} INFO - Started process (PID=69) to work on /home/airflow/.local/lib/python3.12/site-packages/airflow/example_dags/example_branch_python_dop_operator_3.py
[2024-08-10T23:26:23.162+0000] {processor.py:830} INFO - Processing file /home/airflow/.local/lib/python3.12/site-packages/airflow/example_dags/example_branch_python_dop_operator_3.py for tasks to queue
[2024-08-10T23:26:23.169+0000] {logging_mixin.py:188} INFO - [2024-08-10T23:26:23.169+0000] {dagbag.py:545} INFO - Filling up the DagBag from /home/airflow/.local/lib/python3.12/site-packages/airflow/example_dags/example_branch_python_dop_operator_3.py
[2024-08-10T23:26:23.224+0000] {processor.py:840} INFO - DAG(s) 'example_branch_dop_operator_v3' retrieved from /home/airflow/.local/lib/python3.12/site-packages/airflow/example_dags/example_branch_python_dop_operator_3.py
[2024-08-10T23:26:23.269+0000] {logging_mixin.py:188} INFO - [2024-08-10T23:26:23.269+0000] {dag.py:3089} INFO - Sync 1 DAGs
[2024-08-10T23:26:23.300+0000] {logging_mixin.py:188} INFO - [2024-08-10T23:26:23.300+0000] {dag.py:3947} INFO - Setting next_dagrun for example_branch_dop_operator_v3 to 2024-08-10 23:25:00+00:00, run_after=2024-08-10 23:26:00+00:00
[2024-08-10T23:26:23.341+0000] {processor.py:183} INFO - Processing /home/airflow/.local/lib/python3.12/site-packages/airflow/example_dags/example_branch_python_dop_operator_3.py took 0.211 seconds
[2024-08-10T23:26:53.782+0000] {processor.py:161} INFO - Started process (PID=127) to work on /home/airflow/.local/lib/python3.12/site-packages/airflow/example_dags/example_branch_python_dop_operator_3.py
[2024-08-10T23:26:53.783+0000] {processor.py:830} INFO - Processing file /home/airflow/.local/lib/python3.12/site-packages/airflow/example_dags/example_branch_python_dop_operator_3.py for tasks to queue
[2024-08-10T23:26:53.784+0000] {logging_mixin.py:188} INFO - [2024-08-10T23:26:53.784+0000] {dagbag.py:545} INFO - Filling up the DagBag from /home/airflow/.local/lib/python3.12/site-packages/airflow/example_dags/example_branch_python_dop_operator_3.py
[2024-08-10T23:26:53.790+0000] {processor.py:840} INFO - DAG(s) 'example_branch_dop_operator_v3' retrieved from /home/airflow/.local/lib/python3.12/site-packages/airflow/example_dags/example_branch_python_dop_operator_3.py
[2024-08-10T23:26:53.868+0000] {logging_mixin.py:188} INFO - [2024-08-10T23:26:53.867+0000] {dag.py:3089} INFO - Sync 1 DAGs
[2024-08-10T23:26:53.887+0000] {logging_mixin.py:188} INFO - [2024-08-10T23:26:53.887+0000] {dag.py:3947} INFO - Setting next_dagrun for example_branch_dop_operator_v3 to 2024-08-10 23:25:00+00:00, run_after=2024-08-10 23:26:00+00:00
[2024-08-10T23:26:53.906+0000] {processor.py:183} INFO - Processing /home/airflow/.local/lib/python3.12/site-packages/airflow/example_dags/example_branch_python_dop_operator_3.py took 0.128 seconds
[2024-08-10T23:27:24.303+0000] {processor.py:161} INFO - Started process (PID=185) to work on /home/airflow/.local/lib/python3.12/site-packages/airflow/example_dags/example_branch_python_dop_operator_3.py
[2024-08-10T23:27:24.304+0000] {processor.py:830} INFO - Processing file /home/airflow/.local/lib/python3.12/site-packages/airflow/example_dags/example_branch_python_dop_operator_3.py for tasks to queue
[2024-08-10T23:27:24.305+0000] {logging_mixin.py:188} INFO - [2024-08-10T23:27:24.305+0000] {dagbag.py:545} INFO - Filling up the DagBag from /home/airflow/.local/lib/python3.12/site-packages/airflow/example_dags/example_branch_python_dop_operator_3.py
[2024-08-10T23:27:24.312+0000] {processor.py:840} INFO - DAG(s) 'example_branch_dop_operator_v3' retrieved from /home/airflow/.local/lib/python3.12/site-packages/airflow/example_dags/example_branch_python_dop_operator_3.py
[2024-08-10T23:27:24.328+0000] {logging_mixin.py:188} INFO - [2024-08-10T23:27:24.328+0000] {dag.py:3089} INFO - Sync 1 DAGs
[2024-08-10T23:27:24.348+0000] {logging_mixin.py:188} INFO - [2024-08-10T23:27:24.348+0000] {dag.py:3947} INFO - Setting next_dagrun for example_branch_dop_operator_v3 to 2024-08-10 23:26:00+00:00, run_after=2024-08-10 23:27:00+00:00
[2024-08-10T23:27:24.363+0000] {processor.py:183} INFO - Processing /home/airflow/.local/lib/python3.12/site-packages/airflow/example_dags/example_branch_python_dop_operator_3.py took 0.065 seconds
[2024-08-10T23:27:54.669+0000] {processor.py:161} INFO - Started process (PID=243) to work on /home/airflow/.local/lib/python3.12/site-packages/airflow/example_dags/example_branch_python_dop_operator_3.py
[2024-08-10T23:27:54.670+0000] {processor.py:830} INFO - Processing file /home/airflow/.local/lib/python3.12/site-packages/airflow/example_dags/example_branch_python_dop_operator_3.py for tasks to queue
[2024-08-10T23:27:54.671+0000] {logging_mixin.py:188} INFO - [2024-08-10T23:27:54.671+0000] {dagbag.py:545} INFO - Filling up the DagBag from /home/airflow/.local/lib/python3.12/site-packages/airflow/example_dags/example_branch_python_dop_operator_3.py
[2024-08-10T23:27:54.677+0000] {processor.py:840} INFO - DAG(s) 'example_branch_dop_operator_v3' retrieved from /home/airflow/.local/lib/python3.12/site-packages/airflow/example_dags/example_branch_python_dop_operator_3.py
[2024-08-10T23:27:54.693+0000] {logging_mixin.py:188} INFO - [2024-08-10T23:27:54.693+0000] {dag.py:3089} INFO - Sync 1 DAGs
[2024-08-10T23:27:54.713+0000] {logging_mixin.py:188} INFO - [2024-08-10T23:27:54.713+0000] {dag.py:3947} INFO - Setting next_dagrun for example_branch_dop_operator_v3 to 2024-08-10 23:26:00+00:00, run_after=2024-08-10 23:27:00+00:00
[2024-08-10T23:27:54.729+0000] {processor.py:183} INFO - Processing /home/airflow/.local/lib/python3.12/site-packages/airflow/example_dags/example_branch_python_dop_operator_3.py took 0.064 seconds
[2024-08-10T23:28:25.077+0000] {processor.py:161} INFO - Started process (PID=301) to work on /home/airflow/.local/lib/python3.12/site-packages/airflow/example_dags/example_branch_python_dop_operator_3.py
[2024-08-10T23:28:25.078+0000] {processor.py:830} INFO - Processing file /home/airflow/.local/lib/python3.12/site-packages/airflow/example_dags/example_branch_python_dop_operator_3.py for tasks to queue
[2024-08-10T23:28:25.079+0000] {logging_mixin.py:188} INFO - [2024-08-10T23:28:25.079+0000] {dagbag.py:545} INFO - Filling up the DagBag from /home/airflow/.local/lib/python3.12/site-packages/airflow/example_dags/example_branch_python_dop_operator_3.py
[2024-08-10T23:28:25.085+0000] {processor.py:840} INFO - DAG(s) 'example_branch_dop_operator_v3' retrieved from /home/airflow/.local/lib/python3.12/site-packages/airflow/example_dags/example_branch_python_dop_operator_3.py
[2024-08-10T23:28:25.103+0000] {logging_mixin.py:188} INFO - [2024-08-10T23:28:25.103+0000] {dag.py:3089} INFO - Sync 1 DAGs
[2024-08-10T23:28:25.125+0000] {logging_mixin.py:188} INFO - [2024-08-10T23:28:25.124+0000] {dag.py:3947} INFO - Setting next_dagrun for example_branch_dop_operator_v3 to 2024-08-10 23:27:00+00:00, run_after=2024-08-10 23:28:00+00:00
[2024-08-10T23:28:25.144+0000] {processor.py:183} INFO - Processing /home/airflow/.local/lib/python3.12/site-packages/airflow/example_dags/example_branch_python_dop_operator_3.py took 0.071 seconds
[2024-08-10T23:28:55.370+0000] {processor.py:161} INFO - Started process (PID=359) to work on /home/airflow/.local/lib/python3.12/site-packages/airflow/example_dags/example_branch_python_dop_operator_3.py
[2024-08-10T23:28:55.371+0000] {processor.py:830} INFO - Processing file /home/airflow/.local/lib/python3.12/site-packages/airflow/example_dags/example_branch_python_dop_operator_3.py for tasks to queue
[2024-08-10T23:28:55.372+0000] {logging_mixin.py:188} INFO - [2024-08-10T23:28:55.372+0000] {dagbag.py:545} INFO - Filling up the DagBag from /home/airflow/.local/lib/python3.12/site-packages/airflow/example_dags/example_branch_python_dop_operator_3.py
[2024-08-10T23:28:55.379+0000] {processor.py:840} INFO - DAG(s) 'example_branch_dop_operator_v3' retrieved from /home/airflow/.local/lib/python3.12/site-packages/airflow/example_dags/example_branch_python_dop_operator_3.py
[2024-08-10T23:28:55.394+0000] {logging_mixin.py:188} INFO - [2024-08-10T23:28:55.394+0000] {dag.py:3089} INFO - Sync 1 DAGs
[2024-08-10T23:28:55.414+0000] {logging_mixin.py:188} INFO - [2024-08-10T23:28:55.414+0000] {dag.py:3947} INFO - Setting next_dagrun for example_branch_dop_operator_v3 to 2024-08-10 23:27:00+00:00, run_after=2024-08-10 23:28:00+00:00
[2024-08-10T23:28:55.428+0000] {processor.py:183} INFO - Processing /home/airflow/.local/lib/python3.12/site-packages/airflow/example_dags/example_branch_python_dop_operator_3.py took 0.062 seconds
[2024-08-10T23:29:25.708+0000] {processor.py:161} INFO - Started process (PID=417) to work on /home/airflow/.local/lib/python3.12/site-packages/airflow/example_dags/example_branch_python_dop_operator_3.py
[2024-08-10T23:29:25.709+0000] {processor.py:830} INFO - Processing file /home/airflow/.local/lib/python3.12/site-packages/airflow/example_dags/example_branch_python_dop_operator_3.py for tasks to queue
[2024-08-10T23:29:25.710+0000] {logging_mixin.py:188} INFO - [2024-08-10T23:29:25.710+0000] {dagbag.py:545} INFO - Filling up the DagBag from /home/airflow/.local/lib/python3.12/site-packages/airflow/example_dags/example_branch_python_dop_operator_3.py
[2024-08-10T23:29:25.716+0000] {processor.py:840} INFO - DAG(s) 'example_branch_dop_operator_v3' retrieved from /home/airflow/.local/lib/python3.12/site-packages/airflow/example_dags/example_branch_python_dop_operator_3.py
[2024-08-10T23:29:25.732+0000] {logging_mixin.py:188} INFO - [2024-08-10T23:29:25.732+0000] {dag.py:3089} INFO - Sync 1 DAGs
[2024-08-10T23:29:25.755+0000] {logging_mixin.py:188} INFO - [2024-08-10T23:29:25.755+0000] {dag.py:3947} INFO - Setting next_dagrun for example_branch_dop_operator_v3 to 2024-08-10 23:28:00+00:00, run_after=2024-08-10 23:29:00+00:00
[2024-08-10T23:29:25.774+0000] {processor.py:183} INFO - Processing /home/airflow/.local/lib/python3.12/site-packages/airflow/example_dags/example_branch_python_dop_operator_3.py took 0.071 seconds
[2024-08-10T23:29:56.123+0000] {processor.py:161} INFO - Started process (PID=475) to work on /home/airflow/.local/lib/python3.12/site-packages/airflow/example_dags/example_branch_python_dop_operator_3.py
[2024-08-10T23:29:56.124+0000] {processor.py:830} INFO - Processing file /home/airflow/.local/lib/python3.12/site-packages/airflow/example_dags/example_branch_python_dop_operator_3.py for tasks to queue
[2024-08-10T23:29:56.125+0000] {logging_mixin.py:188} INFO - [2024-08-10T23:29:56.125+0000] {dagbag.py:545} INFO - Filling up the DagBag from /home/airflow/.local/lib/python3.12/site-packages/airflow/example_dags/example_branch_python_dop_operator_3.py
[2024-08-10T23:29:56.131+0000] {processor.py:840} INFO - DAG(s) 'example_branch_dop_operator_v3' retrieved from /home/airflow/.local/lib/python3.12/site-packages/airflow/example_dags/example_branch_python_dop_operator_3.py
[2024-08-10T23:29:56.147+0000] {logging_mixin.py:188} INFO - [2024-08-10T23:29:56.147+0000] {dag.py:3089} INFO - Sync 1 DAGs
[2024-08-10T23:29:56.166+0000] {logging_mixin.py:188} INFO - [2024-08-10T23:29:56.166+0000] {dag.py:3947} INFO - Setting next_dagrun for example_branch_dop_operator_v3 to 2024-08-10 23:28:00+00:00, run_after=2024-08-10 23:29:00+00:00
[2024-08-10T23:29:56.181+0000] {processor.py:183} INFO - Processing /home/airflow/.local/lib/python3.12/site-packages/airflow/example_dags/example_branch_python_dop_operator_3.py took 0.063 seconds
[2024-08-10T23:30:26.285+0000] {processor.py:161} INFO - Started process (PID=533) to work on /home/airflow/.local/lib/python3.12/site-packages/airflow/example_dags/example_branch_python_dop_operator_3.py
[2024-08-10T23:30:26.286+0000] {processor.py:830} INFO - Processing file /home/airflow/.local/lib/python3.12/site-packages/airflow/example_dags/example_branch_python_dop_operator_3.py for tasks to queue
[2024-08-10T23:30:26.288+0000] {logging_mixin.py:188} INFO - [2024-08-10T23:30:26.288+0000] {dagbag.py:545} INFO - Filling up the DagBag from /home/airflow/.local/lib/python3.12/site-packages/airflow/example_dags/example_branch_python_dop_operator_3.py
[2024-08-10T23:30:26.295+0000] {processor.py:840} INFO - DAG(s) 'example_branch_dop_operator_v3' retrieved from /home/airflow/.local/lib/python3.12/site-packages/airflow/example_dags/example_branch_python_dop_operator_3.py
[2024-08-10T23:30:26.310+0000] {logging_mixin.py:188} INFO - [2024-08-10T23:30:26.310+0000] {dag.py:3089} INFO - Sync 1 DAGs
[2024-08-10T23:30:26.330+0000] {logging_mixin.py:188} INFO - [2024-08-10T23:30:26.330+0000] {dag.py:3947} INFO - Setting next_dagrun for example_branch_dop_operator_v3 to 2024-08-10 23:29:00+00:00, run_after=2024-08-10 23:30:00+00:00
[2024-08-10T23:30:26.345+0000] {processor.py:183} INFO - Processing /home/airflow/.local/lib/python3.12/site-packages/airflow/example_dags/example_branch_python_dop_operator_3.py took 0.064 seconds
[2024-08-10T23:30:56.653+0000] {processor.py:161} INFO - Started process (PID=591) to work on /home/airflow/.local/lib/python3.12/site-packages/airflow/example_dags/example_branch_python_dop_operator_3.py
[2024-08-10T23:30:56.654+0000] {processor.py:830} INFO - Processing file /home/airflow/.local/lib/python3.12/site-packages/airflow/example_dags/example_branch_python_dop_operator_3.py for tasks to queue
[2024-08-10T23:30:56.655+0000] {logging_mixin.py:188} INFO - [2024-08-10T23:30:56.655+0000] {dagbag.py:545} INFO - Filling up the DagBag from /home/airflow/.local/lib/python3.12/site-packages/airflow/example_dags/example_branch_python_dop_operator_3.py
[2024-08-10T23:30:56.661+0000] {processor.py:840} INFO - DAG(s) 'example_branch_dop_operator_v3' retrieved from /home/airflow/.local/lib/python3.12/site-packages/airflow/example_dags/example_branch_python_dop_operator_3.py
[2024-08-10T23:30:56.676+0000] {logging_mixin.py:188} INFO - [2024-08-10T23:30:56.676+0000] {dag.py:3089} INFO - Sync 1 DAGs
[2024-08-10T23:30:56.695+0000] {logging_mixin.py:188} INFO - [2024-08-10T23:30:56.695+0000] {dag.py:3947} INFO - Setting next_dagrun for example_branch_dop_operator_v3 to 2024-08-10 23:29:00+00:00, run_after=2024-08-10 23:30:00+00:00
[2024-08-10T23:30:56.711+0000] {processor.py:183} INFO - Processing /home/airflow/.local/lib/python3.12/site-packages/airflow/example_dags/example_branch_python_dop_operator_3.py took 0.062 seconds
[2024-08-10T23:31:27.155+0000] {processor.py:161} INFO - Started process (PID=650) to work on /home/airflow/.local/lib/python3.12/site-packages/airflow/example_dags/example_branch_python_dop_operator_3.py
[2024-08-10T23:31:27.156+0000] {processor.py:830} INFO - Processing file /home/airflow/.local/lib/python3.12/site-packages/airflow/example_dags/example_branch_python_dop_operator_3.py for tasks to queue
[2024-08-10T23:31:27.157+0000] {logging_mixin.py:188} INFO - [2024-08-10T23:31:27.157+0000] {dagbag.py:545} INFO - Filling up the DagBag from /home/airflow/.local/lib/python3.12/site-packages/airflow/example_dags/example_branch_python_dop_operator_3.py
[2024-08-10T23:31:27.163+0000] {processor.py:840} INFO - DAG(s) 'example_branch_dop_operator_v3' retrieved from /home/airflow/.local/lib/python3.12/site-packages/airflow/example_dags/example_branch_python_dop_operator_3.py
[2024-08-10T23:31:27.179+0000] {logging_mixin.py:188} INFO - [2024-08-10T23:31:27.179+0000] {dag.py:3089} INFO - Sync 1 DAGs
[2024-08-10T23:31:27.200+0000] {logging_mixin.py:188} INFO - [2024-08-10T23:31:27.200+0000] {dag.py:3947} INFO - Setting next_dagrun for example_branch_dop_operator_v3 to 2024-08-10 23:30:00+00:00, run_after=2024-08-10 23:31:00+00:00
[2024-08-10T23:31:27.215+0000] {processor.py:183} INFO - Processing /home/airflow/.local/lib/python3.12/site-packages/airflow/example_dags/example_branch_python_dop_operator_3.py took 0.064 seconds
[2024-08-10T23:31:57.547+0000] {processor.py:161} INFO - Started process (PID=708) to work on /home/airflow/.local/lib/python3.12/site-packages/airflow/example_dags/example_branch_python_dop_operator_3.py
[2024-08-10T23:31:57.548+0000] {processor.py:830} INFO - Processing file /home/airflow/.local/lib/python3.12/site-packages/airflow/example_dags/example_branch_python_dop_operator_3.py for tasks to queue
[2024-08-10T23:31:57.550+0000] {logging_mixin.py:188} INFO - [2024-08-10T23:31:57.549+0000] {dagbag.py:545} INFO - Filling up the DagBag from /home/airflow/.local/lib/python3.12/site-packages/airflow/example_dags/example_branch_python_dop_operator_3.py
[2024-08-10T23:31:57.556+0000] {processor.py:840} INFO - DAG(s) 'example_branch_dop_operator_v3' retrieved from /home/airflow/.local/lib/python3.12/site-packages/airflow/example_dags/example_branch_python_dop_operator_3.py
[2024-08-10T23:31:57.573+0000] {logging_mixin.py:188} INFO - [2024-08-10T23:31:57.573+0000] {dag.py:3089} INFO - Sync 1 DAGs
[2024-08-10T23:31:57.595+0000] {logging_mixin.py:188} INFO - [2024-08-10T23:31:57.595+0000] {dag.py:3947} INFO - Setting next_dagrun for example_branch_dop_operator_v3 to 2024-08-10 23:30:00+00:00, run_after=2024-08-10 23:31:00+00:00
[2024-08-10T23:31:57.613+0000] {processor.py:183} INFO - Processing /home/airflow/.local/lib/python3.12/site-packages/airflow/example_dags/example_branch_python_dop_operator_3.py took 0.070 seconds
[2024-08-10T23:32:27.921+0000] {processor.py:161} INFO - Started process (PID=766) to work on /home/airflow/.local/lib/python3.12/site-packages/airflow/example_dags/example_branch_python_dop_operator_3.py
[2024-08-10T23:32:27.922+0000] {processor.py:830} INFO - Processing file /home/airflow/.local/lib/python3.12/site-packages/airflow/example_dags/example_branch_python_dop_operator_3.py for tasks to queue
[2024-08-10T23:32:27.923+0000] {logging_mixin.py:188} INFO - [2024-08-10T23:32:27.923+0000] {dagbag.py:545} INFO - Filling up the DagBag from /home/airflow/.local/lib/python3.12/site-packages/airflow/example_dags/example_branch_python_dop_operator_3.py
[2024-08-10T23:32:27.929+0000] {processor.py:840} INFO - DAG(s) 'example_branch_dop_operator_v3' retrieved from /home/airflow/.local/lib/python3.12/site-packages/airflow/example_dags/example_branch_python_dop_operator_3.py
[2024-08-10T23:32:27.944+0000] {logging_mixin.py:188} INFO - [2024-08-10T23:32:27.944+0000] {dag.py:3089} INFO - Sync 1 DAGs
[2024-08-10T23:32:27.964+0000] {logging_mixin.py:188} INFO - [2024-08-10T23:32:27.964+0000] {dag.py:3947} INFO - Setting next_dagrun for example_branch_dop_operator_v3 to 2024-08-10 23:31:00+00:00, run_after=2024-08-10 23:32:00+00:00
[2024-08-10T23:32:27.982+0000] {processor.py:183} INFO - Processing /home/airflow/.local/lib/python3.12/site-packages/airflow/example_dags/example_branch_python_dop_operator_3.py took 0.066 seconds
[2024-08-10T23:32:58.142+0000] {processor.py:161} INFO - Started process (PID=824) to work on /home/airflow/.local/lib/python3.12/site-packages/airflow/example_dags/example_branch_python_dop_operator_3.py
[2024-08-10T23:32:58.142+0000] {processor.py:830} INFO - Processing file /home/airflow/.local/lib/python3.12/site-packages/airflow/example_dags/example_branch_python_dop_operator_3.py for tasks to queue
[2024-08-10T23:32:58.144+0000] {logging_mixin.py:188} INFO - [2024-08-10T23:32:58.143+0000] {dagbag.py:545} INFO - Filling up the DagBag from /home/airflow/.local/lib/python3.12/site-packages/airflow/example_dags/example_branch_python_dop_operator_3.py
[2024-08-10T23:32:58.149+0000] {processor.py:840} INFO - DAG(s) 'example_branch_dop_operator_v3' retrieved from /home/airflow/.local/lib/python3.12/site-packages/airflow/example_dags/example_branch_python_dop_operator_3.py
[2024-08-10T23:32:58.164+0000] {logging_mixin.py:188} INFO - [2024-08-10T23:32:58.164+0000] {dag.py:3089} INFO - Sync 1 DAGs
[2024-08-10T23:32:58.185+0000] {logging_mixin.py:188} INFO - [2024-08-10T23:32:58.185+0000] {dag.py:3947} INFO - Setting next_dagrun for example_branch_dop_operator_v3 to 2024-08-10 23:31:00+00:00, run_after=2024-08-10 23:32:00+00:00
[2024-08-10T23:32:58.200+0000] {processor.py:183} INFO - Processing /home/airflow/.local/lib/python3.12/site-packages/airflow/example_dags/example_branch_python_dop_operator_3.py took 0.062 seconds
[2024-08-10T23:33:28.438+0000] {processor.py:161} INFO - Started process (PID=882) to work on /home/airflow/.local/lib/python3.12/site-packages/airflow/example_dags/example_branch_python_dop_operator_3.py
[2024-08-10T23:33:28.439+0000] {processor.py:830} INFO - Processing file /home/airflow/.local/lib/python3.12/site-packages/airflow/example_dags/example_branch_python_dop_operator_3.py for tasks to queue
[2024-08-10T23:33:28.440+0000] {logging_mixin.py:188} INFO - [2024-08-10T23:33:28.439+0000] {dagbag.py:545} INFO - Filling up the DagBag from /home/airflow/.local/lib/python3.12/site-packages/airflow/example_dags/example_branch_python_dop_operator_3.py
[2024-08-10T23:33:28.445+0000] {processor.py:840} INFO - DAG(s) 'example_branch_dop_operator_v3' retrieved from /home/airflow/.local/lib/python3.12/site-packages/airflow/example_dags/example_branch_python_dop_operator_3.py
[2024-08-10T23:33:28.461+0000] {logging_mixin.py:188} INFO - [2024-08-10T23:33:28.461+0000] {dag.py:3089} INFO - Sync 1 DAGs
[2024-08-10T23:33:28.482+0000] {logging_mixin.py:188} INFO - [2024-08-10T23:33:28.482+0000] {dag.py:3947} INFO - Setting next_dagrun for example_branch_dop_operator_v3 to 2024-08-10 23:32:00+00:00, run_after=2024-08-10 23:33:00+00:00
[2024-08-10T23:33:28.498+0000] {processor.py:183} INFO - Processing /home/airflow/.local/lib/python3.12/site-packages/airflow/example_dags/example_branch_python_dop_operator_3.py took 0.064 seconds
[2024-08-10T23:33:58.656+0000] {processor.py:161} INFO - Started process (PID=940) to work on /home/airflow/.local/lib/python3.12/site-packages/airflow/example_dags/example_branch_python_dop_operator_3.py
[2024-08-10T23:33:58.657+0000] {processor.py:830} INFO - Processing file /home/airflow/.local/lib/python3.12/site-packages/airflow/example_dags/example_branch_python_dop_operator_3.py for tasks to queue
[2024-08-10T23:33:58.658+0000] {logging_mixin.py:188} INFO - [2024-08-10T23:33:58.658+0000] {dagbag.py:545} INFO - Filling up the DagBag from /home/airflow/.local/lib/python3.12/site-packages/airflow/example_dags/example_branch_python_dop_operator_3.py
[2024-08-10T23:33:58.664+0000] {processor.py:840} INFO - DAG(s) 'example_branch_dop_operator_v3' retrieved from /home/airflow/.local/lib/python3.12/site-packages/airflow/example_dags/example_branch_python_dop_operator_3.py
[2024-08-10T23:33:58.679+0000] {logging_mixin.py:188} INFO - [2024-08-10T23:33:58.679+0000] {dag.py:3089} INFO - Sync 1 DAGs
[2024-08-10T23:33:58.698+0000] {logging_mixin.py:188} INFO - [2024-08-10T23:33:58.698+0000] {dag.py:3947} INFO - Setting next_dagrun for example_branch_dop_operator_v3 to 2024-08-10 23:32:00+00:00, run_after=2024-08-10 23:33:00+00:00
[2024-08-10T23:33:58.713+0000] {processor.py:183} INFO - Processing /home/airflow/.local/lib/python3.12/site-packages/airflow/example_dags/example_branch_python_dop_operator_3.py took 0.061 seconds
[2024-08-10T23:34:29.080+0000] {processor.py:161} INFO - Started process (PID=998) to work on /home/airflow/.local/lib/python3.12/site-packages/airflow/example_dags/example_branch_python_dop_operator_3.py
[2024-08-10T23:34:29.081+0000] {processor.py:830} INFO - Processing file /home/airflow/.local/lib/python3.12/site-packages/airflow/example_dags/example_branch_python_dop_operator_3.py for tasks to queue
[2024-08-10T23:34:29.082+0000] {logging_mixin.py:188} INFO - [2024-08-10T23:34:29.081+0000] {dagbag.py:545} INFO - Filling up the DagBag from /home/airflow/.local/lib/python3.12/site-packages/airflow/example_dags/example_branch_python_dop_operator_3.py
[2024-08-10T23:34:29.087+0000] {processor.py:840} INFO - DAG(s) 'example_branch_dop_operator_v3' retrieved from /home/airflow/.local/lib/python3.12/site-packages/airflow/example_dags/example_branch_python_dop_operator_3.py
[2024-08-10T23:34:29.103+0000] {logging_mixin.py:188} INFO - [2024-08-10T23:34:29.103+0000] {dag.py:3089} INFO - Sync 1 DAGs
[2024-08-10T23:34:29.123+0000] {logging_mixin.py:188} INFO - [2024-08-10T23:34:29.122+0000] {dag.py:3947} INFO - Setting next_dagrun for example_branch_dop_operator_v3 to 2024-08-10 23:33:00+00:00, run_after=2024-08-10 23:34:00+00:00
[2024-08-10T23:34:29.138+0000] {processor.py:183} INFO - Processing /home/airflow/.local/lib/python3.12/site-packages/airflow/example_dags/example_branch_python_dop_operator_3.py took 0.062 seconds
[2024-08-10T23:34:59.410+0000] {processor.py:161} INFO - Started process (PID=1056) to work on /home/airflow/.local/lib/python3.12/site-packages/airflow/example_dags/example_branch_python_dop_operator_3.py
[2024-08-10T23:34:59.410+0000] {processor.py:830} INFO - Processing file /home/airflow/.local/lib/python3.12/site-packages/airflow/example_dags/example_branch_python_dop_operator_3.py for tasks to queue
[2024-08-10T23:34:59.412+0000] {logging_mixin.py:188} INFO - [2024-08-10T23:34:59.411+0000] {dagbag.py:545} INFO - Filling up the DagBag from /home/airflow/.local/lib/python3.12/site-packages/airflow/example_dags/example_branch_python_dop_operator_3.py
[2024-08-10T23:34:59.417+0000] {processor.py:840} INFO - DAG(s) 'example_branch_dop_operator_v3' retrieved from /home/airflow/.local/lib/python3.12/site-packages/airflow/example_dags/example_branch_python_dop_operator_3.py
[2024-08-10T23:34:59.434+0000] {logging_mixin.py:188} INFO - [2024-08-10T23:34:59.434+0000] {dag.py:3089} INFO - Sync 1 DAGs
[2024-08-10T23:34:59.455+0000] {logging_mixin.py:188} INFO - [2024-08-10T23:34:59.455+0000] {dag.py:3947} INFO - Setting next_dagrun for example_branch_dop_operator_v3 to 2024-08-10 23:33:00+00:00, run_after=2024-08-10 23:34:00+00:00
[2024-08-10T23:34:59.471+0000] {processor.py:183} INFO - Processing /home/airflow/.local/lib/python3.12/site-packages/airflow/example_dags/example_branch_python_dop_operator_3.py took 0.065 seconds
[2024-08-10T23:35:29.799+0000] {processor.py:161} INFO - Started process (PID=1114) to work on /home/airflow/.local/lib/python3.12/site-packages/airflow/example_dags/example_branch_python_dop_operator_3.py
[2024-08-10T23:35:29.800+0000] {processor.py:830} INFO - Processing file /home/airflow/.local/lib/python3.12/site-packages/airflow/example_dags/example_branch_python_dop_operator_3.py for tasks to queue
[2024-08-10T23:35:29.801+0000] {logging_mixin.py:188} INFO - [2024-08-10T23:35:29.801+0000] {dagbag.py:545} INFO - Filling up the DagBag from /home/airflow/.local/lib/python3.12/site-packages/airflow/example_dags/example_branch_python_dop_operator_3.py
[2024-08-10T23:35:29.807+0000] {processor.py:840} INFO - DAG(s) 'example_branch_dop_operator_v3' retrieved from /home/airflow/.local/lib/python3.12/site-packages/airflow/example_dags/example_branch_python_dop_operator_3.py
[2024-08-10T23:35:29.822+0000] {logging_mixin.py:188} INFO - [2024-08-10T23:35:29.822+0000] {dag.py:3089} INFO - Sync 1 DAGs
[2024-08-10T23:35:29.842+0000] {logging_mixin.py:188} INFO - [2024-08-10T23:35:29.842+0000] {dag.py:3947} INFO - Setting next_dagrun for example_branch_dop_operator_v3 to 2024-08-10 23:34:00+00:00, run_after=2024-08-10 23:35:00+00:00
[2024-08-10T23:35:29.856+0000] {processor.py:183} INFO - Processing /home/airflow/.local/lib/python3.12/site-packages/airflow/example_dags/example_branch_python_dop_operator_3.py took 0.062 seconds
[2024-08-10T23:36:00.123+0000] {processor.py:161} INFO - Started process (PID=1172) to work on /home/airflow/.local/lib/python3.12/site-packages/airflow/example_dags/example_branch_python_dop_operator_3.py
[2024-08-10T23:36:00.123+0000] {processor.py:830} INFO - Processing file /home/airflow/.local/lib/python3.12/site-packages/airflow/example_dags/example_branch_python_dop_operator_3.py for tasks to queue
[2024-08-10T23:36:00.125+0000] {logging_mixin.py:188} INFO - [2024-08-10T23:36:00.124+0000] {dagbag.py:545} INFO - Filling up the DagBag from /home/airflow/.local/lib/python3.12/site-packages/airflow/example_dags/example_branch_python_dop_operator_3.py
[2024-08-10T23:36:00.130+0000] {processor.py:840} INFO - DAG(s) 'example_branch_dop_operator_v3' retrieved from /home/airflow/.local/lib/python3.12/site-packages/airflow/example_dags/example_branch_python_dop_operator_3.py
[2024-08-10T23:36:00.146+0000] {logging_mixin.py:188} INFO - [2024-08-10T23:36:00.145+0000] {dag.py:3089} INFO - Sync 1 DAGs
[2024-08-10T23:36:00.166+0000] {logging_mixin.py:188} INFO - [2024-08-10T23:36:00.166+0000] {dag.py:3947} INFO - Setting next_dagrun for example_branch_dop_operator_v3 to 2024-08-10 23:35:00+00:00, run_after=2024-08-10 23:36:00+00:00
[2024-08-10T23:36:00.183+0000] {processor.py:183} INFO - Processing /home/airflow/.local/lib/python3.12/site-packages/airflow/example_dags/example_branch_python_dop_operator_3.py took 0.065 seconds
[2024-08-10T23:36:31.274+0000] {processor.py:161} INFO - Started process (PID=1231) to work on /home/airflow/.local/lib/python3.12/site-packages/airflow/example_dags/example_branch_python_dop_operator_3.py
[2024-08-10T23:36:31.275+0000] {processor.py:830} INFO - Processing file /home/airflow/.local/lib/python3.12/site-packages/airflow/example_dags/example_branch_python_dop_operator_3.py for tasks to queue
[2024-08-10T23:36:31.276+0000] {logging_mixin.py:188} INFO - [2024-08-10T23:36:31.276+0000] {dagbag.py:545} INFO - Filling up the DagBag from /home/airflow/.local/lib/python3.12/site-packages/airflow/example_dags/example_branch_python_dop_operator_3.py
[2024-08-10T23:36:31.283+0000] {processor.py:840} INFO - DAG(s) 'example_branch_dop_operator_v3' retrieved from /home/airflow/.local/lib/python3.12/site-packages/airflow/example_dags/example_branch_python_dop_operator_3.py
[2024-08-10T23:36:31.299+0000] {logging_mixin.py:188} INFO - [2024-08-10T23:36:31.299+0000] {dag.py:3089} INFO - Sync 1 DAGs
[2024-08-10T23:36:31.318+0000] {logging_mixin.py:188} INFO - [2024-08-10T23:36:31.318+0000] {dag.py:3947} INFO - Setting next_dagrun for example_branch_dop_operator_v3 to 2024-08-10 23:35:00+00:00, run_after=2024-08-10 23:36:00+00:00
[2024-08-10T23:36:31.333+0000] {processor.py:183} INFO - Processing /home/airflow/.local/lib/python3.12/site-packages/airflow/example_dags/example_branch_python_dop_operator_3.py took 0.063 seconds
[2024-08-10T23:37:01.998+0000] {processor.py:161} INFO - Started process (PID=1290) to work on /home/airflow/.local/lib/python3.12/site-packages/airflow/example_dags/example_branch_python_dop_operator_3.py
[2024-08-10T23:37:01.998+0000] {processor.py:830} INFO - Processing file /home/airflow/.local/lib/python3.12/site-packages/airflow/example_dags/example_branch_python_dop_operator_3.py for tasks to queue
[2024-08-10T23:37:02.000+0000] {logging_mixin.py:188} INFO - [2024-08-10T23:37:01.999+0000] {dagbag.py:545} INFO - Filling up the DagBag from /home/airflow/.local/lib/python3.12/site-packages/airflow/example_dags/example_branch_python_dop_operator_3.py
[2024-08-10T23:37:02.006+0000] {processor.py:840} INFO - DAG(s) 'example_branch_dop_operator_v3' retrieved from /home/airflow/.local/lib/python3.12/site-packages/airflow/example_dags/example_branch_python_dop_operator_3.py
[2024-08-10T23:37:02.023+0000] {logging_mixin.py:188} INFO - [2024-08-10T23:37:02.022+0000] {dag.py:3089} INFO - Sync 1 DAGs
[2024-08-10T23:37:02.043+0000] {logging_mixin.py:188} INFO - [2024-08-10T23:37:02.043+0000] {dag.py:3947} INFO - Setting next_dagrun for example_branch_dop_operator_v3 to 2024-08-10 23:36:00+00:00, run_after=2024-08-10 23:37:00+00:00
[2024-08-10T23:37:02.059+0000] {processor.py:183} INFO - Processing /home/airflow/.local/lib/python3.12/site-packages/airflow/example_dags/example_branch_python_dop_operator_3.py took 0.066 seconds
[2024-08-10T23:37:32.426+0000] {processor.py:161} INFO - Started process (PID=1349) to work on /home/airflow/.local/lib/python3.12/site-packages/airflow/example_dags/example_branch_python_dop_operator_3.py
[2024-08-10T23:37:32.427+0000] {processor.py:830} INFO - Processing file /home/airflow/.local/lib/python3.12/site-packages/airflow/example_dags/example_branch_python_dop_operator_3.py for tasks to queue
[2024-08-10T23:37:32.428+0000] {logging_mixin.py:188} INFO - [2024-08-10T23:37:32.428+0000] {dagbag.py:545} INFO - Filling up the DagBag from /home/airflow/.local/lib/python3.12/site-packages/airflow/example_dags/example_branch_python_dop_operator_3.py
[2024-08-10T23:37:32.434+0000] {processor.py:840} INFO - DAG(s) 'example_branch_dop_operator_v3' retrieved from /home/airflow/.local/lib/python3.12/site-packages/airflow/example_dags/example_branch_python_dop_operator_3.py
[2024-08-10T23:37:32.451+0000] {logging_mixin.py:188} INFO - [2024-08-10T23:37:32.451+0000] {dag.py:3089} INFO - Sync 1 DAGs
[2024-08-10T23:37:32.473+0000] {logging_mixin.py:188} INFO - [2024-08-10T23:37:32.473+0000] {dag.py:3947} INFO - Setting next_dagrun for example_branch_dop_operator_v3 to 2024-08-10 23:36:00+00:00, run_after=2024-08-10 23:37:00+00:00
[2024-08-10T23:37:32.488+0000] {processor.py:183} INFO - Processing /home/airflow/.local/lib/python3.12/site-packages/airflow/example_dags/example_branch_python_dop_operator_3.py took 0.066 seconds
[2024-08-10T23:38:02.922+0000] {processor.py:161} INFO - Started process (PID=1409) to work on /home/airflow/.local/lib/python3.12/site-packages/airflow/example_dags/example_branch_python_dop_operator_3.py
[2024-08-10T23:38:02.922+0000] {processor.py:830} INFO - Processing file /home/airflow/.local/lib/python3.12/site-packages/airflow/example_dags/example_branch_python_dop_operator_3.py for tasks to queue
[2024-08-10T23:38:02.924+0000] {logging_mixin.py:188} INFO - [2024-08-10T23:38:02.924+0000] {dagbag.py:545} INFO - Filling up the DagBag from /home/airflow/.local/lib/python3.12/site-packages/airflow/example_dags/example_branch_python_dop_operator_3.py
[2024-08-10T23:38:02.930+0000] {processor.py:840} INFO - DAG(s) 'example_branch_dop_operator_v3' retrieved from /home/airflow/.local/lib/python3.12/site-packages/airflow/example_dags/example_branch_python_dop_operator_3.py
[2024-08-10T23:38:02.945+0000] {logging_mixin.py:188} INFO - [2024-08-10T23:38:02.945+0000] {dag.py:3089} INFO - Sync 1 DAGs
[2024-08-10T23:38:02.965+0000] {logging_mixin.py:188} INFO - [2024-08-10T23:38:02.965+0000] {dag.py:3947} INFO - Setting next_dagrun for example_branch_dop_operator_v3 to 2024-08-10 23:37:00+00:00, run_after=2024-08-10 23:38:00+00:00
[2024-08-10T23:38:02.980+0000] {processor.py:183} INFO - Processing /home/airflow/.local/lib/python3.12/site-packages/airflow/example_dags/example_branch_python_dop_operator_3.py took 0.062 seconds
[2024-08-10T23:38:33.266+0000] {processor.py:161} INFO - Started process (PID=1468) to work on /home/airflow/.local/lib/python3.12/site-packages/airflow/example_dags/example_branch_python_dop_operator_3.py
[2024-08-10T23:38:33.267+0000] {processor.py:830} INFO - Processing file /home/airflow/.local/lib/python3.12/site-packages/airflow/example_dags/example_branch_python_dop_operator_3.py for tasks to queue
[2024-08-10T23:38:33.269+0000] {logging_mixin.py:188} INFO - [2024-08-10T23:38:33.268+0000] {dagbag.py:545} INFO - Filling up the DagBag from /home/airflow/.local/lib/python3.12/site-packages/airflow/example_dags/example_branch_python_dop_operator_3.py
[2024-08-10T23:38:33.275+0000] {processor.py:840} INFO - DAG(s) 'example_branch_dop_operator_v3' retrieved from /home/airflow/.local/lib/python3.12/site-packages/airflow/example_dags/example_branch_python_dop_operator_3.py
[2024-08-10T23:38:33.291+0000] {logging_mixin.py:188} INFO - [2024-08-10T23:38:33.291+0000] {dag.py:3089} INFO - Sync 1 DAGs
[2024-08-10T23:38:33.311+0000] {logging_mixin.py:188} INFO - [2024-08-10T23:38:33.311+0000] {dag.py:3947} INFO - Setting next_dagrun for example_branch_dop_operator_v3 to 2024-08-10 23:37:00+00:00, run_after=2024-08-10 23:38:00+00:00
[2024-08-10T23:38:33.326+0000] {processor.py:183} INFO - Processing /home/airflow/.local/lib/python3.12/site-packages/airflow/example_dags/example_branch_python_dop_operator_3.py took 0.064 seconds
[2024-08-10T23:39:03.669+0000] {processor.py:161} INFO - Started process (PID=1527) to work on /home/airflow/.local/lib/python3.12/site-packages/airflow/example_dags/example_branch_python_dop_operator_3.py
[2024-08-10T23:39:03.670+0000] {processor.py:830} INFO - Processing file /home/airflow/.local/lib/python3.12/site-packages/airflow/example_dags/example_branch_python_dop_operator_3.py for tasks to queue
[2024-08-10T23:39:03.672+0000] {logging_mixin.py:188} INFO - [2024-08-10T23:39:03.671+0000] {dagbag.py:545} INFO - Filling up the DagBag from /home/airflow/.local/lib/python3.12/site-packages/airflow/example_dags/example_branch_python_dop_operator_3.py
[2024-08-10T23:39:03.678+0000] {processor.py:840} INFO - DAG(s) 'example_branch_dop_operator_v3' retrieved from /home/airflow/.local/lib/python3.12/site-packages/airflow/example_dags/example_branch_python_dop_operator_3.py
[2024-08-10T23:39:03.696+0000] {logging_mixin.py:188} INFO - [2024-08-10T23:39:03.695+0000] {dag.py:3089} INFO - Sync 1 DAGs
[2024-08-10T23:39:03.719+0000] {logging_mixin.py:188} INFO - [2024-08-10T23:39:03.718+0000] {dag.py:3947} INFO - Setting next_dagrun for example_branch_dop_operator_v3 to 2024-08-10 23:38:00+00:00, run_after=2024-08-10 23:39:00+00:00
[2024-08-10T23:39:03.737+0000] {processor.py:183} INFO - Processing /home/airflow/.local/lib/python3.12/site-packages/airflow/example_dags/example_branch_python_dop_operator_3.py took 0.072 seconds
[2024-08-10T23:39:34.155+0000] {processor.py:161} INFO - Started process (PID=1586) to work on /home/airflow/.local/lib/python3.12/site-packages/airflow/example_dags/example_branch_python_dop_operator_3.py
[2024-08-10T23:39:34.156+0000] {processor.py:830} INFO - Processing file /home/airflow/.local/lib/python3.12/site-packages/airflow/example_dags/example_branch_python_dop_operator_3.py for tasks to queue
[2024-08-10T23:39:34.158+0000] {logging_mixin.py:188} INFO - [2024-08-10T23:39:34.157+0000] {dagbag.py:545} INFO - Filling up the DagBag from /home/airflow/.local/lib/python3.12/site-packages/airflow/example_dags/example_branch_python_dop_operator_3.py
[2024-08-10T23:39:34.164+0000] {processor.py:840} INFO - DAG(s) 'example_branch_dop_operator_v3' retrieved from /home/airflow/.local/lib/python3.12/site-packages/airflow/example_dags/example_branch_python_dop_operator_3.py
[2024-08-10T23:39:34.181+0000] {logging_mixin.py:188} INFO - [2024-08-10T23:39:34.181+0000] {dag.py:3089} INFO - Sync 1 DAGs
[2024-08-10T23:39:34.200+0000] {logging_mixin.py:188} INFO - [2024-08-10T23:39:34.200+0000] {dag.py:3947} INFO - Setting next_dagrun for example_branch_dop_operator_v3 to 2024-08-10 23:38:00+00:00, run_after=2024-08-10 23:39:00+00:00
[2024-08-10T23:39:34.216+0000] {processor.py:183} INFO - Processing /home/airflow/.local/lib/python3.12/site-packages/airflow/example_dags/example_branch_python_dop_operator_3.py took 0.065 seconds
[2024-08-10T23:40:05.297+0000] {processor.py:161} INFO - Started process (PID=1645) to work on /home/airflow/.local/lib/python3.12/site-packages/airflow/example_dags/example_branch_python_dop_operator_3.py
[2024-08-10T23:40:05.298+0000] {processor.py:830} INFO - Processing file /home/airflow/.local/lib/python3.12/site-packages/airflow/example_dags/example_branch_python_dop_operator_3.py for tasks to queue
[2024-08-10T23:40:05.300+0000] {logging_mixin.py:188} INFO - [2024-08-10T23:40:05.300+0000] {dagbag.py:545} INFO - Filling up the DagBag from /home/airflow/.local/lib/python3.12/site-packages/airflow/example_dags/example_branch_python_dop_operator_3.py
[2024-08-10T23:40:05.307+0000] {processor.py:840} INFO - DAG(s) 'example_branch_dop_operator_v3' retrieved from /home/airflow/.local/lib/python3.12/site-packages/airflow/example_dags/example_branch_python_dop_operator_3.py
[2024-08-10T23:40:05.323+0000] {logging_mixin.py:188} INFO - [2024-08-10T23:40:05.323+0000] {dag.py:3089} INFO - Sync 1 DAGs
[2024-08-10T23:40:05.454+0000] {logging_mixin.py:188} INFO - [2024-08-10T23:40:05.453+0000] {dag.py:3947} INFO - Setting next_dagrun for example_branch_dop_operator_v3 to 2024-08-10 23:39:00+00:00, run_after=2024-08-10 23:40:00+00:00
[2024-08-10T23:40:05.468+0000] {processor.py:183} INFO - Processing /home/airflow/.local/lib/python3.12/site-packages/airflow/example_dags/example_branch_python_dop_operator_3.py took 0.175 seconds
[2024-08-10T23:40:36.139+0000] {processor.py:161} INFO - Started process (PID=1704) to work on /home/airflow/.local/lib/python3.12/site-packages/airflow/example_dags/example_branch_python_dop_operator_3.py
[2024-08-10T23:40:36.139+0000] {processor.py:830} INFO - Processing file /home/airflow/.local/lib/python3.12/site-packages/airflow/example_dags/example_branch_python_dop_operator_3.py for tasks to queue
[2024-08-10T23:40:36.141+0000] {logging_mixin.py:188} INFO - [2024-08-10T23:40:36.140+0000] {dagbag.py:545} INFO - Filling up the DagBag from /home/airflow/.local/lib/python3.12/site-packages/airflow/example_dags/example_branch_python_dop_operator_3.py
[2024-08-10T23:40:36.147+0000] {processor.py:840} INFO - DAG(s) 'example_branch_dop_operator_v3' retrieved from /home/airflow/.local/lib/python3.12/site-packages/airflow/example_dags/example_branch_python_dop_operator_3.py
[2024-08-10T23:40:36.163+0000] {logging_mixin.py:188} INFO - [2024-08-10T23:40:36.162+0000] {dag.py:3089} INFO - Sync 1 DAGs
[2024-08-10T23:40:36.183+0000] {logging_mixin.py:188} INFO - [2024-08-10T23:40:36.183+0000] {dag.py:3947} INFO - Setting next_dagrun for example_branch_dop_operator_v3 to 2024-08-10 23:39:00+00:00, run_after=2024-08-10 23:40:00+00:00
[2024-08-10T23:40:36.320+0000] {processor.py:183} INFO - Processing /home/airflow/.local/lib/python3.12/site-packages/airflow/example_dags/example_branch_python_dop_operator_3.py took 0.185 seconds
[2024-08-10T23:41:07.127+0000] {processor.py:161} INFO - Started process (PID=1769) to work on /home/airflow/.local/lib/python3.12/site-packages/airflow/example_dags/example_branch_python_dop_operator_3.py
[2024-08-10T23:41:07.128+0000] {processor.py:830} INFO - Processing file /home/airflow/.local/lib/python3.12/site-packages/airflow/example_dags/example_branch_python_dop_operator_3.py for tasks to queue
[2024-08-10T23:41:07.129+0000] {logging_mixin.py:188} INFO - [2024-08-10T23:41:07.129+0000] {dagbag.py:545} INFO - Filling up the DagBag from /home/airflow/.local/lib/python3.12/site-packages/airflow/example_dags/example_branch_python_dop_operator_3.py
[2024-08-10T23:41:07.136+0000] {processor.py:840} INFO - DAG(s) 'example_branch_dop_operator_v3' retrieved from /home/airflow/.local/lib/python3.12/site-packages/airflow/example_dags/example_branch_python_dop_operator_3.py
[2024-08-10T23:41:07.154+0000] {logging_mixin.py:188} INFO - [2024-08-10T23:41:07.153+0000] {dag.py:3089} INFO - Sync 1 DAGs
[2024-08-10T23:41:07.176+0000] {logging_mixin.py:188} INFO - [2024-08-10T23:41:07.176+0000] {dag.py:3947} INFO - Setting next_dagrun for example_branch_dop_operator_v3 to 2024-08-10 23:40:00+00:00, run_after=2024-08-10 23:41:00+00:00
[2024-08-10T23:41:07.196+0000] {processor.py:183} INFO - Processing /home/airflow/.local/lib/python3.12/site-packages/airflow/example_dags/example_branch_python_dop_operator_3.py took 0.073 seconds
[2024-08-10T23:41:38.171+0000] {processor.py:161} INFO - Started process (PID=1828) to work on /home/airflow/.local/lib/python3.12/site-packages/airflow/example_dags/example_branch_python_dop_operator_3.py
[2024-08-10T23:41:38.172+0000] {processor.py:830} INFO - Processing file /home/airflow/.local/lib/python3.12/site-packages/airflow/example_dags/example_branch_python_dop_operator_3.py for tasks to queue
[2024-08-10T23:41:38.173+0000] {logging_mixin.py:188} INFO - [2024-08-10T23:41:38.173+0000] {dagbag.py:545} INFO - Filling up the DagBag from /home/airflow/.local/lib/python3.12/site-packages/airflow/example_dags/example_branch_python_dop_operator_3.py
[2024-08-10T23:41:38.179+0000] {processor.py:840} INFO - DAG(s) 'example_branch_dop_operator_v3' retrieved from /home/airflow/.local/lib/python3.12/site-packages/airflow/example_dags/example_branch_python_dop_operator_3.py
[2024-08-10T23:41:38.194+0000] {logging_mixin.py:188} INFO - [2024-08-10T23:41:38.194+0000] {dag.py:3089} INFO - Sync 1 DAGs
[2024-08-10T23:41:38.213+0000] {logging_mixin.py:188} INFO - [2024-08-10T23:41:38.213+0000] {dag.py:3947} INFO - Setting next_dagrun for example_branch_dop_operator_v3 to 2024-08-10 23:40:00+00:00, run_after=2024-08-10 23:41:00+00:00
[2024-08-10T23:41:38.228+0000] {processor.py:183} INFO - Processing /home/airflow/.local/lib/python3.12/site-packages/airflow/example_dags/example_branch_python_dop_operator_3.py took 0.061 seconds
[2024-08-10T23:42:08.324+0000] {processor.py:161} INFO - Started process (PID=1887) to work on /home/airflow/.local/lib/python3.12/site-packages/airflow/example_dags/example_branch_python_dop_operator_3.py
[2024-08-10T23:42:08.325+0000] {processor.py:830} INFO - Processing file /home/airflow/.local/lib/python3.12/site-packages/airflow/example_dags/example_branch_python_dop_operator_3.py for tasks to queue
[2024-08-10T23:42:08.326+0000] {logging_mixin.py:188} INFO - [2024-08-10T23:42:08.326+0000] {dagbag.py:545} INFO - Filling up the DagBag from /home/airflow/.local/lib/python3.12/site-packages/airflow/example_dags/example_branch_python_dop_operator_3.py
[2024-08-10T23:42:08.332+0000] {processor.py:840} INFO - DAG(s) 'example_branch_dop_operator_v3' retrieved from /home/airflow/.local/lib/python3.12/site-packages/airflow/example_dags/example_branch_python_dop_operator_3.py
[2024-08-10T23:42:08.349+0000] {logging_mixin.py:188} INFO - [2024-08-10T23:42:08.349+0000] {dag.py:3089} INFO - Sync 1 DAGs
[2024-08-10T23:42:08.370+0000] {logging_mixin.py:188} INFO - [2024-08-10T23:42:08.370+0000] {dag.py:3947} INFO - Setting next_dagrun for example_branch_dop_operator_v3 to 2024-08-10 23:41:00+00:00, run_after=2024-08-10 23:42:00+00:00
[2024-08-10T23:42:08.386+0000] {processor.py:183} INFO - Processing /home/airflow/.local/lib/python3.12/site-packages/airflow/example_dags/example_branch_python_dop_operator_3.py took 0.067 seconds
[2024-08-10T23:42:39.109+0000] {processor.py:161} INFO - Started process (PID=1946) to work on /home/airflow/.local/lib/python3.12/site-packages/airflow/example_dags/example_branch_python_dop_operator_3.py
[2024-08-10T23:42:39.110+0000] {processor.py:830} INFO - Processing file /home/airflow/.local/lib/python3.12/site-packages/airflow/example_dags/example_branch_python_dop_operator_3.py for tasks to queue
[2024-08-10T23:42:39.111+0000] {logging_mixin.py:188} INFO - [2024-08-10T23:42:39.111+0000] {dagbag.py:545} INFO - Filling up the DagBag from /home/airflow/.local/lib/python3.12/site-packages/airflow/example_dags/example_branch_python_dop_operator_3.py
[2024-08-10T23:42:39.117+0000] {processor.py:840} INFO - DAG(s) 'example_branch_dop_operator_v3' retrieved from /home/airflow/.local/lib/python3.12/site-packages/airflow/example_dags/example_branch_python_dop_operator_3.py
[2024-08-10T23:42:39.132+0000] {logging_mixin.py:188} INFO - [2024-08-10T23:42:39.132+0000] {dag.py:3089} INFO - Sync 1 DAGs
[2024-08-10T23:42:39.153+0000] {logging_mixin.py:188} INFO - [2024-08-10T23:42:39.153+0000] {dag.py:3947} INFO - Setting next_dagrun for example_branch_dop_operator_v3 to 2024-08-10 23:41:00+00:00, run_after=2024-08-10 23:42:00+00:00
[2024-08-10T23:42:39.168+0000] {processor.py:183} INFO - Processing /home/airflow/.local/lib/python3.12/site-packages/airflow/example_dags/example_branch_python_dop_operator_3.py took 0.063 seconds
[2024-08-10T23:43:09.469+0000] {processor.py:161} INFO - Started process (PID=2005) to work on /home/airflow/.local/lib/python3.12/site-packages/airflow/example_dags/example_branch_python_dop_operator_3.py
[2024-08-10T23:43:09.470+0000] {processor.py:830} INFO - Processing file /home/airflow/.local/lib/python3.12/site-packages/airflow/example_dags/example_branch_python_dop_operator_3.py for tasks to queue
[2024-08-10T23:43:09.471+0000] {logging_mixin.py:188} INFO - [2024-08-10T23:43:09.471+0000] {dagbag.py:545} INFO - Filling up the DagBag from /home/airflow/.local/lib/python3.12/site-packages/airflow/example_dags/example_branch_python_dop_operator_3.py
[2024-08-10T23:43:09.478+0000] {processor.py:840} INFO - DAG(s) 'example_branch_dop_operator_v3' retrieved from /home/airflow/.local/lib/python3.12/site-packages/airflow/example_dags/example_branch_python_dop_operator_3.py
[2024-08-10T23:43:09.494+0000] {logging_mixin.py:188} INFO - [2024-08-10T23:43:09.493+0000] {dag.py:3089} INFO - Sync 1 DAGs
[2024-08-10T23:43:09.514+0000] {logging_mixin.py:188} INFO - [2024-08-10T23:43:09.514+0000] {dag.py:3947} INFO - Setting next_dagrun for example_branch_dop_operator_v3 to 2024-08-10 23:42:00+00:00, run_after=2024-08-10 23:43:00+00:00
[2024-08-10T23:43:09.530+0000] {processor.py:183} INFO - Processing /home/airflow/.local/lib/python3.12/site-packages/airflow/example_dags/example_branch_python_dop_operator_3.py took 0.065 seconds
[2024-08-10T23:43:39.692+0000] {processor.py:161} INFO - Started process (PID=2064) to work on /home/airflow/.local/lib/python3.12/site-packages/airflow/example_dags/example_branch_python_dop_operator_3.py
[2024-08-10T23:43:39.693+0000] {processor.py:830} INFO - Processing file /home/airflow/.local/lib/python3.12/site-packages/airflow/example_dags/example_branch_python_dop_operator_3.py for tasks to queue
[2024-08-10T23:43:39.694+0000] {logging_mixin.py:188} INFO - [2024-08-10T23:43:39.694+0000] {dagbag.py:545} INFO - Filling up the DagBag from /home/airflow/.local/lib/python3.12/site-packages/airflow/example_dags/example_branch_python_dop_operator_3.py
[2024-08-10T23:43:39.700+0000] {processor.py:840} INFO - DAG(s) 'example_branch_dop_operator_v3' retrieved from /home/airflow/.local/lib/python3.12/site-packages/airflow/example_dags/example_branch_python_dop_operator_3.py
[2024-08-10T23:43:39.716+0000] {logging_mixin.py:188} INFO - [2024-08-10T23:43:39.716+0000] {dag.py:3089} INFO - Sync 1 DAGs
[2024-08-10T23:43:39.737+0000] {logging_mixin.py:188} INFO - [2024-08-10T23:43:39.737+0000] {dag.py:3947} INFO - Setting next_dagrun for example_branch_dop_operator_v3 to 2024-08-10 23:42:00+00:00, run_after=2024-08-10 23:43:00+00:00
[2024-08-10T23:43:39.756+0000] {processor.py:183} INFO - Processing /home/airflow/.local/lib/python3.12/site-packages/airflow/example_dags/example_branch_python_dop_operator_3.py took 0.069 seconds
[2024-08-10T23:44:09.962+0000] {processor.py:161} INFO - Started process (PID=2123) to work on /home/airflow/.local/lib/python3.12/site-packages/airflow/example_dags/example_branch_python_dop_operator_3.py
[2024-08-10T23:44:09.963+0000] {processor.py:830} INFO - Processing file /home/airflow/.local/lib/python3.12/site-packages/airflow/example_dags/example_branch_python_dop_operator_3.py for tasks to queue
[2024-08-10T23:44:09.964+0000] {logging_mixin.py:188} INFO - [2024-08-10T23:44:09.964+0000] {dagbag.py:545} INFO - Filling up the DagBag from /home/airflow/.local/lib/python3.12/site-packages/airflow/example_dags/example_branch_python_dop_operator_3.py
[2024-08-10T23:44:09.970+0000] {processor.py:840} INFO - DAG(s) 'example_branch_dop_operator_v3' retrieved from /home/airflow/.local/lib/python3.12/site-packages/airflow/example_dags/example_branch_python_dop_operator_3.py
[2024-08-10T23:44:09.987+0000] {logging_mixin.py:188} INFO - [2024-08-10T23:44:09.986+0000] {dag.py:3089} INFO - Sync 1 DAGs
[2024-08-10T23:44:10.007+0000] {logging_mixin.py:188} INFO - [2024-08-10T23:44:10.007+0000] {dag.py:3947} INFO - Setting next_dagrun for example_branch_dop_operator_v3 to 2024-08-10 23:43:00+00:00, run_after=2024-08-10 23:44:00+00:00
[2024-08-10T23:44:10.023+0000] {processor.py:183} INFO - Processing /home/airflow/.local/lib/python3.12/site-packages/airflow/example_dags/example_branch_python_dop_operator_3.py took 0.065 seconds
[2024-08-10T23:44:40.260+0000] {processor.py:161} INFO - Started process (PID=2182) to work on /home/airflow/.local/lib/python3.12/site-packages/airflow/example_dags/example_branch_python_dop_operator_3.py
[2024-08-10T23:44:40.261+0000] {processor.py:830} INFO - Processing file /home/airflow/.local/lib/python3.12/site-packages/airflow/example_dags/example_branch_python_dop_operator_3.py for tasks to queue
[2024-08-10T23:44:40.262+0000] {logging_mixin.py:188} INFO - [2024-08-10T23:44:40.262+0000] {dagbag.py:545} INFO - Filling up the DagBag from /home/airflow/.local/lib/python3.12/site-packages/airflow/example_dags/example_branch_python_dop_operator_3.py
[2024-08-10T23:44:40.268+0000] {processor.py:840} INFO - DAG(s) 'example_branch_dop_operator_v3' retrieved from /home/airflow/.local/lib/python3.12/site-packages/airflow/example_dags/example_branch_python_dop_operator_3.py
[2024-08-10T23:44:40.287+0000] {logging_mixin.py:188} INFO - [2024-08-10T23:44:40.286+0000] {dag.py:3089} INFO - Sync 1 DAGs
[2024-08-10T23:44:40.309+0000] {logging_mixin.py:188} INFO - [2024-08-10T23:44:40.309+0000] {dag.py:3947} INFO - Setting next_dagrun for example_branch_dop_operator_v3 to 2024-08-10 23:43:00+00:00, run_after=2024-08-10 23:44:00+00:00
[2024-08-10T23:44:40.326+0000] {processor.py:183} INFO - Processing /home/airflow/.local/lib/python3.12/site-packages/airflow/example_dags/example_branch_python_dop_operator_3.py took 0.071 seconds
[2024-08-10T23:45:10.645+0000] {processor.py:161} INFO - Started process (PID=2241) to work on /home/airflow/.local/lib/python3.12/site-packages/airflow/example_dags/example_branch_python_dop_operator_3.py
[2024-08-10T23:45:10.646+0000] {processor.py:830} INFO - Processing file /home/airflow/.local/lib/python3.12/site-packages/airflow/example_dags/example_branch_python_dop_operator_3.py for tasks to queue
[2024-08-10T23:45:10.647+0000] {logging_mixin.py:188} INFO - [2024-08-10T23:45:10.647+0000] {dagbag.py:545} INFO - Filling up the DagBag from /home/airflow/.local/lib/python3.12/site-packages/airflow/example_dags/example_branch_python_dop_operator_3.py
[2024-08-10T23:45:10.654+0000] {processor.py:840} INFO - DAG(s) 'example_branch_dop_operator_v3' retrieved from /home/airflow/.local/lib/python3.12/site-packages/airflow/example_dags/example_branch_python_dop_operator_3.py
[2024-08-10T23:45:10.670+0000] {logging_mixin.py:188} INFO - [2024-08-10T23:45:10.670+0000] {dag.py:3089} INFO - Sync 1 DAGs
[2024-08-10T23:45:10.691+0000] {logging_mixin.py:188} INFO - [2024-08-10T23:45:10.691+0000] {dag.py:3947} INFO - Setting next_dagrun for example_branch_dop_operator_v3 to 2024-08-10 23:44:00+00:00, run_after=2024-08-10 23:45:00+00:00
[2024-08-10T23:45:10.705+0000] {processor.py:183} INFO - Processing /home/airflow/.local/lib/python3.12/site-packages/airflow/example_dags/example_branch_python_dop_operator_3.py took 0.067 seconds
[2024-08-10T23:45:40.960+0000] {processor.py:161} INFO - Started process (PID=2300) to work on /home/airflow/.local/lib/python3.12/site-packages/airflow/example_dags/example_branch_python_dop_operator_3.py
[2024-08-10T23:45:40.961+0000] {processor.py:830} INFO - Processing file /home/airflow/.local/lib/python3.12/site-packages/airflow/example_dags/example_branch_python_dop_operator_3.py for tasks to queue
[2024-08-10T23:45:40.962+0000] {logging_mixin.py:188} INFO - [2024-08-10T23:45:40.962+0000] {dagbag.py:545} INFO - Filling up the DagBag from /home/airflow/.local/lib/python3.12/site-packages/airflow/example_dags/example_branch_python_dop_operator_3.py
[2024-08-10T23:45:40.969+0000] {processor.py:840} INFO - DAG(s) 'example_branch_dop_operator_v3' retrieved from /home/airflow/.local/lib/python3.12/site-packages/airflow/example_dags/example_branch_python_dop_operator_3.py
[2024-08-10T23:45:40.987+0000] {logging_mixin.py:188} INFO - [2024-08-10T23:45:40.987+0000] {dag.py:3089} INFO - Sync 1 DAGs
[2024-08-10T23:45:41.008+0000] {logging_mixin.py:188} INFO - [2024-08-10T23:45:41.008+0000] {dag.py:3947} INFO - Setting next_dagrun for example_branch_dop_operator_v3 to 2024-08-10 23:44:00+00:00, run_after=2024-08-10 23:45:00+00:00
[2024-08-10T23:45:41.025+0000] {processor.py:183} INFO - Processing /home/airflow/.local/lib/python3.12/site-packages/airflow/example_dags/example_branch_python_dop_operator_3.py took 0.070 seconds
[2024-08-10T23:46:11.157+0000] {processor.py:161} INFO - Started process (PID=2359) to work on /home/airflow/.local/lib/python3.12/site-packages/airflow/example_dags/example_branch_python_dop_operator_3.py
[2024-08-10T23:46:11.158+0000] {processor.py:830} INFO - Processing file /home/airflow/.local/lib/python3.12/site-packages/airflow/example_dags/example_branch_python_dop_operator_3.py for tasks to queue
[2024-08-10T23:46:11.159+0000] {logging_mixin.py:188} INFO - [2024-08-10T23:46:11.159+0000] {dagbag.py:545} INFO - Filling up the DagBag from /home/airflow/.local/lib/python3.12/site-packages/airflow/example_dags/example_branch_python_dop_operator_3.py
[2024-08-10T23:46:11.165+0000] {processor.py:840} INFO - DAG(s) 'example_branch_dop_operator_v3' retrieved from /home/airflow/.local/lib/python3.12/site-packages/airflow/example_dags/example_branch_python_dop_operator_3.py
[2024-08-10T23:46:11.181+0000] {logging_mixin.py:188} INFO - [2024-08-10T23:46:11.181+0000] {dag.py:3089} INFO - Sync 1 DAGs
[2024-08-10T23:46:11.203+0000] {logging_mixin.py:188} INFO - [2024-08-10T23:46:11.203+0000] {dag.py:3947} INFO - Setting next_dagrun for example_branch_dop_operator_v3 to 2024-08-10 23:45:00+00:00, run_after=2024-08-10 23:46:00+00:00
[2024-08-10T23:46:11.222+0000] {processor.py:183} INFO - Processing /home/airflow/.local/lib/python3.12/site-packages/airflow/example_dags/example_branch_python_dop_operator_3.py took 0.069 seconds
[2024-08-10T23:46:41.315+0000] {processor.py:161} INFO - Started process (PID=2418) to work on /home/airflow/.local/lib/python3.12/site-packages/airflow/example_dags/example_branch_python_dop_operator_3.py
[2024-08-10T23:46:41.316+0000] {processor.py:830} INFO - Processing file /home/airflow/.local/lib/python3.12/site-packages/airflow/example_dags/example_branch_python_dop_operator_3.py for tasks to queue
[2024-08-10T23:46:41.317+0000] {logging_mixin.py:188} INFO - [2024-08-10T23:46:41.317+0000] {dagbag.py:545} INFO - Filling up the DagBag from /home/airflow/.local/lib/python3.12/site-packages/airflow/example_dags/example_branch_python_dop_operator_3.py
[2024-08-10T23:46:41.324+0000] {processor.py:840} INFO - DAG(s) 'example_branch_dop_operator_v3' retrieved from /home/airflow/.local/lib/python3.12/site-packages/airflow/example_dags/example_branch_python_dop_operator_3.py
[2024-08-10T23:46:41.342+0000] {logging_mixin.py:188} INFO - [2024-08-10T23:46:41.341+0000] {dag.py:3089} INFO - Sync 1 DAGs
[2024-08-10T23:46:41.366+0000] {logging_mixin.py:188} INFO - [2024-08-10T23:46:41.366+0000] {dag.py:3947} INFO - Setting next_dagrun for example_branch_dop_operator_v3 to 2024-08-10 23:45:00+00:00, run_after=2024-08-10 23:46:00+00:00
[2024-08-10T23:46:41.385+0000] {processor.py:183} INFO - Processing /home/airflow/.local/lib/python3.12/site-packages/airflow/example_dags/example_branch_python_dop_operator_3.py took 0.075 seconds
