[2024-08-10T23:26:22.413+0000] {processor.py:161} INFO - Started process (PID=58) to work on /home/airflow/.local/lib/python3.12/site-packages/airflow/example_dags/example_short_circuit_operator.py
[2024-08-10T23:26:22.413+0000] {processor.py:830} INFO - Processing file /home/airflow/.local/lib/python3.12/site-packages/airflow/example_dags/example_short_circuit_operator.py for tasks to queue
[2024-08-10T23:26:22.414+0000] {logging_mixin.py:188} INFO - [2024-08-10T23:26:22.414+0000] {dagbag.py:545} INFO - Filling up the DagBag from /home/airflow/.local/lib/python3.12/site-packages/airflow/example_dags/example_short_circuit_operator.py
[2024-08-10T23:26:22.422+0000] {processor.py:840} INFO - DAG(s) 'example_short_circuit_operator' retrieved from /home/airflow/.local/lib/python3.12/site-packages/airflow/example_dags/example_short_circuit_operator.py
[2024-08-10T23:26:22.434+0000] {logging_mixin.py:188} INFO - [2024-08-10T23:26:22.434+0000] {dag.py:3089} INFO - Sync 1 DAGs
[2024-08-10T23:26:22.453+0000] {logging_mixin.py:188} INFO - [2024-08-10T23:26:22.452+0000] {dag.py:3947} INFO - Setting next_dagrun for example_short_circuit_operator to 2024-08-09 00:00:00+00:00, run_after=2024-08-10 00:00:00+00:00
[2024-08-10T23:26:22.472+0000] {processor.py:183} INFO - Processing /home/airflow/.local/lib/python3.12/site-packages/airflow/example_dags/example_short_circuit_operator.py took 0.064 seconds
[2024-08-10T23:26:53.038+0000] {processor.py:161} INFO - Started process (PID=116) to work on /home/airflow/.local/lib/python3.12/site-packages/airflow/example_dags/example_short_circuit_operator.py
[2024-08-10T23:26:53.039+0000] {processor.py:830} INFO - Processing file /home/airflow/.local/lib/python3.12/site-packages/airflow/example_dags/example_short_circuit_operator.py for tasks to queue
[2024-08-10T23:26:53.040+0000] {logging_mixin.py:188} INFO - [2024-08-10T23:26:53.040+0000] {dagbag.py:545} INFO - Filling up the DagBag from /home/airflow/.local/lib/python3.12/site-packages/airflow/example_dags/example_short_circuit_operator.py
[2024-08-10T23:26:53.046+0000] {processor.py:840} INFO - DAG(s) 'example_short_circuit_operator' retrieved from /home/airflow/.local/lib/python3.12/site-packages/airflow/example_dags/example_short_circuit_operator.py
[2024-08-10T23:26:53.129+0000] {logging_mixin.py:188} INFO - [2024-08-10T23:26:53.128+0000] {dag.py:3089} INFO - Sync 1 DAGs
[2024-08-10T23:26:53.144+0000] {logging_mixin.py:188} INFO - [2024-08-10T23:26:53.144+0000] {dag.py:3947} INFO - Setting next_dagrun for example_short_circuit_operator to 2024-08-09 00:00:00+00:00, run_after=2024-08-10 00:00:00+00:00
[2024-08-10T23:26:53.159+0000] {processor.py:183} INFO - Processing /home/airflow/.local/lib/python3.12/site-packages/airflow/example_dags/example_short_circuit_operator.py took 0.126 seconds
[2024-08-10T23:27:23.857+0000] {processor.py:161} INFO - Started process (PID=174) to work on /home/airflow/.local/lib/python3.12/site-packages/airflow/example_dags/example_short_circuit_operator.py
[2024-08-10T23:27:23.858+0000] {processor.py:830} INFO - Processing file /home/airflow/.local/lib/python3.12/site-packages/airflow/example_dags/example_short_circuit_operator.py for tasks to queue
[2024-08-10T23:27:23.859+0000] {logging_mixin.py:188} INFO - [2024-08-10T23:27:23.859+0000] {dagbag.py:545} INFO - Filling up the DagBag from /home/airflow/.local/lib/python3.12/site-packages/airflow/example_dags/example_short_circuit_operator.py
[2024-08-10T23:27:23.865+0000] {processor.py:840} INFO - DAG(s) 'example_short_circuit_operator' retrieved from /home/airflow/.local/lib/python3.12/site-packages/airflow/example_dags/example_short_circuit_operator.py
[2024-08-10T23:27:23.886+0000] {logging_mixin.py:188} INFO - [2024-08-10T23:27:23.886+0000] {dag.py:3089} INFO - Sync 1 DAGs
[2024-08-10T23:27:23.904+0000] {logging_mixin.py:188} INFO - [2024-08-10T23:27:23.904+0000] {dag.py:3947} INFO - Setting next_dagrun for example_short_circuit_operator to 2024-08-09 00:00:00+00:00, run_after=2024-08-10 00:00:00+00:00
[2024-08-10T23:27:23.923+0000] {processor.py:183} INFO - Processing /home/airflow/.local/lib/python3.12/site-packages/airflow/example_dags/example_short_circuit_operator.py took 0.071 seconds
[2024-08-10T23:27:54.219+0000] {processor.py:161} INFO - Started process (PID=232) to work on /home/airflow/.local/lib/python3.12/site-packages/airflow/example_dags/example_short_circuit_operator.py
[2024-08-10T23:27:54.220+0000] {processor.py:830} INFO - Processing file /home/airflow/.local/lib/python3.12/site-packages/airflow/example_dags/example_short_circuit_operator.py for tasks to queue
[2024-08-10T23:27:54.221+0000] {logging_mixin.py:188} INFO - [2024-08-10T23:27:54.221+0000] {dagbag.py:545} INFO - Filling up the DagBag from /home/airflow/.local/lib/python3.12/site-packages/airflow/example_dags/example_short_circuit_operator.py
[2024-08-10T23:27:54.227+0000] {processor.py:840} INFO - DAG(s) 'example_short_circuit_operator' retrieved from /home/airflow/.local/lib/python3.12/site-packages/airflow/example_dags/example_short_circuit_operator.py
[2024-08-10T23:27:54.245+0000] {logging_mixin.py:188} INFO - [2024-08-10T23:27:54.245+0000] {dag.py:3089} INFO - Sync 1 DAGs
[2024-08-10T23:27:54.262+0000] {logging_mixin.py:188} INFO - [2024-08-10T23:27:54.262+0000] {dag.py:3947} INFO - Setting next_dagrun for example_short_circuit_operator to 2024-08-09 00:00:00+00:00, run_after=2024-08-10 00:00:00+00:00
[2024-08-10T23:27:54.277+0000] {processor.py:183} INFO - Processing /home/airflow/.local/lib/python3.12/site-packages/airflow/example_dags/example_short_circuit_operator.py took 0.062 seconds
[2024-08-10T23:28:24.552+0000] {processor.py:161} INFO - Started process (PID=290) to work on /home/airflow/.local/lib/python3.12/site-packages/airflow/example_dags/example_short_circuit_operator.py
[2024-08-10T23:28:24.553+0000] {processor.py:830} INFO - Processing file /home/airflow/.local/lib/python3.12/site-packages/airflow/example_dags/example_short_circuit_operator.py for tasks to queue
[2024-08-10T23:28:24.554+0000] {logging_mixin.py:188} INFO - [2024-08-10T23:28:24.554+0000] {dagbag.py:545} INFO - Filling up the DagBag from /home/airflow/.local/lib/python3.12/site-packages/airflow/example_dags/example_short_circuit_operator.py
[2024-08-10T23:28:24.560+0000] {processor.py:840} INFO - DAG(s) 'example_short_circuit_operator' retrieved from /home/airflow/.local/lib/python3.12/site-packages/airflow/example_dags/example_short_circuit_operator.py
[2024-08-10T23:28:24.581+0000] {logging_mixin.py:188} INFO - [2024-08-10T23:28:24.581+0000] {dag.py:3089} INFO - Sync 1 DAGs
[2024-08-10T23:28:24.602+0000] {logging_mixin.py:188} INFO - [2024-08-10T23:28:24.602+0000] {dag.py:3947} INFO - Setting next_dagrun for example_short_circuit_operator to 2024-08-09 00:00:00+00:00, run_after=2024-08-10 00:00:00+00:00
[2024-08-10T23:28:24.621+0000] {processor.py:183} INFO - Processing /home/airflow/.local/lib/python3.12/site-packages/airflow/example_dags/example_short_circuit_operator.py took 0.073 seconds
[2024-08-10T23:28:54.899+0000] {processor.py:161} INFO - Started process (PID=348) to work on /home/airflow/.local/lib/python3.12/site-packages/airflow/example_dags/example_short_circuit_operator.py
[2024-08-10T23:28:54.900+0000] {processor.py:830} INFO - Processing file /home/airflow/.local/lib/python3.12/site-packages/airflow/example_dags/example_short_circuit_operator.py for tasks to queue
[2024-08-10T23:28:54.901+0000] {logging_mixin.py:188} INFO - [2024-08-10T23:28:54.901+0000] {dagbag.py:545} INFO - Filling up the DagBag from /home/airflow/.local/lib/python3.12/site-packages/airflow/example_dags/example_short_circuit_operator.py
[2024-08-10T23:28:54.906+0000] {processor.py:840} INFO - DAG(s) 'example_short_circuit_operator' retrieved from /home/airflow/.local/lib/python3.12/site-packages/airflow/example_dags/example_short_circuit_operator.py
[2024-08-10T23:28:54.925+0000] {logging_mixin.py:188} INFO - [2024-08-10T23:28:54.925+0000] {dag.py:3089} INFO - Sync 1 DAGs
[2024-08-10T23:28:54.942+0000] {logging_mixin.py:188} INFO - [2024-08-10T23:28:54.942+0000] {dag.py:3947} INFO - Setting next_dagrun for example_short_circuit_operator to 2024-08-09 00:00:00+00:00, run_after=2024-08-10 00:00:00+00:00
[2024-08-10T23:28:54.958+0000] {processor.py:183} INFO - Processing /home/airflow/.local/lib/python3.12/site-packages/airflow/example_dags/example_short_circuit_operator.py took 0.063 seconds
[2024-08-10T23:29:25.146+0000] {processor.py:161} INFO - Started process (PID=406) to work on /home/airflow/.local/lib/python3.12/site-packages/airflow/example_dags/example_short_circuit_operator.py
[2024-08-10T23:29:25.147+0000] {processor.py:830} INFO - Processing file /home/airflow/.local/lib/python3.12/site-packages/airflow/example_dags/example_short_circuit_operator.py for tasks to queue
[2024-08-10T23:29:25.148+0000] {logging_mixin.py:188} INFO - [2024-08-10T23:29:25.148+0000] {dagbag.py:545} INFO - Filling up the DagBag from /home/airflow/.local/lib/python3.12/site-packages/airflow/example_dags/example_short_circuit_operator.py
[2024-08-10T23:29:25.153+0000] {processor.py:840} INFO - DAG(s) 'example_short_circuit_operator' retrieved from /home/airflow/.local/lib/python3.12/site-packages/airflow/example_dags/example_short_circuit_operator.py
[2024-08-10T23:29:25.175+0000] {logging_mixin.py:188} INFO - [2024-08-10T23:29:25.175+0000] {dag.py:3089} INFO - Sync 1 DAGs
[2024-08-10T23:29:25.194+0000] {logging_mixin.py:188} INFO - [2024-08-10T23:29:25.193+0000] {dag.py:3947} INFO - Setting next_dagrun for example_short_circuit_operator to 2024-08-09 00:00:00+00:00, run_after=2024-08-10 00:00:00+00:00
[2024-08-10T23:29:25.213+0000] {processor.py:183} INFO - Processing /home/airflow/.local/lib/python3.12/site-packages/airflow/example_dags/example_short_circuit_operator.py took 0.073 seconds
[2024-08-10T23:29:55.553+0000] {processor.py:161} INFO - Started process (PID=464) to work on /home/airflow/.local/lib/python3.12/site-packages/airflow/example_dags/example_short_circuit_operator.py
[2024-08-10T23:29:55.554+0000] {processor.py:830} INFO - Processing file /home/airflow/.local/lib/python3.12/site-packages/airflow/example_dags/example_short_circuit_operator.py for tasks to queue
[2024-08-10T23:29:55.555+0000] {logging_mixin.py:188} INFO - [2024-08-10T23:29:55.555+0000] {dagbag.py:545} INFO - Filling up the DagBag from /home/airflow/.local/lib/python3.12/site-packages/airflow/example_dags/example_short_circuit_operator.py
[2024-08-10T23:29:55.561+0000] {processor.py:840} INFO - DAG(s) 'example_short_circuit_operator' retrieved from /home/airflow/.local/lib/python3.12/site-packages/airflow/example_dags/example_short_circuit_operator.py
[2024-08-10T23:29:55.582+0000] {logging_mixin.py:188} INFO - [2024-08-10T23:29:55.582+0000] {dag.py:3089} INFO - Sync 1 DAGs
[2024-08-10T23:29:55.601+0000] {logging_mixin.py:188} INFO - [2024-08-10T23:29:55.601+0000] {dag.py:3947} INFO - Setting next_dagrun for example_short_circuit_operator to 2024-08-09 00:00:00+00:00, run_after=2024-08-10 00:00:00+00:00
[2024-08-10T23:29:55.619+0000] {processor.py:183} INFO - Processing /home/airflow/.local/lib/python3.12/site-packages/airflow/example_dags/example_short_circuit_operator.py took 0.071 seconds
[2024-08-10T23:30:25.794+0000] {processor.py:161} INFO - Started process (PID=522) to work on /home/airflow/.local/lib/python3.12/site-packages/airflow/example_dags/example_short_circuit_operator.py
[2024-08-10T23:30:25.795+0000] {processor.py:830} INFO - Processing file /home/airflow/.local/lib/python3.12/site-packages/airflow/example_dags/example_short_circuit_operator.py for tasks to queue
[2024-08-10T23:30:25.796+0000] {logging_mixin.py:188} INFO - [2024-08-10T23:30:25.795+0000] {dagbag.py:545} INFO - Filling up the DagBag from /home/airflow/.local/lib/python3.12/site-packages/airflow/example_dags/example_short_circuit_operator.py
[2024-08-10T23:30:25.801+0000] {processor.py:840} INFO - DAG(s) 'example_short_circuit_operator' retrieved from /home/airflow/.local/lib/python3.12/site-packages/airflow/example_dags/example_short_circuit_operator.py
[2024-08-10T23:30:25.819+0000] {logging_mixin.py:188} INFO - [2024-08-10T23:30:25.819+0000] {dag.py:3089} INFO - Sync 1 DAGs
[2024-08-10T23:30:25.835+0000] {logging_mixin.py:188} INFO - [2024-08-10T23:30:25.835+0000] {dag.py:3947} INFO - Setting next_dagrun for example_short_circuit_operator to 2024-08-09 00:00:00+00:00, run_after=2024-08-10 00:00:00+00:00
[2024-08-10T23:30:25.851+0000] {processor.py:183} INFO - Processing /home/airflow/.local/lib/python3.12/site-packages/airflow/example_dags/example_short_circuit_operator.py took 0.061 seconds
[2024-08-10T23:30:56.126+0000] {processor.py:161} INFO - Started process (PID=580) to work on /home/airflow/.local/lib/python3.12/site-packages/airflow/example_dags/example_short_circuit_operator.py
[2024-08-10T23:30:56.127+0000] {processor.py:830} INFO - Processing file /home/airflow/.local/lib/python3.12/site-packages/airflow/example_dags/example_short_circuit_operator.py for tasks to queue
[2024-08-10T23:30:56.128+0000] {logging_mixin.py:188} INFO - [2024-08-10T23:30:56.128+0000] {dagbag.py:545} INFO - Filling up the DagBag from /home/airflow/.local/lib/python3.12/site-packages/airflow/example_dags/example_short_circuit_operator.py
[2024-08-10T23:30:56.133+0000] {processor.py:840} INFO - DAG(s) 'example_short_circuit_operator' retrieved from /home/airflow/.local/lib/python3.12/site-packages/airflow/example_dags/example_short_circuit_operator.py
[2024-08-10T23:30:56.152+0000] {logging_mixin.py:188} INFO - [2024-08-10T23:30:56.152+0000] {dag.py:3089} INFO - Sync 1 DAGs
[2024-08-10T23:30:56.171+0000] {logging_mixin.py:188} INFO - [2024-08-10T23:30:56.170+0000] {dag.py:3947} INFO - Setting next_dagrun for example_short_circuit_operator to 2024-08-09 00:00:00+00:00, run_after=2024-08-10 00:00:00+00:00
[2024-08-10T23:30:56.187+0000] {processor.py:183} INFO - Processing /home/airflow/.local/lib/python3.12/site-packages/airflow/example_dags/example_short_circuit_operator.py took 0.066 seconds
[2024-08-10T23:31:26.655+0000] {processor.py:161} INFO - Started process (PID=639) to work on /home/airflow/.local/lib/python3.12/site-packages/airflow/example_dags/example_short_circuit_operator.py
[2024-08-10T23:31:26.656+0000] {processor.py:830} INFO - Processing file /home/airflow/.local/lib/python3.12/site-packages/airflow/example_dags/example_short_circuit_operator.py for tasks to queue
[2024-08-10T23:31:26.658+0000] {logging_mixin.py:188} INFO - [2024-08-10T23:31:26.658+0000] {dagbag.py:545} INFO - Filling up the DagBag from /home/airflow/.local/lib/python3.12/site-packages/airflow/example_dags/example_short_circuit_operator.py
[2024-08-10T23:31:26.663+0000] {processor.py:840} INFO - DAG(s) 'example_short_circuit_operator' retrieved from /home/airflow/.local/lib/python3.12/site-packages/airflow/example_dags/example_short_circuit_operator.py
[2024-08-10T23:31:26.683+0000] {logging_mixin.py:188} INFO - [2024-08-10T23:31:26.682+0000] {dag.py:3089} INFO - Sync 1 DAGs
[2024-08-10T23:31:26.700+0000] {logging_mixin.py:188} INFO - [2024-08-10T23:31:26.700+0000] {dag.py:3947} INFO - Setting next_dagrun for example_short_circuit_operator to 2024-08-09 00:00:00+00:00, run_after=2024-08-10 00:00:00+00:00
[2024-08-10T23:31:26.718+0000] {processor.py:183} INFO - Processing /home/airflow/.local/lib/python3.12/site-packages/airflow/example_dags/example_short_circuit_operator.py took 0.066 seconds
[2024-08-10T23:31:57.024+0000] {processor.py:161} INFO - Started process (PID=697) to work on /home/airflow/.local/lib/python3.12/site-packages/airflow/example_dags/example_short_circuit_operator.py
[2024-08-10T23:31:57.025+0000] {processor.py:830} INFO - Processing file /home/airflow/.local/lib/python3.12/site-packages/airflow/example_dags/example_short_circuit_operator.py for tasks to queue
[2024-08-10T23:31:57.026+0000] {logging_mixin.py:188} INFO - [2024-08-10T23:31:57.026+0000] {dagbag.py:545} INFO - Filling up the DagBag from /home/airflow/.local/lib/python3.12/site-packages/airflow/example_dags/example_short_circuit_operator.py
[2024-08-10T23:31:57.031+0000] {processor.py:840} INFO - DAG(s) 'example_short_circuit_operator' retrieved from /home/airflow/.local/lib/python3.12/site-packages/airflow/example_dags/example_short_circuit_operator.py
[2024-08-10T23:31:57.051+0000] {logging_mixin.py:188} INFO - [2024-08-10T23:31:57.051+0000] {dag.py:3089} INFO - Sync 1 DAGs
[2024-08-10T23:31:57.069+0000] {logging_mixin.py:188} INFO - [2024-08-10T23:31:57.069+0000] {dag.py:3947} INFO - Setting next_dagrun for example_short_circuit_operator to 2024-08-09 00:00:00+00:00, run_after=2024-08-10 00:00:00+00:00
[2024-08-10T23:31:57.085+0000] {processor.py:183} INFO - Processing /home/airflow/.local/lib/python3.12/site-packages/airflow/example_dags/example_short_circuit_operator.py took 0.066 seconds
[2024-08-10T23:32:27.407+0000] {processor.py:161} INFO - Started process (PID=755) to work on /home/airflow/.local/lib/python3.12/site-packages/airflow/example_dags/example_short_circuit_operator.py
[2024-08-10T23:32:27.408+0000] {processor.py:830} INFO - Processing file /home/airflow/.local/lib/python3.12/site-packages/airflow/example_dags/example_short_circuit_operator.py for tasks to queue
[2024-08-10T23:32:27.409+0000] {logging_mixin.py:188} INFO - [2024-08-10T23:32:27.409+0000] {dagbag.py:545} INFO - Filling up the DagBag from /home/airflow/.local/lib/python3.12/site-packages/airflow/example_dags/example_short_circuit_operator.py
[2024-08-10T23:32:27.415+0000] {processor.py:840} INFO - DAG(s) 'example_short_circuit_operator' retrieved from /home/airflow/.local/lib/python3.12/site-packages/airflow/example_dags/example_short_circuit_operator.py
[2024-08-10T23:32:27.435+0000] {logging_mixin.py:188} INFO - [2024-08-10T23:32:27.435+0000] {dag.py:3089} INFO - Sync 1 DAGs
[2024-08-10T23:32:27.453+0000] {logging_mixin.py:188} INFO - [2024-08-10T23:32:27.453+0000] {dag.py:3947} INFO - Setting next_dagrun for example_short_circuit_operator to 2024-08-09 00:00:00+00:00, run_after=2024-08-10 00:00:00+00:00
[2024-08-10T23:32:27.471+0000] {processor.py:183} INFO - Processing /home/airflow/.local/lib/python3.12/site-packages/airflow/example_dags/example_short_circuit_operator.py took 0.068 seconds
[2024-08-10T23:32:57.639+0000] {processor.py:161} INFO - Started process (PID=813) to work on /home/airflow/.local/lib/python3.12/site-packages/airflow/example_dags/example_short_circuit_operator.py
[2024-08-10T23:32:57.640+0000] {processor.py:830} INFO - Processing file /home/airflow/.local/lib/python3.12/site-packages/airflow/example_dags/example_short_circuit_operator.py for tasks to queue
[2024-08-10T23:32:57.641+0000] {logging_mixin.py:188} INFO - [2024-08-10T23:32:57.641+0000] {dagbag.py:545} INFO - Filling up the DagBag from /home/airflow/.local/lib/python3.12/site-packages/airflow/example_dags/example_short_circuit_operator.py
[2024-08-10T23:32:57.647+0000] {processor.py:840} INFO - DAG(s) 'example_short_circuit_operator' retrieved from /home/airflow/.local/lib/python3.12/site-packages/airflow/example_dags/example_short_circuit_operator.py
[2024-08-10T23:32:57.666+0000] {logging_mixin.py:188} INFO - [2024-08-10T23:32:57.665+0000] {dag.py:3089} INFO - Sync 1 DAGs
[2024-08-10T23:32:57.683+0000] {logging_mixin.py:188} INFO - [2024-08-10T23:32:57.683+0000] {dag.py:3947} INFO - Setting next_dagrun for example_short_circuit_operator to 2024-08-09 00:00:00+00:00, run_after=2024-08-10 00:00:00+00:00
[2024-08-10T23:32:57.699+0000] {processor.py:183} INFO - Processing /home/airflow/.local/lib/python3.12/site-packages/airflow/example_dags/example_short_circuit_operator.py took 0.064 seconds
[2024-08-10T23:33:27.849+0000] {processor.py:161} INFO - Started process (PID=871) to work on /home/airflow/.local/lib/python3.12/site-packages/airflow/example_dags/example_short_circuit_operator.py
[2024-08-10T23:33:27.850+0000] {processor.py:830} INFO - Processing file /home/airflow/.local/lib/python3.12/site-packages/airflow/example_dags/example_short_circuit_operator.py for tasks to queue
[2024-08-10T23:33:27.851+0000] {logging_mixin.py:188} INFO - [2024-08-10T23:33:27.851+0000] {dagbag.py:545} INFO - Filling up the DagBag from /home/airflow/.local/lib/python3.12/site-packages/airflow/example_dags/example_short_circuit_operator.py
[2024-08-10T23:33:27.857+0000] {processor.py:840} INFO - DAG(s) 'example_short_circuit_operator' retrieved from /home/airflow/.local/lib/python3.12/site-packages/airflow/example_dags/example_short_circuit_operator.py
[2024-08-10T23:33:27.878+0000] {logging_mixin.py:188} INFO - [2024-08-10T23:33:27.878+0000] {dag.py:3089} INFO - Sync 1 DAGs
[2024-08-10T23:33:27.899+0000] {logging_mixin.py:188} INFO - [2024-08-10T23:33:27.899+0000] {dag.py:3947} INFO - Setting next_dagrun for example_short_circuit_operator to 2024-08-09 00:00:00+00:00, run_after=2024-08-10 00:00:00+00:00
[2024-08-10T23:33:27.917+0000] {processor.py:183} INFO - Processing /home/airflow/.local/lib/python3.12/site-packages/airflow/example_dags/example_short_circuit_operator.py took 0.073 seconds
[2024-08-10T23:33:58.089+0000] {processor.py:161} INFO - Started process (PID=929) to work on /home/airflow/.local/lib/python3.12/site-packages/airflow/example_dags/example_short_circuit_operator.py
[2024-08-10T23:33:58.090+0000] {processor.py:830} INFO - Processing file /home/airflow/.local/lib/python3.12/site-packages/airflow/example_dags/example_short_circuit_operator.py for tasks to queue
[2024-08-10T23:33:58.091+0000] {logging_mixin.py:188} INFO - [2024-08-10T23:33:58.091+0000] {dagbag.py:545} INFO - Filling up the DagBag from /home/airflow/.local/lib/python3.12/site-packages/airflow/example_dags/example_short_circuit_operator.py
[2024-08-10T23:33:58.097+0000] {processor.py:840} INFO - DAG(s) 'example_short_circuit_operator' retrieved from /home/airflow/.local/lib/python3.12/site-packages/airflow/example_dags/example_short_circuit_operator.py
[2024-08-10T23:33:58.117+0000] {logging_mixin.py:188} INFO - [2024-08-10T23:33:58.116+0000] {dag.py:3089} INFO - Sync 1 DAGs
[2024-08-10T23:33:58.137+0000] {logging_mixin.py:188} INFO - [2024-08-10T23:33:58.136+0000] {dag.py:3947} INFO - Setting next_dagrun for example_short_circuit_operator to 2024-08-09 00:00:00+00:00, run_after=2024-08-10 00:00:00+00:00
[2024-08-10T23:33:58.155+0000] {processor.py:183} INFO - Processing /home/airflow/.local/lib/python3.12/site-packages/airflow/example_dags/example_short_circuit_operator.py took 0.070 seconds
[2024-08-10T23:34:28.510+0000] {processor.py:161} INFO - Started process (PID=987) to work on /home/airflow/.local/lib/python3.12/site-packages/airflow/example_dags/example_short_circuit_operator.py
[2024-08-10T23:34:28.511+0000] {processor.py:830} INFO - Processing file /home/airflow/.local/lib/python3.12/site-packages/airflow/example_dags/example_short_circuit_operator.py for tasks to queue
[2024-08-10T23:34:28.512+0000] {logging_mixin.py:188} INFO - [2024-08-10T23:34:28.512+0000] {dagbag.py:545} INFO - Filling up the DagBag from /home/airflow/.local/lib/python3.12/site-packages/airflow/example_dags/example_short_circuit_operator.py
[2024-08-10T23:34:28.518+0000] {processor.py:840} INFO - DAG(s) 'example_short_circuit_operator' retrieved from /home/airflow/.local/lib/python3.12/site-packages/airflow/example_dags/example_short_circuit_operator.py
[2024-08-10T23:34:28.537+0000] {logging_mixin.py:188} INFO - [2024-08-10T23:34:28.537+0000] {dag.py:3089} INFO - Sync 1 DAGs
[2024-08-10T23:34:28.555+0000] {logging_mixin.py:188} INFO - [2024-08-10T23:34:28.555+0000] {dag.py:3947} INFO - Setting next_dagrun for example_short_circuit_operator to 2024-08-09 00:00:00+00:00, run_after=2024-08-10 00:00:00+00:00
[2024-08-10T23:34:28.573+0000] {processor.py:183} INFO - Processing /home/airflow/.local/lib/python3.12/site-packages/airflow/example_dags/example_short_circuit_operator.py took 0.068 seconds
[2024-08-10T23:34:58.645+0000] {processor.py:161} INFO - Started process (PID=1044) to work on /home/airflow/.local/lib/python3.12/site-packages/airflow/example_dags/example_short_circuit_operator.py
[2024-08-10T23:34:58.646+0000] {processor.py:830} INFO - Processing file /home/airflow/.local/lib/python3.12/site-packages/airflow/example_dags/example_short_circuit_operator.py for tasks to queue
[2024-08-10T23:34:58.647+0000] {logging_mixin.py:188} INFO - [2024-08-10T23:34:58.647+0000] {dagbag.py:545} INFO - Filling up the DagBag from /home/airflow/.local/lib/python3.12/site-packages/airflow/example_dags/example_short_circuit_operator.py
[2024-08-10T23:34:58.652+0000] {processor.py:840} INFO - DAG(s) 'example_short_circuit_operator' retrieved from /home/airflow/.local/lib/python3.12/site-packages/airflow/example_dags/example_short_circuit_operator.py
[2024-08-10T23:34:58.670+0000] {logging_mixin.py:188} INFO - [2024-08-10T23:34:58.670+0000] {dag.py:3089} INFO - Sync 1 DAGs
[2024-08-10T23:34:58.687+0000] {logging_mixin.py:188} INFO - [2024-08-10T23:34:58.686+0000] {dag.py:3947} INFO - Setting next_dagrun for example_short_circuit_operator to 2024-08-09 00:00:00+00:00, run_after=2024-08-10 00:00:00+00:00
[2024-08-10T23:34:58.702+0000] {processor.py:183} INFO - Processing /home/airflow/.local/lib/python3.12/site-packages/airflow/example_dags/example_short_circuit_operator.py took 0.060 seconds
[2024-08-10T23:35:29.116+0000] {processor.py:161} INFO - Started process (PID=1102) to work on /home/airflow/.local/lib/python3.12/site-packages/airflow/example_dags/example_short_circuit_operator.py
[2024-08-10T23:35:29.117+0000] {processor.py:830} INFO - Processing file /home/airflow/.local/lib/python3.12/site-packages/airflow/example_dags/example_short_circuit_operator.py for tasks to queue
[2024-08-10T23:35:29.118+0000] {logging_mixin.py:188} INFO - [2024-08-10T23:35:29.118+0000] {dagbag.py:545} INFO - Filling up the DagBag from /home/airflow/.local/lib/python3.12/site-packages/airflow/example_dags/example_short_circuit_operator.py
[2024-08-10T23:35:29.124+0000] {processor.py:840} INFO - DAG(s) 'example_short_circuit_operator' retrieved from /home/airflow/.local/lib/python3.12/site-packages/airflow/example_dags/example_short_circuit_operator.py
[2024-08-10T23:35:29.142+0000] {logging_mixin.py:188} INFO - [2024-08-10T23:35:29.142+0000] {dag.py:3089} INFO - Sync 1 DAGs
[2024-08-10T23:35:29.159+0000] {logging_mixin.py:188} INFO - [2024-08-10T23:35:29.158+0000] {dag.py:3947} INFO - Setting next_dagrun for example_short_circuit_operator to 2024-08-09 00:00:00+00:00, run_after=2024-08-10 00:00:00+00:00
[2024-08-10T23:35:29.174+0000] {processor.py:183} INFO - Processing /home/airflow/.local/lib/python3.12/site-packages/airflow/example_dags/example_short_circuit_operator.py took 0.061 seconds
