[2024-08-10T23:26:23.120+0000] {processor.py:161} INFO - Started process (PID=68) to work on /home/airflow/.local/lib/python3.12/site-packages/airflow/example_dags/example_latest_only_with_trigger.py
[2024-08-10T23:26:23.121+0000] {processor.py:830} INFO - Processing file /home/airflow/.local/lib/python3.12/site-packages/airflow/example_dags/example_latest_only_with_trigger.py for tasks to queue
[2024-08-10T23:26:23.123+0000] {logging_mixin.py:188} INFO - [2024-08-10T23:26:23.122+0000] {dagbag.py:545} INFO - Filling up the DagBag from /home/airflow/.local/lib/python3.12/site-packages/airflow/example_dags/example_latest_only_with_trigger.py
[2024-08-10T23:26:23.146+0000] {processor.py:840} INFO - DAG(s) 'latest_only_with_trigger' retrieved from /home/airflow/.local/lib/python3.12/site-packages/airflow/example_dags/example_latest_only_with_trigger.py
[2024-08-10T23:26:23.175+0000] {logging_mixin.py:188} INFO - [2024-08-10T23:26:23.175+0000] {dag.py:3089} INFO - Sync 1 DAGs
[2024-08-10T23:26:23.231+0000] {logging_mixin.py:188} INFO - [2024-08-10T23:26:23.231+0000] {dag.py:3947} INFO - Setting next_dagrun for latest_only_with_trigger to 2024-08-10 16:00:00+00:00, run_after=2024-08-10 20:00:00+00:00
[2024-08-10T23:26:23.270+0000] {processor.py:183} INFO - Processing /home/airflow/.local/lib/python3.12/site-packages/airflow/example_dags/example_latest_only_with_trigger.py took 0.155 seconds
[2024-08-10T23:26:53.769+0000] {processor.py:161} INFO - Started process (PID=126) to work on /home/airflow/.local/lib/python3.12/site-packages/airflow/example_dags/example_latest_only_with_trigger.py
[2024-08-10T23:26:53.770+0000] {processor.py:830} INFO - Processing file /home/airflow/.local/lib/python3.12/site-packages/airflow/example_dags/example_latest_only_with_trigger.py for tasks to queue
[2024-08-10T23:26:53.771+0000] {logging_mixin.py:188} INFO - [2024-08-10T23:26:53.771+0000] {dagbag.py:545} INFO - Filling up the DagBag from /home/airflow/.local/lib/python3.12/site-packages/airflow/example_dags/example_latest_only_with_trigger.py
[2024-08-10T23:26:53.774+0000] {processor.py:840} INFO - DAG(s) 'latest_only_with_trigger' retrieved from /home/airflow/.local/lib/python3.12/site-packages/airflow/example_dags/example_latest_only_with_trigger.py
[2024-08-10T23:26:53.859+0000] {logging_mixin.py:188} INFO - [2024-08-10T23:26:53.859+0000] {dag.py:3089} INFO - Sync 1 DAGs
[2024-08-10T23:26:53.876+0000] {logging_mixin.py:188} INFO - [2024-08-10T23:26:53.876+0000] {dag.py:3947} INFO - Setting next_dagrun for latest_only_with_trigger to 2024-08-10 16:00:00+00:00, run_after=2024-08-10 20:00:00+00:00
[2024-08-10T23:26:53.895+0000] {processor.py:183} INFO - Processing /home/airflow/.local/lib/python3.12/site-packages/airflow/example_dags/example_latest_only_with_trigger.py took 0.130 seconds
[2024-08-10T23:27:24.297+0000] {processor.py:161} INFO - Started process (PID=184) to work on /home/airflow/.local/lib/python3.12/site-packages/airflow/example_dags/example_latest_only_with_trigger.py
[2024-08-10T23:27:24.298+0000] {processor.py:830} INFO - Processing file /home/airflow/.local/lib/python3.12/site-packages/airflow/example_dags/example_latest_only_with_trigger.py for tasks to queue
[2024-08-10T23:27:24.299+0000] {logging_mixin.py:188} INFO - [2024-08-10T23:27:24.299+0000] {dagbag.py:545} INFO - Filling up the DagBag from /home/airflow/.local/lib/python3.12/site-packages/airflow/example_dags/example_latest_only_with_trigger.py
[2024-08-10T23:27:24.303+0000] {processor.py:840} INFO - DAG(s) 'latest_only_with_trigger' retrieved from /home/airflow/.local/lib/python3.12/site-packages/airflow/example_dags/example_latest_only_with_trigger.py
[2024-08-10T23:27:24.320+0000] {logging_mixin.py:188} INFO - [2024-08-10T23:27:24.320+0000] {dag.py:3089} INFO - Sync 1 DAGs
[2024-08-10T23:27:24.339+0000] {logging_mixin.py:188} INFO - [2024-08-10T23:27:24.339+0000] {dag.py:3947} INFO - Setting next_dagrun for latest_only_with_trigger to 2024-08-10 16:00:00+00:00, run_after=2024-08-10 20:00:00+00:00
[2024-08-10T23:27:24.356+0000] {processor.py:183} INFO - Processing /home/airflow/.local/lib/python3.12/site-packages/airflow/example_dags/example_latest_only_with_trigger.py took 0.063 seconds
[2024-08-10T23:27:54.630+0000] {processor.py:161} INFO - Started process (PID=242) to work on /home/airflow/.local/lib/python3.12/site-packages/airflow/example_dags/example_latest_only_with_trigger.py
[2024-08-10T23:27:54.631+0000] {processor.py:830} INFO - Processing file /home/airflow/.local/lib/python3.12/site-packages/airflow/example_dags/example_latest_only_with_trigger.py for tasks to queue
[2024-08-10T23:27:54.632+0000] {logging_mixin.py:188} INFO - [2024-08-10T23:27:54.632+0000] {dagbag.py:545} INFO - Filling up the DagBag from /home/airflow/.local/lib/python3.12/site-packages/airflow/example_dags/example_latest_only_with_trigger.py
[2024-08-10T23:27:54.636+0000] {processor.py:840} INFO - DAG(s) 'latest_only_with_trigger' retrieved from /home/airflow/.local/lib/python3.12/site-packages/airflow/example_dags/example_latest_only_with_trigger.py
[2024-08-10T23:27:54.652+0000] {logging_mixin.py:188} INFO - [2024-08-10T23:27:54.652+0000] {dag.py:3089} INFO - Sync 1 DAGs
[2024-08-10T23:27:54.670+0000] {logging_mixin.py:188} INFO - [2024-08-10T23:27:54.670+0000] {dag.py:3947} INFO - Setting next_dagrun for latest_only_with_trigger to 2024-08-10 16:00:00+00:00, run_after=2024-08-10 20:00:00+00:00
[2024-08-10T23:27:54.686+0000] {processor.py:183} INFO - Processing /home/airflow/.local/lib/python3.12/site-packages/airflow/example_dags/example_latest_only_with_trigger.py took 0.060 seconds
[2024-08-10T23:28:25.060+0000] {processor.py:161} INFO - Started process (PID=300) to work on /home/airflow/.local/lib/python3.12/site-packages/airflow/example_dags/example_latest_only_with_trigger.py
[2024-08-10T23:28:25.061+0000] {processor.py:830} INFO - Processing file /home/airflow/.local/lib/python3.12/site-packages/airflow/example_dags/example_latest_only_with_trigger.py for tasks to queue
[2024-08-10T23:28:25.063+0000] {logging_mixin.py:188} INFO - [2024-08-10T23:28:25.063+0000] {dagbag.py:545} INFO - Filling up the DagBag from /home/airflow/.local/lib/python3.12/site-packages/airflow/example_dags/example_latest_only_with_trigger.py
[2024-08-10T23:28:25.067+0000] {processor.py:840} INFO - DAG(s) 'latest_only_with_trigger' retrieved from /home/airflow/.local/lib/python3.12/site-packages/airflow/example_dags/example_latest_only_with_trigger.py
[2024-08-10T23:28:25.086+0000] {logging_mixin.py:188} INFO - [2024-08-10T23:28:25.085+0000] {dag.py:3089} INFO - Sync 1 DAGs
[2024-08-10T23:28:25.105+0000] {logging_mixin.py:188} INFO - [2024-08-10T23:28:25.105+0000] {dag.py:3947} INFO - Setting next_dagrun for latest_only_with_trigger to 2024-08-10 16:00:00+00:00, run_after=2024-08-10 20:00:00+00:00
[2024-08-10T23:28:25.124+0000] {processor.py:183} INFO - Processing /home/airflow/.local/lib/python3.12/site-packages/airflow/example_dags/example_latest_only_with_trigger.py took 0.068 seconds
[2024-08-10T23:28:55.295+0000] {processor.py:161} INFO - Started process (PID=358) to work on /home/airflow/.local/lib/python3.12/site-packages/airflow/example_dags/example_latest_only_with_trigger.py
[2024-08-10T23:28:55.296+0000] {processor.py:830} INFO - Processing file /home/airflow/.local/lib/python3.12/site-packages/airflow/example_dags/example_latest_only_with_trigger.py for tasks to queue
[2024-08-10T23:28:55.298+0000] {logging_mixin.py:188} INFO - [2024-08-10T23:28:55.298+0000] {dagbag.py:545} INFO - Filling up the DagBag from /home/airflow/.local/lib/python3.12/site-packages/airflow/example_dags/example_latest_only_with_trigger.py
[2024-08-10T23:28:55.302+0000] {processor.py:840} INFO - DAG(s) 'latest_only_with_trigger' retrieved from /home/airflow/.local/lib/python3.12/site-packages/airflow/example_dags/example_latest_only_with_trigger.py
[2024-08-10T23:28:55.319+0000] {logging_mixin.py:188} INFO - [2024-08-10T23:28:55.318+0000] {dag.py:3089} INFO - Sync 1 DAGs
[2024-08-10T23:28:55.335+0000] {logging_mixin.py:188} INFO - [2024-08-10T23:28:55.335+0000] {dag.py:3947} INFO - Setting next_dagrun for latest_only_with_trigger to 2024-08-10 16:00:00+00:00, run_after=2024-08-10 20:00:00+00:00
[2024-08-10T23:28:55.352+0000] {processor.py:183} INFO - Processing /home/airflow/.local/lib/python3.12/site-packages/airflow/example_dags/example_latest_only_with_trigger.py took 0.061 seconds
[2024-08-10T23:29:25.628+0000] {processor.py:161} INFO - Started process (PID=416) to work on /home/airflow/.local/lib/python3.12/site-packages/airflow/example_dags/example_latest_only_with_trigger.py
[2024-08-10T23:29:25.629+0000] {processor.py:830} INFO - Processing file /home/airflow/.local/lib/python3.12/site-packages/airflow/example_dags/example_latest_only_with_trigger.py for tasks to queue
[2024-08-10T23:29:25.630+0000] {logging_mixin.py:188} INFO - [2024-08-10T23:29:25.630+0000] {dagbag.py:545} INFO - Filling up the DagBag from /home/airflow/.local/lib/python3.12/site-packages/airflow/example_dags/example_latest_only_with_trigger.py
[2024-08-10T23:29:25.634+0000] {processor.py:840} INFO - DAG(s) 'latest_only_with_trigger' retrieved from /home/airflow/.local/lib/python3.12/site-packages/airflow/example_dags/example_latest_only_with_trigger.py
[2024-08-10T23:29:25.651+0000] {logging_mixin.py:188} INFO - [2024-08-10T23:29:25.650+0000] {dag.py:3089} INFO - Sync 1 DAGs
[2024-08-10T23:29:25.670+0000] {logging_mixin.py:188} INFO - [2024-08-10T23:29:25.670+0000] {dag.py:3947} INFO - Setting next_dagrun for latest_only_with_trigger to 2024-08-10 16:00:00+00:00, run_after=2024-08-10 20:00:00+00:00
[2024-08-10T23:29:25.688+0000] {processor.py:183} INFO - Processing /home/airflow/.local/lib/python3.12/site-packages/airflow/example_dags/example_latest_only_with_trigger.py took 0.064 seconds
[2024-08-10T23:29:56.040+0000] {processor.py:161} INFO - Started process (PID=474) to work on /home/airflow/.local/lib/python3.12/site-packages/airflow/example_dags/example_latest_only_with_trigger.py
[2024-08-10T23:29:56.041+0000] {processor.py:830} INFO - Processing file /home/airflow/.local/lib/python3.12/site-packages/airflow/example_dags/example_latest_only_with_trigger.py for tasks to queue
[2024-08-10T23:29:56.043+0000] {logging_mixin.py:188} INFO - [2024-08-10T23:29:56.042+0000] {dagbag.py:545} INFO - Filling up the DagBag from /home/airflow/.local/lib/python3.12/site-packages/airflow/example_dags/example_latest_only_with_trigger.py
[2024-08-10T23:29:56.047+0000] {processor.py:840} INFO - DAG(s) 'latest_only_with_trigger' retrieved from /home/airflow/.local/lib/python3.12/site-packages/airflow/example_dags/example_latest_only_with_trigger.py
[2024-08-10T23:29:56.066+0000] {logging_mixin.py:188} INFO - [2024-08-10T23:29:56.066+0000] {dag.py:3089} INFO - Sync 1 DAGs
[2024-08-10T23:29:56.086+0000] {logging_mixin.py:188} INFO - [2024-08-10T23:29:56.085+0000] {dag.py:3947} INFO - Setting next_dagrun for latest_only_with_trigger to 2024-08-10 16:00:00+00:00, run_after=2024-08-10 20:00:00+00:00
[2024-08-10T23:29:56.103+0000] {processor.py:183} INFO - Processing /home/airflow/.local/lib/python3.12/site-packages/airflow/example_dags/example_latest_only_with_trigger.py took 0.068 seconds
[2024-08-10T23:30:26.251+0000] {processor.py:161} INFO - Started process (PID=532) to work on /home/airflow/.local/lib/python3.12/site-packages/airflow/example_dags/example_latest_only_with_trigger.py
[2024-08-10T23:30:26.252+0000] {processor.py:830} INFO - Processing file /home/airflow/.local/lib/python3.12/site-packages/airflow/example_dags/example_latest_only_with_trigger.py for tasks to queue
[2024-08-10T23:30:26.253+0000] {logging_mixin.py:188} INFO - [2024-08-10T23:30:26.253+0000] {dagbag.py:545} INFO - Filling up the DagBag from /home/airflow/.local/lib/python3.12/site-packages/airflow/example_dags/example_latest_only_with_trigger.py
[2024-08-10T23:30:26.257+0000] {processor.py:840} INFO - DAG(s) 'latest_only_with_trigger' retrieved from /home/airflow/.local/lib/python3.12/site-packages/airflow/example_dags/example_latest_only_with_trigger.py
[2024-08-10T23:30:26.273+0000] {logging_mixin.py:188} INFO - [2024-08-10T23:30:26.273+0000] {dag.py:3089} INFO - Sync 1 DAGs
[2024-08-10T23:30:26.290+0000] {logging_mixin.py:188} INFO - [2024-08-10T23:30:26.290+0000] {dag.py:3947} INFO - Setting next_dagrun for latest_only_with_trigger to 2024-08-10 16:00:00+00:00, run_after=2024-08-10 20:00:00+00:00
[2024-08-10T23:30:26.306+0000] {processor.py:183} INFO - Processing /home/airflow/.local/lib/python3.12/site-packages/airflow/example_dags/example_latest_only_with_trigger.py took 0.058 seconds
[2024-08-10T23:30:56.635+0000] {processor.py:161} INFO - Started process (PID=590) to work on /home/airflow/.local/lib/python3.12/site-packages/airflow/example_dags/example_latest_only_with_trigger.py
[2024-08-10T23:30:56.635+0000] {processor.py:830} INFO - Processing file /home/airflow/.local/lib/python3.12/site-packages/airflow/example_dags/example_latest_only_with_trigger.py for tasks to queue
[2024-08-10T23:30:56.637+0000] {logging_mixin.py:188} INFO - [2024-08-10T23:30:56.637+0000] {dagbag.py:545} INFO - Filling up the DagBag from /home/airflow/.local/lib/python3.12/site-packages/airflow/example_dags/example_latest_only_with_trigger.py
[2024-08-10T23:30:56.640+0000] {processor.py:840} INFO - DAG(s) 'latest_only_with_trigger' retrieved from /home/airflow/.local/lib/python3.12/site-packages/airflow/example_dags/example_latest_only_with_trigger.py
[2024-08-10T23:30:56.657+0000] {logging_mixin.py:188} INFO - [2024-08-10T23:30:56.657+0000] {dag.py:3089} INFO - Sync 1 DAGs
[2024-08-10T23:30:56.674+0000] {logging_mixin.py:188} INFO - [2024-08-10T23:30:56.674+0000] {dag.py:3947} INFO - Setting next_dagrun for latest_only_with_trigger to 2024-08-10 16:00:00+00:00, run_after=2024-08-10 20:00:00+00:00
[2024-08-10T23:30:56.690+0000] {processor.py:183} INFO - Processing /home/airflow/.local/lib/python3.12/site-packages/airflow/example_dags/example_latest_only_with_trigger.py took 0.059 seconds
[2024-08-10T23:31:27.133+0000] {processor.py:161} INFO - Started process (PID=649) to work on /home/airflow/.local/lib/python3.12/site-packages/airflow/example_dags/example_latest_only_with_trigger.py
[2024-08-10T23:31:27.133+0000] {processor.py:830} INFO - Processing file /home/airflow/.local/lib/python3.12/site-packages/airflow/example_dags/example_latest_only_with_trigger.py for tasks to queue
[2024-08-10T23:31:27.135+0000] {logging_mixin.py:188} INFO - [2024-08-10T23:31:27.134+0000] {dagbag.py:545} INFO - Filling up the DagBag from /home/airflow/.local/lib/python3.12/site-packages/airflow/example_dags/example_latest_only_with_trigger.py
[2024-08-10T23:31:27.138+0000] {processor.py:840} INFO - DAG(s) 'latest_only_with_trigger' retrieved from /home/airflow/.local/lib/python3.12/site-packages/airflow/example_dags/example_latest_only_with_trigger.py
[2024-08-10T23:31:27.155+0000] {logging_mixin.py:188} INFO - [2024-08-10T23:31:27.154+0000] {dag.py:3089} INFO - Sync 1 DAGs
[2024-08-10T23:31:27.172+0000] {logging_mixin.py:188} INFO - [2024-08-10T23:31:27.172+0000] {dag.py:3947} INFO - Setting next_dagrun for latest_only_with_trigger to 2024-08-10 16:00:00+00:00, run_after=2024-08-10 20:00:00+00:00
[2024-08-10T23:31:27.187+0000] {processor.py:183} INFO - Processing /home/airflow/.local/lib/python3.12/site-packages/airflow/example_dags/example_latest_only_with_trigger.py took 0.059 seconds
[2024-08-10T23:31:57.524+0000] {processor.py:161} INFO - Started process (PID=707) to work on /home/airflow/.local/lib/python3.12/site-packages/airflow/example_dags/example_latest_only_with_trigger.py
[2024-08-10T23:31:57.525+0000] {processor.py:830} INFO - Processing file /home/airflow/.local/lib/python3.12/site-packages/airflow/example_dags/example_latest_only_with_trigger.py for tasks to queue
[2024-08-10T23:31:57.526+0000] {logging_mixin.py:188} INFO - [2024-08-10T23:31:57.526+0000] {dagbag.py:545} INFO - Filling up the DagBag from /home/airflow/.local/lib/python3.12/site-packages/airflow/example_dags/example_latest_only_with_trigger.py
[2024-08-10T23:31:57.531+0000] {processor.py:840} INFO - DAG(s) 'latest_only_with_trigger' retrieved from /home/airflow/.local/lib/python3.12/site-packages/airflow/example_dags/example_latest_only_with_trigger.py
[2024-08-10T23:31:57.550+0000] {logging_mixin.py:188} INFO - [2024-08-10T23:31:57.549+0000] {dag.py:3089} INFO - Sync 1 DAGs
[2024-08-10T23:31:57.567+0000] {logging_mixin.py:188} INFO - [2024-08-10T23:31:57.567+0000] {dag.py:3947} INFO - Setting next_dagrun for latest_only_with_trigger to 2024-08-10 16:00:00+00:00, run_after=2024-08-10 20:00:00+00:00
[2024-08-10T23:31:57.586+0000] {processor.py:183} INFO - Processing /home/airflow/.local/lib/python3.12/site-packages/airflow/example_dags/example_latest_only_with_trigger.py took 0.067 seconds
[2024-08-10T23:32:27.904+0000] {processor.py:161} INFO - Started process (PID=765) to work on /home/airflow/.local/lib/python3.12/site-packages/airflow/example_dags/example_latest_only_with_trigger.py
[2024-08-10T23:32:27.905+0000] {processor.py:830} INFO - Processing file /home/airflow/.local/lib/python3.12/site-packages/airflow/example_dags/example_latest_only_with_trigger.py for tasks to queue
[2024-08-10T23:32:27.906+0000] {logging_mixin.py:188} INFO - [2024-08-10T23:32:27.906+0000] {dagbag.py:545} INFO - Filling up the DagBag from /home/airflow/.local/lib/python3.12/site-packages/airflow/example_dags/example_latest_only_with_trigger.py
[2024-08-10T23:32:27.910+0000] {processor.py:840} INFO - DAG(s) 'latest_only_with_trigger' retrieved from /home/airflow/.local/lib/python3.12/site-packages/airflow/example_dags/example_latest_only_with_trigger.py
[2024-08-10T23:32:27.926+0000] {logging_mixin.py:188} INFO - [2024-08-10T23:32:27.926+0000] {dag.py:3089} INFO - Sync 1 DAGs
[2024-08-10T23:32:27.944+0000] {logging_mixin.py:188} INFO - [2024-08-10T23:32:27.943+0000] {dag.py:3947} INFO - Setting next_dagrun for latest_only_with_trigger to 2024-08-10 16:00:00+00:00, run_after=2024-08-10 20:00:00+00:00
[2024-08-10T23:32:27.959+0000] {processor.py:183} INFO - Processing /home/airflow/.local/lib/python3.12/site-packages/airflow/example_dags/example_latest_only_with_trigger.py took 0.059 seconds
[2024-08-10T23:32:58.102+0000] {processor.py:161} INFO - Started process (PID=823) to work on /home/airflow/.local/lib/python3.12/site-packages/airflow/example_dags/example_latest_only_with_trigger.py
[2024-08-10T23:32:58.103+0000] {processor.py:830} INFO - Processing file /home/airflow/.local/lib/python3.12/site-packages/airflow/example_dags/example_latest_only_with_trigger.py for tasks to queue
[2024-08-10T23:32:58.104+0000] {logging_mixin.py:188} INFO - [2024-08-10T23:32:58.104+0000] {dagbag.py:545} INFO - Filling up the DagBag from /home/airflow/.local/lib/python3.12/site-packages/airflow/example_dags/example_latest_only_with_trigger.py
[2024-08-10T23:32:58.108+0000] {processor.py:840} INFO - DAG(s) 'latest_only_with_trigger' retrieved from /home/airflow/.local/lib/python3.12/site-packages/airflow/example_dags/example_latest_only_with_trigger.py
[2024-08-10T23:32:58.124+0000] {logging_mixin.py:188} INFO - [2024-08-10T23:32:58.124+0000] {dag.py:3089} INFO - Sync 1 DAGs
[2024-08-10T23:32:58.141+0000] {logging_mixin.py:188} INFO - [2024-08-10T23:32:58.140+0000] {dag.py:3947} INFO - Setting next_dagrun for latest_only_with_trigger to 2024-08-10 16:00:00+00:00, run_after=2024-08-10 20:00:00+00:00
[2024-08-10T23:32:58.156+0000] {processor.py:183} INFO - Processing /home/airflow/.local/lib/python3.12/site-packages/airflow/example_dags/example_latest_only_with_trigger.py took 0.058 seconds
[2024-08-10T23:33:28.398+0000] {processor.py:161} INFO - Started process (PID=881) to work on /home/airflow/.local/lib/python3.12/site-packages/airflow/example_dags/example_latest_only_with_trigger.py
[2024-08-10T23:33:28.398+0000] {processor.py:830} INFO - Processing file /home/airflow/.local/lib/python3.12/site-packages/airflow/example_dags/example_latest_only_with_trigger.py for tasks to queue
[2024-08-10T23:33:28.400+0000] {logging_mixin.py:188} INFO - [2024-08-10T23:33:28.400+0000] {dagbag.py:545} INFO - Filling up the DagBag from /home/airflow/.local/lib/python3.12/site-packages/airflow/example_dags/example_latest_only_with_trigger.py
[2024-08-10T23:33:28.403+0000] {processor.py:840} INFO - DAG(s) 'latest_only_with_trigger' retrieved from /home/airflow/.local/lib/python3.12/site-packages/airflow/example_dags/example_latest_only_with_trigger.py
[2024-08-10T23:33:28.419+0000] {logging_mixin.py:188} INFO - [2024-08-10T23:33:28.419+0000] {dag.py:3089} INFO - Sync 1 DAGs
[2024-08-10T23:33:28.437+0000] {logging_mixin.py:188} INFO - [2024-08-10T23:33:28.437+0000] {dag.py:3947} INFO - Setting next_dagrun for latest_only_with_trigger to 2024-08-10 16:00:00+00:00, run_after=2024-08-10 20:00:00+00:00
[2024-08-10T23:33:28.452+0000] {processor.py:183} INFO - Processing /home/airflow/.local/lib/python3.12/site-packages/airflow/example_dags/example_latest_only_with_trigger.py took 0.059 seconds
[2024-08-10T23:33:58.646+0000] {processor.py:161} INFO - Started process (PID=939) to work on /home/airflow/.local/lib/python3.12/site-packages/airflow/example_dags/example_latest_only_with_trigger.py
[2024-08-10T23:33:58.647+0000] {processor.py:830} INFO - Processing file /home/airflow/.local/lib/python3.12/site-packages/airflow/example_dags/example_latest_only_with_trigger.py for tasks to queue
[2024-08-10T23:33:58.648+0000] {logging_mixin.py:188} INFO - [2024-08-10T23:33:58.648+0000] {dagbag.py:545} INFO - Filling up the DagBag from /home/airflow/.local/lib/python3.12/site-packages/airflow/example_dags/example_latest_only_with_trigger.py
[2024-08-10T23:33:58.651+0000] {processor.py:840} INFO - DAG(s) 'latest_only_with_trigger' retrieved from /home/airflow/.local/lib/python3.12/site-packages/airflow/example_dags/example_latest_only_with_trigger.py
[2024-08-10T23:33:58.668+0000] {logging_mixin.py:188} INFO - [2024-08-10T23:33:58.667+0000] {dag.py:3089} INFO - Sync 1 DAGs
[2024-08-10T23:33:58.684+0000] {logging_mixin.py:188} INFO - [2024-08-10T23:33:58.684+0000] {dag.py:3947} INFO - Setting next_dagrun for latest_only_with_trigger to 2024-08-10 16:00:00+00:00, run_after=2024-08-10 20:00:00+00:00
[2024-08-10T23:33:58.700+0000] {processor.py:183} INFO - Processing /home/airflow/.local/lib/python3.12/site-packages/airflow/example_dags/example_latest_only_with_trigger.py took 0.058 seconds
[2024-08-10T23:34:29.064+0000] {processor.py:161} INFO - Started process (PID=997) to work on /home/airflow/.local/lib/python3.12/site-packages/airflow/example_dags/example_latest_only_with_trigger.py
[2024-08-10T23:34:29.065+0000] {processor.py:830} INFO - Processing file /home/airflow/.local/lib/python3.12/site-packages/airflow/example_dags/example_latest_only_with_trigger.py for tasks to queue
[2024-08-10T23:34:29.067+0000] {logging_mixin.py:188} INFO - [2024-08-10T23:34:29.066+0000] {dagbag.py:545} INFO - Filling up the DagBag from /home/airflow/.local/lib/python3.12/site-packages/airflow/example_dags/example_latest_only_with_trigger.py
[2024-08-10T23:34:29.070+0000] {processor.py:840} INFO - DAG(s) 'latest_only_with_trigger' retrieved from /home/airflow/.local/lib/python3.12/site-packages/airflow/example_dags/example_latest_only_with_trigger.py
[2024-08-10T23:34:29.087+0000] {logging_mixin.py:188} INFO - [2024-08-10T23:34:29.086+0000] {dag.py:3089} INFO - Sync 1 DAGs
[2024-08-10T23:34:29.104+0000] {logging_mixin.py:188} INFO - [2024-08-10T23:34:29.103+0000] {dag.py:3947} INFO - Setting next_dagrun for latest_only_with_trigger to 2024-08-10 16:00:00+00:00, run_after=2024-08-10 20:00:00+00:00
[2024-08-10T23:34:29.118+0000] {processor.py:183} INFO - Processing /home/airflow/.local/lib/python3.12/site-packages/airflow/example_dags/example_latest_only_with_trigger.py took 0.058 seconds
[2024-08-10T23:34:59.340+0000] {processor.py:161} INFO - Started process (PID=1055) to work on /home/airflow/.local/lib/python3.12/site-packages/airflow/example_dags/example_latest_only_with_trigger.py
[2024-08-10T23:34:59.341+0000] {processor.py:830} INFO - Processing file /home/airflow/.local/lib/python3.12/site-packages/airflow/example_dags/example_latest_only_with_trigger.py for tasks to queue
[2024-08-10T23:34:59.343+0000] {logging_mixin.py:188} INFO - [2024-08-10T23:34:59.342+0000] {dagbag.py:545} INFO - Filling up the DagBag from /home/airflow/.local/lib/python3.12/site-packages/airflow/example_dags/example_latest_only_with_trigger.py
[2024-08-10T23:34:59.346+0000] {processor.py:840} INFO - DAG(s) 'latest_only_with_trigger' retrieved from /home/airflow/.local/lib/python3.12/site-packages/airflow/example_dags/example_latest_only_with_trigger.py
[2024-08-10T23:34:59.362+0000] {logging_mixin.py:188} INFO - [2024-08-10T23:34:59.362+0000] {dag.py:3089} INFO - Sync 1 DAGs
[2024-08-10T23:34:59.378+0000] {logging_mixin.py:188} INFO - [2024-08-10T23:34:59.378+0000] {dag.py:3947} INFO - Setting next_dagrun for latest_only_with_trigger to 2024-08-10 16:00:00+00:00, run_after=2024-08-10 20:00:00+00:00
[2024-08-10T23:34:59.393+0000] {processor.py:183} INFO - Processing /home/airflow/.local/lib/python3.12/site-packages/airflow/example_dags/example_latest_only_with_trigger.py took 0.056 seconds
[2024-08-10T23:35:29.762+0000] {processor.py:161} INFO - Started process (PID=1113) to work on /home/airflow/.local/lib/python3.12/site-packages/airflow/example_dags/example_latest_only_with_trigger.py
[2024-08-10T23:35:29.763+0000] {processor.py:830} INFO - Processing file /home/airflow/.local/lib/python3.12/site-packages/airflow/example_dags/example_latest_only_with_trigger.py for tasks to queue
[2024-08-10T23:35:29.764+0000] {logging_mixin.py:188} INFO - [2024-08-10T23:35:29.764+0000] {dagbag.py:545} INFO - Filling up the DagBag from /home/airflow/.local/lib/python3.12/site-packages/airflow/example_dags/example_latest_only_with_trigger.py
[2024-08-10T23:35:29.767+0000] {processor.py:840} INFO - DAG(s) 'latest_only_with_trigger' retrieved from /home/airflow/.local/lib/python3.12/site-packages/airflow/example_dags/example_latest_only_with_trigger.py
[2024-08-10T23:35:29.785+0000] {logging_mixin.py:188} INFO - [2024-08-10T23:35:29.784+0000] {dag.py:3089} INFO - Sync 1 DAGs
[2024-08-10T23:35:29.803+0000] {logging_mixin.py:188} INFO - [2024-08-10T23:35:29.803+0000] {dag.py:3947} INFO - Setting next_dagrun for latest_only_with_trigger to 2024-08-10 16:00:00+00:00, run_after=2024-08-10 20:00:00+00:00
[2024-08-10T23:35:29.819+0000] {processor.py:183} INFO - Processing /home/airflow/.local/lib/python3.12/site-packages/airflow/example_dags/example_latest_only_with_trigger.py took 0.062 seconds
