[2024-08-10T23:26:24.661+0000] {processor.py:161} INFO - Started process (PID=85) to work on /home/airflow/.local/lib/python3.12/site-packages/airflow/example_dags/example_branch_operator_decorator.py
[2024-08-10T23:26:24.666+0000] {processor.py:830} INFO - Processing file /home/airflow/.local/lib/python3.12/site-packages/airflow/example_dags/example_branch_operator_decorator.py for tasks to queue
[2024-08-10T23:26:24.673+0000] {logging_mixin.py:188} INFO - [2024-08-10T23:26:24.672+0000] {dagbag.py:545} INFO - Filling up the DagBag from /home/airflow/.local/lib/python3.12/site-packages/airflow/example_dags/example_branch_operator_decorator.py
[2024-08-10T23:26:24.735+0000] {processor.py:840} INFO - DAG(s) 'example_branch_python_operator_decorator' retrieved from /home/airflow/.local/lib/python3.12/site-packages/airflow/example_dags/example_branch_operator_decorator.py
[2024-08-10T23:26:24.753+0000] {logging_mixin.py:188} INFO - [2024-08-10T23:26:24.753+0000] {dag.py:3089} INFO - Sync 1 DAGs
[2024-08-10T23:26:24.804+0000] {logging_mixin.py:188} INFO - [2024-08-10T23:26:24.804+0000] {dag.py:3947} INFO - Setting next_dagrun for example_branch_python_operator_decorator to 2024-08-09 00:00:00+00:00, run_after=2024-08-10 00:00:00+00:00
[2024-08-10T23:26:24.839+0000] {processor.py:183} INFO - Processing /home/airflow/.local/lib/python3.12/site-packages/airflow/example_dags/example_branch_operator_decorator.py took 0.205 seconds
[2024-08-10T23:26:55.063+0000] {processor.py:161} INFO - Started process (PID=143) to work on /home/airflow/.local/lib/python3.12/site-packages/airflow/example_dags/example_branch_operator_decorator.py
[2024-08-10T23:26:55.064+0000] {processor.py:830} INFO - Processing file /home/airflow/.local/lib/python3.12/site-packages/airflow/example_dags/example_branch_operator_decorator.py for tasks to queue
[2024-08-10T23:26:55.065+0000] {logging_mixin.py:188} INFO - [2024-08-10T23:26:55.065+0000] {dagbag.py:545} INFO - Filling up the DagBag from /home/airflow/.local/lib/python3.12/site-packages/airflow/example_dags/example_branch_operator_decorator.py
[2024-08-10T23:26:55.081+0000] {processor.py:840} INFO - DAG(s) 'example_branch_python_operator_decorator' retrieved from /home/airflow/.local/lib/python3.12/site-packages/airflow/example_dags/example_branch_operator_decorator.py
[2024-08-10T23:26:55.169+0000] {logging_mixin.py:188} INFO - [2024-08-10T23:26:55.169+0000] {dag.py:3089} INFO - Sync 1 DAGs
[2024-08-10T23:26:55.185+0000] {logging_mixin.py:188} INFO - [2024-08-10T23:26:55.185+0000] {dag.py:3947} INFO - Setting next_dagrun for example_branch_python_operator_decorator to 2024-08-09 00:00:00+00:00, run_after=2024-08-10 00:00:00+00:00
[2024-08-10T23:26:55.201+0000] {processor.py:183} INFO - Processing /home/airflow/.local/lib/python3.12/site-packages/airflow/example_dags/example_branch_operator_decorator.py took 0.143 seconds
[2024-08-10T23:27:25.232+0000] {processor.py:161} INFO - Started process (PID=201) to work on /home/airflow/.local/lib/python3.12/site-packages/airflow/example_dags/example_branch_operator_decorator.py
[2024-08-10T23:27:25.233+0000] {processor.py:830} INFO - Processing file /home/airflow/.local/lib/python3.12/site-packages/airflow/example_dags/example_branch_operator_decorator.py for tasks to queue
[2024-08-10T23:27:25.234+0000] {logging_mixin.py:188} INFO - [2024-08-10T23:27:25.234+0000] {dagbag.py:545} INFO - Filling up the DagBag from /home/airflow/.local/lib/python3.12/site-packages/airflow/example_dags/example_branch_operator_decorator.py
[2024-08-10T23:27:25.250+0000] {processor.py:840} INFO - DAG(s) 'example_branch_python_operator_decorator' retrieved from /home/airflow/.local/lib/python3.12/site-packages/airflow/example_dags/example_branch_operator_decorator.py
[2024-08-10T23:27:25.276+0000] {logging_mixin.py:188} INFO - [2024-08-10T23:27:25.275+0000] {dag.py:3089} INFO - Sync 1 DAGs
[2024-08-10T23:27:25.297+0000] {logging_mixin.py:188} INFO - [2024-08-10T23:27:25.297+0000] {dag.py:3947} INFO - Setting next_dagrun for example_branch_python_operator_decorator to 2024-08-09 00:00:00+00:00, run_after=2024-08-10 00:00:00+00:00
[2024-08-10T23:27:25.315+0000] {processor.py:183} INFO - Processing /home/airflow/.local/lib/python3.12/site-packages/airflow/example_dags/example_branch_operator_decorator.py took 0.087 seconds
[2024-08-10T23:27:55.410+0000] {processor.py:161} INFO - Started process (PID=259) to work on /home/airflow/.local/lib/python3.12/site-packages/airflow/example_dags/example_branch_operator_decorator.py
[2024-08-10T23:27:55.411+0000] {processor.py:830} INFO - Processing file /home/airflow/.local/lib/python3.12/site-packages/airflow/example_dags/example_branch_operator_decorator.py for tasks to queue
[2024-08-10T23:27:55.412+0000] {logging_mixin.py:188} INFO - [2024-08-10T23:27:55.412+0000] {dagbag.py:545} INFO - Filling up the DagBag from /home/airflow/.local/lib/python3.12/site-packages/airflow/example_dags/example_branch_operator_decorator.py
[2024-08-10T23:27:55.429+0000] {processor.py:840} INFO - DAG(s) 'example_branch_python_operator_decorator' retrieved from /home/airflow/.local/lib/python3.12/site-packages/airflow/example_dags/example_branch_operator_decorator.py
[2024-08-10T23:27:55.454+0000] {logging_mixin.py:188} INFO - [2024-08-10T23:27:55.454+0000] {dag.py:3089} INFO - Sync 1 DAGs
[2024-08-10T23:27:55.474+0000] {logging_mixin.py:188} INFO - [2024-08-10T23:27:55.473+0000] {dag.py:3947} INFO - Setting next_dagrun for example_branch_python_operator_decorator to 2024-08-09 00:00:00+00:00, run_after=2024-08-10 00:00:00+00:00
[2024-08-10T23:27:55.491+0000] {processor.py:183} INFO - Processing /home/airflow/.local/lib/python3.12/site-packages/airflow/example_dags/example_branch_operator_decorator.py took 0.085 seconds
[2024-08-10T23:28:25.834+0000] {processor.py:161} INFO - Started process (PID=317) to work on /home/airflow/.local/lib/python3.12/site-packages/airflow/example_dags/example_branch_operator_decorator.py
[2024-08-10T23:28:25.835+0000] {processor.py:830} INFO - Processing file /home/airflow/.local/lib/python3.12/site-packages/airflow/example_dags/example_branch_operator_decorator.py for tasks to queue
[2024-08-10T23:28:25.836+0000] {logging_mixin.py:188} INFO - [2024-08-10T23:28:25.836+0000] {dagbag.py:545} INFO - Filling up the DagBag from /home/airflow/.local/lib/python3.12/site-packages/airflow/example_dags/example_branch_operator_decorator.py
[2024-08-10T23:28:25.853+0000] {processor.py:840} INFO - DAG(s) 'example_branch_python_operator_decorator' retrieved from /home/airflow/.local/lib/python3.12/site-packages/airflow/example_dags/example_branch_operator_decorator.py
[2024-08-10T23:28:25.877+0000] {logging_mixin.py:188} INFO - [2024-08-10T23:28:25.877+0000] {dag.py:3089} INFO - Sync 1 DAGs
[2024-08-10T23:28:25.896+0000] {logging_mixin.py:188} INFO - [2024-08-10T23:28:25.895+0000] {dag.py:3947} INFO - Setting next_dagrun for example_branch_python_operator_decorator to 2024-08-09 00:00:00+00:00, run_after=2024-08-10 00:00:00+00:00
[2024-08-10T23:28:25.913+0000] {processor.py:183} INFO - Processing /home/airflow/.local/lib/python3.12/site-packages/airflow/example_dags/example_branch_operator_decorator.py took 0.083 seconds
[2024-08-10T23:28:55.970+0000] {processor.py:161} INFO - Started process (PID=375) to work on /home/airflow/.local/lib/python3.12/site-packages/airflow/example_dags/example_branch_operator_decorator.py
[2024-08-10T23:28:55.971+0000] {processor.py:830} INFO - Processing file /home/airflow/.local/lib/python3.12/site-packages/airflow/example_dags/example_branch_operator_decorator.py for tasks to queue
[2024-08-10T23:28:55.972+0000] {logging_mixin.py:188} INFO - [2024-08-10T23:28:55.972+0000] {dagbag.py:545} INFO - Filling up the DagBag from /home/airflow/.local/lib/python3.12/site-packages/airflow/example_dags/example_branch_operator_decorator.py
[2024-08-10T23:28:55.987+0000] {processor.py:840} INFO - DAG(s) 'example_branch_python_operator_decorator' retrieved from /home/airflow/.local/lib/python3.12/site-packages/airflow/example_dags/example_branch_operator_decorator.py
[2024-08-10T23:28:56.012+0000] {logging_mixin.py:188} INFO - [2024-08-10T23:28:56.012+0000] {dag.py:3089} INFO - Sync 1 DAGs
[2024-08-10T23:28:56.033+0000] {logging_mixin.py:188} INFO - [2024-08-10T23:28:56.032+0000] {dag.py:3947} INFO - Setting next_dagrun for example_branch_python_operator_decorator to 2024-08-09 00:00:00+00:00, run_after=2024-08-10 00:00:00+00:00
[2024-08-10T23:28:56.049+0000] {processor.py:183} INFO - Processing /home/airflow/.local/lib/python3.12/site-packages/airflow/example_dags/example_branch_operator_decorator.py took 0.083 seconds
[2024-08-10T23:29:26.416+0000] {processor.py:161} INFO - Started process (PID=433) to work on /home/airflow/.local/lib/python3.12/site-packages/airflow/example_dags/example_branch_operator_decorator.py
[2024-08-10T23:29:26.417+0000] {processor.py:830} INFO - Processing file /home/airflow/.local/lib/python3.12/site-packages/airflow/example_dags/example_branch_operator_decorator.py for tasks to queue
[2024-08-10T23:29:26.418+0000] {logging_mixin.py:188} INFO - [2024-08-10T23:29:26.418+0000] {dagbag.py:545} INFO - Filling up the DagBag from /home/airflow/.local/lib/python3.12/site-packages/airflow/example_dags/example_branch_operator_decorator.py
[2024-08-10T23:29:26.434+0000] {processor.py:840} INFO - DAG(s) 'example_branch_python_operator_decorator' retrieved from /home/airflow/.local/lib/python3.12/site-packages/airflow/example_dags/example_branch_operator_decorator.py
[2024-08-10T23:29:26.457+0000] {logging_mixin.py:188} INFO - [2024-08-10T23:29:26.457+0000] {dag.py:3089} INFO - Sync 1 DAGs
[2024-08-10T23:29:26.475+0000] {logging_mixin.py:188} INFO - [2024-08-10T23:29:26.475+0000] {dag.py:3947} INFO - Setting next_dagrun for example_branch_python_operator_decorator to 2024-08-09 00:00:00+00:00, run_after=2024-08-10 00:00:00+00:00
[2024-08-10T23:29:26.488+0000] {processor.py:183} INFO - Processing /home/airflow/.local/lib/python3.12/site-packages/airflow/example_dags/example_branch_operator_decorator.py took 0.076 seconds
[2024-08-10T23:29:56.780+0000] {processor.py:161} INFO - Started process (PID=491) to work on /home/airflow/.local/lib/python3.12/site-packages/airflow/example_dags/example_branch_operator_decorator.py
[2024-08-10T23:29:56.782+0000] {processor.py:830} INFO - Processing file /home/airflow/.local/lib/python3.12/site-packages/airflow/example_dags/example_branch_operator_decorator.py for tasks to queue
[2024-08-10T23:29:56.783+0000] {logging_mixin.py:188} INFO - [2024-08-10T23:29:56.783+0000] {dagbag.py:545} INFO - Filling up the DagBag from /home/airflow/.local/lib/python3.12/site-packages/airflow/example_dags/example_branch_operator_decorator.py
[2024-08-10T23:29:56.800+0000] {processor.py:840} INFO - DAG(s) 'example_branch_python_operator_decorator' retrieved from /home/airflow/.local/lib/python3.12/site-packages/airflow/example_dags/example_branch_operator_decorator.py
[2024-08-10T23:29:56.825+0000] {logging_mixin.py:188} INFO - [2024-08-10T23:29:56.825+0000] {dag.py:3089} INFO - Sync 1 DAGs
[2024-08-10T23:29:56.845+0000] {logging_mixin.py:188} INFO - [2024-08-10T23:29:56.845+0000] {dag.py:3947} INFO - Setting next_dagrun for example_branch_python_operator_decorator to 2024-08-09 00:00:00+00:00, run_after=2024-08-10 00:00:00+00:00
[2024-08-10T23:29:56.862+0000] {processor.py:183} INFO - Processing /home/airflow/.local/lib/python3.12/site-packages/airflow/example_dags/example_branch_operator_decorator.py took 0.087 seconds
[2024-08-10T23:30:26.895+0000] {processor.py:161} INFO - Started process (PID=549) to work on /home/airflow/.local/lib/python3.12/site-packages/airflow/example_dags/example_branch_operator_decorator.py
[2024-08-10T23:30:26.895+0000] {processor.py:830} INFO - Processing file /home/airflow/.local/lib/python3.12/site-packages/airflow/example_dags/example_branch_operator_decorator.py for tasks to queue
[2024-08-10T23:30:26.897+0000] {logging_mixin.py:188} INFO - [2024-08-10T23:30:26.896+0000] {dagbag.py:545} INFO - Filling up the DagBag from /home/airflow/.local/lib/python3.12/site-packages/airflow/example_dags/example_branch_operator_decorator.py
[2024-08-10T23:30:26.912+0000] {processor.py:840} INFO - DAG(s) 'example_branch_python_operator_decorator' retrieved from /home/airflow/.local/lib/python3.12/site-packages/airflow/example_dags/example_branch_operator_decorator.py
[2024-08-10T23:30:26.936+0000] {logging_mixin.py:188} INFO - [2024-08-10T23:30:26.936+0000] {dag.py:3089} INFO - Sync 1 DAGs
[2024-08-10T23:30:26.955+0000] {logging_mixin.py:188} INFO - [2024-08-10T23:30:26.954+0000] {dag.py:3947} INFO - Setting next_dagrun for example_branch_python_operator_decorator to 2024-08-09 00:00:00+00:00, run_after=2024-08-10 00:00:00+00:00
[2024-08-10T23:30:26.970+0000] {processor.py:183} INFO - Processing /home/airflow/.local/lib/python3.12/site-packages/airflow/example_dags/example_branch_operator_decorator.py took 0.080 seconds
[2024-08-10T23:30:57.347+0000] {processor.py:161} INFO - Started process (PID=607) to work on /home/airflow/.local/lib/python3.12/site-packages/airflow/example_dags/example_branch_operator_decorator.py
[2024-08-10T23:30:57.348+0000] {processor.py:830} INFO - Processing file /home/airflow/.local/lib/python3.12/site-packages/airflow/example_dags/example_branch_operator_decorator.py for tasks to queue
[2024-08-10T23:30:57.349+0000] {logging_mixin.py:188} INFO - [2024-08-10T23:30:57.349+0000] {dagbag.py:545} INFO - Filling up the DagBag from /home/airflow/.local/lib/python3.12/site-packages/airflow/example_dags/example_branch_operator_decorator.py
[2024-08-10T23:30:57.366+0000] {processor.py:840} INFO - DAG(s) 'example_branch_python_operator_decorator' retrieved from /home/airflow/.local/lib/python3.12/site-packages/airflow/example_dags/example_branch_operator_decorator.py
[2024-08-10T23:30:57.391+0000] {logging_mixin.py:188} INFO - [2024-08-10T23:30:57.390+0000] {dag.py:3089} INFO - Sync 1 DAGs
[2024-08-10T23:30:57.410+0000] {logging_mixin.py:188} INFO - [2024-08-10T23:30:57.410+0000] {dag.py:3947} INFO - Setting next_dagrun for example_branch_python_operator_decorator to 2024-08-09 00:00:00+00:00, run_after=2024-08-10 00:00:00+00:00
[2024-08-10T23:30:57.429+0000] {processor.py:183} INFO - Processing /home/airflow/.local/lib/python3.12/site-packages/airflow/example_dags/example_branch_operator_decorator.py took 0.086 seconds
[2024-08-10T23:31:27.839+0000] {processor.py:161} INFO - Started process (PID=666) to work on /home/airflow/.local/lib/python3.12/site-packages/airflow/example_dags/example_branch_operator_decorator.py
[2024-08-10T23:31:27.840+0000] {processor.py:830} INFO - Processing file /home/airflow/.local/lib/python3.12/site-packages/airflow/example_dags/example_branch_operator_decorator.py for tasks to queue
[2024-08-10T23:31:27.842+0000] {logging_mixin.py:188} INFO - [2024-08-10T23:31:27.842+0000] {dagbag.py:545} INFO - Filling up the DagBag from /home/airflow/.local/lib/python3.12/site-packages/airflow/example_dags/example_branch_operator_decorator.py
[2024-08-10T23:31:27.858+0000] {processor.py:840} INFO - DAG(s) 'example_branch_python_operator_decorator' retrieved from /home/airflow/.local/lib/python3.12/site-packages/airflow/example_dags/example_branch_operator_decorator.py
[2024-08-10T23:31:27.884+0000] {logging_mixin.py:188} INFO - [2024-08-10T23:31:27.883+0000] {dag.py:3089} INFO - Sync 1 DAGs
[2024-08-10T23:31:27.902+0000] {logging_mixin.py:188} INFO - [2024-08-10T23:31:27.902+0000] {dag.py:3947} INFO - Setting next_dagrun for example_branch_python_operator_decorator to 2024-08-09 00:00:00+00:00, run_after=2024-08-10 00:00:00+00:00
[2024-08-10T23:31:27.919+0000] {processor.py:183} INFO - Processing /home/airflow/.local/lib/python3.12/site-packages/airflow/example_dags/example_branch_operator_decorator.py took 0.084 seconds
[2024-08-10T23:31:58.270+0000] {processor.py:161} INFO - Started process (PID=724) to work on /home/airflow/.local/lib/python3.12/site-packages/airflow/example_dags/example_branch_operator_decorator.py
[2024-08-10T23:31:58.271+0000] {processor.py:830} INFO - Processing file /home/airflow/.local/lib/python3.12/site-packages/airflow/example_dags/example_branch_operator_decorator.py for tasks to queue
[2024-08-10T23:31:58.272+0000] {logging_mixin.py:188} INFO - [2024-08-10T23:31:58.272+0000] {dagbag.py:545} INFO - Filling up the DagBag from /home/airflow/.local/lib/python3.12/site-packages/airflow/example_dags/example_branch_operator_decorator.py
[2024-08-10T23:31:58.289+0000] {processor.py:840} INFO - DAG(s) 'example_branch_python_operator_decorator' retrieved from /home/airflow/.local/lib/python3.12/site-packages/airflow/example_dags/example_branch_operator_decorator.py
[2024-08-10T23:31:58.314+0000] {logging_mixin.py:188} INFO - [2024-08-10T23:31:58.313+0000] {dag.py:3089} INFO - Sync 1 DAGs
[2024-08-10T23:31:58.336+0000] {logging_mixin.py:188} INFO - [2024-08-10T23:31:58.335+0000] {dag.py:3947} INFO - Setting next_dagrun for example_branch_python_operator_decorator to 2024-08-09 00:00:00+00:00, run_after=2024-08-10 00:00:00+00:00
[2024-08-10T23:31:58.354+0000] {processor.py:183} INFO - Processing /home/airflow/.local/lib/python3.12/site-packages/airflow/example_dags/example_branch_operator_decorator.py took 0.088 seconds
[2024-08-10T23:32:28.585+0000] {processor.py:161} INFO - Started process (PID=782) to work on /home/airflow/.local/lib/python3.12/site-packages/airflow/example_dags/example_branch_operator_decorator.py
[2024-08-10T23:32:28.586+0000] {processor.py:830} INFO - Processing file /home/airflow/.local/lib/python3.12/site-packages/airflow/example_dags/example_branch_operator_decorator.py for tasks to queue
[2024-08-10T23:32:28.587+0000] {logging_mixin.py:188} INFO - [2024-08-10T23:32:28.587+0000] {dagbag.py:545} INFO - Filling up the DagBag from /home/airflow/.local/lib/python3.12/site-packages/airflow/example_dags/example_branch_operator_decorator.py
[2024-08-10T23:32:28.605+0000] {processor.py:840} INFO - DAG(s) 'example_branch_python_operator_decorator' retrieved from /home/airflow/.local/lib/python3.12/site-packages/airflow/example_dags/example_branch_operator_decorator.py
[2024-08-10T23:32:28.629+0000] {logging_mixin.py:188} INFO - [2024-08-10T23:32:28.629+0000] {dag.py:3089} INFO - Sync 1 DAGs
[2024-08-10T23:32:28.647+0000] {logging_mixin.py:188} INFO - [2024-08-10T23:32:28.647+0000] {dag.py:3947} INFO - Setting next_dagrun for example_branch_python_operator_decorator to 2024-08-09 00:00:00+00:00, run_after=2024-08-10 00:00:00+00:00
[2024-08-10T23:32:28.663+0000] {processor.py:183} INFO - Processing /home/airflow/.local/lib/python3.12/site-packages/airflow/example_dags/example_branch_operator_decorator.py took 0.083 seconds
[2024-08-10T23:32:58.763+0000] {processor.py:161} INFO - Started process (PID=840) to work on /home/airflow/.local/lib/python3.12/site-packages/airflow/example_dags/example_branch_operator_decorator.py
[2024-08-10T23:32:58.764+0000] {processor.py:830} INFO - Processing file /home/airflow/.local/lib/python3.12/site-packages/airflow/example_dags/example_branch_operator_decorator.py for tasks to queue
[2024-08-10T23:32:58.765+0000] {logging_mixin.py:188} INFO - [2024-08-10T23:32:58.765+0000] {dagbag.py:545} INFO - Filling up the DagBag from /home/airflow/.local/lib/python3.12/site-packages/airflow/example_dags/example_branch_operator_decorator.py
[2024-08-10T23:32:58.781+0000] {processor.py:840} INFO - DAG(s) 'example_branch_python_operator_decorator' retrieved from /home/airflow/.local/lib/python3.12/site-packages/airflow/example_dags/example_branch_operator_decorator.py
[2024-08-10T23:32:58.804+0000] {logging_mixin.py:188} INFO - [2024-08-10T23:32:58.804+0000] {dag.py:3089} INFO - Sync 1 DAGs
[2024-08-10T23:32:58.822+0000] {logging_mixin.py:188} INFO - [2024-08-10T23:32:58.821+0000] {dag.py:3947} INFO - Setting next_dagrun for example_branch_python_operator_decorator to 2024-08-09 00:00:00+00:00, run_after=2024-08-10 00:00:00+00:00
[2024-08-10T23:32:58.836+0000] {processor.py:183} INFO - Processing /home/airflow/.local/lib/python3.12/site-packages/airflow/example_dags/example_branch_operator_decorator.py took 0.077 seconds
[2024-08-10T23:33:29.058+0000] {processor.py:161} INFO - Started process (PID=898) to work on /home/airflow/.local/lib/python3.12/site-packages/airflow/example_dags/example_branch_operator_decorator.py
[2024-08-10T23:33:29.059+0000] {processor.py:830} INFO - Processing file /home/airflow/.local/lib/python3.12/site-packages/airflow/example_dags/example_branch_operator_decorator.py for tasks to queue
[2024-08-10T23:33:29.061+0000] {logging_mixin.py:188} INFO - [2024-08-10T23:33:29.061+0000] {dagbag.py:545} INFO - Filling up the DagBag from /home/airflow/.local/lib/python3.12/site-packages/airflow/example_dags/example_branch_operator_decorator.py
[2024-08-10T23:33:29.082+0000] {processor.py:840} INFO - DAG(s) 'example_branch_python_operator_decorator' retrieved from /home/airflow/.local/lib/python3.12/site-packages/airflow/example_dags/example_branch_operator_decorator.py
[2024-08-10T23:33:29.107+0000] {logging_mixin.py:188} INFO - [2024-08-10T23:33:29.107+0000] {dag.py:3089} INFO - Sync 1 DAGs
[2024-08-10T23:33:29.129+0000] {logging_mixin.py:188} INFO - [2024-08-10T23:33:29.128+0000] {dag.py:3947} INFO - Setting next_dagrun for example_branch_python_operator_decorator to 2024-08-09 00:00:00+00:00, run_after=2024-08-10 00:00:00+00:00
[2024-08-10T23:33:29.148+0000] {processor.py:183} INFO - Processing /home/airflow/.local/lib/python3.12/site-packages/airflow/example_dags/example_branch_operator_decorator.py took 0.094 seconds
[2024-08-10T23:33:59.339+0000] {processor.py:161} INFO - Started process (PID=956) to work on /home/airflow/.local/lib/python3.12/site-packages/airflow/example_dags/example_branch_operator_decorator.py
[2024-08-10T23:33:59.340+0000] {processor.py:830} INFO - Processing file /home/airflow/.local/lib/python3.12/site-packages/airflow/example_dags/example_branch_operator_decorator.py for tasks to queue
[2024-08-10T23:33:59.342+0000] {logging_mixin.py:188} INFO - [2024-08-10T23:33:59.342+0000] {dagbag.py:545} INFO - Filling up the DagBag from /home/airflow/.local/lib/python3.12/site-packages/airflow/example_dags/example_branch_operator_decorator.py
[2024-08-10T23:33:59.362+0000] {processor.py:840} INFO - DAG(s) 'example_branch_python_operator_decorator' retrieved from /home/airflow/.local/lib/python3.12/site-packages/airflow/example_dags/example_branch_operator_decorator.py
[2024-08-10T23:33:59.387+0000] {logging_mixin.py:188} INFO - [2024-08-10T23:33:59.387+0000] {dag.py:3089} INFO - Sync 1 DAGs
[2024-08-10T23:33:59.407+0000] {logging_mixin.py:188} INFO - [2024-08-10T23:33:59.407+0000] {dag.py:3947} INFO - Setting next_dagrun for example_branch_python_operator_decorator to 2024-08-09 00:00:00+00:00, run_after=2024-08-10 00:00:00+00:00
[2024-08-10T23:33:59.427+0000] {processor.py:183} INFO - Processing /home/airflow/.local/lib/python3.12/site-packages/airflow/example_dags/example_branch_operator_decorator.py took 0.092 seconds
[2024-08-10T23:34:29.710+0000] {processor.py:161} INFO - Started process (PID=1014) to work on /home/airflow/.local/lib/python3.12/site-packages/airflow/example_dags/example_branch_operator_decorator.py
[2024-08-10T23:34:29.711+0000] {processor.py:830} INFO - Processing file /home/airflow/.local/lib/python3.12/site-packages/airflow/example_dags/example_branch_operator_decorator.py for tasks to queue
[2024-08-10T23:34:29.712+0000] {logging_mixin.py:188} INFO - [2024-08-10T23:34:29.712+0000] {dagbag.py:545} INFO - Filling up the DagBag from /home/airflow/.local/lib/python3.12/site-packages/airflow/example_dags/example_branch_operator_decorator.py
[2024-08-10T23:34:29.728+0000] {processor.py:840} INFO - DAG(s) 'example_branch_python_operator_decorator' retrieved from /home/airflow/.local/lib/python3.12/site-packages/airflow/example_dags/example_branch_operator_decorator.py
[2024-08-10T23:34:29.751+0000] {logging_mixin.py:188} INFO - [2024-08-10T23:34:29.750+0000] {dag.py:3089} INFO - Sync 1 DAGs
[2024-08-10T23:34:29.768+0000] {logging_mixin.py:188} INFO - [2024-08-10T23:34:29.768+0000] {dag.py:3947} INFO - Setting next_dagrun for example_branch_python_operator_decorator to 2024-08-09 00:00:00+00:00, run_after=2024-08-10 00:00:00+00:00
[2024-08-10T23:34:29.785+0000] {processor.py:183} INFO - Processing /home/airflow/.local/lib/python3.12/site-packages/airflow/example_dags/example_branch_operator_decorator.py took 0.079 seconds
[2024-08-10T23:35:00.112+0000] {processor.py:161} INFO - Started process (PID=1072) to work on /home/airflow/.local/lib/python3.12/site-packages/airflow/example_dags/example_branch_operator_decorator.py
[2024-08-10T23:35:00.113+0000] {processor.py:830} INFO - Processing file /home/airflow/.local/lib/python3.12/site-packages/airflow/example_dags/example_branch_operator_decorator.py for tasks to queue
[2024-08-10T23:35:00.114+0000] {logging_mixin.py:188} INFO - [2024-08-10T23:35:00.114+0000] {dagbag.py:545} INFO - Filling up the DagBag from /home/airflow/.local/lib/python3.12/site-packages/airflow/example_dags/example_branch_operator_decorator.py
[2024-08-10T23:35:00.129+0000] {processor.py:840} INFO - DAG(s) 'example_branch_python_operator_decorator' retrieved from /home/airflow/.local/lib/python3.12/site-packages/airflow/example_dags/example_branch_operator_decorator.py
[2024-08-10T23:35:00.153+0000] {logging_mixin.py:188} INFO - [2024-08-10T23:35:00.153+0000] {dag.py:3089} INFO - Sync 1 DAGs
[2024-08-10T23:35:00.171+0000] {logging_mixin.py:188} INFO - [2024-08-10T23:35:00.171+0000] {dag.py:3947} INFO - Setting next_dagrun for example_branch_python_operator_decorator to 2024-08-09 00:00:00+00:00, run_after=2024-08-10 00:00:00+00:00
[2024-08-10T23:35:00.185+0000] {processor.py:183} INFO - Processing /home/airflow/.local/lib/python3.12/site-packages/airflow/example_dags/example_branch_operator_decorator.py took 0.077 seconds
[2024-08-10T23:35:30.431+0000] {processor.py:161} INFO - Started process (PID=1130) to work on /home/airflow/.local/lib/python3.12/site-packages/airflow/example_dags/example_branch_operator_decorator.py
[2024-08-10T23:35:30.431+0000] {processor.py:830} INFO - Processing file /home/airflow/.local/lib/python3.12/site-packages/airflow/example_dags/example_branch_operator_decorator.py for tasks to queue
[2024-08-10T23:35:30.433+0000] {logging_mixin.py:188} INFO - [2024-08-10T23:35:30.432+0000] {dagbag.py:545} INFO - Filling up the DagBag from /home/airflow/.local/lib/python3.12/site-packages/airflow/example_dags/example_branch_operator_decorator.py
[2024-08-10T23:35:30.448+0000] {processor.py:840} INFO - DAG(s) 'example_branch_python_operator_decorator' retrieved from /home/airflow/.local/lib/python3.12/site-packages/airflow/example_dags/example_branch_operator_decorator.py
[2024-08-10T23:35:30.472+0000] {logging_mixin.py:188} INFO - [2024-08-10T23:35:30.472+0000] {dag.py:3089} INFO - Sync 1 DAGs
[2024-08-10T23:35:30.490+0000] {logging_mixin.py:188} INFO - [2024-08-10T23:35:30.490+0000] {dag.py:3947} INFO - Setting next_dagrun for example_branch_python_operator_decorator to 2024-08-09 00:00:00+00:00, run_after=2024-08-10 00:00:00+00:00
[2024-08-10T23:35:30.506+0000] {processor.py:183} INFO - Processing /home/airflow/.local/lib/python3.12/site-packages/airflow/example_dags/example_branch_operator_decorator.py took 0.079 seconds
