[2024-08-10T23:26:22.628+0000] {processor.py:161} INFO - Started process (PID=62) to work on /home/airflow/.local/lib/python3.12/site-packages/airflow/example_dags/example_nested_branch_dag.py
[2024-08-10T23:26:22.628+0000] {processor.py:830} INFO - Processing file /home/airflow/.local/lib/python3.12/site-packages/airflow/example_dags/example_nested_branch_dag.py for tasks to queue
[2024-08-10T23:26:22.630+0000] {logging_mixin.py:188} INFO - [2024-08-10T23:26:22.630+0000] {dagbag.py:545} INFO - Filling up the DagBag from /home/airflow/.local/lib/python3.12/site-packages/airflow/example_dags/example_nested_branch_dag.py
[2024-08-10T23:26:22.643+0000] {processor.py:840} INFO - DAG(s) 'example_nested_branch_dag' retrieved from /home/airflow/.local/lib/python3.12/site-packages/airflow/example_dags/example_nested_branch_dag.py
[2024-08-10T23:26:22.658+0000] {logging_mixin.py:188} INFO - [2024-08-10T23:26:22.658+0000] {dag.py:3089} INFO - Sync 1 DAGs
[2024-08-10T23:26:22.686+0000] {logging_mixin.py:188} INFO - [2024-08-10T23:26:22.685+0000] {dag.py:3947} INFO - Setting next_dagrun for example_nested_branch_dag to 2024-08-09 00:00:00+00:00, run_after=2024-08-10 00:00:00+00:00
[2024-08-10T23:26:22.712+0000] {processor.py:183} INFO - Processing /home/airflow/.local/lib/python3.12/site-packages/airflow/example_dags/example_nested_branch_dag.py took 0.089 seconds
[2024-08-10T23:26:53.337+0000] {processor.py:161} INFO - Started process (PID=120) to work on /home/airflow/.local/lib/python3.12/site-packages/airflow/example_dags/example_nested_branch_dag.py
[2024-08-10T23:26:53.338+0000] {processor.py:830} INFO - Processing file /home/airflow/.local/lib/python3.12/site-packages/airflow/example_dags/example_nested_branch_dag.py for tasks to queue
[2024-08-10T23:26:53.339+0000] {logging_mixin.py:188} INFO - [2024-08-10T23:26:53.339+0000] {dagbag.py:545} INFO - Filling up the DagBag from /home/airflow/.local/lib/python3.12/site-packages/airflow/example_dags/example_nested_branch_dag.py
[2024-08-10T23:26:53.346+0000] {processor.py:840} INFO - DAG(s) 'example_nested_branch_dag' retrieved from /home/airflow/.local/lib/python3.12/site-packages/airflow/example_dags/example_nested_branch_dag.py
[2024-08-10T23:26:53.427+0000] {logging_mixin.py:188} INFO - [2024-08-10T23:26:53.427+0000] {dag.py:3089} INFO - Sync 1 DAGs
[2024-08-10T23:26:53.445+0000] {logging_mixin.py:188} INFO - [2024-08-10T23:26:53.445+0000] {dag.py:3947} INFO - Setting next_dagrun for example_nested_branch_dag to 2024-08-09 00:00:00+00:00, run_after=2024-08-10 00:00:00+00:00
[2024-08-10T23:26:53.462+0000] {processor.py:183} INFO - Processing /home/airflow/.local/lib/python3.12/site-packages/airflow/example_dags/example_nested_branch_dag.py took 0.129 seconds
[2024-08-10T23:27:24.040+0000] {processor.py:161} INFO - Started process (PID=178) to work on /home/airflow/.local/lib/python3.12/site-packages/airflow/example_dags/example_nested_branch_dag.py
[2024-08-10T23:27:24.041+0000] {processor.py:830} INFO - Processing file /home/airflow/.local/lib/python3.12/site-packages/airflow/example_dags/example_nested_branch_dag.py for tasks to queue
[2024-08-10T23:27:24.043+0000] {logging_mixin.py:188} INFO - [2024-08-10T23:27:24.043+0000] {dagbag.py:545} INFO - Filling up the DagBag from /home/airflow/.local/lib/python3.12/site-packages/airflow/example_dags/example_nested_branch_dag.py
[2024-08-10T23:27:24.050+0000] {processor.py:840} INFO - DAG(s) 'example_nested_branch_dag' retrieved from /home/airflow/.local/lib/python3.12/site-packages/airflow/example_dags/example_nested_branch_dag.py
[2024-08-10T23:27:24.068+0000] {logging_mixin.py:188} INFO - [2024-08-10T23:27:24.068+0000] {dag.py:3089} INFO - Sync 1 DAGs
[2024-08-10T23:27:24.091+0000] {logging_mixin.py:188} INFO - [2024-08-10T23:27:24.090+0000] {dag.py:3947} INFO - Setting next_dagrun for example_nested_branch_dag to 2024-08-09 00:00:00+00:00, run_after=2024-08-10 00:00:00+00:00
[2024-08-10T23:27:24.111+0000] {processor.py:183} INFO - Processing /home/airflow/.local/lib/python3.12/site-packages/airflow/example_dags/example_nested_branch_dag.py took 0.074 seconds
[2024-08-10T23:27:54.386+0000] {processor.py:161} INFO - Started process (PID=236) to work on /home/airflow/.local/lib/python3.12/site-packages/airflow/example_dags/example_nested_branch_dag.py
[2024-08-10T23:27:54.387+0000] {processor.py:830} INFO - Processing file /home/airflow/.local/lib/python3.12/site-packages/airflow/example_dags/example_nested_branch_dag.py for tasks to queue
[2024-08-10T23:27:54.388+0000] {logging_mixin.py:188} INFO - [2024-08-10T23:27:54.388+0000] {dagbag.py:545} INFO - Filling up the DagBag from /home/airflow/.local/lib/python3.12/site-packages/airflow/example_dags/example_nested_branch_dag.py
[2024-08-10T23:27:54.396+0000] {processor.py:840} INFO - DAG(s) 'example_nested_branch_dag' retrieved from /home/airflow/.local/lib/python3.12/site-packages/airflow/example_dags/example_nested_branch_dag.py
[2024-08-10T23:27:54.414+0000] {logging_mixin.py:188} INFO - [2024-08-10T23:27:54.414+0000] {dag.py:3089} INFO - Sync 1 DAGs
[2024-08-10T23:27:54.432+0000] {logging_mixin.py:188} INFO - [2024-08-10T23:27:54.431+0000] {dag.py:3947} INFO - Setting next_dagrun for example_nested_branch_dag to 2024-08-09 00:00:00+00:00, run_after=2024-08-10 00:00:00+00:00
[2024-08-10T23:27:54.448+0000] {processor.py:183} INFO - Processing /home/airflow/.local/lib/python3.12/site-packages/airflow/example_dags/example_nested_branch_dag.py took 0.066 seconds
[2024-08-10T23:28:24.744+0000] {processor.py:161} INFO - Started process (PID=294) to work on /home/airflow/.local/lib/python3.12/site-packages/airflow/example_dags/example_nested_branch_dag.py
[2024-08-10T23:28:24.745+0000] {processor.py:830} INFO - Processing file /home/airflow/.local/lib/python3.12/site-packages/airflow/example_dags/example_nested_branch_dag.py for tasks to queue
[2024-08-10T23:28:24.747+0000] {logging_mixin.py:188} INFO - [2024-08-10T23:28:24.746+0000] {dagbag.py:545} INFO - Filling up the DagBag from /home/airflow/.local/lib/python3.12/site-packages/airflow/example_dags/example_nested_branch_dag.py
[2024-08-10T23:28:24.756+0000] {processor.py:840} INFO - DAG(s) 'example_nested_branch_dag' retrieved from /home/airflow/.local/lib/python3.12/site-packages/airflow/example_dags/example_nested_branch_dag.py
[2024-08-10T23:28:24.776+0000] {logging_mixin.py:188} INFO - [2024-08-10T23:28:24.775+0000] {dag.py:3089} INFO - Sync 1 DAGs
[2024-08-10T23:28:24.796+0000] {logging_mixin.py:188} INFO - [2024-08-10T23:28:24.795+0000] {dag.py:3947} INFO - Setting next_dagrun for example_nested_branch_dag to 2024-08-09 00:00:00+00:00, run_after=2024-08-10 00:00:00+00:00
[2024-08-10T23:28:24.812+0000] {processor.py:183} INFO - Processing /home/airflow/.local/lib/python3.12/site-packages/airflow/example_dags/example_nested_branch_dag.py took 0.072 seconds
[2024-08-10T23:28:55.067+0000] {processor.py:161} INFO - Started process (PID=352) to work on /home/airflow/.local/lib/python3.12/site-packages/airflow/example_dags/example_nested_branch_dag.py
[2024-08-10T23:28:55.068+0000] {processor.py:830} INFO - Processing file /home/airflow/.local/lib/python3.12/site-packages/airflow/example_dags/example_nested_branch_dag.py for tasks to queue
[2024-08-10T23:28:55.069+0000] {logging_mixin.py:188} INFO - [2024-08-10T23:28:55.069+0000] {dagbag.py:545} INFO - Filling up the DagBag from /home/airflow/.local/lib/python3.12/site-packages/airflow/example_dags/example_nested_branch_dag.py
[2024-08-10T23:28:55.076+0000] {processor.py:840} INFO - DAG(s) 'example_nested_branch_dag' retrieved from /home/airflow/.local/lib/python3.12/site-packages/airflow/example_dags/example_nested_branch_dag.py
[2024-08-10T23:28:55.094+0000] {logging_mixin.py:188} INFO - [2024-08-10T23:28:55.094+0000] {dag.py:3089} INFO - Sync 1 DAGs
[2024-08-10T23:28:55.112+0000] {logging_mixin.py:188} INFO - [2024-08-10T23:28:55.112+0000] {dag.py:3947} INFO - Setting next_dagrun for example_nested_branch_dag to 2024-08-09 00:00:00+00:00, run_after=2024-08-10 00:00:00+00:00
[2024-08-10T23:28:55.129+0000] {processor.py:183} INFO - Processing /home/airflow/.local/lib/python3.12/site-packages/airflow/example_dags/example_nested_branch_dag.py took 0.067 seconds
[2024-08-10T23:29:25.336+0000] {processor.py:161} INFO - Started process (PID=410) to work on /home/airflow/.local/lib/python3.12/site-packages/airflow/example_dags/example_nested_branch_dag.py
[2024-08-10T23:29:25.337+0000] {processor.py:830} INFO - Processing file /home/airflow/.local/lib/python3.12/site-packages/airflow/example_dags/example_nested_branch_dag.py for tasks to queue
[2024-08-10T23:29:25.339+0000] {logging_mixin.py:188} INFO - [2024-08-10T23:29:25.338+0000] {dagbag.py:545} INFO - Filling up the DagBag from /home/airflow/.local/lib/python3.12/site-packages/airflow/example_dags/example_nested_branch_dag.py
[2024-08-10T23:29:25.346+0000] {processor.py:840} INFO - DAG(s) 'example_nested_branch_dag' retrieved from /home/airflow/.local/lib/python3.12/site-packages/airflow/example_dags/example_nested_branch_dag.py
[2024-08-10T23:29:25.363+0000] {logging_mixin.py:188} INFO - [2024-08-10T23:29:25.363+0000] {dag.py:3089} INFO - Sync 1 DAGs
[2024-08-10T23:29:25.381+0000] {logging_mixin.py:188} INFO - [2024-08-10T23:29:25.381+0000] {dag.py:3947} INFO - Setting next_dagrun for example_nested_branch_dag to 2024-08-09 00:00:00+00:00, run_after=2024-08-10 00:00:00+00:00
[2024-08-10T23:29:25.395+0000] {processor.py:183} INFO - Processing /home/airflow/.local/lib/python3.12/site-packages/airflow/example_dags/example_nested_branch_dag.py took 0.063 seconds
[2024-08-10T23:29:55.739+0000] {processor.py:161} INFO - Started process (PID=468) to work on /home/airflow/.local/lib/python3.12/site-packages/airflow/example_dags/example_nested_branch_dag.py
[2024-08-10T23:29:55.740+0000] {processor.py:830} INFO - Processing file /home/airflow/.local/lib/python3.12/site-packages/airflow/example_dags/example_nested_branch_dag.py for tasks to queue
[2024-08-10T23:29:55.741+0000] {logging_mixin.py:188} INFO - [2024-08-10T23:29:55.741+0000] {dagbag.py:545} INFO - Filling up the DagBag from /home/airflow/.local/lib/python3.12/site-packages/airflow/example_dags/example_nested_branch_dag.py
[2024-08-10T23:29:55.748+0000] {processor.py:840} INFO - DAG(s) 'example_nested_branch_dag' retrieved from /home/airflow/.local/lib/python3.12/site-packages/airflow/example_dags/example_nested_branch_dag.py
[2024-08-10T23:29:55.765+0000] {logging_mixin.py:188} INFO - [2024-08-10T23:29:55.765+0000] {dag.py:3089} INFO - Sync 1 DAGs
[2024-08-10T23:29:55.783+0000] {logging_mixin.py:188} INFO - [2024-08-10T23:29:55.783+0000] {dag.py:3947} INFO - Setting next_dagrun for example_nested_branch_dag to 2024-08-09 00:00:00+00:00, run_after=2024-08-10 00:00:00+00:00
[2024-08-10T23:29:55.801+0000] {processor.py:183} INFO - Processing /home/airflow/.local/lib/python3.12/site-packages/airflow/example_dags/example_nested_branch_dag.py took 0.066 seconds
[2024-08-10T23:30:26.012+0000] {processor.py:161} INFO - Started process (PID=526) to work on /home/airflow/.local/lib/python3.12/site-packages/airflow/example_dags/example_nested_branch_dag.py
[2024-08-10T23:30:26.013+0000] {processor.py:830} INFO - Processing file /home/airflow/.local/lib/python3.12/site-packages/airflow/example_dags/example_nested_branch_dag.py for tasks to queue
[2024-08-10T23:30:26.014+0000] {logging_mixin.py:188} INFO - [2024-08-10T23:30:26.014+0000] {dagbag.py:545} INFO - Filling up the DagBag from /home/airflow/.local/lib/python3.12/site-packages/airflow/example_dags/example_nested_branch_dag.py
[2024-08-10T23:30:26.022+0000] {processor.py:840} INFO - DAG(s) 'example_nested_branch_dag' retrieved from /home/airflow/.local/lib/python3.12/site-packages/airflow/example_dags/example_nested_branch_dag.py
[2024-08-10T23:30:26.039+0000] {logging_mixin.py:188} INFO - [2024-08-10T23:30:26.039+0000] {dag.py:3089} INFO - Sync 1 DAGs
[2024-08-10T23:30:26.059+0000] {logging_mixin.py:188} INFO - [2024-08-10T23:30:26.058+0000] {dag.py:3947} INFO - Setting next_dagrun for example_nested_branch_dag to 2024-08-09 00:00:00+00:00, run_after=2024-08-10 00:00:00+00:00
[2024-08-10T23:30:26.073+0000] {processor.py:183} INFO - Processing /home/airflow/.local/lib/python3.12/site-packages/airflow/example_dags/example_nested_branch_dag.py took 0.065 seconds
[2024-08-10T23:30:56.304+0000] {processor.py:161} INFO - Started process (PID=584) to work on /home/airflow/.local/lib/python3.12/site-packages/airflow/example_dags/example_nested_branch_dag.py
[2024-08-10T23:30:56.305+0000] {processor.py:830} INFO - Processing file /home/airflow/.local/lib/python3.12/site-packages/airflow/example_dags/example_nested_branch_dag.py for tasks to queue
[2024-08-10T23:30:56.306+0000] {logging_mixin.py:188} INFO - [2024-08-10T23:30:56.306+0000] {dagbag.py:545} INFO - Filling up the DagBag from /home/airflow/.local/lib/python3.12/site-packages/airflow/example_dags/example_nested_branch_dag.py
[2024-08-10T23:30:56.314+0000] {processor.py:840} INFO - DAG(s) 'example_nested_branch_dag' retrieved from /home/airflow/.local/lib/python3.12/site-packages/airflow/example_dags/example_nested_branch_dag.py
[2024-08-10T23:30:56.332+0000] {logging_mixin.py:188} INFO - [2024-08-10T23:30:56.332+0000] {dag.py:3089} INFO - Sync 1 DAGs
[2024-08-10T23:30:56.351+0000] {logging_mixin.py:188} INFO - [2024-08-10T23:30:56.351+0000] {dag.py:3947} INFO - Setting next_dagrun for example_nested_branch_dag to 2024-08-09 00:00:00+00:00, run_after=2024-08-10 00:00:00+00:00
[2024-08-10T23:30:56.369+0000] {processor.py:183} INFO - Processing /home/airflow/.local/lib/python3.12/site-packages/airflow/example_dags/example_nested_branch_dag.py took 0.070 seconds
[2024-08-10T23:31:26.836+0000] {processor.py:161} INFO - Started process (PID=643) to work on /home/airflow/.local/lib/python3.12/site-packages/airflow/example_dags/example_nested_branch_dag.py
[2024-08-10T23:31:26.837+0000] {processor.py:830} INFO - Processing file /home/airflow/.local/lib/python3.12/site-packages/airflow/example_dags/example_nested_branch_dag.py for tasks to queue
[2024-08-10T23:31:26.839+0000] {logging_mixin.py:188} INFO - [2024-08-10T23:31:26.839+0000] {dagbag.py:545} INFO - Filling up the DagBag from /home/airflow/.local/lib/python3.12/site-packages/airflow/example_dags/example_nested_branch_dag.py
[2024-08-10T23:31:26.846+0000] {processor.py:840} INFO - DAG(s) 'example_nested_branch_dag' retrieved from /home/airflow/.local/lib/python3.12/site-packages/airflow/example_dags/example_nested_branch_dag.py
[2024-08-10T23:31:26.863+0000] {logging_mixin.py:188} INFO - [2024-08-10T23:31:26.862+0000] {dag.py:3089} INFO - Sync 1 DAGs
[2024-08-10T23:31:26.881+0000] {logging_mixin.py:188} INFO - [2024-08-10T23:31:26.880+0000] {dag.py:3947} INFO - Setting next_dagrun for example_nested_branch_dag to 2024-08-09 00:00:00+00:00, run_after=2024-08-10 00:00:00+00:00
[2024-08-10T23:31:26.897+0000] {processor.py:183} INFO - Processing /home/airflow/.local/lib/python3.12/site-packages/airflow/example_dags/example_nested_branch_dag.py took 0.065 seconds
[2024-08-10T23:31:57.200+0000] {processor.py:161} INFO - Started process (PID=701) to work on /home/airflow/.local/lib/python3.12/site-packages/airflow/example_dags/example_nested_branch_dag.py
[2024-08-10T23:31:57.201+0000] {processor.py:830} INFO - Processing file /home/airflow/.local/lib/python3.12/site-packages/airflow/example_dags/example_nested_branch_dag.py for tasks to queue
[2024-08-10T23:31:57.203+0000] {logging_mixin.py:188} INFO - [2024-08-10T23:31:57.203+0000] {dagbag.py:545} INFO - Filling up the DagBag from /home/airflow/.local/lib/python3.12/site-packages/airflow/example_dags/example_nested_branch_dag.py
[2024-08-10T23:31:57.212+0000] {processor.py:840} INFO - DAG(s) 'example_nested_branch_dag' retrieved from /home/airflow/.local/lib/python3.12/site-packages/airflow/example_dags/example_nested_branch_dag.py
[2024-08-10T23:31:57.234+0000] {logging_mixin.py:188} INFO - [2024-08-10T23:31:57.234+0000] {dag.py:3089} INFO - Sync 1 DAGs
[2024-08-10T23:31:57.255+0000] {logging_mixin.py:188} INFO - [2024-08-10T23:31:57.255+0000] {dag.py:3947} INFO - Setting next_dagrun for example_nested_branch_dag to 2024-08-09 00:00:00+00:00, run_after=2024-08-10 00:00:00+00:00
[2024-08-10T23:31:57.273+0000] {processor.py:183} INFO - Processing /home/airflow/.local/lib/python3.12/site-packages/airflow/example_dags/example_nested_branch_dag.py took 0.078 seconds
[2024-08-10T23:32:27.591+0000] {processor.py:161} INFO - Started process (PID=759) to work on /home/airflow/.local/lib/python3.12/site-packages/airflow/example_dags/example_nested_branch_dag.py
[2024-08-10T23:32:27.592+0000] {processor.py:830} INFO - Processing file /home/airflow/.local/lib/python3.12/site-packages/airflow/example_dags/example_nested_branch_dag.py for tasks to queue
[2024-08-10T23:32:27.593+0000] {logging_mixin.py:188} INFO - [2024-08-10T23:32:27.593+0000] {dagbag.py:545} INFO - Filling up the DagBag from /home/airflow/.local/lib/python3.12/site-packages/airflow/example_dags/example_nested_branch_dag.py
[2024-08-10T23:32:27.601+0000] {processor.py:840} INFO - DAG(s) 'example_nested_branch_dag' retrieved from /home/airflow/.local/lib/python3.12/site-packages/airflow/example_dags/example_nested_branch_dag.py
[2024-08-10T23:32:27.621+0000] {logging_mixin.py:188} INFO - [2024-08-10T23:32:27.620+0000] {dag.py:3089} INFO - Sync 1 DAGs
[2024-08-10T23:32:27.640+0000] {logging_mixin.py:188} INFO - [2024-08-10T23:32:27.640+0000] {dag.py:3947} INFO - Setting next_dagrun for example_nested_branch_dag to 2024-08-09 00:00:00+00:00, run_after=2024-08-10 00:00:00+00:00
[2024-08-10T23:32:27.659+0000] {processor.py:183} INFO - Processing /home/airflow/.local/lib/python3.12/site-packages/airflow/example_dags/example_nested_branch_dag.py took 0.073 seconds
[2024-08-10T23:32:57.862+0000] {processor.py:161} INFO - Started process (PID=817) to work on /home/airflow/.local/lib/python3.12/site-packages/airflow/example_dags/example_nested_branch_dag.py
[2024-08-10T23:32:57.863+0000] {processor.py:830} INFO - Processing file /home/airflow/.local/lib/python3.12/site-packages/airflow/example_dags/example_nested_branch_dag.py for tasks to queue
[2024-08-10T23:32:57.864+0000] {logging_mixin.py:188} INFO - [2024-08-10T23:32:57.864+0000] {dagbag.py:545} INFO - Filling up the DagBag from /home/airflow/.local/lib/python3.12/site-packages/airflow/example_dags/example_nested_branch_dag.py
[2024-08-10T23:32:57.872+0000] {processor.py:840} INFO - DAG(s) 'example_nested_branch_dag' retrieved from /home/airflow/.local/lib/python3.12/site-packages/airflow/example_dags/example_nested_branch_dag.py
[2024-08-10T23:32:57.890+0000] {logging_mixin.py:188} INFO - [2024-08-10T23:32:57.889+0000] {dag.py:3089} INFO - Sync 1 DAGs
[2024-08-10T23:32:57.907+0000] {logging_mixin.py:188} INFO - [2024-08-10T23:32:57.907+0000] {dag.py:3947} INFO - Setting next_dagrun for example_nested_branch_dag to 2024-08-09 00:00:00+00:00, run_after=2024-08-10 00:00:00+00:00
[2024-08-10T23:32:57.922+0000] {processor.py:183} INFO - Processing /home/airflow/.local/lib/python3.12/site-packages/airflow/example_dags/example_nested_branch_dag.py took 0.064 seconds
