[2024-08-10T23:26:23.760+0000] {processor.py:161} INFO - Started process (PID=75) to work on /home/airflow/.local/lib/python3.12/site-packages/airflow/example_dags/example_sla_dag.py
[2024-08-10T23:26:23.761+0000] {processor.py:830} INFO - Processing file /home/airflow/.local/lib/python3.12/site-packages/airflow/example_dags/example_sla_dag.py for tasks to queue
[2024-08-10T23:26:23.764+0000] {logging_mixin.py:188} INFO - [2024-08-10T23:26:23.762+0000] {dagbag.py:545} INFO - Filling up the DagBag from /home/airflow/.local/lib/python3.12/site-packages/airflow/example_dags/example_sla_dag.py
[2024-08-10T23:26:23.774+0000] {processor.py:840} INFO - DAG(s) 'example_sla_dag' retrieved from /home/airflow/.local/lib/python3.12/site-packages/airflow/example_dags/example_sla_dag.py
[2024-08-10T23:26:23.799+0000] {logging_mixin.py:188} INFO - [2024-08-10T23:26:23.798+0000] {dag.py:3089} INFO - Sync 1 DAGs
[2024-08-10T23:26:23.856+0000] {logging_mixin.py:188} INFO - [2024-08-10T23:26:23.855+0000] {dag.py:3947} INFO - Setting next_dagrun for example_sla_dag to 2024-08-10 23:24:00+00:00, run_after=2024-08-10 23:26:00+00:00
[2024-08-10T23:26:23.889+0000] {processor.py:183} INFO - Processing /home/airflow/.local/lib/python3.12/site-packages/airflow/example_dags/example_sla_dag.py took 0.134 seconds
[2024-08-10T23:26:54.354+0000] {processor.py:161} INFO - Started process (PID=133) to work on /home/airflow/.local/lib/python3.12/site-packages/airflow/example_dags/example_sla_dag.py
[2024-08-10T23:26:54.355+0000] {processor.py:830} INFO - Processing file /home/airflow/.local/lib/python3.12/site-packages/airflow/example_dags/example_sla_dag.py for tasks to queue
[2024-08-10T23:26:54.356+0000] {logging_mixin.py:188} INFO - [2024-08-10T23:26:54.356+0000] {dagbag.py:545} INFO - Filling up the DagBag from /home/airflow/.local/lib/python3.12/site-packages/airflow/example_dags/example_sla_dag.py
[2024-08-10T23:26:54.362+0000] {processor.py:840} INFO - DAG(s) 'example_sla_dag' retrieved from /home/airflow/.local/lib/python3.12/site-packages/airflow/example_dags/example_sla_dag.py
[2024-08-10T23:26:54.443+0000] {logging_mixin.py:188} INFO - [2024-08-10T23:26:54.443+0000] {dag.py:3089} INFO - Sync 1 DAGs
[2024-08-10T23:26:54.460+0000] {logging_mixin.py:188} INFO - [2024-08-10T23:26:54.459+0000] {dag.py:3947} INFO - Setting next_dagrun for example_sla_dag to 2024-08-10 23:24:00+00:00, run_after=2024-08-10 23:26:00+00:00
[2024-08-10T23:26:54.481+0000] {processor.py:183} INFO - Processing /home/airflow/.local/lib/python3.12/site-packages/airflow/example_dags/example_sla_dag.py took 0.131 seconds
[2024-08-10T23:27:24.623+0000] {processor.py:161} INFO - Started process (PID=191) to work on /home/airflow/.local/lib/python3.12/site-packages/airflow/example_dags/example_sla_dag.py
[2024-08-10T23:27:24.624+0000] {processor.py:830} INFO - Processing file /home/airflow/.local/lib/python3.12/site-packages/airflow/example_dags/example_sla_dag.py for tasks to queue
[2024-08-10T23:27:24.626+0000] {logging_mixin.py:188} INFO - [2024-08-10T23:27:24.626+0000] {dagbag.py:545} INFO - Filling up the DagBag from /home/airflow/.local/lib/python3.12/site-packages/airflow/example_dags/example_sla_dag.py
[2024-08-10T23:27:24.634+0000] {processor.py:840} INFO - DAG(s) 'example_sla_dag' retrieved from /home/airflow/.local/lib/python3.12/site-packages/airflow/example_dags/example_sla_dag.py
[2024-08-10T23:27:24.651+0000] {logging_mixin.py:188} INFO - [2024-08-10T23:27:24.650+0000] {dag.py:3089} INFO - Sync 1 DAGs
[2024-08-10T23:27:24.672+0000] {logging_mixin.py:188} INFO - [2024-08-10T23:27:24.671+0000] {dag.py:3947} INFO - Setting next_dagrun for example_sla_dag to 2024-08-10 23:24:00+00:00, run_after=2024-08-10 23:26:00+00:00
[2024-08-10T23:27:24.689+0000] {processor.py:183} INFO - Processing /home/airflow/.local/lib/python3.12/site-packages/airflow/example_dags/example_sla_dag.py took 0.071 seconds
[2024-08-10T23:27:54.890+0000] {processor.py:161} INFO - Started process (PID=249) to work on /home/airflow/.local/lib/python3.12/site-packages/airflow/example_dags/example_sla_dag.py
[2024-08-10T23:27:54.891+0000] {processor.py:830} INFO - Processing file /home/airflow/.local/lib/python3.12/site-packages/airflow/example_dags/example_sla_dag.py for tasks to queue
[2024-08-10T23:27:54.892+0000] {logging_mixin.py:188} INFO - [2024-08-10T23:27:54.892+0000] {dagbag.py:545} INFO - Filling up the DagBag from /home/airflow/.local/lib/python3.12/site-packages/airflow/example_dags/example_sla_dag.py
[2024-08-10T23:27:54.898+0000] {processor.py:840} INFO - DAG(s) 'example_sla_dag' retrieved from /home/airflow/.local/lib/python3.12/site-packages/airflow/example_dags/example_sla_dag.py
[2024-08-10T23:27:54.915+0000] {logging_mixin.py:188} INFO - [2024-08-10T23:27:54.915+0000] {dag.py:3089} INFO - Sync 1 DAGs
[2024-08-10T23:27:54.937+0000] {logging_mixin.py:188} INFO - [2024-08-10T23:27:54.937+0000] {dag.py:3947} INFO - Setting next_dagrun for example_sla_dag to 2024-08-10 23:24:00+00:00, run_after=2024-08-10 23:26:00+00:00
[2024-08-10T23:27:54.952+0000] {processor.py:183} INFO - Processing /home/airflow/.local/lib/python3.12/site-packages/airflow/example_dags/example_sla_dag.py took 0.066 seconds
[2024-08-10T23:28:25.326+0000] {processor.py:161} INFO - Started process (PID=307) to work on /home/airflow/.local/lib/python3.12/site-packages/airflow/example_dags/example_sla_dag.py
[2024-08-10T23:28:25.327+0000] {processor.py:830} INFO - Processing file /home/airflow/.local/lib/python3.12/site-packages/airflow/example_dags/example_sla_dag.py for tasks to queue
[2024-08-10T23:28:25.328+0000] {logging_mixin.py:188} INFO - [2024-08-10T23:28:25.328+0000] {dagbag.py:545} INFO - Filling up the DagBag from /home/airflow/.local/lib/python3.12/site-packages/airflow/example_dags/example_sla_dag.py
[2024-08-10T23:28:25.335+0000] {processor.py:840} INFO - DAG(s) 'example_sla_dag' retrieved from /home/airflow/.local/lib/python3.12/site-packages/airflow/example_dags/example_sla_dag.py
[2024-08-10T23:28:25.350+0000] {logging_mixin.py:188} INFO - [2024-08-10T23:28:25.350+0000] {dag.py:3089} INFO - Sync 1 DAGs
[2024-08-10T23:28:25.369+0000] {logging_mixin.py:188} INFO - [2024-08-10T23:28:25.369+0000] {dag.py:3947} INFO - Setting next_dagrun for example_sla_dag to 2024-08-10 23:26:00+00:00, run_after=2024-08-10 23:28:00+00:00
[2024-08-10T23:28:25.387+0000] {processor.py:183} INFO - Processing /home/airflow/.local/lib/python3.12/site-packages/airflow/example_dags/example_sla_dag.py took 0.066 seconds
[2024-08-10T23:28:55.592+0000] {processor.py:161} INFO - Started process (PID=365) to work on /home/airflow/.local/lib/python3.12/site-packages/airflow/example_dags/example_sla_dag.py
[2024-08-10T23:28:55.592+0000] {processor.py:830} INFO - Processing file /home/airflow/.local/lib/python3.12/site-packages/airflow/example_dags/example_sla_dag.py for tasks to queue
[2024-08-10T23:28:55.594+0000] {logging_mixin.py:188} INFO - [2024-08-10T23:28:55.593+0000] {dagbag.py:545} INFO - Filling up the DagBag from /home/airflow/.local/lib/python3.12/site-packages/airflow/example_dags/example_sla_dag.py
[2024-08-10T23:28:55.599+0000] {processor.py:840} INFO - DAG(s) 'example_sla_dag' retrieved from /home/airflow/.local/lib/python3.12/site-packages/airflow/example_dags/example_sla_dag.py
[2024-08-10T23:28:55.615+0000] {logging_mixin.py:188} INFO - [2024-08-10T23:28:55.615+0000] {dag.py:3089} INFO - Sync 1 DAGs
[2024-08-10T23:28:55.634+0000] {logging_mixin.py:188} INFO - [2024-08-10T23:28:55.634+0000] {dag.py:3947} INFO - Setting next_dagrun for example_sla_dag to 2024-08-10 23:26:00+00:00, run_after=2024-08-10 23:28:00+00:00
[2024-08-10T23:28:55.648+0000] {processor.py:183} INFO - Processing /home/airflow/.local/lib/python3.12/site-packages/airflow/example_dags/example_sla_dag.py took 0.061 seconds
[2024-08-10T23:29:26.024+0000] {processor.py:161} INFO - Started process (PID=423) to work on /home/airflow/.local/lib/python3.12/site-packages/airflow/example_dags/example_sla_dag.py
[2024-08-10T23:29:26.025+0000] {processor.py:830} INFO - Processing file /home/airflow/.local/lib/python3.12/site-packages/airflow/example_dags/example_sla_dag.py for tasks to queue
[2024-08-10T23:29:26.026+0000] {logging_mixin.py:188} INFO - [2024-08-10T23:29:26.026+0000] {dagbag.py:545} INFO - Filling up the DagBag from /home/airflow/.local/lib/python3.12/site-packages/airflow/example_dags/example_sla_dag.py
[2024-08-10T23:29:26.032+0000] {processor.py:840} INFO - DAG(s) 'example_sla_dag' retrieved from /home/airflow/.local/lib/python3.12/site-packages/airflow/example_dags/example_sla_dag.py
[2024-08-10T23:29:26.047+0000] {logging_mixin.py:188} INFO - [2024-08-10T23:29:26.047+0000] {dag.py:3089} INFO - Sync 1 DAGs
[2024-08-10T23:29:26.066+0000] {logging_mixin.py:188} INFO - [2024-08-10T23:29:26.065+0000] {dag.py:3947} INFO - Setting next_dagrun for example_sla_dag to 2024-08-10 23:26:00+00:00, run_after=2024-08-10 23:28:00+00:00
[2024-08-10T23:29:26.080+0000] {processor.py:183} INFO - Processing /home/airflow/.local/lib/python3.12/site-packages/airflow/example_dags/example_sla_dag.py took 0.060 seconds
[2024-08-10T23:29:56.339+0000] {processor.py:161} INFO - Started process (PID=481) to work on /home/airflow/.local/lib/python3.12/site-packages/airflow/example_dags/example_sla_dag.py
[2024-08-10T23:29:56.340+0000] {processor.py:830} INFO - Processing file /home/airflow/.local/lib/python3.12/site-packages/airflow/example_dags/example_sla_dag.py for tasks to queue
[2024-08-10T23:29:56.341+0000] {logging_mixin.py:188} INFO - [2024-08-10T23:29:56.341+0000] {dagbag.py:545} INFO - Filling up the DagBag from /home/airflow/.local/lib/python3.12/site-packages/airflow/example_dags/example_sla_dag.py
[2024-08-10T23:29:56.347+0000] {processor.py:840} INFO - DAG(s) 'example_sla_dag' retrieved from /home/airflow/.local/lib/python3.12/site-packages/airflow/example_dags/example_sla_dag.py
[2024-08-10T23:29:56.363+0000] {logging_mixin.py:188} INFO - [2024-08-10T23:29:56.363+0000] {dag.py:3089} INFO - Sync 1 DAGs
[2024-08-10T23:29:56.385+0000] {logging_mixin.py:188} INFO - [2024-08-10T23:29:56.385+0000] {dag.py:3947} INFO - Setting next_dagrun for example_sla_dag to 2024-08-10 23:26:00+00:00, run_after=2024-08-10 23:28:00+00:00
[2024-08-10T23:29:56.404+0000] {processor.py:183} INFO - Processing /home/airflow/.local/lib/python3.12/site-packages/airflow/example_dags/example_sla_dag.py took 0.069 seconds
[2024-08-10T23:30:26.506+0000] {processor.py:161} INFO - Started process (PID=539) to work on /home/airflow/.local/lib/python3.12/site-packages/airflow/example_dags/example_sla_dag.py
[2024-08-10T23:30:26.506+0000] {processor.py:830} INFO - Processing file /home/airflow/.local/lib/python3.12/site-packages/airflow/example_dags/example_sla_dag.py for tasks to queue
[2024-08-10T23:30:26.508+0000] {logging_mixin.py:188} INFO - [2024-08-10T23:30:26.508+0000] {dagbag.py:545} INFO - Filling up the DagBag from /home/airflow/.local/lib/python3.12/site-packages/airflow/example_dags/example_sla_dag.py
[2024-08-10T23:30:26.514+0000] {processor.py:840} INFO - DAG(s) 'example_sla_dag' retrieved from /home/airflow/.local/lib/python3.12/site-packages/airflow/example_dags/example_sla_dag.py
[2024-08-10T23:30:26.528+0000] {logging_mixin.py:188} INFO - [2024-08-10T23:30:26.528+0000] {dag.py:3089} INFO - Sync 1 DAGs
[2024-08-10T23:30:26.546+0000] {logging_mixin.py:188} INFO - [2024-08-10T23:30:26.546+0000] {dag.py:3947} INFO - Setting next_dagrun for example_sla_dag to 2024-08-10 23:28:00+00:00, run_after=2024-08-10 23:30:00+00:00
[2024-08-10T23:30:26.561+0000] {processor.py:183} INFO - Processing /home/airflow/.local/lib/python3.12/site-packages/airflow/example_dags/example_sla_dag.py took 0.059 seconds
[2024-08-10T23:30:56.873+0000] {processor.py:161} INFO - Started process (PID=597) to work on /home/airflow/.local/lib/python3.12/site-packages/airflow/example_dags/example_sla_dag.py
[2024-08-10T23:30:56.874+0000] {processor.py:830} INFO - Processing file /home/airflow/.local/lib/python3.12/site-packages/airflow/example_dags/example_sla_dag.py for tasks to queue
[2024-08-10T23:30:56.875+0000] {logging_mixin.py:188} INFO - [2024-08-10T23:30:56.875+0000] {dagbag.py:545} INFO - Filling up the DagBag from /home/airflow/.local/lib/python3.12/site-packages/airflow/example_dags/example_sla_dag.py
[2024-08-10T23:30:56.881+0000] {processor.py:840} INFO - DAG(s) 'example_sla_dag' retrieved from /home/airflow/.local/lib/python3.12/site-packages/airflow/example_dags/example_sla_dag.py
[2024-08-10T23:30:56.896+0000] {logging_mixin.py:188} INFO - [2024-08-10T23:30:56.896+0000] {dag.py:3089} INFO - Sync 1 DAGs
[2024-08-10T23:30:56.913+0000] {logging_mixin.py:188} INFO - [2024-08-10T23:30:56.913+0000] {dag.py:3947} INFO - Setting next_dagrun for example_sla_dag to 2024-08-10 23:28:00+00:00, run_after=2024-08-10 23:30:00+00:00
[2024-08-10T23:30:56.930+0000] {processor.py:183} INFO - Processing /home/airflow/.local/lib/python3.12/site-packages/airflow/example_dags/example_sla_dag.py took 0.061 seconds
