[2024-08-10T23:26:24.866+0000] {processor.py:161} INFO - Started process (PID=87) to work on /home/airflow/.local/lib/python3.12/site-packages/airflow/example_dags/example_python_operator.py
[2024-08-10T23:26:24.867+0000] {processor.py:830} INFO - Processing file /home/airflow/.local/lib/python3.12/site-packages/airflow/example_dags/example_python_operator.py for tasks to queue
[2024-08-10T23:26:24.868+0000] {logging_mixin.py:188} INFO - [2024-08-10T23:26:24.868+0000] {dagbag.py:545} INFO - Filling up the DagBag from /home/airflow/.local/lib/python3.12/site-packages/airflow/example_dags/example_python_operator.py
[2024-08-10T23:26:24.890+0000] {processor.py:840} INFO - DAG(s) 'example_python_operator' retrieved from /home/airflow/.local/lib/python3.12/site-packages/airflow/example_dags/example_python_operator.py
[2024-08-10T23:26:24.931+0000] {logging_mixin.py:188} INFO - [2024-08-10T23:26:24.931+0000] {dag.py:3089} INFO - Sync 1 DAGs
[2024-08-10T23:26:24.955+0000] {logging_mixin.py:188} INFO - [2024-08-10T23:26:24.954+0000] {dag.py:3947} INFO - Setting next_dagrun for example_python_operator to None, run_after=None
[2024-08-10T23:26:24.986+0000] {processor.py:183} INFO - Processing /home/airflow/.local/lib/python3.12/site-packages/airflow/example_dags/example_python_operator.py took 0.124 seconds
[2024-08-10T23:26:55.221+0000] {processor.py:161} INFO - Started process (PID=145) to work on /home/airflow/.local/lib/python3.12/site-packages/airflow/example_dags/example_python_operator.py
[2024-08-10T23:26:55.222+0000] {processor.py:830} INFO - Processing file /home/airflow/.local/lib/python3.12/site-packages/airflow/example_dags/example_python_operator.py for tasks to queue
[2024-08-10T23:26:55.223+0000] {logging_mixin.py:188} INFO - [2024-08-10T23:26:55.223+0000] {dagbag.py:545} INFO - Filling up the DagBag from /home/airflow/.local/lib/python3.12/site-packages/airflow/example_dags/example_python_operator.py
[2024-08-10T23:26:55.230+0000] {processor.py:840} INFO - DAG(s) 'example_python_operator' retrieved from /home/airflow/.local/lib/python3.12/site-packages/airflow/example_dags/example_python_operator.py
[2024-08-10T23:26:55.318+0000] {logging_mixin.py:188} INFO - [2024-08-10T23:26:55.317+0000] {dag.py:3089} INFO - Sync 1 DAGs
[2024-08-10T23:26:55.328+0000] {logging_mixin.py:188} INFO - [2024-08-10T23:26:55.327+0000] {dag.py:3947} INFO - Setting next_dagrun for example_python_operator to None, run_after=None
[2024-08-10T23:26:55.351+0000] {processor.py:183} INFO - Processing /home/airflow/.local/lib/python3.12/site-packages/airflow/example_dags/example_python_operator.py took 0.133 seconds
[2024-08-10T23:27:26.247+0000] {processor.py:161} INFO - Started process (PID=203) to work on /home/airflow/.local/lib/python3.12/site-packages/airflow/example_dags/example_python_operator.py
[2024-08-10T23:27:26.248+0000] {processor.py:830} INFO - Processing file /home/airflow/.local/lib/python3.12/site-packages/airflow/example_dags/example_python_operator.py for tasks to queue
[2024-08-10T23:27:26.249+0000] {logging_mixin.py:188} INFO - [2024-08-10T23:27:26.249+0000] {dagbag.py:545} INFO - Filling up the DagBag from /home/airflow/.local/lib/python3.12/site-packages/airflow/example_dags/example_python_operator.py
[2024-08-10T23:27:26.256+0000] {processor.py:840} INFO - DAG(s) 'example_python_operator' retrieved from /home/airflow/.local/lib/python3.12/site-packages/airflow/example_dags/example_python_operator.py
[2024-08-10T23:27:26.275+0000] {logging_mixin.py:188} INFO - [2024-08-10T23:27:26.275+0000] {dag.py:3089} INFO - Sync 1 DAGs
[2024-08-10T23:27:26.286+0000] {logging_mixin.py:188} INFO - [2024-08-10T23:27:26.285+0000] {dag.py:3947} INFO - Setting next_dagrun for example_python_operator to None, run_after=None
[2024-08-10T23:27:26.305+0000] {processor.py:183} INFO - Processing /home/airflow/.local/lib/python3.12/site-packages/airflow/example_dags/example_python_operator.py took 0.062 seconds
[2024-08-10T23:27:56.427+0000] {processor.py:161} INFO - Started process (PID=261) to work on /home/airflow/.local/lib/python3.12/site-packages/airflow/example_dags/example_python_operator.py
[2024-08-10T23:27:56.428+0000] {processor.py:830} INFO - Processing file /home/airflow/.local/lib/python3.12/site-packages/airflow/example_dags/example_python_operator.py for tasks to queue
[2024-08-10T23:27:56.429+0000] {logging_mixin.py:188} INFO - [2024-08-10T23:27:56.429+0000] {dagbag.py:545} INFO - Filling up the DagBag from /home/airflow/.local/lib/python3.12/site-packages/airflow/example_dags/example_python_operator.py
[2024-08-10T23:27:56.436+0000] {processor.py:840} INFO - DAG(s) 'example_python_operator' retrieved from /home/airflow/.local/lib/python3.12/site-packages/airflow/example_dags/example_python_operator.py
[2024-08-10T23:27:56.454+0000] {logging_mixin.py:188} INFO - [2024-08-10T23:27:56.453+0000] {dag.py:3089} INFO - Sync 1 DAGs
[2024-08-10T23:27:56.463+0000] {logging_mixin.py:188} INFO - [2024-08-10T23:27:56.463+0000] {dag.py:3947} INFO - Setting next_dagrun for example_python_operator to None, run_after=None
[2024-08-10T23:27:56.477+0000] {processor.py:183} INFO - Processing /home/airflow/.local/lib/python3.12/site-packages/airflow/example_dags/example_python_operator.py took 0.055 seconds
[2024-08-10T23:28:26.920+0000] {processor.py:161} INFO - Started process (PID=319) to work on /home/airflow/.local/lib/python3.12/site-packages/airflow/example_dags/example_python_operator.py
[2024-08-10T23:28:26.921+0000] {processor.py:830} INFO - Processing file /home/airflow/.local/lib/python3.12/site-packages/airflow/example_dags/example_python_operator.py for tasks to queue
[2024-08-10T23:28:26.922+0000] {logging_mixin.py:188} INFO - [2024-08-10T23:28:26.922+0000] {dagbag.py:545} INFO - Filling up the DagBag from /home/airflow/.local/lib/python3.12/site-packages/airflow/example_dags/example_python_operator.py
[2024-08-10T23:28:26.930+0000] {processor.py:840} INFO - DAG(s) 'example_python_operator' retrieved from /home/airflow/.local/lib/python3.12/site-packages/airflow/example_dags/example_python_operator.py
[2024-08-10T23:28:26.948+0000] {logging_mixin.py:188} INFO - [2024-08-10T23:28:26.948+0000] {dag.py:3089} INFO - Sync 1 DAGs
[2024-08-10T23:28:26.958+0000] {logging_mixin.py:188} INFO - [2024-08-10T23:28:26.958+0000] {dag.py:3947} INFO - Setting next_dagrun for example_python_operator to None, run_after=None
[2024-08-10T23:28:26.973+0000] {processor.py:183} INFO - Processing /home/airflow/.local/lib/python3.12/site-packages/airflow/example_dags/example_python_operator.py took 0.058 seconds
[2024-08-10T23:28:57.037+0000] {processor.py:161} INFO - Started process (PID=376) to work on /home/airflow/.local/lib/python3.12/site-packages/airflow/example_dags/example_python_operator.py
[2024-08-10T23:28:57.038+0000] {processor.py:830} INFO - Processing file /home/airflow/.local/lib/python3.12/site-packages/airflow/example_dags/example_python_operator.py for tasks to queue
[2024-08-10T23:28:57.039+0000] {logging_mixin.py:188} INFO - [2024-08-10T23:28:57.039+0000] {dagbag.py:545} INFO - Filling up the DagBag from /home/airflow/.local/lib/python3.12/site-packages/airflow/example_dags/example_python_operator.py
[2024-08-10T23:28:57.047+0000] {processor.py:840} INFO - DAG(s) 'example_python_operator' retrieved from /home/airflow/.local/lib/python3.12/site-packages/airflow/example_dags/example_python_operator.py
[2024-08-10T23:28:57.065+0000] {logging_mixin.py:188} INFO - [2024-08-10T23:28:57.065+0000] {dag.py:3089} INFO - Sync 1 DAGs
[2024-08-10T23:28:57.076+0000] {logging_mixin.py:188} INFO - [2024-08-10T23:28:57.076+0000] {dag.py:3947} INFO - Setting next_dagrun for example_python_operator to None, run_after=None
[2024-08-10T23:28:57.092+0000] {processor.py:183} INFO - Processing /home/airflow/.local/lib/python3.12/site-packages/airflow/example_dags/example_python_operator.py took 0.059 seconds
[2024-08-10T23:29:27.490+0000] {processor.py:161} INFO - Started process (PID=435) to work on /home/airflow/.local/lib/python3.12/site-packages/airflow/example_dags/example_python_operator.py
[2024-08-10T23:29:27.491+0000] {processor.py:830} INFO - Processing file /home/airflow/.local/lib/python3.12/site-packages/airflow/example_dags/example_python_operator.py for tasks to queue
[2024-08-10T23:29:27.492+0000] {logging_mixin.py:188} INFO - [2024-08-10T23:29:27.492+0000] {dagbag.py:545} INFO - Filling up the DagBag from /home/airflow/.local/lib/python3.12/site-packages/airflow/example_dags/example_python_operator.py
[2024-08-10T23:29:27.500+0000] {processor.py:840} INFO - DAG(s) 'example_python_operator' retrieved from /home/airflow/.local/lib/python3.12/site-packages/airflow/example_dags/example_python_operator.py
[2024-08-10T23:29:27.516+0000] {logging_mixin.py:188} INFO - [2024-08-10T23:29:27.516+0000] {dag.py:3089} INFO - Sync 1 DAGs
[2024-08-10T23:29:27.525+0000] {logging_mixin.py:188} INFO - [2024-08-10T23:29:27.525+0000] {dag.py:3947} INFO - Setting next_dagrun for example_python_operator to None, run_after=None
[2024-08-10T23:29:27.540+0000] {processor.py:183} INFO - Processing /home/airflow/.local/lib/python3.12/site-packages/airflow/example_dags/example_python_operator.py took 0.054 seconds
[2024-08-10T23:29:57.816+0000] {processor.py:161} INFO - Started process (PID=493) to work on /home/airflow/.local/lib/python3.12/site-packages/airflow/example_dags/example_python_operator.py
[2024-08-10T23:29:57.817+0000] {processor.py:830} INFO - Processing file /home/airflow/.local/lib/python3.12/site-packages/airflow/example_dags/example_python_operator.py for tasks to queue
[2024-08-10T23:29:57.818+0000] {logging_mixin.py:188} INFO - [2024-08-10T23:29:57.818+0000] {dagbag.py:545} INFO - Filling up the DagBag from /home/airflow/.local/lib/python3.12/site-packages/airflow/example_dags/example_python_operator.py
[2024-08-10T23:29:57.826+0000] {processor.py:840} INFO - DAG(s) 'example_python_operator' retrieved from /home/airflow/.local/lib/python3.12/site-packages/airflow/example_dags/example_python_operator.py
[2024-08-10T23:29:57.848+0000] {logging_mixin.py:188} INFO - [2024-08-10T23:29:57.847+0000] {dag.py:3089} INFO - Sync 1 DAGs
[2024-08-10T23:29:57.859+0000] {logging_mixin.py:188} INFO - [2024-08-10T23:29:57.859+0000] {dag.py:3947} INFO - Setting next_dagrun for example_python_operator to None, run_after=None
[2024-08-10T23:29:57.878+0000] {processor.py:183} INFO - Processing /home/airflow/.local/lib/python3.12/site-packages/airflow/example_dags/example_python_operator.py took 0.067 seconds
