[2024-08-10T23:26:23.878+0000] {processor.py:161} INFO - Started process (PID=76) to work on /home/airflow/.local/lib/python3.12/site-packages/airflow/example_dags/example_xcomargs.py
[2024-08-10T23:26:23.880+0000] {processor.py:830} INFO - Processing file /home/airflow/.local/lib/python3.12/site-packages/airflow/example_dags/example_xcomargs.py for tasks to queue
[2024-08-10T23:26:23.889+0000] {logging_mixin.py:188} INFO - [2024-08-10T23:26:23.887+0000] {dagbag.py:545} INFO - Filling up the DagBag from /home/airflow/.local/lib/python3.12/site-packages/airflow/example_dags/example_xcomargs.py
[2024-08-10T23:26:23.910+0000] {processor.py:840} INFO - DAG(s) 'example_xcom_args_with_operators', 'example_xcom_args' retrieved from /home/airflow/.local/lib/python3.12/site-packages/airflow/example_dags/example_xcomargs.py
[2024-08-10T23:26:23.924+0000] {logging_mixin.py:188} INFO - [2024-08-10T23:26:23.923+0000] {dag.py:3089} INFO - Sync 2 DAGs
[2024-08-10T23:26:23.966+0000] {logging_mixin.py:188} INFO - [2024-08-10T23:26:23.966+0000] {dag.py:3947} INFO - Setting next_dagrun for example_xcom_args to None, run_after=None
[2024-08-10T23:26:23.972+0000] {logging_mixin.py:188} INFO - [2024-08-10T23:26:23.972+0000] {dag.py:3947} INFO - Setting next_dagrun for example_xcom_args_with_operators to None, run_after=None
[2024-08-10T23:26:24.004+0000] {processor.py:183} INFO - Processing /home/airflow/.local/lib/python3.12/site-packages/airflow/example_dags/example_xcomargs.py took 0.150 seconds
[2024-08-10T23:26:54.359+0000] {processor.py:161} INFO - Started process (PID=134) to work on /home/airflow/.local/lib/python3.12/site-packages/airflow/example_dags/example_xcomargs.py
[2024-08-10T23:26:54.359+0000] {processor.py:830} INFO - Processing file /home/airflow/.local/lib/python3.12/site-packages/airflow/example_dags/example_xcomargs.py for tasks to queue
[2024-08-10T23:26:54.360+0000] {logging_mixin.py:188} INFO - [2024-08-10T23:26:54.360+0000] {dagbag.py:545} INFO - Filling up the DagBag from /home/airflow/.local/lib/python3.12/site-packages/airflow/example_dags/example_xcomargs.py
[2024-08-10T23:26:54.366+0000] {processor.py:840} INFO - DAG(s) 'example_xcom_args_with_operators', 'example_xcom_args' retrieved from /home/airflow/.local/lib/python3.12/site-packages/airflow/example_dags/example_xcomargs.py
[2024-08-10T23:26:54.453+0000] {logging_mixin.py:188} INFO - [2024-08-10T23:26:54.453+0000] {dag.py:3089} INFO - Sync 2 DAGs
[2024-08-10T23:26:54.463+0000] {logging_mixin.py:188} INFO - [2024-08-10T23:26:54.462+0000] {dag.py:3947} INFO - Setting next_dagrun for example_xcom_args to None, run_after=None
[2024-08-10T23:26:54.465+0000] {logging_mixin.py:188} INFO - [2024-08-10T23:26:54.465+0000] {dag.py:3947} INFO - Setting next_dagrun for example_xcom_args_with_operators to None, run_after=None
[2024-08-10T23:26:54.482+0000] {processor.py:183} INFO - Processing /home/airflow/.local/lib/python3.12/site-packages/airflow/example_dags/example_xcomargs.py took 0.127 seconds
[2024-08-10T23:27:24.627+0000] {processor.py:161} INFO - Started process (PID=192) to work on /home/airflow/.local/lib/python3.12/site-packages/airflow/example_dags/example_xcomargs.py
[2024-08-10T23:27:24.628+0000] {processor.py:830} INFO - Processing file /home/airflow/.local/lib/python3.12/site-packages/airflow/example_dags/example_xcomargs.py for tasks to queue
[2024-08-10T23:27:24.629+0000] {logging_mixin.py:188} INFO - [2024-08-10T23:27:24.629+0000] {dagbag.py:545} INFO - Filling up the DagBag from /home/airflow/.local/lib/python3.12/site-packages/airflow/example_dags/example_xcomargs.py
[2024-08-10T23:27:24.635+0000] {processor.py:840} INFO - DAG(s) 'example_xcom_args_with_operators', 'example_xcom_args' retrieved from /home/airflow/.local/lib/python3.12/site-packages/airflow/example_dags/example_xcomargs.py
[2024-08-10T23:27:24.654+0000] {logging_mixin.py:188} INFO - [2024-08-10T23:27:24.653+0000] {dag.py:3089} INFO - Sync 2 DAGs
[2024-08-10T23:27:24.664+0000] {logging_mixin.py:188} INFO - [2024-08-10T23:27:24.664+0000] {dag.py:3947} INFO - Setting next_dagrun for example_xcom_args to None, run_after=None
[2024-08-10T23:27:24.667+0000] {logging_mixin.py:188} INFO - [2024-08-10T23:27:24.667+0000] {dag.py:3947} INFO - Setting next_dagrun for example_xcom_args_with_operators to None, run_after=None
[2024-08-10T23:27:24.682+0000] {processor.py:183} INFO - Processing /home/airflow/.local/lib/python3.12/site-packages/airflow/example_dags/example_xcomargs.py took 0.059 seconds
[2024-08-10T23:27:54.946+0000] {processor.py:161} INFO - Started process (PID=250) to work on /home/airflow/.local/lib/python3.12/site-packages/airflow/example_dags/example_xcomargs.py
[2024-08-10T23:27:54.947+0000] {processor.py:830} INFO - Processing file /home/airflow/.local/lib/python3.12/site-packages/airflow/example_dags/example_xcomargs.py for tasks to queue
[2024-08-10T23:27:54.948+0000] {logging_mixin.py:188} INFO - [2024-08-10T23:27:54.948+0000] {dagbag.py:545} INFO - Filling up the DagBag from /home/airflow/.local/lib/python3.12/site-packages/airflow/example_dags/example_xcomargs.py
[2024-08-10T23:27:54.954+0000] {processor.py:840} INFO - DAG(s) 'example_xcom_args_with_operators', 'example_xcom_args' retrieved from /home/airflow/.local/lib/python3.12/site-packages/airflow/example_dags/example_xcomargs.py
[2024-08-10T23:27:54.973+0000] {logging_mixin.py:188} INFO - [2024-08-10T23:27:54.972+0000] {dag.py:3089} INFO - Sync 2 DAGs
[2024-08-10T23:27:54.983+0000] {logging_mixin.py:188} INFO - [2024-08-10T23:27:54.983+0000] {dag.py:3947} INFO - Setting next_dagrun for example_xcom_args to None, run_after=None
[2024-08-10T23:27:54.986+0000] {logging_mixin.py:188} INFO - [2024-08-10T23:27:54.986+0000] {dag.py:3947} INFO - Setting next_dagrun for example_xcom_args_with_operators to None, run_after=None
[2024-08-10T23:27:55.000+0000] {processor.py:183} INFO - Processing /home/airflow/.local/lib/python3.12/site-packages/airflow/example_dags/example_xcomargs.py took 0.058 seconds
[2024-08-10T23:28:25.407+0000] {processor.py:161} INFO - Started process (PID=308) to work on /home/airflow/.local/lib/python3.12/site-packages/airflow/example_dags/example_xcomargs.py
[2024-08-10T23:28:25.408+0000] {processor.py:830} INFO - Processing file /home/airflow/.local/lib/python3.12/site-packages/airflow/example_dags/example_xcomargs.py for tasks to queue
[2024-08-10T23:28:25.410+0000] {logging_mixin.py:188} INFO - [2024-08-10T23:28:25.409+0000] {dagbag.py:545} INFO - Filling up the DagBag from /home/airflow/.local/lib/python3.12/site-packages/airflow/example_dags/example_xcomargs.py
[2024-08-10T23:28:25.415+0000] {processor.py:840} INFO - DAG(s) 'example_xcom_args_with_operators', 'example_xcom_args' retrieved from /home/airflow/.local/lib/python3.12/site-packages/airflow/example_dags/example_xcomargs.py
[2024-08-10T23:28:25.437+0000] {logging_mixin.py:188} INFO - [2024-08-10T23:28:25.437+0000] {dag.py:3089} INFO - Sync 2 DAGs
[2024-08-10T23:28:25.448+0000] {logging_mixin.py:188} INFO - [2024-08-10T23:28:25.448+0000] {dag.py:3947} INFO - Setting next_dagrun for example_xcom_args to None, run_after=None
[2024-08-10T23:28:25.451+0000] {logging_mixin.py:188} INFO - [2024-08-10T23:28:25.451+0000] {dag.py:3947} INFO - Setting next_dagrun for example_xcom_args_with_operators to None, run_after=None
[2024-08-10T23:28:25.469+0000] {processor.py:183} INFO - Processing /home/airflow/.local/lib/python3.12/site-packages/airflow/example_dags/example_xcomargs.py took 0.066 seconds
[2024-08-10T23:28:55.622+0000] {processor.py:161} INFO - Started process (PID=366) to work on /home/airflow/.local/lib/python3.12/site-packages/airflow/example_dags/example_xcomargs.py
[2024-08-10T23:28:55.623+0000] {processor.py:830} INFO - Processing file /home/airflow/.local/lib/python3.12/site-packages/airflow/example_dags/example_xcomargs.py for tasks to queue
[2024-08-10T23:28:55.624+0000] {logging_mixin.py:188} INFO - [2024-08-10T23:28:55.624+0000] {dagbag.py:545} INFO - Filling up the DagBag from /home/airflow/.local/lib/python3.12/site-packages/airflow/example_dags/example_xcomargs.py
[2024-08-10T23:28:55.630+0000] {processor.py:840} INFO - DAG(s) 'example_xcom_args', 'example_xcom_args_with_operators' retrieved from /home/airflow/.local/lib/python3.12/site-packages/airflow/example_dags/example_xcomargs.py
[2024-08-10T23:28:55.649+0000] {logging_mixin.py:188} INFO - [2024-08-10T23:28:55.648+0000] {dag.py:3089} INFO - Sync 2 DAGs
[2024-08-10T23:28:55.663+0000] {logging_mixin.py:188} INFO - [2024-08-10T23:28:55.663+0000] {dag.py:3947} INFO - Setting next_dagrun for example_xcom_args to None, run_after=None
[2024-08-10T23:28:55.666+0000] {logging_mixin.py:188} INFO - [2024-08-10T23:28:55.666+0000] {dag.py:3947} INFO - Setting next_dagrun for example_xcom_args_with_operators to None, run_after=None
[2024-08-10T23:28:55.681+0000] {processor.py:183} INFO - Processing /home/airflow/.local/lib/python3.12/site-packages/airflow/example_dags/example_xcomargs.py took 0.062 seconds
[2024-08-10T23:29:26.029+0000] {processor.py:161} INFO - Started process (PID=424) to work on /home/airflow/.local/lib/python3.12/site-packages/airflow/example_dags/example_xcomargs.py
[2024-08-10T23:29:26.030+0000] {processor.py:830} INFO - Processing file /home/airflow/.local/lib/python3.12/site-packages/airflow/example_dags/example_xcomargs.py for tasks to queue
[2024-08-10T23:29:26.031+0000] {logging_mixin.py:188} INFO - [2024-08-10T23:29:26.031+0000] {dagbag.py:545} INFO - Filling up the DagBag from /home/airflow/.local/lib/python3.12/site-packages/airflow/example_dags/example_xcomargs.py
[2024-08-10T23:29:26.037+0000] {processor.py:840} INFO - DAG(s) 'example_xcom_args_with_operators', 'example_xcom_args' retrieved from /home/airflow/.local/lib/python3.12/site-packages/airflow/example_dags/example_xcomargs.py
[2024-08-10T23:29:26.055+0000] {logging_mixin.py:188} INFO - [2024-08-10T23:29:26.055+0000] {dag.py:3089} INFO - Sync 2 DAGs
[2024-08-10T23:29:26.065+0000] {logging_mixin.py:188} INFO - [2024-08-10T23:29:26.065+0000] {dag.py:3947} INFO - Setting next_dagrun for example_xcom_args to None, run_after=None
[2024-08-10T23:29:26.068+0000] {logging_mixin.py:188} INFO - [2024-08-10T23:29:26.068+0000] {dag.py:3947} INFO - Setting next_dagrun for example_xcom_args_with_operators to None, run_after=None
[2024-08-10T23:29:26.081+0000] {processor.py:183} INFO - Processing /home/airflow/.local/lib/python3.12/site-packages/airflow/example_dags/example_xcomargs.py took 0.056 seconds
[2024-08-10T23:29:56.377+0000] {processor.py:161} INFO - Started process (PID=482) to work on /home/airflow/.local/lib/python3.12/site-packages/airflow/example_dags/example_xcomargs.py
[2024-08-10T23:29:56.378+0000] {processor.py:830} INFO - Processing file /home/airflow/.local/lib/python3.12/site-packages/airflow/example_dags/example_xcomargs.py for tasks to queue
[2024-08-10T23:29:56.379+0000] {logging_mixin.py:188} INFO - [2024-08-10T23:29:56.379+0000] {dagbag.py:545} INFO - Filling up the DagBag from /home/airflow/.local/lib/python3.12/site-packages/airflow/example_dags/example_xcomargs.py
[2024-08-10T23:29:56.386+0000] {processor.py:840} INFO - DAG(s) 'example_xcom_args', 'example_xcom_args_with_operators' retrieved from /home/airflow/.local/lib/python3.12/site-packages/airflow/example_dags/example_xcomargs.py
[2024-08-10T23:29:56.408+0000] {logging_mixin.py:188} INFO - [2024-08-10T23:29:56.408+0000] {dag.py:3089} INFO - Sync 2 DAGs
[2024-08-10T23:29:56.420+0000] {logging_mixin.py:188} INFO - [2024-08-10T23:29:56.420+0000] {dag.py:3947} INFO - Setting next_dagrun for example_xcom_args to None, run_after=None
[2024-08-10T23:29:56.424+0000] {logging_mixin.py:188} INFO - [2024-08-10T23:29:56.424+0000] {dag.py:3947} INFO - Setting next_dagrun for example_xcom_args_with_operators to None, run_after=None
[2024-08-10T23:29:56.443+0000] {processor.py:183} INFO - Processing /home/airflow/.local/lib/python3.12/site-packages/airflow/example_dags/example_xcomargs.py took 0.070 seconds
[2024-08-10T23:30:26.559+0000] {processor.py:161} INFO - Started process (PID=540) to work on /home/airflow/.local/lib/python3.12/site-packages/airflow/example_dags/example_xcomargs.py
[2024-08-10T23:30:26.560+0000] {processor.py:830} INFO - Processing file /home/airflow/.local/lib/python3.12/site-packages/airflow/example_dags/example_xcomargs.py for tasks to queue
[2024-08-10T23:30:26.561+0000] {logging_mixin.py:188} INFO - [2024-08-10T23:30:26.561+0000] {dagbag.py:545} INFO - Filling up the DagBag from /home/airflow/.local/lib/python3.12/site-packages/airflow/example_dags/example_xcomargs.py
[2024-08-10T23:30:26.567+0000] {processor.py:840} INFO - DAG(s) 'example_xcom_args_with_operators', 'example_xcom_args' retrieved from /home/airflow/.local/lib/python3.12/site-packages/airflow/example_dags/example_xcomargs.py
[2024-08-10T23:30:26.586+0000] {logging_mixin.py:188} INFO - [2024-08-10T23:30:26.586+0000] {dag.py:3089} INFO - Sync 2 DAGs
[2024-08-10T23:30:26.597+0000] {logging_mixin.py:188} INFO - [2024-08-10T23:30:26.596+0000] {dag.py:3947} INFO - Setting next_dagrun for example_xcom_args to None, run_after=None
[2024-08-10T23:30:26.599+0000] {logging_mixin.py:188} INFO - [2024-08-10T23:30:26.599+0000] {dag.py:3947} INFO - Setting next_dagrun for example_xcom_args_with_operators to None, run_after=None
[2024-08-10T23:30:26.613+0000] {processor.py:183} INFO - Processing /home/airflow/.local/lib/python3.12/site-packages/airflow/example_dags/example_xcomargs.py took 0.058 seconds
[2024-08-10T23:30:56.949+0000] {processor.py:161} INFO - Started process (PID=598) to work on /home/airflow/.local/lib/python3.12/site-packages/airflow/example_dags/example_xcomargs.py
[2024-08-10T23:30:56.950+0000] {processor.py:830} INFO - Processing file /home/airflow/.local/lib/python3.12/site-packages/airflow/example_dags/example_xcomargs.py for tasks to queue
[2024-08-10T23:30:56.951+0000] {logging_mixin.py:188} INFO - [2024-08-10T23:30:56.951+0000] {dagbag.py:545} INFO - Filling up the DagBag from /home/airflow/.local/lib/python3.12/site-packages/airflow/example_dags/example_xcomargs.py
[2024-08-10T23:30:56.958+0000] {processor.py:840} INFO - DAG(s) 'example_xcom_args', 'example_xcom_args_with_operators' retrieved from /home/airflow/.local/lib/python3.12/site-packages/airflow/example_dags/example_xcomargs.py
[2024-08-10T23:30:56.980+0000] {logging_mixin.py:188} INFO - [2024-08-10T23:30:56.980+0000] {dag.py:3089} INFO - Sync 2 DAGs
[2024-08-10T23:30:56.991+0000] {logging_mixin.py:188} INFO - [2024-08-10T23:30:56.991+0000] {dag.py:3947} INFO - Setting next_dagrun for example_xcom_args to None, run_after=None
[2024-08-10T23:30:56.994+0000] {logging_mixin.py:188} INFO - [2024-08-10T23:30:56.994+0000] {dag.py:3947} INFO - Setting next_dagrun for example_xcom_args_with_operators to None, run_after=None
[2024-08-10T23:30:57.011+0000] {processor.py:183} INFO - Processing /home/airflow/.local/lib/python3.12/site-packages/airflow/example_dags/example_xcomargs.py took 0.067 seconds
[2024-08-10T23:31:27.457+0000] {processor.py:161} INFO - Started process (PID=657) to work on /home/airflow/.local/lib/python3.12/site-packages/airflow/example_dags/example_xcomargs.py
[2024-08-10T23:31:27.457+0000] {processor.py:830} INFO - Processing file /home/airflow/.local/lib/python3.12/site-packages/airflow/example_dags/example_xcomargs.py for tasks to queue
[2024-08-10T23:31:27.459+0000] {logging_mixin.py:188} INFO - [2024-08-10T23:31:27.458+0000] {dagbag.py:545} INFO - Filling up the DagBag from /home/airflow/.local/lib/python3.12/site-packages/airflow/example_dags/example_xcomargs.py
[2024-08-10T23:31:27.464+0000] {processor.py:840} INFO - DAG(s) 'example_xcom_args_with_operators', 'example_xcom_args' retrieved from /home/airflow/.local/lib/python3.12/site-packages/airflow/example_dags/example_xcomargs.py
[2024-08-10T23:31:27.483+0000] {logging_mixin.py:188} INFO - [2024-08-10T23:31:27.483+0000] {dag.py:3089} INFO - Sync 2 DAGs
[2024-08-10T23:31:27.493+0000] {logging_mixin.py:188} INFO - [2024-08-10T23:31:27.493+0000] {dag.py:3947} INFO - Setting next_dagrun for example_xcom_args to None, run_after=None
[2024-08-10T23:31:27.496+0000] {logging_mixin.py:188} INFO - [2024-08-10T23:31:27.496+0000] {dag.py:3947} INFO - Setting next_dagrun for example_xcom_args_with_operators to None, run_after=None
[2024-08-10T23:31:27.509+0000] {processor.py:183} INFO - Processing /home/airflow/.local/lib/python3.12/site-packages/airflow/example_dags/example_xcomargs.py took 0.056 seconds
[2024-08-10T23:31:57.867+0000] {processor.py:161} INFO - Started process (PID=715) to work on /home/airflow/.local/lib/python3.12/site-packages/airflow/example_dags/example_xcomargs.py
[2024-08-10T23:31:57.868+0000] {processor.py:830} INFO - Processing file /home/airflow/.local/lib/python3.12/site-packages/airflow/example_dags/example_xcomargs.py for tasks to queue
[2024-08-10T23:31:57.869+0000] {logging_mixin.py:188} INFO - [2024-08-10T23:31:57.869+0000] {dagbag.py:545} INFO - Filling up the DagBag from /home/airflow/.local/lib/python3.12/site-packages/airflow/example_dags/example_xcomargs.py
[2024-08-10T23:31:57.876+0000] {processor.py:840} INFO - DAG(s) 'example_xcom_args_with_operators', 'example_xcom_args' retrieved from /home/airflow/.local/lib/python3.12/site-packages/airflow/example_dags/example_xcomargs.py
[2024-08-10T23:31:57.897+0000] {logging_mixin.py:188} INFO - [2024-08-10T23:31:57.897+0000] {dag.py:3089} INFO - Sync 2 DAGs
[2024-08-10T23:31:57.908+0000] {logging_mixin.py:188} INFO - [2024-08-10T23:31:57.908+0000] {dag.py:3947} INFO - Setting next_dagrun for example_xcom_args to None, run_after=None
[2024-08-10T23:31:57.911+0000] {logging_mixin.py:188} INFO - [2024-08-10T23:31:57.911+0000] {dag.py:3947} INFO - Setting next_dagrun for example_xcom_args_with_operators to None, run_after=None
[2024-08-10T23:31:57.926+0000] {processor.py:183} INFO - Processing /home/airflow/.local/lib/python3.12/site-packages/airflow/example_dags/example_xcomargs.py took 0.064 seconds
[2024-08-10T23:32:28.216+0000] {processor.py:161} INFO - Started process (PID=773) to work on /home/airflow/.local/lib/python3.12/site-packages/airflow/example_dags/example_xcomargs.py
[2024-08-10T23:32:28.217+0000] {processor.py:830} INFO - Processing file /home/airflow/.local/lib/python3.12/site-packages/airflow/example_dags/example_xcomargs.py for tasks to queue
[2024-08-10T23:32:28.218+0000] {logging_mixin.py:188} INFO - [2024-08-10T23:32:28.218+0000] {dagbag.py:545} INFO - Filling up the DagBag from /home/airflow/.local/lib/python3.12/site-packages/airflow/example_dags/example_xcomargs.py
[2024-08-10T23:32:28.223+0000] {processor.py:840} INFO - DAG(s) 'example_xcom_args_with_operators', 'example_xcom_args' retrieved from /home/airflow/.local/lib/python3.12/site-packages/airflow/example_dags/example_xcomargs.py
[2024-08-10T23:32:28.242+0000] {logging_mixin.py:188} INFO - [2024-08-10T23:32:28.241+0000] {dag.py:3089} INFO - Sync 2 DAGs
[2024-08-10T23:32:28.251+0000] {logging_mixin.py:188} INFO - [2024-08-10T23:32:28.251+0000] {dag.py:3947} INFO - Setting next_dagrun for example_xcom_args to None, run_after=None
[2024-08-10T23:32:28.254+0000] {logging_mixin.py:188} INFO - [2024-08-10T23:32:28.254+0000] {dag.py:3947} INFO - Setting next_dagrun for example_xcom_args_with_operators to None, run_after=None
[2024-08-10T23:32:28.266+0000] {processor.py:183} INFO - Processing /home/airflow/.local/lib/python3.12/site-packages/airflow/example_dags/example_xcomargs.py took 0.055 seconds
[2024-08-10T23:32:58.423+0000] {processor.py:161} INFO - Started process (PID=831) to work on /home/airflow/.local/lib/python3.12/site-packages/airflow/example_dags/example_xcomargs.py
[2024-08-10T23:32:58.424+0000] {processor.py:830} INFO - Processing file /home/airflow/.local/lib/python3.12/site-packages/airflow/example_dags/example_xcomargs.py for tasks to queue
[2024-08-10T23:32:58.425+0000] {logging_mixin.py:188} INFO - [2024-08-10T23:32:58.425+0000] {dagbag.py:545} INFO - Filling up the DagBag from /home/airflow/.local/lib/python3.12/site-packages/airflow/example_dags/example_xcomargs.py
[2024-08-10T23:32:58.431+0000] {processor.py:840} INFO - DAG(s) 'example_xcom_args', 'example_xcom_args_with_operators' retrieved from /home/airflow/.local/lib/python3.12/site-packages/airflow/example_dags/example_xcomargs.py
[2024-08-10T23:32:58.450+0000] {logging_mixin.py:188} INFO - [2024-08-10T23:32:58.450+0000] {dag.py:3089} INFO - Sync 2 DAGs
[2024-08-10T23:32:58.460+0000] {logging_mixin.py:188} INFO - [2024-08-10T23:32:58.460+0000] {dag.py:3947} INFO - Setting next_dagrun for example_xcom_args to None, run_after=None
[2024-08-10T23:32:58.463+0000] {logging_mixin.py:188} INFO - [2024-08-10T23:32:58.463+0000] {dag.py:3947} INFO - Setting next_dagrun for example_xcom_args_with_operators to None, run_after=None
[2024-08-10T23:32:58.477+0000] {processor.py:183} INFO - Processing /home/airflow/.local/lib/python3.12/site-packages/airflow/example_dags/example_xcomargs.py took 0.058 seconds
[2024-08-10T23:33:28.713+0000] {processor.py:161} INFO - Started process (PID=889) to work on /home/airflow/.local/lib/python3.12/site-packages/airflow/example_dags/example_xcomargs.py
[2024-08-10T23:33:28.714+0000] {processor.py:830} INFO - Processing file /home/airflow/.local/lib/python3.12/site-packages/airflow/example_dags/example_xcomargs.py for tasks to queue
[2024-08-10T23:33:28.715+0000] {logging_mixin.py:188} INFO - [2024-08-10T23:33:28.715+0000] {dagbag.py:545} INFO - Filling up the DagBag from /home/airflow/.local/lib/python3.12/site-packages/airflow/example_dags/example_xcomargs.py
[2024-08-10T23:33:28.721+0000] {processor.py:840} INFO - DAG(s) 'example_xcom_args', 'example_xcom_args_with_operators' retrieved from /home/airflow/.local/lib/python3.12/site-packages/airflow/example_dags/example_xcomargs.py
[2024-08-10T23:33:28.739+0000] {logging_mixin.py:188} INFO - [2024-08-10T23:33:28.739+0000] {dag.py:3089} INFO - Sync 2 DAGs
[2024-08-10T23:33:28.749+0000] {logging_mixin.py:188} INFO - [2024-08-10T23:33:28.749+0000] {dag.py:3947} INFO - Setting next_dagrun for example_xcom_args to None, run_after=None
[2024-08-10T23:33:28.752+0000] {logging_mixin.py:188} INFO - [2024-08-10T23:33:28.752+0000] {dag.py:3947} INFO - Setting next_dagrun for example_xcom_args_with_operators to None, run_after=None
[2024-08-10T23:33:28.766+0000] {processor.py:183} INFO - Processing /home/airflow/.local/lib/python3.12/site-packages/airflow/example_dags/example_xcomargs.py took 0.057 seconds
[2024-08-10T23:33:58.957+0000] {processor.py:161} INFO - Started process (PID=947) to work on /home/airflow/.local/lib/python3.12/site-packages/airflow/example_dags/example_xcomargs.py
[2024-08-10T23:33:58.958+0000] {processor.py:830} INFO - Processing file /home/airflow/.local/lib/python3.12/site-packages/airflow/example_dags/example_xcomargs.py for tasks to queue
[2024-08-10T23:33:58.959+0000] {logging_mixin.py:188} INFO - [2024-08-10T23:33:58.959+0000] {dagbag.py:545} INFO - Filling up the DagBag from /home/airflow/.local/lib/python3.12/site-packages/airflow/example_dags/example_xcomargs.py
[2024-08-10T23:33:58.965+0000] {processor.py:840} INFO - DAG(s) 'example_xcom_args_with_operators', 'example_xcom_args' retrieved from /home/airflow/.local/lib/python3.12/site-packages/airflow/example_dags/example_xcomargs.py
[2024-08-10T23:33:58.984+0000] {logging_mixin.py:188} INFO - [2024-08-10T23:33:58.984+0000] {dag.py:3089} INFO - Sync 2 DAGs
[2024-08-10T23:33:58.994+0000] {logging_mixin.py:188} INFO - [2024-08-10T23:33:58.994+0000] {dag.py:3947} INFO - Setting next_dagrun for example_xcom_args to None, run_after=None
[2024-08-10T23:33:58.997+0000] {logging_mixin.py:188} INFO - [2024-08-10T23:33:58.997+0000] {dag.py:3947} INFO - Setting next_dagrun for example_xcom_args_with_operators to None, run_after=None
[2024-08-10T23:33:59.010+0000] {processor.py:183} INFO - Processing /home/airflow/.local/lib/python3.12/site-packages/airflow/example_dags/example_xcomargs.py took 0.057 seconds
[2024-08-10T23:34:29.376+0000] {processor.py:161} INFO - Started process (PID=1005) to work on /home/airflow/.local/lib/python3.12/site-packages/airflow/example_dags/example_xcomargs.py
[2024-08-10T23:34:29.377+0000] {processor.py:830} INFO - Processing file /home/airflow/.local/lib/python3.12/site-packages/airflow/example_dags/example_xcomargs.py for tasks to queue
[2024-08-10T23:34:29.378+0000] {logging_mixin.py:188} INFO - [2024-08-10T23:34:29.378+0000] {dagbag.py:545} INFO - Filling up the DagBag from /home/airflow/.local/lib/python3.12/site-packages/airflow/example_dags/example_xcomargs.py
[2024-08-10T23:34:29.384+0000] {processor.py:840} INFO - DAG(s) 'example_xcom_args', 'example_xcom_args_with_operators' retrieved from /home/airflow/.local/lib/python3.12/site-packages/airflow/example_dags/example_xcomargs.py
[2024-08-10T23:34:29.402+0000] {logging_mixin.py:188} INFO - [2024-08-10T23:34:29.402+0000] {dag.py:3089} INFO - Sync 2 DAGs
[2024-08-10T23:34:29.412+0000] {logging_mixin.py:188} INFO - [2024-08-10T23:34:29.412+0000] {dag.py:3947} INFO - Setting next_dagrun for example_xcom_args to None, run_after=None
[2024-08-10T23:34:29.415+0000] {logging_mixin.py:188} INFO - [2024-08-10T23:34:29.415+0000] {dag.py:3947} INFO - Setting next_dagrun for example_xcom_args_with_operators to None, run_after=None
[2024-08-10T23:34:29.429+0000] {processor.py:183} INFO - Processing /home/airflow/.local/lib/python3.12/site-packages/airflow/example_dags/example_xcomargs.py took 0.057 seconds
[2024-08-10T23:34:59.736+0000] {processor.py:161} INFO - Started process (PID=1063) to work on /home/airflow/.local/lib/python3.12/site-packages/airflow/example_dags/example_xcomargs.py
[2024-08-10T23:34:59.737+0000] {processor.py:830} INFO - Processing file /home/airflow/.local/lib/python3.12/site-packages/airflow/example_dags/example_xcomargs.py for tasks to queue
[2024-08-10T23:34:59.738+0000] {logging_mixin.py:188} INFO - [2024-08-10T23:34:59.738+0000] {dagbag.py:545} INFO - Filling up the DagBag from /home/airflow/.local/lib/python3.12/site-packages/airflow/example_dags/example_xcomargs.py
[2024-08-10T23:34:59.743+0000] {processor.py:840} INFO - DAG(s) 'example_xcom_args_with_operators', 'example_xcom_args' retrieved from /home/airflow/.local/lib/python3.12/site-packages/airflow/example_dags/example_xcomargs.py
[2024-08-10T23:34:59.766+0000] {logging_mixin.py:188} INFO - [2024-08-10T23:34:59.765+0000] {dag.py:3089} INFO - Sync 2 DAGs
[2024-08-10T23:34:59.777+0000] {logging_mixin.py:188} INFO - [2024-08-10T23:34:59.777+0000] {dag.py:3947} INFO - Setting next_dagrun for example_xcom_args to None, run_after=None
[2024-08-10T23:34:59.782+0000] {logging_mixin.py:188} INFO - [2024-08-10T23:34:59.782+0000] {dag.py:3947} INFO - Setting next_dagrun for example_xcom_args_with_operators to None, run_after=None
[2024-08-10T23:34:59.800+0000] {processor.py:183} INFO - Processing /home/airflow/.local/lib/python3.12/site-packages/airflow/example_dags/example_xcomargs.py took 0.068 seconds
[2024-08-10T23:35:30.086+0000] {processor.py:161} INFO - Started process (PID=1121) to work on /home/airflow/.local/lib/python3.12/site-packages/airflow/example_dags/example_xcomargs.py
[2024-08-10T23:35:30.087+0000] {processor.py:830} INFO - Processing file /home/airflow/.local/lib/python3.12/site-packages/airflow/example_dags/example_xcomargs.py for tasks to queue
[2024-08-10T23:35:30.088+0000] {logging_mixin.py:188} INFO - [2024-08-10T23:35:30.088+0000] {dagbag.py:545} INFO - Filling up the DagBag from /home/airflow/.local/lib/python3.12/site-packages/airflow/example_dags/example_xcomargs.py
[2024-08-10T23:35:30.094+0000] {processor.py:840} INFO - DAG(s) 'example_xcom_args_with_operators', 'example_xcom_args' retrieved from /home/airflow/.local/lib/python3.12/site-packages/airflow/example_dags/example_xcomargs.py
[2024-08-10T23:35:30.114+0000] {logging_mixin.py:188} INFO - [2024-08-10T23:35:30.114+0000] {dag.py:3089} INFO - Sync 2 DAGs
[2024-08-10T23:35:30.125+0000] {logging_mixin.py:188} INFO - [2024-08-10T23:35:30.125+0000] {dag.py:3947} INFO - Setting next_dagrun for example_xcom_args to None, run_after=None
[2024-08-10T23:35:30.128+0000] {logging_mixin.py:188} INFO - [2024-08-10T23:35:30.128+0000] {dag.py:3947} INFO - Setting next_dagrun for example_xcom_args_with_operators to None, run_after=None
[2024-08-10T23:35:30.142+0000] {processor.py:183} INFO - Processing /home/airflow/.local/lib/python3.12/site-packages/airflow/example_dags/example_xcomargs.py took 0.060 seconds
[2024-08-10T23:36:00.438+0000] {processor.py:161} INFO - Started process (PID=1179) to work on /home/airflow/.local/lib/python3.12/site-packages/airflow/example_dags/example_xcomargs.py
[2024-08-10T23:36:00.438+0000] {processor.py:830} INFO - Processing file /home/airflow/.local/lib/python3.12/site-packages/airflow/example_dags/example_xcomargs.py for tasks to queue
[2024-08-10T23:36:00.439+0000] {logging_mixin.py:188} INFO - [2024-08-10T23:36:00.439+0000] {dagbag.py:545} INFO - Filling up the DagBag from /home/airflow/.local/lib/python3.12/site-packages/airflow/example_dags/example_xcomargs.py
[2024-08-10T23:36:00.445+0000] {processor.py:840} INFO - DAG(s) 'example_xcom_args', 'example_xcom_args_with_operators' retrieved from /home/airflow/.local/lib/python3.12/site-packages/airflow/example_dags/example_xcomargs.py
[2024-08-10T23:36:00.464+0000] {logging_mixin.py:188} INFO - [2024-08-10T23:36:00.464+0000] {dag.py:3089} INFO - Sync 2 DAGs
[2024-08-10T23:36:00.474+0000] {logging_mixin.py:188} INFO - [2024-08-10T23:36:00.474+0000] {dag.py:3947} INFO - Setting next_dagrun for example_xcom_args to None, run_after=None
[2024-08-10T23:36:00.477+0000] {logging_mixin.py:188} INFO - [2024-08-10T23:36:00.477+0000] {dag.py:3947} INFO - Setting next_dagrun for example_xcom_args_with_operators to None, run_after=None
[2024-08-10T23:36:00.492+0000] {processor.py:183} INFO - Processing /home/airflow/.local/lib/python3.12/site-packages/airflow/example_dags/example_xcomargs.py took 0.058 seconds
[2024-08-10T23:36:31.598+0000] {processor.py:161} INFO - Started process (PID=1238) to work on /home/airflow/.local/lib/python3.12/site-packages/airflow/example_dags/example_xcomargs.py
[2024-08-10T23:36:31.599+0000] {processor.py:830} INFO - Processing file /home/airflow/.local/lib/python3.12/site-packages/airflow/example_dags/example_xcomargs.py for tasks to queue
[2024-08-10T23:36:31.600+0000] {logging_mixin.py:188} INFO - [2024-08-10T23:36:31.600+0000] {dagbag.py:545} INFO - Filling up the DagBag from /home/airflow/.local/lib/python3.12/site-packages/airflow/example_dags/example_xcomargs.py
[2024-08-10T23:36:31.606+0000] {processor.py:840} INFO - DAG(s) 'example_xcom_args', 'example_xcom_args_with_operators' retrieved from /home/airflow/.local/lib/python3.12/site-packages/airflow/example_dags/example_xcomargs.py
[2024-08-10T23:36:31.625+0000] {logging_mixin.py:188} INFO - [2024-08-10T23:36:31.624+0000] {dag.py:3089} INFO - Sync 2 DAGs
[2024-08-10T23:36:31.635+0000] {logging_mixin.py:188} INFO - [2024-08-10T23:36:31.635+0000] {dag.py:3947} INFO - Setting next_dagrun for example_xcom_args to None, run_after=None
[2024-08-10T23:36:31.638+0000] {logging_mixin.py:188} INFO - [2024-08-10T23:36:31.638+0000] {dag.py:3947} INFO - Setting next_dagrun for example_xcom_args_with_operators to None, run_after=None
[2024-08-10T23:36:31.653+0000] {processor.py:183} INFO - Processing /home/airflow/.local/lib/python3.12/site-packages/airflow/example_dags/example_xcomargs.py took 0.059 seconds
[2024-08-10T23:37:02.349+0000] {processor.py:161} INFO - Started process (PID=1297) to work on /home/airflow/.local/lib/python3.12/site-packages/airflow/example_dags/example_xcomargs.py
[2024-08-10T23:37:02.350+0000] {processor.py:830} INFO - Processing file /home/airflow/.local/lib/python3.12/site-packages/airflow/example_dags/example_xcomargs.py for tasks to queue
[2024-08-10T23:37:02.351+0000] {logging_mixin.py:188} INFO - [2024-08-10T23:37:02.351+0000] {dagbag.py:545} INFO - Filling up the DagBag from /home/airflow/.local/lib/python3.12/site-packages/airflow/example_dags/example_xcomargs.py
[2024-08-10T23:37:02.357+0000] {processor.py:840} INFO - DAG(s) 'example_xcom_args', 'example_xcom_args_with_operators' retrieved from /home/airflow/.local/lib/python3.12/site-packages/airflow/example_dags/example_xcomargs.py
[2024-08-10T23:37:02.377+0000] {logging_mixin.py:188} INFO - [2024-08-10T23:37:02.376+0000] {dag.py:3089} INFO - Sync 2 DAGs
[2024-08-10T23:37:02.387+0000] {logging_mixin.py:188} INFO - [2024-08-10T23:37:02.387+0000] {dag.py:3947} INFO - Setting next_dagrun for example_xcom_args to None, run_after=None
[2024-08-10T23:37:02.391+0000] {logging_mixin.py:188} INFO - [2024-08-10T23:37:02.390+0000] {dag.py:3947} INFO - Setting next_dagrun for example_xcom_args_with_operators to None, run_after=None
[2024-08-10T23:37:02.405+0000] {processor.py:183} INFO - Processing /home/airflow/.local/lib/python3.12/site-packages/airflow/example_dags/example_xcomargs.py took 0.060 seconds
[2024-08-10T23:37:32.791+0000] {processor.py:161} INFO - Started process (PID=1356) to work on /home/airflow/.local/lib/python3.12/site-packages/airflow/example_dags/example_xcomargs.py
[2024-08-10T23:37:32.792+0000] {processor.py:830} INFO - Processing file /home/airflow/.local/lib/python3.12/site-packages/airflow/example_dags/example_xcomargs.py for tasks to queue
[2024-08-10T23:37:32.793+0000] {logging_mixin.py:188} INFO - [2024-08-10T23:37:32.793+0000] {dagbag.py:545} INFO - Filling up the DagBag from /home/airflow/.local/lib/python3.12/site-packages/airflow/example_dags/example_xcomargs.py
[2024-08-10T23:37:32.800+0000] {processor.py:840} INFO - DAG(s) 'example_xcom_args_with_operators', 'example_xcom_args' retrieved from /home/airflow/.local/lib/python3.12/site-packages/airflow/example_dags/example_xcomargs.py
[2024-08-10T23:37:32.821+0000] {logging_mixin.py:188} INFO - [2024-08-10T23:37:32.820+0000] {dag.py:3089} INFO - Sync 2 DAGs
[2024-08-10T23:37:32.832+0000] {logging_mixin.py:188} INFO - [2024-08-10T23:37:32.832+0000] {dag.py:3947} INFO - Setting next_dagrun for example_xcom_args to None, run_after=None
[2024-08-10T23:37:32.835+0000] {logging_mixin.py:188} INFO - [2024-08-10T23:37:32.835+0000] {dag.py:3947} INFO - Setting next_dagrun for example_xcom_args_with_operators to None, run_after=None
[2024-08-10T23:37:32.852+0000] {processor.py:183} INFO - Processing /home/airflow/.local/lib/python3.12/site-packages/airflow/example_dags/example_xcomargs.py took 0.065 seconds
[2024-08-10T23:38:03.231+0000] {processor.py:161} INFO - Started process (PID=1416) to work on /home/airflow/.local/lib/python3.12/site-packages/airflow/example_dags/example_xcomargs.py
[2024-08-10T23:38:03.232+0000] {processor.py:830} INFO - Processing file /home/airflow/.local/lib/python3.12/site-packages/airflow/example_dags/example_xcomargs.py for tasks to queue
[2024-08-10T23:38:03.233+0000] {logging_mixin.py:188} INFO - [2024-08-10T23:38:03.233+0000] {dagbag.py:545} INFO - Filling up the DagBag from /home/airflow/.local/lib/python3.12/site-packages/airflow/example_dags/example_xcomargs.py
[2024-08-10T23:38:03.240+0000] {processor.py:840} INFO - DAG(s) 'example_xcom_args', 'example_xcom_args_with_operators' retrieved from /home/airflow/.local/lib/python3.12/site-packages/airflow/example_dags/example_xcomargs.py
[2024-08-10T23:38:03.262+0000] {logging_mixin.py:188} INFO - [2024-08-10T23:38:03.262+0000] {dag.py:3089} INFO - Sync 2 DAGs
[2024-08-10T23:38:03.274+0000] {logging_mixin.py:188} INFO - [2024-08-10T23:38:03.273+0000] {dag.py:3947} INFO - Setting next_dagrun for example_xcom_args to None, run_after=None
[2024-08-10T23:38:03.277+0000] {logging_mixin.py:188} INFO - [2024-08-10T23:38:03.277+0000] {dag.py:3947} INFO - Setting next_dagrun for example_xcom_args_with_operators to None, run_after=None
[2024-08-10T23:38:03.293+0000] {processor.py:183} INFO - Processing /home/airflow/.local/lib/python3.12/site-packages/airflow/example_dags/example_xcomargs.py took 0.067 seconds
[2024-08-10T23:38:33.662+0000] {processor.py:161} INFO - Started process (PID=1475) to work on /home/airflow/.local/lib/python3.12/site-packages/airflow/example_dags/example_xcomargs.py
[2024-08-10T23:38:33.663+0000] {processor.py:830} INFO - Processing file /home/airflow/.local/lib/python3.12/site-packages/airflow/example_dags/example_xcomargs.py for tasks to queue
[2024-08-10T23:38:33.665+0000] {logging_mixin.py:188} INFO - [2024-08-10T23:38:33.664+0000] {dagbag.py:545} INFO - Filling up the DagBag from /home/airflow/.local/lib/python3.12/site-packages/airflow/example_dags/example_xcomargs.py
[2024-08-10T23:38:33.671+0000] {processor.py:840} INFO - DAG(s) 'example_xcom_args_with_operators', 'example_xcom_args' retrieved from /home/airflow/.local/lib/python3.12/site-packages/airflow/example_dags/example_xcomargs.py
[2024-08-10T23:38:33.692+0000] {logging_mixin.py:188} INFO - [2024-08-10T23:38:33.692+0000] {dag.py:3089} INFO - Sync 2 DAGs
[2024-08-10T23:38:33.703+0000] {logging_mixin.py:188} INFO - [2024-08-10T23:38:33.702+0000] {dag.py:3947} INFO - Setting next_dagrun for example_xcom_args to None, run_after=None
[2024-08-10T23:38:33.706+0000] {logging_mixin.py:188} INFO - [2024-08-10T23:38:33.706+0000] {dag.py:3947} INFO - Setting next_dagrun for example_xcom_args_with_operators to None, run_after=None
[2024-08-10T23:38:33.720+0000] {processor.py:183} INFO - Processing /home/airflow/.local/lib/python3.12/site-packages/airflow/example_dags/example_xcomargs.py took 0.062 seconds
[2024-08-10T23:39:04.098+0000] {processor.py:161} INFO - Started process (PID=1534) to work on /home/airflow/.local/lib/python3.12/site-packages/airflow/example_dags/example_xcomargs.py
[2024-08-10T23:39:04.099+0000] {processor.py:830} INFO - Processing file /home/airflow/.local/lib/python3.12/site-packages/airflow/example_dags/example_xcomargs.py for tasks to queue
[2024-08-10T23:39:04.101+0000] {logging_mixin.py:188} INFO - [2024-08-10T23:39:04.100+0000] {dagbag.py:545} INFO - Filling up the DagBag from /home/airflow/.local/lib/python3.12/site-packages/airflow/example_dags/example_xcomargs.py
[2024-08-10T23:39:04.107+0000] {processor.py:840} INFO - DAG(s) 'example_xcom_args', 'example_xcom_args_with_operators' retrieved from /home/airflow/.local/lib/python3.12/site-packages/airflow/example_dags/example_xcomargs.py
[2024-08-10T23:39:04.128+0000] {logging_mixin.py:188} INFO - [2024-08-10T23:39:04.128+0000] {dag.py:3089} INFO - Sync 2 DAGs
[2024-08-10T23:39:04.140+0000] {logging_mixin.py:188} INFO - [2024-08-10T23:39:04.139+0000] {dag.py:3947} INFO - Setting next_dagrun for example_xcom_args to None, run_after=None
[2024-08-10T23:39:04.143+0000] {logging_mixin.py:188} INFO - [2024-08-10T23:39:04.143+0000] {dag.py:3947} INFO - Setting next_dagrun for example_xcom_args_with_operators to None, run_after=None
[2024-08-10T23:39:04.158+0000] {processor.py:183} INFO - Processing /home/airflow/.local/lib/python3.12/site-packages/airflow/example_dags/example_xcomargs.py took 0.064 seconds
[2024-08-10T23:39:34.484+0000] {processor.py:161} INFO - Started process (PID=1593) to work on /home/airflow/.local/lib/python3.12/site-packages/airflow/example_dags/example_xcomargs.py
[2024-08-10T23:39:34.485+0000] {processor.py:830} INFO - Processing file /home/airflow/.local/lib/python3.12/site-packages/airflow/example_dags/example_xcomargs.py for tasks to queue
[2024-08-10T23:39:34.486+0000] {logging_mixin.py:188} INFO - [2024-08-10T23:39:34.486+0000] {dagbag.py:545} INFO - Filling up the DagBag from /home/airflow/.local/lib/python3.12/site-packages/airflow/example_dags/example_xcomargs.py
[2024-08-10T23:39:34.493+0000] {processor.py:840} INFO - DAG(s) 'example_xcom_args', 'example_xcom_args_with_operators' retrieved from /home/airflow/.local/lib/python3.12/site-packages/airflow/example_dags/example_xcomargs.py
[2024-08-10T23:39:34.513+0000] {logging_mixin.py:188} INFO - [2024-08-10T23:39:34.513+0000] {dag.py:3089} INFO - Sync 2 DAGs
[2024-08-10T23:39:34.523+0000] {logging_mixin.py:188} INFO - [2024-08-10T23:39:34.523+0000] {dag.py:3947} INFO - Setting next_dagrun for example_xcom_args to None, run_after=None
[2024-08-10T23:39:34.526+0000] {logging_mixin.py:188} INFO - [2024-08-10T23:39:34.526+0000] {dag.py:3947} INFO - Setting next_dagrun for example_xcom_args_with_operators to None, run_after=None
[2024-08-10T23:39:34.541+0000] {processor.py:183} INFO - Processing /home/airflow/.local/lib/python3.12/site-packages/airflow/example_dags/example_xcomargs.py took 0.061 seconds
[2024-08-10T23:40:05.782+0000] {processor.py:161} INFO - Started process (PID=1652) to work on /home/airflow/.local/lib/python3.12/site-packages/airflow/example_dags/example_xcomargs.py
[2024-08-10T23:40:05.783+0000] {processor.py:830} INFO - Processing file /home/airflow/.local/lib/python3.12/site-packages/airflow/example_dags/example_xcomargs.py for tasks to queue
[2024-08-10T23:40:05.785+0000] {logging_mixin.py:188} INFO - [2024-08-10T23:40:05.784+0000] {dagbag.py:545} INFO - Filling up the DagBag from /home/airflow/.local/lib/python3.12/site-packages/airflow/example_dags/example_xcomargs.py
[2024-08-10T23:40:05.790+0000] {processor.py:840} INFO - DAG(s) 'example_xcom_args', 'example_xcom_args_with_operators' retrieved from /home/airflow/.local/lib/python3.12/site-packages/airflow/example_dags/example_xcomargs.py
[2024-08-10T23:40:05.811+0000] {logging_mixin.py:188} INFO - [2024-08-10T23:40:05.811+0000] {dag.py:3089} INFO - Sync 2 DAGs
[2024-08-10T23:40:05.932+0000] {logging_mixin.py:188} INFO - [2024-08-10T23:40:05.931+0000] {dag.py:3947} INFO - Setting next_dagrun for example_xcom_args to None, run_after=None
[2024-08-10T23:40:05.935+0000] {logging_mixin.py:188} INFO - [2024-08-10T23:40:05.935+0000] {dag.py:3947} INFO - Setting next_dagrun for example_xcom_args_with_operators to None, run_after=None
[2024-08-10T23:40:05.951+0000] {processor.py:183} INFO - Processing /home/airflow/.local/lib/python3.12/site-packages/airflow/example_dags/example_xcomargs.py took 0.173 seconds
[2024-08-10T23:40:36.822+0000] {processor.py:161} INFO - Started process (PID=1717) to work on /home/airflow/.local/lib/python3.12/site-packages/airflow/example_dags/example_xcomargs.py
[2024-08-10T23:40:36.823+0000] {processor.py:830} INFO - Processing file /home/airflow/.local/lib/python3.12/site-packages/airflow/example_dags/example_xcomargs.py for tasks to queue
[2024-08-10T23:40:36.824+0000] {logging_mixin.py:188} INFO - [2024-08-10T23:40:36.824+0000] {dagbag.py:545} INFO - Filling up the DagBag from /home/airflow/.local/lib/python3.12/site-packages/airflow/example_dags/example_xcomargs.py
[2024-08-10T23:40:36.831+0000] {processor.py:840} INFO - DAG(s) 'example_xcom_args', 'example_xcom_args_with_operators' retrieved from /home/airflow/.local/lib/python3.12/site-packages/airflow/example_dags/example_xcomargs.py
[2024-08-10T23:40:36.856+0000] {logging_mixin.py:188} INFO - [2024-08-10T23:40:36.856+0000] {dag.py:3089} INFO - Sync 2 DAGs
[2024-08-10T23:40:36.869+0000] {logging_mixin.py:188} INFO - [2024-08-10T23:40:36.869+0000] {dag.py:3947} INFO - Setting next_dagrun for example_xcom_args to None, run_after=None
[2024-08-10T23:40:36.874+0000] {logging_mixin.py:188} INFO - [2024-08-10T23:40:36.873+0000] {dag.py:3947} INFO - Setting next_dagrun for example_xcom_args_with_operators to None, run_after=None
[2024-08-10T23:40:37.041+0000] {processor.py:183} INFO - Processing /home/airflow/.local/lib/python3.12/site-packages/airflow/example_dags/example_xcomargs.py took 0.223 seconds
[2024-08-10T23:41:07.465+0000] {processor.py:161} INFO - Started process (PID=1776) to work on /home/airflow/.local/lib/python3.12/site-packages/airflow/example_dags/example_xcomargs.py
[2024-08-10T23:41:07.466+0000] {processor.py:830} INFO - Processing file /home/airflow/.local/lib/python3.12/site-packages/airflow/example_dags/example_xcomargs.py for tasks to queue
[2024-08-10T23:41:07.468+0000] {logging_mixin.py:188} INFO - [2024-08-10T23:41:07.467+0000] {dagbag.py:545} INFO - Filling up the DagBag from /home/airflow/.local/lib/python3.12/site-packages/airflow/example_dags/example_xcomargs.py
[2024-08-10T23:41:07.474+0000] {processor.py:840} INFO - DAG(s) 'example_xcom_args_with_operators', 'example_xcom_args' retrieved from /home/airflow/.local/lib/python3.12/site-packages/airflow/example_dags/example_xcomargs.py
[2024-08-10T23:41:07.494+0000] {logging_mixin.py:188} INFO - [2024-08-10T23:41:07.494+0000] {dag.py:3089} INFO - Sync 2 DAGs
[2024-08-10T23:41:07.504+0000] {logging_mixin.py:188} INFO - [2024-08-10T23:41:07.504+0000] {dag.py:3947} INFO - Setting next_dagrun for example_xcom_args to None, run_after=None
[2024-08-10T23:41:07.508+0000] {logging_mixin.py:188} INFO - [2024-08-10T23:41:07.508+0000] {dag.py:3947} INFO - Setting next_dagrun for example_xcom_args_with_operators to None, run_after=None
[2024-08-10T23:41:07.527+0000] {processor.py:183} INFO - Processing /home/airflow/.local/lib/python3.12/site-packages/airflow/example_dags/example_xcomargs.py took 0.066 seconds
[2024-08-10T23:41:38.465+0000] {processor.py:161} INFO - Started process (PID=1835) to work on /home/airflow/.local/lib/python3.12/site-packages/airflow/example_dags/example_xcomargs.py
[2024-08-10T23:41:38.466+0000] {processor.py:830} INFO - Processing file /home/airflow/.local/lib/python3.12/site-packages/airflow/example_dags/example_xcomargs.py for tasks to queue
[2024-08-10T23:41:38.467+0000] {logging_mixin.py:188} INFO - [2024-08-10T23:41:38.467+0000] {dagbag.py:545} INFO - Filling up the DagBag from /home/airflow/.local/lib/python3.12/site-packages/airflow/example_dags/example_xcomargs.py
[2024-08-10T23:41:38.473+0000] {processor.py:840} INFO - DAG(s) 'example_xcom_args', 'example_xcom_args_with_operators' retrieved from /home/airflow/.local/lib/python3.12/site-packages/airflow/example_dags/example_xcomargs.py
[2024-08-10T23:41:38.491+0000] {logging_mixin.py:188} INFO - [2024-08-10T23:41:38.491+0000] {dag.py:3089} INFO - Sync 2 DAGs
[2024-08-10T23:41:38.501+0000] {logging_mixin.py:188} INFO - [2024-08-10T23:41:38.501+0000] {dag.py:3947} INFO - Setting next_dagrun for example_xcom_args to None, run_after=None
[2024-08-10T23:41:38.504+0000] {logging_mixin.py:188} INFO - [2024-08-10T23:41:38.504+0000] {dag.py:3947} INFO - Setting next_dagrun for example_xcom_args_with_operators to None, run_after=None
[2024-08-10T23:41:38.518+0000] {processor.py:183} INFO - Processing /home/airflow/.local/lib/python3.12/site-packages/airflow/example_dags/example_xcomargs.py took 0.057 seconds
[2024-08-10T23:42:08.765+0000] {processor.py:161} INFO - Started process (PID=1894) to work on /home/airflow/.local/lib/python3.12/site-packages/airflow/example_dags/example_xcomargs.py
[2024-08-10T23:42:08.766+0000] {processor.py:830} INFO - Processing file /home/airflow/.local/lib/python3.12/site-packages/airflow/example_dags/example_xcomargs.py for tasks to queue
[2024-08-10T23:42:08.768+0000] {logging_mixin.py:188} INFO - [2024-08-10T23:42:08.767+0000] {dagbag.py:545} INFO - Filling up the DagBag from /home/airflow/.local/lib/python3.12/site-packages/airflow/example_dags/example_xcomargs.py
[2024-08-10T23:42:08.774+0000] {processor.py:840} INFO - DAG(s) 'example_xcom_args', 'example_xcom_args_with_operators' retrieved from /home/airflow/.local/lib/python3.12/site-packages/airflow/example_dags/example_xcomargs.py
[2024-08-10T23:42:08.793+0000] {logging_mixin.py:188} INFO - [2024-08-10T23:42:08.793+0000] {dag.py:3089} INFO - Sync 2 DAGs
[2024-08-10T23:42:08.803+0000] {logging_mixin.py:188} INFO - [2024-08-10T23:42:08.803+0000] {dag.py:3947} INFO - Setting next_dagrun for example_xcom_args to None, run_after=None
[2024-08-10T23:42:08.806+0000] {logging_mixin.py:188} INFO - [2024-08-10T23:42:08.806+0000] {dag.py:3947} INFO - Setting next_dagrun for example_xcom_args_with_operators to None, run_after=None
[2024-08-10T23:42:08.819+0000] {processor.py:183} INFO - Processing /home/airflow/.local/lib/python3.12/site-packages/airflow/example_dags/example_xcomargs.py took 0.058 seconds
[2024-08-10T23:42:39.389+0000] {processor.py:161} INFO - Started process (PID=1953) to work on /home/airflow/.local/lib/python3.12/site-packages/airflow/example_dags/example_xcomargs.py
[2024-08-10T23:42:39.390+0000] {processor.py:830} INFO - Processing file /home/airflow/.local/lib/python3.12/site-packages/airflow/example_dags/example_xcomargs.py for tasks to queue
[2024-08-10T23:42:39.391+0000] {logging_mixin.py:188} INFO - [2024-08-10T23:42:39.391+0000] {dagbag.py:545} INFO - Filling up the DagBag from /home/airflow/.local/lib/python3.12/site-packages/airflow/example_dags/example_xcomargs.py
[2024-08-10T23:42:39.397+0000] {processor.py:840} INFO - DAG(s) 'example_xcom_args_with_operators', 'example_xcom_args' retrieved from /home/airflow/.local/lib/python3.12/site-packages/airflow/example_dags/example_xcomargs.py
[2024-08-10T23:42:39.415+0000] {logging_mixin.py:188} INFO - [2024-08-10T23:42:39.415+0000] {dag.py:3089} INFO - Sync 2 DAGs
[2024-08-10T23:42:39.426+0000] {logging_mixin.py:188} INFO - [2024-08-10T23:42:39.426+0000] {dag.py:3947} INFO - Setting next_dagrun for example_xcom_args to None, run_after=None
[2024-08-10T23:42:39.429+0000] {logging_mixin.py:188} INFO - [2024-08-10T23:42:39.429+0000] {dag.py:3947} INFO - Setting next_dagrun for example_xcom_args_with_operators to None, run_after=None
[2024-08-10T23:42:39.442+0000] {processor.py:183} INFO - Processing /home/airflow/.local/lib/python3.12/site-packages/airflow/example_dags/example_xcomargs.py took 0.057 seconds
[2024-08-10T23:43:09.765+0000] {processor.py:161} INFO - Started process (PID=2012) to work on /home/airflow/.local/lib/python3.12/site-packages/airflow/example_dags/example_xcomargs.py
[2024-08-10T23:43:09.766+0000] {processor.py:830} INFO - Processing file /home/airflow/.local/lib/python3.12/site-packages/airflow/example_dags/example_xcomargs.py for tasks to queue
[2024-08-10T23:43:09.767+0000] {logging_mixin.py:188} INFO - [2024-08-10T23:43:09.767+0000] {dagbag.py:545} INFO - Filling up the DagBag from /home/airflow/.local/lib/python3.12/site-packages/airflow/example_dags/example_xcomargs.py
[2024-08-10T23:43:09.773+0000] {processor.py:840} INFO - DAG(s) 'example_xcom_args_with_operators', 'example_xcom_args' retrieved from /home/airflow/.local/lib/python3.12/site-packages/airflow/example_dags/example_xcomargs.py
[2024-08-10T23:43:09.793+0000] {logging_mixin.py:188} INFO - [2024-08-10T23:43:09.793+0000] {dag.py:3089} INFO - Sync 2 DAGs
[2024-08-10T23:43:09.804+0000] {logging_mixin.py:188} INFO - [2024-08-10T23:43:09.804+0000] {dag.py:3947} INFO - Setting next_dagrun for example_xcom_args to None, run_after=None
[2024-08-10T23:43:09.807+0000] {logging_mixin.py:188} INFO - [2024-08-10T23:43:09.807+0000] {dag.py:3947} INFO - Setting next_dagrun for example_xcom_args_with_operators to None, run_after=None
[2024-08-10T23:43:09.820+0000] {processor.py:183} INFO - Processing /home/airflow/.local/lib/python3.12/site-packages/airflow/example_dags/example_xcomargs.py took 0.059 seconds
[2024-08-10T23:43:39.997+0000] {processor.py:161} INFO - Started process (PID=2071) to work on /home/airflow/.local/lib/python3.12/site-packages/airflow/example_dags/example_xcomargs.py
[2024-08-10T23:43:39.998+0000] {processor.py:830} INFO - Processing file /home/airflow/.local/lib/python3.12/site-packages/airflow/example_dags/example_xcomargs.py for tasks to queue
[2024-08-10T23:43:39.999+0000] {logging_mixin.py:188} INFO - [2024-08-10T23:43:39.999+0000] {dagbag.py:545} INFO - Filling up the DagBag from /home/airflow/.local/lib/python3.12/site-packages/airflow/example_dags/example_xcomargs.py
[2024-08-10T23:43:40.005+0000] {processor.py:840} INFO - DAG(s) 'example_xcom_args', 'example_xcom_args_with_operators' retrieved from /home/airflow/.local/lib/python3.12/site-packages/airflow/example_dags/example_xcomargs.py
[2024-08-10T23:43:40.025+0000] {logging_mixin.py:188} INFO - [2024-08-10T23:43:40.025+0000] {dag.py:3089} INFO - Sync 2 DAGs
[2024-08-10T23:43:40.038+0000] {logging_mixin.py:188} INFO - [2024-08-10T23:43:40.037+0000] {dag.py:3947} INFO - Setting next_dagrun for example_xcom_args to None, run_after=None
[2024-08-10T23:43:40.041+0000] {logging_mixin.py:188} INFO - [2024-08-10T23:43:40.040+0000] {dag.py:3947} INFO - Setting next_dagrun for example_xcom_args_with_operators to None, run_after=None
[2024-08-10T23:43:40.054+0000] {processor.py:183} INFO - Processing /home/airflow/.local/lib/python3.12/site-packages/airflow/example_dags/example_xcomargs.py took 0.061 seconds
[2024-08-10T23:44:10.252+0000] {processor.py:161} INFO - Started process (PID=2130) to work on /home/airflow/.local/lib/python3.12/site-packages/airflow/example_dags/example_xcomargs.py
[2024-08-10T23:44:10.253+0000] {processor.py:830} INFO - Processing file /home/airflow/.local/lib/python3.12/site-packages/airflow/example_dags/example_xcomargs.py for tasks to queue
[2024-08-10T23:44:10.254+0000] {logging_mixin.py:188} INFO - [2024-08-10T23:44:10.254+0000] {dagbag.py:545} INFO - Filling up the DagBag from /home/airflow/.local/lib/python3.12/site-packages/airflow/example_dags/example_xcomargs.py
[2024-08-10T23:44:10.260+0000] {processor.py:840} INFO - DAG(s) 'example_xcom_args_with_operators', 'example_xcom_args' retrieved from /home/airflow/.local/lib/python3.12/site-packages/airflow/example_dags/example_xcomargs.py
[2024-08-10T23:44:10.279+0000] {logging_mixin.py:188} INFO - [2024-08-10T23:44:10.279+0000] {dag.py:3089} INFO - Sync 2 DAGs
[2024-08-10T23:44:10.289+0000] {logging_mixin.py:188} INFO - [2024-08-10T23:44:10.289+0000] {dag.py:3947} INFO - Setting next_dagrun for example_xcom_args to None, run_after=None
[2024-08-10T23:44:10.292+0000] {logging_mixin.py:188} INFO - [2024-08-10T23:44:10.292+0000] {dag.py:3947} INFO - Setting next_dagrun for example_xcom_args_with_operators to None, run_after=None
[2024-08-10T23:44:10.307+0000] {processor.py:183} INFO - Processing /home/airflow/.local/lib/python3.12/site-packages/airflow/example_dags/example_xcomargs.py took 0.059 seconds
[2024-08-10T23:44:40.601+0000] {processor.py:161} INFO - Started process (PID=2189) to work on /home/airflow/.local/lib/python3.12/site-packages/airflow/example_dags/example_xcomargs.py
[2024-08-10T23:44:40.602+0000] {processor.py:830} INFO - Processing file /home/airflow/.local/lib/python3.12/site-packages/airflow/example_dags/example_xcomargs.py for tasks to queue
[2024-08-10T23:44:40.604+0000] {logging_mixin.py:188} INFO - [2024-08-10T23:44:40.604+0000] {dagbag.py:545} INFO - Filling up the DagBag from /home/airflow/.local/lib/python3.12/site-packages/airflow/example_dags/example_xcomargs.py
[2024-08-10T23:44:40.610+0000] {processor.py:840} INFO - DAG(s) 'example_xcom_args_with_operators', 'example_xcom_args' retrieved from /home/airflow/.local/lib/python3.12/site-packages/airflow/example_dags/example_xcomargs.py
[2024-08-10T23:44:40.632+0000] {logging_mixin.py:188} INFO - [2024-08-10T23:44:40.632+0000] {dag.py:3089} INFO - Sync 2 DAGs
[2024-08-10T23:44:40.643+0000] {logging_mixin.py:188} INFO - [2024-08-10T23:44:40.643+0000] {dag.py:3947} INFO - Setting next_dagrun for example_xcom_args to None, run_after=None
[2024-08-10T23:44:40.647+0000] {logging_mixin.py:188} INFO - [2024-08-10T23:44:40.647+0000] {dag.py:3947} INFO - Setting next_dagrun for example_xcom_args_with_operators to None, run_after=None
[2024-08-10T23:44:40.665+0000] {processor.py:183} INFO - Processing /home/airflow/.local/lib/python3.12/site-packages/airflow/example_dags/example_xcomargs.py took 0.068 seconds
[2024-08-10T23:45:10.936+0000] {processor.py:161} INFO - Started process (PID=2248) to work on /home/airflow/.local/lib/python3.12/site-packages/airflow/example_dags/example_xcomargs.py
[2024-08-10T23:45:10.937+0000] {processor.py:830} INFO - Processing file /home/airflow/.local/lib/python3.12/site-packages/airflow/example_dags/example_xcomargs.py for tasks to queue
[2024-08-10T23:45:10.938+0000] {logging_mixin.py:188} INFO - [2024-08-10T23:45:10.938+0000] {dagbag.py:545} INFO - Filling up the DagBag from /home/airflow/.local/lib/python3.12/site-packages/airflow/example_dags/example_xcomargs.py
[2024-08-10T23:45:10.944+0000] {processor.py:840} INFO - DAG(s) 'example_xcom_args', 'example_xcom_args_with_operators' retrieved from /home/airflow/.local/lib/python3.12/site-packages/airflow/example_dags/example_xcomargs.py
[2024-08-10T23:45:10.963+0000] {logging_mixin.py:188} INFO - [2024-08-10T23:45:10.962+0000] {dag.py:3089} INFO - Sync 2 DAGs
[2024-08-10T23:45:10.973+0000] {logging_mixin.py:188} INFO - [2024-08-10T23:45:10.973+0000] {dag.py:3947} INFO - Setting next_dagrun for example_xcom_args to None, run_after=None
[2024-08-10T23:45:10.976+0000] {logging_mixin.py:188} INFO - [2024-08-10T23:45:10.976+0000] {dag.py:3947} INFO - Setting next_dagrun for example_xcom_args_with_operators to None, run_after=None
[2024-08-10T23:45:10.989+0000] {processor.py:183} INFO - Processing /home/airflow/.local/lib/python3.12/site-packages/airflow/example_dags/example_xcomargs.py took 0.058 seconds
[2024-08-10T23:45:41.270+0000] {processor.py:161} INFO - Started process (PID=2307) to work on /home/airflow/.local/lib/python3.12/site-packages/airflow/example_dags/example_xcomargs.py
[2024-08-10T23:45:41.271+0000] {processor.py:830} INFO - Processing file /home/airflow/.local/lib/python3.12/site-packages/airflow/example_dags/example_xcomargs.py for tasks to queue
[2024-08-10T23:45:41.272+0000] {logging_mixin.py:188} INFO - [2024-08-10T23:45:41.272+0000] {dagbag.py:545} INFO - Filling up the DagBag from /home/airflow/.local/lib/python3.12/site-packages/airflow/example_dags/example_xcomargs.py
[2024-08-10T23:45:41.278+0000] {processor.py:840} INFO - DAG(s) 'example_xcom_args', 'example_xcom_args_with_operators' retrieved from /home/airflow/.local/lib/python3.12/site-packages/airflow/example_dags/example_xcomargs.py
[2024-08-10T23:45:41.297+0000] {logging_mixin.py:188} INFO - [2024-08-10T23:45:41.297+0000] {dag.py:3089} INFO - Sync 2 DAGs
[2024-08-10T23:45:41.307+0000] {logging_mixin.py:188} INFO - [2024-08-10T23:45:41.307+0000] {dag.py:3947} INFO - Setting next_dagrun for example_xcom_args to None, run_after=None
[2024-08-10T23:45:41.310+0000] {logging_mixin.py:188} INFO - [2024-08-10T23:45:41.310+0000] {dag.py:3947} INFO - Setting next_dagrun for example_xcom_args_with_operators to None, run_after=None
[2024-08-10T23:45:41.324+0000] {processor.py:183} INFO - Processing /home/airflow/.local/lib/python3.12/site-packages/airflow/example_dags/example_xcomargs.py took 0.058 seconds
[2024-08-10T23:46:11.473+0000] {processor.py:161} INFO - Started process (PID=2366) to work on /home/airflow/.local/lib/python3.12/site-packages/airflow/example_dags/example_xcomargs.py
[2024-08-10T23:46:11.474+0000] {processor.py:830} INFO - Processing file /home/airflow/.local/lib/python3.12/site-packages/airflow/example_dags/example_xcomargs.py for tasks to queue
[2024-08-10T23:46:11.476+0000] {logging_mixin.py:188} INFO - [2024-08-10T23:46:11.475+0000] {dagbag.py:545} INFO - Filling up the DagBag from /home/airflow/.local/lib/python3.12/site-packages/airflow/example_dags/example_xcomargs.py
[2024-08-10T23:46:11.482+0000] {processor.py:840} INFO - DAG(s) 'example_xcom_args', 'example_xcom_args_with_operators' retrieved from /home/airflow/.local/lib/python3.12/site-packages/airflow/example_dags/example_xcomargs.py
[2024-08-10T23:46:11.503+0000] {logging_mixin.py:188} INFO - [2024-08-10T23:46:11.502+0000] {dag.py:3089} INFO - Sync 2 DAGs
[2024-08-10T23:46:11.513+0000] {logging_mixin.py:188} INFO - [2024-08-10T23:46:11.513+0000] {dag.py:3947} INFO - Setting next_dagrun for example_xcom_args to None, run_after=None
[2024-08-10T23:46:11.517+0000] {logging_mixin.py:188} INFO - [2024-08-10T23:46:11.517+0000] {dag.py:3947} INFO - Setting next_dagrun for example_xcom_args_with_operators to None, run_after=None
[2024-08-10T23:46:11.534+0000] {processor.py:183} INFO - Processing /home/airflow/.local/lib/python3.12/site-packages/airflow/example_dags/example_xcomargs.py took 0.064 seconds
[2024-08-10T23:46:41.707+0000] {processor.py:161} INFO - Started process (PID=2425) to work on /home/airflow/.local/lib/python3.12/site-packages/airflow/example_dags/example_xcomargs.py
[2024-08-10T23:46:41.708+0000] {processor.py:830} INFO - Processing file /home/airflow/.local/lib/python3.12/site-packages/airflow/example_dags/example_xcomargs.py for tasks to queue
[2024-08-10T23:46:41.709+0000] {logging_mixin.py:188} INFO - [2024-08-10T23:46:41.709+0000] {dagbag.py:545} INFO - Filling up the DagBag from /home/airflow/.local/lib/python3.12/site-packages/airflow/example_dags/example_xcomargs.py
[2024-08-10T23:46:41.716+0000] {processor.py:840} INFO - DAG(s) 'example_xcom_args_with_operators', 'example_xcom_args' retrieved from /home/airflow/.local/lib/python3.12/site-packages/airflow/example_dags/example_xcomargs.py
[2024-08-10T23:46:41.736+0000] {logging_mixin.py:188} INFO - [2024-08-10T23:46:41.735+0000] {dag.py:3089} INFO - Sync 2 DAGs
[2024-08-10T23:46:41.746+0000] {logging_mixin.py:188} INFO - [2024-08-10T23:46:41.746+0000] {dag.py:3947} INFO - Setting next_dagrun for example_xcom_args to None, run_after=None
[2024-08-10T23:46:41.750+0000] {logging_mixin.py:188} INFO - [2024-08-10T23:46:41.749+0000] {dag.py:3947} INFO - Setting next_dagrun for example_xcom_args_with_operators to None, run_after=None
[2024-08-10T23:46:41.766+0000] {processor.py:183} INFO - Processing /home/airflow/.local/lib/python3.12/site-packages/airflow/example_dags/example_xcomargs.py took 0.064 seconds
[2024-08-10T23:47:12.004+0000] {processor.py:161} INFO - Started process (PID=2484) to work on /home/airflow/.local/lib/python3.12/site-packages/airflow/example_dags/example_xcomargs.py
[2024-08-10T23:47:12.005+0000] {processor.py:830} INFO - Processing file /home/airflow/.local/lib/python3.12/site-packages/airflow/example_dags/example_xcomargs.py for tasks to queue
[2024-08-10T23:47:12.006+0000] {logging_mixin.py:188} INFO - [2024-08-10T23:47:12.006+0000] {dagbag.py:545} INFO - Filling up the DagBag from /home/airflow/.local/lib/python3.12/site-packages/airflow/example_dags/example_xcomargs.py
[2024-08-10T23:47:12.014+0000] {processor.py:840} INFO - DAG(s) 'example_xcom_args', 'example_xcom_args_with_operators' retrieved from /home/airflow/.local/lib/python3.12/site-packages/airflow/example_dags/example_xcomargs.py
[2024-08-10T23:47:12.037+0000] {logging_mixin.py:188} INFO - [2024-08-10T23:47:12.037+0000] {dag.py:3089} INFO - Sync 2 DAGs
[2024-08-10T23:47:12.049+0000] {logging_mixin.py:188} INFO - [2024-08-10T23:47:12.049+0000] {dag.py:3947} INFO - Setting next_dagrun for example_xcom_args to None, run_after=None
[2024-08-10T23:47:12.052+0000] {logging_mixin.py:188} INFO - [2024-08-10T23:47:12.052+0000] {dag.py:3947} INFO - Setting next_dagrun for example_xcom_args_with_operators to None, run_after=None
[2024-08-10T23:47:12.070+0000] {processor.py:183} INFO - Processing /home/airflow/.local/lib/python3.12/site-packages/airflow/example_dags/example_xcomargs.py took 0.073 seconds
[2024-08-10T23:47:42.358+0000] {processor.py:161} INFO - Started process (PID=2543) to work on /home/airflow/.local/lib/python3.12/site-packages/airflow/example_dags/example_xcomargs.py
[2024-08-10T23:47:42.359+0000] {processor.py:830} INFO - Processing file /home/airflow/.local/lib/python3.12/site-packages/airflow/example_dags/example_xcomargs.py for tasks to queue
[2024-08-10T23:47:42.360+0000] {logging_mixin.py:188} INFO - [2024-08-10T23:47:42.360+0000] {dagbag.py:545} INFO - Filling up the DagBag from /home/airflow/.local/lib/python3.12/site-packages/airflow/example_dags/example_xcomargs.py
[2024-08-10T23:47:42.366+0000] {processor.py:840} INFO - DAG(s) 'example_xcom_args_with_operators', 'example_xcom_args' retrieved from /home/airflow/.local/lib/python3.12/site-packages/airflow/example_dags/example_xcomargs.py
[2024-08-10T23:47:42.386+0000] {logging_mixin.py:188} INFO - [2024-08-10T23:47:42.386+0000] {dag.py:3089} INFO - Sync 2 DAGs
[2024-08-10T23:47:42.397+0000] {logging_mixin.py:188} INFO - [2024-08-10T23:47:42.397+0000] {dag.py:3947} INFO - Setting next_dagrun for example_xcom_args to None, run_after=None
[2024-08-10T23:47:42.400+0000] {logging_mixin.py:188} INFO - [2024-08-10T23:47:42.400+0000] {dag.py:3947} INFO - Setting next_dagrun for example_xcom_args_with_operators to None, run_after=None
[2024-08-10T23:47:42.414+0000] {processor.py:183} INFO - Processing /home/airflow/.local/lib/python3.12/site-packages/airflow/example_dags/example_xcomargs.py took 0.061 seconds
[2024-08-10T23:48:12.689+0000] {processor.py:161} INFO - Started process (PID=2602) to work on /home/airflow/.local/lib/python3.12/site-packages/airflow/example_dags/example_xcomargs.py
[2024-08-10T23:48:12.690+0000] {processor.py:830} INFO - Processing file /home/airflow/.local/lib/python3.12/site-packages/airflow/example_dags/example_xcomargs.py for tasks to queue
[2024-08-10T23:48:12.691+0000] {logging_mixin.py:188} INFO - [2024-08-10T23:48:12.691+0000] {dagbag.py:545} INFO - Filling up the DagBag from /home/airflow/.local/lib/python3.12/site-packages/airflow/example_dags/example_xcomargs.py
[2024-08-10T23:48:12.698+0000] {processor.py:840} INFO - DAG(s) 'example_xcom_args_with_operators', 'example_xcom_args' retrieved from /home/airflow/.local/lib/python3.12/site-packages/airflow/example_dags/example_xcomargs.py
[2024-08-10T23:48:12.720+0000] {logging_mixin.py:188} INFO - [2024-08-10T23:48:12.719+0000] {dag.py:3089} INFO - Sync 2 DAGs
[2024-08-10T23:48:12.731+0000] {logging_mixin.py:188} INFO - [2024-08-10T23:48:12.730+0000] {dag.py:3947} INFO - Setting next_dagrun for example_xcom_args to None, run_after=None
[2024-08-10T23:48:12.734+0000] {logging_mixin.py:188} INFO - [2024-08-10T23:48:12.734+0000] {dag.py:3947} INFO - Setting next_dagrun for example_xcom_args_with_operators to None, run_after=None
[2024-08-10T23:48:12.752+0000] {processor.py:183} INFO - Processing /home/airflow/.local/lib/python3.12/site-packages/airflow/example_dags/example_xcomargs.py took 0.067 seconds
[2024-08-10T23:48:42.938+0000] {processor.py:161} INFO - Started process (PID=2661) to work on /home/airflow/.local/lib/python3.12/site-packages/airflow/example_dags/example_xcomargs.py
[2024-08-10T23:48:42.939+0000] {processor.py:830} INFO - Processing file /home/airflow/.local/lib/python3.12/site-packages/airflow/example_dags/example_xcomargs.py for tasks to queue
[2024-08-10T23:48:42.940+0000] {logging_mixin.py:188} INFO - [2024-08-10T23:48:42.940+0000] {dagbag.py:545} INFO - Filling up the DagBag from /home/airflow/.local/lib/python3.12/site-packages/airflow/example_dags/example_xcomargs.py
[2024-08-10T23:48:42.946+0000] {processor.py:840} INFO - DAG(s) 'example_xcom_args', 'example_xcom_args_with_operators' retrieved from /home/airflow/.local/lib/python3.12/site-packages/airflow/example_dags/example_xcomargs.py
[2024-08-10T23:48:42.967+0000] {logging_mixin.py:188} INFO - [2024-08-10T23:48:42.967+0000] {dag.py:3089} INFO - Sync 2 DAGs
[2024-08-10T23:48:42.977+0000] {logging_mixin.py:188} INFO - [2024-08-10T23:48:42.977+0000] {dag.py:3947} INFO - Setting next_dagrun for example_xcom_args to None, run_after=None
[2024-08-10T23:48:42.980+0000] {logging_mixin.py:188} INFO - [2024-08-10T23:48:42.980+0000] {dag.py:3947} INFO - Setting next_dagrun for example_xcom_args_with_operators to None, run_after=None
[2024-08-10T23:48:42.993+0000] {processor.py:183} INFO - Processing /home/airflow/.local/lib/python3.12/site-packages/airflow/example_dags/example_xcomargs.py took 0.059 seconds
[2024-08-10T23:49:13.314+0000] {processor.py:161} INFO - Started process (PID=2720) to work on /home/airflow/.local/lib/python3.12/site-packages/airflow/example_dags/example_xcomargs.py
[2024-08-10T23:49:13.315+0000] {processor.py:830} INFO - Processing file /home/airflow/.local/lib/python3.12/site-packages/airflow/example_dags/example_xcomargs.py for tasks to queue
[2024-08-10T23:49:13.316+0000] {logging_mixin.py:188} INFO - [2024-08-10T23:49:13.316+0000] {dagbag.py:545} INFO - Filling up the DagBag from /home/airflow/.local/lib/python3.12/site-packages/airflow/example_dags/example_xcomargs.py
[2024-08-10T23:49:13.323+0000] {processor.py:840} INFO - DAG(s) 'example_xcom_args', 'example_xcom_args_with_operators' retrieved from /home/airflow/.local/lib/python3.12/site-packages/airflow/example_dags/example_xcomargs.py
[2024-08-10T23:49:13.346+0000] {logging_mixin.py:188} INFO - [2024-08-10T23:49:13.345+0000] {dag.py:3089} INFO - Sync 2 DAGs
[2024-08-10T23:49:13.357+0000] {logging_mixin.py:188} INFO - [2024-08-10T23:49:13.357+0000] {dag.py:3947} INFO - Setting next_dagrun for example_xcom_args to None, run_after=None
[2024-08-10T23:49:13.361+0000] {logging_mixin.py:188} INFO - [2024-08-10T23:49:13.360+0000] {dag.py:3947} INFO - Setting next_dagrun for example_xcom_args_with_operators to None, run_after=None
[2024-08-10T23:49:13.378+0000] {processor.py:183} INFO - Processing /home/airflow/.local/lib/python3.12/site-packages/airflow/example_dags/example_xcomargs.py took 0.068 seconds
[2024-08-10T23:49:43.730+0000] {processor.py:161} INFO - Started process (PID=2779) to work on /home/airflow/.local/lib/python3.12/site-packages/airflow/example_dags/example_xcomargs.py
[2024-08-10T23:49:43.731+0000] {processor.py:830} INFO - Processing file /home/airflow/.local/lib/python3.12/site-packages/airflow/example_dags/example_xcomargs.py for tasks to queue
[2024-08-10T23:49:43.732+0000] {logging_mixin.py:188} INFO - [2024-08-10T23:49:43.732+0000] {dagbag.py:545} INFO - Filling up the DagBag from /home/airflow/.local/lib/python3.12/site-packages/airflow/example_dags/example_xcomargs.py
[2024-08-10T23:49:43.740+0000] {processor.py:840} INFO - DAG(s) 'example_xcom_args', 'example_xcom_args_with_operators' retrieved from /home/airflow/.local/lib/python3.12/site-packages/airflow/example_dags/example_xcomargs.py
[2024-08-10T23:49:43.762+0000] {logging_mixin.py:188} INFO - [2024-08-10T23:49:43.761+0000] {dag.py:3089} INFO - Sync 2 DAGs
[2024-08-10T23:49:43.773+0000] {logging_mixin.py:188} INFO - [2024-08-10T23:49:43.773+0000] {dag.py:3947} INFO - Setting next_dagrun for example_xcom_args to None, run_after=None
[2024-08-10T23:49:43.777+0000] {logging_mixin.py:188} INFO - [2024-08-10T23:49:43.776+0000] {dag.py:3947} INFO - Setting next_dagrun for example_xcom_args_with_operators to None, run_after=None
[2024-08-10T23:49:43.793+0000] {processor.py:183} INFO - Processing /home/airflow/.local/lib/python3.12/site-packages/airflow/example_dags/example_xcomargs.py took 0.068 seconds
[2024-08-10T23:59:19.870+0000] {processor.py:161} INFO - Started process (PID=3898) to work on /home/airflow/.local/lib/python3.12/site-packages/airflow/example_dags/example_xcomargs.py
[2024-08-10T23:59:19.871+0000] {processor.py:830} INFO - Processing file /home/airflow/.local/lib/python3.12/site-packages/airflow/example_dags/example_xcomargs.py for tasks to queue
[2024-08-10T23:59:19.872+0000] {logging_mixin.py:188} INFO - [2024-08-10T23:59:19.872+0000] {dagbag.py:545} INFO - Filling up the DagBag from /home/airflow/.local/lib/python3.12/site-packages/airflow/example_dags/example_xcomargs.py
[2024-08-10T23:59:19.878+0000] {processor.py:840} INFO - DAG(s) 'example_xcom_args_with_operators', 'example_xcom_args' retrieved from /home/airflow/.local/lib/python3.12/site-packages/airflow/example_dags/example_xcomargs.py
[2024-08-10T23:59:19.897+0000] {logging_mixin.py:188} INFO - [2024-08-10T23:59:19.897+0000] {dag.py:3089} INFO - Sync 2 DAGs
[2024-08-10T23:59:19.907+0000] {logging_mixin.py:188} INFO - [2024-08-10T23:59:19.907+0000] {dag.py:3947} INFO - Setting next_dagrun for example_xcom_args to None, run_after=None
[2024-08-10T23:59:19.910+0000] {logging_mixin.py:188} INFO - [2024-08-10T23:59:19.910+0000] {dag.py:3947} INFO - Setting next_dagrun for example_xcom_args_with_operators to None, run_after=None
[2024-08-10T23:59:19.923+0000] {processor.py:183} INFO - Processing /home/airflow/.local/lib/python3.12/site-packages/airflow/example_dags/example_xcomargs.py took 0.057 seconds
[2024-08-10T23:59:50.529+0000] {processor.py:161} INFO - Started process (PID=3957) to work on /home/airflow/.local/lib/python3.12/site-packages/airflow/example_dags/example_xcomargs.py
[2024-08-10T23:59:50.531+0000] {processor.py:830} INFO - Processing file /home/airflow/.local/lib/python3.12/site-packages/airflow/example_dags/example_xcomargs.py for tasks to queue
[2024-08-10T23:59:50.532+0000] {logging_mixin.py:188} INFO - [2024-08-10T23:59:50.532+0000] {dagbag.py:545} INFO - Filling up the DagBag from /home/airflow/.local/lib/python3.12/site-packages/airflow/example_dags/example_xcomargs.py
[2024-08-10T23:59:50.538+0000] {processor.py:840} INFO - DAG(s) 'example_xcom_args', 'example_xcom_args_with_operators' retrieved from /home/airflow/.local/lib/python3.12/site-packages/airflow/example_dags/example_xcomargs.py
[2024-08-10T23:59:50.559+0000] {logging_mixin.py:188} INFO - [2024-08-10T23:59:50.559+0000] {dag.py:3089} INFO - Sync 2 DAGs
[2024-08-10T23:59:50.570+0000] {logging_mixin.py:188} INFO - [2024-08-10T23:59:50.570+0000] {dag.py:3947} INFO - Setting next_dagrun for example_xcom_args to None, run_after=None
[2024-08-10T23:59:50.574+0000] {logging_mixin.py:188} INFO - [2024-08-10T23:59:50.573+0000] {dag.py:3947} INFO - Setting next_dagrun for example_xcom_args_with_operators to None, run_after=None
[2024-08-10T23:59:50.591+0000] {processor.py:183} INFO - Processing /home/airflow/.local/lib/python3.12/site-packages/airflow/example_dags/example_xcomargs.py took 0.066 seconds
