[2024-08-10T23:26:23.589+0000] {processor.py:161} INFO - Started process (PID=73) to work on /home/airflow/.local/lib/python3.12/site-packages/airflow/example_dags/example_trigger_target_dag.py
[2024-08-10T23:26:23.590+0000] {processor.py:830} INFO - Processing file /home/airflow/.local/lib/python3.12/site-packages/airflow/example_dags/example_trigger_target_dag.py for tasks to queue
[2024-08-10T23:26:23.597+0000] {logging_mixin.py:188} INFO - [2024-08-10T23:26:23.596+0000] {dagbag.py:545} INFO - Filling up the DagBag from /home/airflow/.local/lib/python3.12/site-packages/airflow/example_dags/example_trigger_target_dag.py
[2024-08-10T23:26:23.634+0000] {processor.py:840} INFO - DAG(s) 'example_trigger_target_dag' retrieved from /home/airflow/.local/lib/python3.12/site-packages/airflow/example_dags/example_trigger_target_dag.py
[2024-08-10T23:26:23.668+0000] {logging_mixin.py:188} INFO - [2024-08-10T23:26:23.667+0000] {dag.py:3089} INFO - Sync 1 DAGs
[2024-08-10T23:26:23.698+0000] {logging_mixin.py:188} INFO - [2024-08-10T23:26:23.697+0000] {dag.py:3947} INFO - Setting next_dagrun for example_trigger_target_dag to None, run_after=None
[2024-08-10T23:26:23.735+0000] {processor.py:183} INFO - Processing /home/airflow/.local/lib/python3.12/site-packages/airflow/example_dags/example_trigger_target_dag.py took 0.158 seconds
[2024-08-10T23:26:54.072+0000] {processor.py:161} INFO - Started process (PID=131) to work on /home/airflow/.local/lib/python3.12/site-packages/airflow/example_dags/example_trigger_target_dag.py
[2024-08-10T23:26:54.072+0000] {processor.py:830} INFO - Processing file /home/airflow/.local/lib/python3.12/site-packages/airflow/example_dags/example_trigger_target_dag.py for tasks to queue
[2024-08-10T23:26:54.074+0000] {logging_mixin.py:188} INFO - [2024-08-10T23:26:54.073+0000] {dagbag.py:545} INFO - Filling up the DagBag from /home/airflow/.local/lib/python3.12/site-packages/airflow/example_dags/example_trigger_target_dag.py
[2024-08-10T23:26:54.078+0000] {processor.py:840} INFO - DAG(s) 'example_trigger_target_dag' retrieved from /home/airflow/.local/lib/python3.12/site-packages/airflow/example_dags/example_trigger_target_dag.py
[2024-08-10T23:26:54.157+0000] {logging_mixin.py:188} INFO - [2024-08-10T23:26:54.157+0000] {dag.py:3089} INFO - Sync 1 DAGs
[2024-08-10T23:26:54.165+0000] {logging_mixin.py:188} INFO - [2024-08-10T23:26:54.165+0000] {dag.py:3947} INFO - Setting next_dagrun for example_trigger_target_dag to None, run_after=None
[2024-08-10T23:26:54.182+0000] {processor.py:183} INFO - Processing /home/airflow/.local/lib/python3.12/site-packages/airflow/example_dags/example_trigger_target_dag.py took 0.114 seconds
[2024-08-10T23:27:24.458+0000] {processor.py:161} INFO - Started process (PID=189) to work on /home/airflow/.local/lib/python3.12/site-packages/airflow/example_dags/example_trigger_target_dag.py
[2024-08-10T23:27:24.458+0000] {processor.py:830} INFO - Processing file /home/airflow/.local/lib/python3.12/site-packages/airflow/example_dags/example_trigger_target_dag.py for tasks to queue
[2024-08-10T23:27:24.460+0000] {logging_mixin.py:188} INFO - [2024-08-10T23:27:24.460+0000] {dagbag.py:545} INFO - Filling up the DagBag from /home/airflow/.local/lib/python3.12/site-packages/airflow/example_dags/example_trigger_target_dag.py
[2024-08-10T23:27:24.464+0000] {processor.py:840} INFO - DAG(s) 'example_trigger_target_dag' retrieved from /home/airflow/.local/lib/python3.12/site-packages/airflow/example_dags/example_trigger_target_dag.py
[2024-08-10T23:27:24.480+0000] {logging_mixin.py:188} INFO - [2024-08-10T23:27:24.480+0000] {dag.py:3089} INFO - Sync 1 DAGs
[2024-08-10T23:27:24.491+0000] {logging_mixin.py:188} INFO - [2024-08-10T23:27:24.491+0000] {dag.py:3947} INFO - Setting next_dagrun for example_trigger_target_dag to None, run_after=None
[2024-08-10T23:27:24.509+0000] {processor.py:183} INFO - Processing /home/airflow/.local/lib/python3.12/site-packages/airflow/example_dags/example_trigger_target_dag.py took 0.055 seconds
[2024-08-10T23:27:54.823+0000] {processor.py:161} INFO - Started process (PID=247) to work on /home/airflow/.local/lib/python3.12/site-packages/airflow/example_dags/example_trigger_target_dag.py
[2024-08-10T23:27:54.823+0000] {processor.py:830} INFO - Processing file /home/airflow/.local/lib/python3.12/site-packages/airflow/example_dags/example_trigger_target_dag.py for tasks to queue
[2024-08-10T23:27:54.825+0000] {logging_mixin.py:188} INFO - [2024-08-10T23:27:54.824+0000] {dagbag.py:545} INFO - Filling up the DagBag from /home/airflow/.local/lib/python3.12/site-packages/airflow/example_dags/example_trigger_target_dag.py
[2024-08-10T23:27:54.829+0000] {processor.py:840} INFO - DAG(s) 'example_trigger_target_dag' retrieved from /home/airflow/.local/lib/python3.12/site-packages/airflow/example_dags/example_trigger_target_dag.py
[2024-08-10T23:27:54.845+0000] {logging_mixin.py:188} INFO - [2024-08-10T23:27:54.845+0000] {dag.py:3089} INFO - Sync 1 DAGs
[2024-08-10T23:27:54.855+0000] {logging_mixin.py:188} INFO - [2024-08-10T23:27:54.855+0000] {dag.py:3947} INFO - Setting next_dagrun for example_trigger_target_dag to None, run_after=None
[2024-08-10T23:27:54.871+0000] {processor.py:183} INFO - Processing /home/airflow/.local/lib/python3.12/site-packages/airflow/example_dags/example_trigger_target_dag.py took 0.053 seconds
[2024-08-10T23:28:25.250+0000] {processor.py:161} INFO - Started process (PID=305) to work on /home/airflow/.local/lib/python3.12/site-packages/airflow/example_dags/example_trigger_target_dag.py
[2024-08-10T23:28:25.251+0000] {processor.py:830} INFO - Processing file /home/airflow/.local/lib/python3.12/site-packages/airflow/example_dags/example_trigger_target_dag.py for tasks to queue
[2024-08-10T23:28:25.252+0000] {logging_mixin.py:188} INFO - [2024-08-10T23:28:25.252+0000] {dagbag.py:545} INFO - Filling up the DagBag from /home/airflow/.local/lib/python3.12/site-packages/airflow/example_dags/example_trigger_target_dag.py
[2024-08-10T23:28:25.257+0000] {processor.py:840} INFO - DAG(s) 'example_trigger_target_dag' retrieved from /home/airflow/.local/lib/python3.12/site-packages/airflow/example_dags/example_trigger_target_dag.py
[2024-08-10T23:28:25.275+0000] {logging_mixin.py:188} INFO - [2024-08-10T23:28:25.274+0000] {dag.py:3089} INFO - Sync 1 DAGs
[2024-08-10T23:28:25.285+0000] {logging_mixin.py:188} INFO - [2024-08-10T23:28:25.285+0000] {dag.py:3947} INFO - Setting next_dagrun for example_trigger_target_dag to None, run_after=None
[2024-08-10T23:28:25.304+0000] {processor.py:183} INFO - Processing /home/airflow/.local/lib/python3.12/site-packages/airflow/example_dags/example_trigger_target_dag.py took 0.059 seconds
[2024-08-10T23:28:55.522+0000] {processor.py:161} INFO - Started process (PID=363) to work on /home/airflow/.local/lib/python3.12/site-packages/airflow/example_dags/example_trigger_target_dag.py
[2024-08-10T23:28:55.523+0000] {processor.py:830} INFO - Processing file /home/airflow/.local/lib/python3.12/site-packages/airflow/example_dags/example_trigger_target_dag.py for tasks to queue
[2024-08-10T23:28:55.524+0000] {logging_mixin.py:188} INFO - [2024-08-10T23:28:55.524+0000] {dagbag.py:545} INFO - Filling up the DagBag from /home/airflow/.local/lib/python3.12/site-packages/airflow/example_dags/example_trigger_target_dag.py
[2024-08-10T23:28:55.528+0000] {processor.py:840} INFO - DAG(s) 'example_trigger_target_dag' retrieved from /home/airflow/.local/lib/python3.12/site-packages/airflow/example_dags/example_trigger_target_dag.py
[2024-08-10T23:28:55.544+0000] {logging_mixin.py:188} INFO - [2024-08-10T23:28:55.544+0000] {dag.py:3089} INFO - Sync 1 DAGs
[2024-08-10T23:28:55.556+0000] {logging_mixin.py:188} INFO - [2024-08-10T23:28:55.555+0000] {dag.py:3947} INFO - Setting next_dagrun for example_trigger_target_dag to None, run_after=None
[2024-08-10T23:28:55.573+0000] {processor.py:183} INFO - Processing /home/airflow/.local/lib/python3.12/site-packages/airflow/example_dags/example_trigger_target_dag.py took 0.055 seconds
[2024-08-10T23:29:25.868+0000] {processor.py:161} INFO - Started process (PID=421) to work on /home/airflow/.local/lib/python3.12/site-packages/airflow/example_dags/example_trigger_target_dag.py
[2024-08-10T23:29:25.869+0000] {processor.py:830} INFO - Processing file /home/airflow/.local/lib/python3.12/site-packages/airflow/example_dags/example_trigger_target_dag.py for tasks to queue
[2024-08-10T23:29:25.870+0000] {logging_mixin.py:188} INFO - [2024-08-10T23:29:25.870+0000] {dagbag.py:545} INFO - Filling up the DagBag from /home/airflow/.local/lib/python3.12/site-packages/airflow/example_dags/example_trigger_target_dag.py
[2024-08-10T23:29:25.874+0000] {processor.py:840} INFO - DAG(s) 'example_trigger_target_dag' retrieved from /home/airflow/.local/lib/python3.12/site-packages/airflow/example_dags/example_trigger_target_dag.py
[2024-08-10T23:29:25.890+0000] {logging_mixin.py:188} INFO - [2024-08-10T23:29:25.890+0000] {dag.py:3089} INFO - Sync 1 DAGs
[2024-08-10T23:29:25.900+0000] {logging_mixin.py:188} INFO - [2024-08-10T23:29:25.900+0000] {dag.py:3947} INFO - Setting next_dagrun for example_trigger_target_dag to None, run_after=None
[2024-08-10T23:29:25.917+0000] {processor.py:183} INFO - Processing /home/airflow/.local/lib/python3.12/site-packages/airflow/example_dags/example_trigger_target_dag.py took 0.053 seconds
[2024-08-10T23:29:56.273+0000] {processor.py:161} INFO - Started process (PID=479) to work on /home/airflow/.local/lib/python3.12/site-packages/airflow/example_dags/example_trigger_target_dag.py
[2024-08-10T23:29:56.274+0000] {processor.py:830} INFO - Processing file /home/airflow/.local/lib/python3.12/site-packages/airflow/example_dags/example_trigger_target_dag.py for tasks to queue
[2024-08-10T23:29:56.275+0000] {logging_mixin.py:188} INFO - [2024-08-10T23:29:56.275+0000] {dagbag.py:545} INFO - Filling up the DagBag from /home/airflow/.local/lib/python3.12/site-packages/airflow/example_dags/example_trigger_target_dag.py
[2024-08-10T23:29:56.279+0000] {processor.py:840} INFO - DAG(s) 'example_trigger_target_dag' retrieved from /home/airflow/.local/lib/python3.12/site-packages/airflow/example_dags/example_trigger_target_dag.py
[2024-08-10T23:29:56.295+0000] {logging_mixin.py:188} INFO - [2024-08-10T23:29:56.295+0000] {dag.py:3089} INFO - Sync 1 DAGs
[2024-08-10T23:29:56.305+0000] {logging_mixin.py:188} INFO - [2024-08-10T23:29:56.305+0000] {dag.py:3947} INFO - Setting next_dagrun for example_trigger_target_dag to None, run_after=None
[2024-08-10T23:29:56.320+0000] {processor.py:183} INFO - Processing /home/airflow/.local/lib/python3.12/site-packages/airflow/example_dags/example_trigger_target_dag.py took 0.051 seconds
[2024-08-10T23:30:26.437+0000] {processor.py:161} INFO - Started process (PID=537) to work on /home/airflow/.local/lib/python3.12/site-packages/airflow/example_dags/example_trigger_target_dag.py
[2024-08-10T23:30:26.438+0000] {processor.py:830} INFO - Processing file /home/airflow/.local/lib/python3.12/site-packages/airflow/example_dags/example_trigger_target_dag.py for tasks to queue
[2024-08-10T23:30:26.440+0000] {logging_mixin.py:188} INFO - [2024-08-10T23:30:26.440+0000] {dagbag.py:545} INFO - Filling up the DagBag from /home/airflow/.local/lib/python3.12/site-packages/airflow/example_dags/example_trigger_target_dag.py
[2024-08-10T23:30:26.444+0000] {processor.py:840} INFO - DAG(s) 'example_trigger_target_dag' retrieved from /home/airflow/.local/lib/python3.12/site-packages/airflow/example_dags/example_trigger_target_dag.py
[2024-08-10T23:30:26.460+0000] {logging_mixin.py:188} INFO - [2024-08-10T23:30:26.460+0000] {dag.py:3089} INFO - Sync 1 DAGs
[2024-08-10T23:30:26.470+0000] {logging_mixin.py:188} INFO - [2024-08-10T23:30:26.470+0000] {dag.py:3947} INFO - Setting next_dagrun for example_trigger_target_dag to None, run_after=None
[2024-08-10T23:30:26.487+0000] {processor.py:183} INFO - Processing /home/airflow/.local/lib/python3.12/site-packages/airflow/example_dags/example_trigger_target_dag.py took 0.053 seconds
[2024-08-10T23:30:56.807+0000] {processor.py:161} INFO - Started process (PID=595) to work on /home/airflow/.local/lib/python3.12/site-packages/airflow/example_dags/example_trigger_target_dag.py
[2024-08-10T23:30:56.808+0000] {processor.py:830} INFO - Processing file /home/airflow/.local/lib/python3.12/site-packages/airflow/example_dags/example_trigger_target_dag.py for tasks to queue
[2024-08-10T23:30:56.809+0000] {logging_mixin.py:188} INFO - [2024-08-10T23:30:56.809+0000] {dagbag.py:545} INFO - Filling up the DagBag from /home/airflow/.local/lib/python3.12/site-packages/airflow/example_dags/example_trigger_target_dag.py
[2024-08-10T23:30:56.813+0000] {processor.py:840} INFO - DAG(s) 'example_trigger_target_dag' retrieved from /home/airflow/.local/lib/python3.12/site-packages/airflow/example_dags/example_trigger_target_dag.py
[2024-08-10T23:30:56.829+0000] {logging_mixin.py:188} INFO - [2024-08-10T23:30:56.829+0000] {dag.py:3089} INFO - Sync 1 DAGs
[2024-08-10T23:30:56.839+0000] {logging_mixin.py:188} INFO - [2024-08-10T23:30:56.839+0000] {dag.py:3947} INFO - Setting next_dagrun for example_trigger_target_dag to None, run_after=None
[2024-08-10T23:30:56.854+0000] {processor.py:183} INFO - Processing /home/airflow/.local/lib/python3.12/site-packages/airflow/example_dags/example_trigger_target_dag.py took 0.051 seconds
[2024-08-10T23:31:27.310+0000] {processor.py:161} INFO - Started process (PID=654) to work on /home/airflow/.local/lib/python3.12/site-packages/airflow/example_dags/example_trigger_target_dag.py
[2024-08-10T23:31:27.311+0000] {processor.py:830} INFO - Processing file /home/airflow/.local/lib/python3.12/site-packages/airflow/example_dags/example_trigger_target_dag.py for tasks to queue
[2024-08-10T23:31:27.312+0000] {logging_mixin.py:188} INFO - [2024-08-10T23:31:27.312+0000] {dagbag.py:545} INFO - Filling up the DagBag from /home/airflow/.local/lib/python3.12/site-packages/airflow/example_dags/example_trigger_target_dag.py
[2024-08-10T23:31:27.316+0000] {processor.py:840} INFO - DAG(s) 'example_trigger_target_dag' retrieved from /home/airflow/.local/lib/python3.12/site-packages/airflow/example_dags/example_trigger_target_dag.py
[2024-08-10T23:31:27.333+0000] {logging_mixin.py:188} INFO - [2024-08-10T23:31:27.333+0000] {dag.py:3089} INFO - Sync 1 DAGs
[2024-08-10T23:31:27.344+0000] {logging_mixin.py:188} INFO - [2024-08-10T23:31:27.343+0000] {dag.py:3947} INFO - Setting next_dagrun for example_trigger_target_dag to None, run_after=None
[2024-08-10T23:31:27.360+0000] {processor.py:183} INFO - Processing /home/airflow/.local/lib/python3.12/site-packages/airflow/example_dags/example_trigger_target_dag.py took 0.055 seconds
[2024-08-10T23:31:57.715+0000] {processor.py:161} INFO - Started process (PID=712) to work on /home/airflow/.local/lib/python3.12/site-packages/airflow/example_dags/example_trigger_target_dag.py
[2024-08-10T23:31:57.716+0000] {processor.py:830} INFO - Processing file /home/airflow/.local/lib/python3.12/site-packages/airflow/example_dags/example_trigger_target_dag.py for tasks to queue
[2024-08-10T23:31:57.717+0000] {logging_mixin.py:188} INFO - [2024-08-10T23:31:57.717+0000] {dagbag.py:545} INFO - Filling up the DagBag from /home/airflow/.local/lib/python3.12/site-packages/airflow/example_dags/example_trigger_target_dag.py
[2024-08-10T23:31:57.721+0000] {processor.py:840} INFO - DAG(s) 'example_trigger_target_dag' retrieved from /home/airflow/.local/lib/python3.12/site-packages/airflow/example_dags/example_trigger_target_dag.py
[2024-08-10T23:31:57.738+0000] {logging_mixin.py:188} INFO - [2024-08-10T23:31:57.737+0000] {dag.py:3089} INFO - Sync 1 DAGs
[2024-08-10T23:31:57.747+0000] {logging_mixin.py:188} INFO - [2024-08-10T23:31:57.747+0000] {dag.py:3947} INFO - Setting next_dagrun for example_trigger_target_dag to None, run_after=None
[2024-08-10T23:31:57.764+0000] {processor.py:183} INFO - Processing /home/airflow/.local/lib/python3.12/site-packages/airflow/example_dags/example_trigger_target_dag.py took 0.053 seconds
[2024-08-10T23:32:28.077+0000] {processor.py:161} INFO - Started process (PID=770) to work on /home/airflow/.local/lib/python3.12/site-packages/airflow/example_dags/example_trigger_target_dag.py
[2024-08-10T23:32:28.078+0000] {processor.py:830} INFO - Processing file /home/airflow/.local/lib/python3.12/site-packages/airflow/example_dags/example_trigger_target_dag.py for tasks to queue
[2024-08-10T23:32:28.080+0000] {logging_mixin.py:188} INFO - [2024-08-10T23:32:28.079+0000] {dagbag.py:545} INFO - Filling up the DagBag from /home/airflow/.local/lib/python3.12/site-packages/airflow/example_dags/example_trigger_target_dag.py
[2024-08-10T23:32:28.084+0000] {processor.py:840} INFO - DAG(s) 'example_trigger_target_dag' retrieved from /home/airflow/.local/lib/python3.12/site-packages/airflow/example_dags/example_trigger_target_dag.py
[2024-08-10T23:32:28.098+0000] {logging_mixin.py:188} INFO - [2024-08-10T23:32:28.098+0000] {dag.py:3089} INFO - Sync 1 DAGs
[2024-08-10T23:32:28.108+0000] {logging_mixin.py:188} INFO - [2024-08-10T23:32:28.108+0000] {dag.py:3947} INFO - Setting next_dagrun for example_trigger_target_dag to None, run_after=None
[2024-08-10T23:32:28.122+0000] {processor.py:183} INFO - Processing /home/airflow/.local/lib/python3.12/site-packages/airflow/example_dags/example_trigger_target_dag.py took 0.049 seconds
[2024-08-10T23:32:58.296+0000] {processor.py:161} INFO - Started process (PID=828) to work on /home/airflow/.local/lib/python3.12/site-packages/airflow/example_dags/example_trigger_target_dag.py
[2024-08-10T23:32:58.297+0000] {processor.py:830} INFO - Processing file /home/airflow/.local/lib/python3.12/site-packages/airflow/example_dags/example_trigger_target_dag.py for tasks to queue
[2024-08-10T23:32:58.298+0000] {logging_mixin.py:188} INFO - [2024-08-10T23:32:58.298+0000] {dagbag.py:545} INFO - Filling up the DagBag from /home/airflow/.local/lib/python3.12/site-packages/airflow/example_dags/example_trigger_target_dag.py
[2024-08-10T23:32:58.302+0000] {processor.py:840} INFO - DAG(s) 'example_trigger_target_dag' retrieved from /home/airflow/.local/lib/python3.12/site-packages/airflow/example_dags/example_trigger_target_dag.py
[2024-08-10T23:32:58.317+0000] {logging_mixin.py:188} INFO - [2024-08-10T23:32:58.317+0000] {dag.py:3089} INFO - Sync 1 DAGs
[2024-08-10T23:32:58.328+0000] {logging_mixin.py:188} INFO - [2024-08-10T23:32:58.328+0000] {dag.py:3947} INFO - Setting next_dagrun for example_trigger_target_dag to None, run_after=None
[2024-08-10T23:32:58.344+0000] {processor.py:183} INFO - Processing /home/airflow/.local/lib/python3.12/site-packages/airflow/example_dags/example_trigger_target_dag.py took 0.052 seconds
[2024-08-10T23:33:28.591+0000] {processor.py:161} INFO - Started process (PID=886) to work on /home/airflow/.local/lib/python3.12/site-packages/airflow/example_dags/example_trigger_target_dag.py
[2024-08-10T23:33:28.592+0000] {processor.py:830} INFO - Processing file /home/airflow/.local/lib/python3.12/site-packages/airflow/example_dags/example_trigger_target_dag.py for tasks to queue
[2024-08-10T23:33:28.593+0000] {logging_mixin.py:188} INFO - [2024-08-10T23:33:28.593+0000] {dagbag.py:545} INFO - Filling up the DagBag from /home/airflow/.local/lib/python3.12/site-packages/airflow/example_dags/example_trigger_target_dag.py
[2024-08-10T23:33:28.597+0000] {processor.py:840} INFO - DAG(s) 'example_trigger_target_dag' retrieved from /home/airflow/.local/lib/python3.12/site-packages/airflow/example_dags/example_trigger_target_dag.py
[2024-08-10T23:33:28.613+0000] {logging_mixin.py:188} INFO - [2024-08-10T23:33:28.612+0000] {dag.py:3089} INFO - Sync 1 DAGs
[2024-08-10T23:33:28.622+0000] {logging_mixin.py:188} INFO - [2024-08-10T23:33:28.622+0000] {dag.py:3947} INFO - Setting next_dagrun for example_trigger_target_dag to None, run_after=None
[2024-08-10T23:33:28.638+0000] {processor.py:183} INFO - Processing /home/airflow/.local/lib/python3.12/site-packages/airflow/example_dags/example_trigger_target_dag.py took 0.050 seconds
[2024-08-10T23:33:58.806+0000] {processor.py:161} INFO - Started process (PID=944) to work on /home/airflow/.local/lib/python3.12/site-packages/airflow/example_dags/example_trigger_target_dag.py
[2024-08-10T23:33:58.807+0000] {processor.py:830} INFO - Processing file /home/airflow/.local/lib/python3.12/site-packages/airflow/example_dags/example_trigger_target_dag.py for tasks to queue
[2024-08-10T23:33:58.808+0000] {logging_mixin.py:188} INFO - [2024-08-10T23:33:58.808+0000] {dagbag.py:545} INFO - Filling up the DagBag from /home/airflow/.local/lib/python3.12/site-packages/airflow/example_dags/example_trigger_target_dag.py
[2024-08-10T23:33:58.812+0000] {processor.py:840} INFO - DAG(s) 'example_trigger_target_dag' retrieved from /home/airflow/.local/lib/python3.12/site-packages/airflow/example_dags/example_trigger_target_dag.py
[2024-08-10T23:33:58.827+0000] {logging_mixin.py:188} INFO - [2024-08-10T23:33:58.827+0000] {dag.py:3089} INFO - Sync 1 DAGs
[2024-08-10T23:33:58.837+0000] {logging_mixin.py:188} INFO - [2024-08-10T23:33:58.836+0000] {dag.py:3947} INFO - Setting next_dagrun for example_trigger_target_dag to None, run_after=None
[2024-08-10T23:33:58.851+0000] {processor.py:183} INFO - Processing /home/airflow/.local/lib/python3.12/site-packages/airflow/example_dags/example_trigger_target_dag.py took 0.049 seconds
[2024-08-10T23:34:29.234+0000] {processor.py:161} INFO - Started process (PID=1002) to work on /home/airflow/.local/lib/python3.12/site-packages/airflow/example_dags/example_trigger_target_dag.py
[2024-08-10T23:34:29.235+0000] {processor.py:830} INFO - Processing file /home/airflow/.local/lib/python3.12/site-packages/airflow/example_dags/example_trigger_target_dag.py for tasks to queue
[2024-08-10T23:34:29.236+0000] {logging_mixin.py:188} INFO - [2024-08-10T23:34:29.236+0000] {dagbag.py:545} INFO - Filling up the DagBag from /home/airflow/.local/lib/python3.12/site-packages/airflow/example_dags/example_trigger_target_dag.py
[2024-08-10T23:34:29.240+0000] {processor.py:840} INFO - DAG(s) 'example_trigger_target_dag' retrieved from /home/airflow/.local/lib/python3.12/site-packages/airflow/example_dags/example_trigger_target_dag.py
[2024-08-10T23:34:29.255+0000] {logging_mixin.py:188} INFO - [2024-08-10T23:34:29.255+0000] {dag.py:3089} INFO - Sync 1 DAGs
[2024-08-10T23:34:29.265+0000] {logging_mixin.py:188} INFO - [2024-08-10T23:34:29.264+0000] {dag.py:3947} INFO - Setting next_dagrun for example_trigger_target_dag to None, run_after=None
[2024-08-10T23:34:29.282+0000] {processor.py:183} INFO - Processing /home/airflow/.local/lib/python3.12/site-packages/airflow/example_dags/example_trigger_target_dag.py took 0.052 seconds
[2024-08-10T23:34:59.639+0000] {processor.py:161} INFO - Started process (PID=1060) to work on /home/airflow/.local/lib/python3.12/site-packages/airflow/example_dags/example_trigger_target_dag.py
[2024-08-10T23:34:59.640+0000] {processor.py:830} INFO - Processing file /home/airflow/.local/lib/python3.12/site-packages/airflow/example_dags/example_trigger_target_dag.py for tasks to queue
[2024-08-10T23:34:59.642+0000] {logging_mixin.py:188} INFO - [2024-08-10T23:34:59.642+0000] {dagbag.py:545} INFO - Filling up the DagBag from /home/airflow/.local/lib/python3.12/site-packages/airflow/example_dags/example_trigger_target_dag.py
[2024-08-10T23:34:59.646+0000] {processor.py:840} INFO - DAG(s) 'example_trigger_target_dag' retrieved from /home/airflow/.local/lib/python3.12/site-packages/airflow/example_dags/example_trigger_target_dag.py
[2024-08-10T23:34:59.661+0000] {logging_mixin.py:188} INFO - [2024-08-10T23:34:59.661+0000] {dag.py:3089} INFO - Sync 1 DAGs
[2024-08-10T23:34:59.671+0000] {logging_mixin.py:188} INFO - [2024-08-10T23:34:59.670+0000] {dag.py:3947} INFO - Setting next_dagrun for example_trigger_target_dag to None, run_after=None
[2024-08-10T23:34:59.687+0000] {processor.py:183} INFO - Processing /home/airflow/.local/lib/python3.12/site-packages/airflow/example_dags/example_trigger_target_dag.py took 0.051 seconds
[2024-08-10T23:35:29.955+0000] {processor.py:161} INFO - Started process (PID=1118) to work on /home/airflow/.local/lib/python3.12/site-packages/airflow/example_dags/example_trigger_target_dag.py
[2024-08-10T23:35:29.956+0000] {processor.py:830} INFO - Processing file /home/airflow/.local/lib/python3.12/site-packages/airflow/example_dags/example_trigger_target_dag.py for tasks to queue
[2024-08-10T23:35:29.957+0000] {logging_mixin.py:188} INFO - [2024-08-10T23:35:29.957+0000] {dagbag.py:545} INFO - Filling up the DagBag from /home/airflow/.local/lib/python3.12/site-packages/airflow/example_dags/example_trigger_target_dag.py
[2024-08-10T23:35:29.961+0000] {processor.py:840} INFO - DAG(s) 'example_trigger_target_dag' retrieved from /home/airflow/.local/lib/python3.12/site-packages/airflow/example_dags/example_trigger_target_dag.py
[2024-08-10T23:35:29.977+0000] {logging_mixin.py:188} INFO - [2024-08-10T23:35:29.976+0000] {dag.py:3089} INFO - Sync 1 DAGs
[2024-08-10T23:35:29.987+0000] {logging_mixin.py:188} INFO - [2024-08-10T23:35:29.987+0000] {dag.py:3947} INFO - Setting next_dagrun for example_trigger_target_dag to None, run_after=None
[2024-08-10T23:35:30.004+0000] {processor.py:183} INFO - Processing /home/airflow/.local/lib/python3.12/site-packages/airflow/example_dags/example_trigger_target_dag.py took 0.054 seconds
[2024-08-10T23:36:00.287+0000] {processor.py:161} INFO - Started process (PID=1176) to work on /home/airflow/.local/lib/python3.12/site-packages/airflow/example_dags/example_trigger_target_dag.py
[2024-08-10T23:36:00.287+0000] {processor.py:830} INFO - Processing file /home/airflow/.local/lib/python3.12/site-packages/airflow/example_dags/example_trigger_target_dag.py for tasks to queue
[2024-08-10T23:36:00.289+0000] {logging_mixin.py:188} INFO - [2024-08-10T23:36:00.288+0000] {dagbag.py:545} INFO - Filling up the DagBag from /home/airflow/.local/lib/python3.12/site-packages/airflow/example_dags/example_trigger_target_dag.py
[2024-08-10T23:36:00.295+0000] {processor.py:840} INFO - DAG(s) 'example_trigger_target_dag' retrieved from /home/airflow/.local/lib/python3.12/site-packages/airflow/example_dags/example_trigger_target_dag.py
[2024-08-10T23:36:00.313+0000] {logging_mixin.py:188} INFO - [2024-08-10T23:36:00.313+0000] {dag.py:3089} INFO - Sync 1 DAGs
[2024-08-10T23:36:00.324+0000] {logging_mixin.py:188} INFO - [2024-08-10T23:36:00.324+0000] {dag.py:3947} INFO - Setting next_dagrun for example_trigger_target_dag to None, run_after=None
[2024-08-10T23:36:00.343+0000] {processor.py:183} INFO - Processing /home/airflow/.local/lib/python3.12/site-packages/airflow/example_dags/example_trigger_target_dag.py took 0.061 seconds
[2024-08-10T23:36:31.496+0000] {processor.py:161} INFO - Started process (PID=1235) to work on /home/airflow/.local/lib/python3.12/site-packages/airflow/example_dags/example_trigger_target_dag.py
[2024-08-10T23:36:31.497+0000] {processor.py:830} INFO - Processing file /home/airflow/.local/lib/python3.12/site-packages/airflow/example_dags/example_trigger_target_dag.py for tasks to queue
[2024-08-10T23:36:31.498+0000] {logging_mixin.py:188} INFO - [2024-08-10T23:36:31.498+0000] {dagbag.py:545} INFO - Filling up the DagBag from /home/airflow/.local/lib/python3.12/site-packages/airflow/example_dags/example_trigger_target_dag.py
[2024-08-10T23:36:31.502+0000] {processor.py:840} INFO - DAG(s) 'example_trigger_target_dag' retrieved from /home/airflow/.local/lib/python3.12/site-packages/airflow/example_dags/example_trigger_target_dag.py
[2024-08-10T23:36:31.517+0000] {logging_mixin.py:188} INFO - [2024-08-10T23:36:31.517+0000] {dag.py:3089} INFO - Sync 1 DAGs
[2024-08-10T23:36:31.527+0000] {logging_mixin.py:188} INFO - [2024-08-10T23:36:31.527+0000] {dag.py:3947} INFO - Setting next_dagrun for example_trigger_target_dag to None, run_after=None
[2024-08-10T23:36:31.543+0000] {processor.py:183} INFO - Processing /home/airflow/.local/lib/python3.12/site-packages/airflow/example_dags/example_trigger_target_dag.py took 0.051 seconds
[2024-08-10T23:37:02.246+0000] {processor.py:161} INFO - Started process (PID=1294) to work on /home/airflow/.local/lib/python3.12/site-packages/airflow/example_dags/example_trigger_target_dag.py
[2024-08-10T23:37:02.247+0000] {processor.py:830} INFO - Processing file /home/airflow/.local/lib/python3.12/site-packages/airflow/example_dags/example_trigger_target_dag.py for tasks to queue
[2024-08-10T23:37:02.248+0000] {logging_mixin.py:188} INFO - [2024-08-10T23:37:02.248+0000] {dagbag.py:545} INFO - Filling up the DagBag from /home/airflow/.local/lib/python3.12/site-packages/airflow/example_dags/example_trigger_target_dag.py
[2024-08-10T23:37:02.252+0000] {processor.py:840} INFO - DAG(s) 'example_trigger_target_dag' retrieved from /home/airflow/.local/lib/python3.12/site-packages/airflow/example_dags/example_trigger_target_dag.py
[2024-08-10T23:37:02.268+0000] {logging_mixin.py:188} INFO - [2024-08-10T23:37:02.268+0000] {dag.py:3089} INFO - Sync 1 DAGs
[2024-08-10T23:37:02.279+0000] {logging_mixin.py:188} INFO - [2024-08-10T23:37:02.279+0000] {dag.py:3947} INFO - Setting next_dagrun for example_trigger_target_dag to None, run_after=None
[2024-08-10T23:37:02.295+0000] {processor.py:183} INFO - Processing /home/airflow/.local/lib/python3.12/site-packages/airflow/example_dags/example_trigger_target_dag.py took 0.054 seconds
[2024-08-10T23:37:32.607+0000] {processor.py:161} INFO - Started process (PID=1353) to work on /home/airflow/.local/lib/python3.12/site-packages/airflow/example_dags/example_trigger_target_dag.py
[2024-08-10T23:37:32.608+0000] {processor.py:830} INFO - Processing file /home/airflow/.local/lib/python3.12/site-packages/airflow/example_dags/example_trigger_target_dag.py for tasks to queue
[2024-08-10T23:37:32.609+0000] {logging_mixin.py:188} INFO - [2024-08-10T23:37:32.609+0000] {dagbag.py:545} INFO - Filling up the DagBag from /home/airflow/.local/lib/python3.12/site-packages/airflow/example_dags/example_trigger_target_dag.py
[2024-08-10T23:37:32.614+0000] {processor.py:840} INFO - DAG(s) 'example_trigger_target_dag' retrieved from /home/airflow/.local/lib/python3.12/site-packages/airflow/example_dags/example_trigger_target_dag.py
[2024-08-10T23:37:32.631+0000] {logging_mixin.py:188} INFO - [2024-08-10T23:37:32.630+0000] {dag.py:3089} INFO - Sync 1 DAGs
[2024-08-10T23:37:32.642+0000] {logging_mixin.py:188} INFO - [2024-08-10T23:37:32.642+0000] {dag.py:3947} INFO - Setting next_dagrun for example_trigger_target_dag to None, run_after=None
[2024-08-10T23:37:32.660+0000] {processor.py:183} INFO - Processing /home/airflow/.local/lib/python3.12/site-packages/airflow/example_dags/example_trigger_target_dag.py took 0.057 seconds
[2024-08-10T23:38:03.076+0000] {processor.py:161} INFO - Started process (PID=1413) to work on /home/airflow/.local/lib/python3.12/site-packages/airflow/example_dags/example_trigger_target_dag.py
[2024-08-10T23:38:03.077+0000] {processor.py:830} INFO - Processing file /home/airflow/.local/lib/python3.12/site-packages/airflow/example_dags/example_trigger_target_dag.py for tasks to queue
[2024-08-10T23:38:03.078+0000] {logging_mixin.py:188} INFO - [2024-08-10T23:38:03.078+0000] {dagbag.py:545} INFO - Filling up the DagBag from /home/airflow/.local/lib/python3.12/site-packages/airflow/example_dags/example_trigger_target_dag.py
[2024-08-10T23:38:03.083+0000] {processor.py:840} INFO - DAG(s) 'example_trigger_target_dag' retrieved from /home/airflow/.local/lib/python3.12/site-packages/airflow/example_dags/example_trigger_target_dag.py
[2024-08-10T23:38:03.097+0000] {logging_mixin.py:188} INFO - [2024-08-10T23:38:03.097+0000] {dag.py:3089} INFO - Sync 1 DAGs
[2024-08-10T23:38:03.107+0000] {logging_mixin.py:188} INFO - [2024-08-10T23:38:03.106+0000] {dag.py:3947} INFO - Setting next_dagrun for example_trigger_target_dag to None, run_after=None
[2024-08-10T23:38:03.122+0000] {processor.py:183} INFO - Processing /home/airflow/.local/lib/python3.12/site-packages/airflow/example_dags/example_trigger_target_dag.py took 0.050 seconds
[2024-08-10T23:38:33.428+0000] {processor.py:161} INFO - Started process (PID=1472) to work on /home/airflow/.local/lib/python3.12/site-packages/airflow/example_dags/example_trigger_target_dag.py
[2024-08-10T23:38:33.429+0000] {processor.py:830} INFO - Processing file /home/airflow/.local/lib/python3.12/site-packages/airflow/example_dags/example_trigger_target_dag.py for tasks to queue
[2024-08-10T23:38:33.430+0000] {logging_mixin.py:188} INFO - [2024-08-10T23:38:33.430+0000] {dagbag.py:545} INFO - Filling up the DagBag from /home/airflow/.local/lib/python3.12/site-packages/airflow/example_dags/example_trigger_target_dag.py
[2024-08-10T23:38:33.434+0000] {processor.py:840} INFO - DAG(s) 'example_trigger_target_dag' retrieved from /home/airflow/.local/lib/python3.12/site-packages/airflow/example_dags/example_trigger_target_dag.py
[2024-08-10T23:38:33.450+0000] {logging_mixin.py:188} INFO - [2024-08-10T23:38:33.449+0000] {dag.py:3089} INFO - Sync 1 DAGs
[2024-08-10T23:38:33.459+0000] {logging_mixin.py:188} INFO - [2024-08-10T23:38:33.459+0000] {dag.py:3947} INFO - Setting next_dagrun for example_trigger_target_dag to None, run_after=None
[2024-08-10T23:38:33.475+0000] {processor.py:183} INFO - Processing /home/airflow/.local/lib/python3.12/site-packages/airflow/example_dags/example_trigger_target_dag.py took 0.051 seconds
[2024-08-10T23:39:03.845+0000] {processor.py:161} INFO - Started process (PID=1531) to work on /home/airflow/.local/lib/python3.12/site-packages/airflow/example_dags/example_trigger_target_dag.py
[2024-08-10T23:39:03.846+0000] {processor.py:830} INFO - Processing file /home/airflow/.local/lib/python3.12/site-packages/airflow/example_dags/example_trigger_target_dag.py for tasks to queue
[2024-08-10T23:39:03.848+0000] {logging_mixin.py:188} INFO - [2024-08-10T23:39:03.848+0000] {dagbag.py:545} INFO - Filling up the DagBag from /home/airflow/.local/lib/python3.12/site-packages/airflow/example_dags/example_trigger_target_dag.py
[2024-08-10T23:39:03.852+0000] {processor.py:840} INFO - DAG(s) 'example_trigger_target_dag' retrieved from /home/airflow/.local/lib/python3.12/site-packages/airflow/example_dags/example_trigger_target_dag.py
[2024-08-10T23:39:03.868+0000] {logging_mixin.py:188} INFO - [2024-08-10T23:39:03.868+0000] {dag.py:3089} INFO - Sync 1 DAGs
[2024-08-10T23:39:03.878+0000] {logging_mixin.py:188} INFO - [2024-08-10T23:39:03.877+0000] {dag.py:3947} INFO - Setting next_dagrun for example_trigger_target_dag to None, run_after=None
[2024-08-10T23:39:03.894+0000] {processor.py:183} INFO - Processing /home/airflow/.local/lib/python3.12/site-packages/airflow/example_dags/example_trigger_target_dag.py took 0.053 seconds
[2024-08-10T23:39:34.317+0000] {processor.py:161} INFO - Started process (PID=1590) to work on /home/airflow/.local/lib/python3.12/site-packages/airflow/example_dags/example_trigger_target_dag.py
[2024-08-10T23:39:34.318+0000] {processor.py:830} INFO - Processing file /home/airflow/.local/lib/python3.12/site-packages/airflow/example_dags/example_trigger_target_dag.py for tasks to queue
[2024-08-10T23:39:34.319+0000] {logging_mixin.py:188} INFO - [2024-08-10T23:39:34.319+0000] {dagbag.py:545} INFO - Filling up the DagBag from /home/airflow/.local/lib/python3.12/site-packages/airflow/example_dags/example_trigger_target_dag.py
[2024-08-10T23:39:34.323+0000] {processor.py:840} INFO - DAG(s) 'example_trigger_target_dag' retrieved from /home/airflow/.local/lib/python3.12/site-packages/airflow/example_dags/example_trigger_target_dag.py
[2024-08-10T23:39:34.339+0000] {logging_mixin.py:188} INFO - [2024-08-10T23:39:34.339+0000] {dag.py:3089} INFO - Sync 1 DAGs
[2024-08-10T23:39:34.350+0000] {logging_mixin.py:188} INFO - [2024-08-10T23:39:34.350+0000] {dag.py:3947} INFO - Setting next_dagrun for example_trigger_target_dag to None, run_after=None
[2024-08-10T23:39:34.367+0000] {processor.py:183} INFO - Processing /home/airflow/.local/lib/python3.12/site-packages/airflow/example_dags/example_trigger_target_dag.py took 0.054 seconds
[2024-08-10T23:40:05.553+0000] {processor.py:161} INFO - Started process (PID=1649) to work on /home/airflow/.local/lib/python3.12/site-packages/airflow/example_dags/example_trigger_target_dag.py
[2024-08-10T23:40:05.554+0000] {processor.py:830} INFO - Processing file /home/airflow/.local/lib/python3.12/site-packages/airflow/example_dags/example_trigger_target_dag.py for tasks to queue
[2024-08-10T23:40:05.556+0000] {logging_mixin.py:188} INFO - [2024-08-10T23:40:05.556+0000] {dagbag.py:545} INFO - Filling up the DagBag from /home/airflow/.local/lib/python3.12/site-packages/airflow/example_dags/example_trigger_target_dag.py
[2024-08-10T23:40:05.560+0000] {processor.py:840} INFO - DAG(s) 'example_trigger_target_dag' retrieved from /home/airflow/.local/lib/python3.12/site-packages/airflow/example_dags/example_trigger_target_dag.py
[2024-08-10T23:40:05.577+0000] {logging_mixin.py:188} INFO - [2024-08-10T23:40:05.577+0000] {dag.py:3089} INFO - Sync 1 DAGs
[2024-08-10T23:40:05.697+0000] {logging_mixin.py:188} INFO - [2024-08-10T23:40:05.697+0000] {dag.py:3947} INFO - Setting next_dagrun for example_trigger_target_dag to None, run_after=None
[2024-08-10T23:40:05.713+0000] {processor.py:183} INFO - Processing /home/airflow/.local/lib/python3.12/site-packages/airflow/example_dags/example_trigger_target_dag.py took 0.164 seconds
[2024-08-10T23:40:36.568+0000] {processor.py:161} INFO - Started process (PID=1708) to work on /home/airflow/.local/lib/python3.12/site-packages/airflow/example_dags/example_trigger_target_dag.py
[2024-08-10T23:40:36.569+0000] {processor.py:830} INFO - Processing file /home/airflow/.local/lib/python3.12/site-packages/airflow/example_dags/example_trigger_target_dag.py for tasks to queue
[2024-08-10T23:40:36.570+0000] {logging_mixin.py:188} INFO - [2024-08-10T23:40:36.570+0000] {dagbag.py:545} INFO - Filling up the DagBag from /home/airflow/.local/lib/python3.12/site-packages/airflow/example_dags/example_trigger_target_dag.py
[2024-08-10T23:40:36.576+0000] {processor.py:840} INFO - DAG(s) 'example_trigger_target_dag' retrieved from /home/airflow/.local/lib/python3.12/site-packages/airflow/example_dags/example_trigger_target_dag.py
[2024-08-10T23:40:36.594+0000] {logging_mixin.py:188} INFO - [2024-08-10T23:40:36.594+0000] {dag.py:3089} INFO - Sync 1 DAGs
[2024-08-10T23:40:36.606+0000] {logging_mixin.py:188} INFO - [2024-08-10T23:40:36.605+0000] {dag.py:3947} INFO - Setting next_dagrun for example_trigger_target_dag to None, run_after=None
[2024-08-10T23:40:36.765+0000] {processor.py:183} INFO - Processing /home/airflow/.local/lib/python3.12/site-packages/airflow/example_dags/example_trigger_target_dag.py took 0.202 seconds
[2024-08-10T23:41:07.309+0000] {processor.py:161} INFO - Started process (PID=1773) to work on /home/airflow/.local/lib/python3.12/site-packages/airflow/example_dags/example_trigger_target_dag.py
[2024-08-10T23:41:07.310+0000] {processor.py:830} INFO - Processing file /home/airflow/.local/lib/python3.12/site-packages/airflow/example_dags/example_trigger_target_dag.py for tasks to queue
[2024-08-10T23:41:07.311+0000] {logging_mixin.py:188} INFO - [2024-08-10T23:41:07.311+0000] {dagbag.py:545} INFO - Filling up the DagBag from /home/airflow/.local/lib/python3.12/site-packages/airflow/example_dags/example_trigger_target_dag.py
[2024-08-10T23:41:07.316+0000] {processor.py:840} INFO - DAG(s) 'example_trigger_target_dag' retrieved from /home/airflow/.local/lib/python3.12/site-packages/airflow/example_dags/example_trigger_target_dag.py
[2024-08-10T23:41:07.333+0000] {logging_mixin.py:188} INFO - [2024-08-10T23:41:07.333+0000] {dag.py:3089} INFO - Sync 1 DAGs
[2024-08-10T23:41:07.345+0000] {logging_mixin.py:188} INFO - [2024-08-10T23:41:07.345+0000] {dag.py:3947} INFO - Setting next_dagrun for example_trigger_target_dag to None, run_after=None
[2024-08-10T23:41:07.361+0000] {processor.py:183} INFO - Processing /home/airflow/.local/lib/python3.12/site-packages/airflow/example_dags/example_trigger_target_dag.py took 0.057 seconds
[2024-08-10T23:41:38.323+0000] {processor.py:161} INFO - Started process (PID=1832) to work on /home/airflow/.local/lib/python3.12/site-packages/airflow/example_dags/example_trigger_target_dag.py
[2024-08-10T23:41:38.324+0000] {processor.py:830} INFO - Processing file /home/airflow/.local/lib/python3.12/site-packages/airflow/example_dags/example_trigger_target_dag.py for tasks to queue
[2024-08-10T23:41:38.325+0000] {logging_mixin.py:188} INFO - [2024-08-10T23:41:38.325+0000] {dagbag.py:545} INFO - Filling up the DagBag from /home/airflow/.local/lib/python3.12/site-packages/airflow/example_dags/example_trigger_target_dag.py
[2024-08-10T23:41:38.329+0000] {processor.py:840} INFO - DAG(s) 'example_trigger_target_dag' retrieved from /home/airflow/.local/lib/python3.12/site-packages/airflow/example_dags/example_trigger_target_dag.py
[2024-08-10T23:41:38.344+0000] {logging_mixin.py:188} INFO - [2024-08-10T23:41:38.344+0000] {dag.py:3089} INFO - Sync 1 DAGs
[2024-08-10T23:41:38.355+0000] {logging_mixin.py:188} INFO - [2024-08-10T23:41:38.355+0000] {dag.py:3947} INFO - Setting next_dagrun for example_trigger_target_dag to None, run_after=None
[2024-08-10T23:41:38.371+0000] {processor.py:183} INFO - Processing /home/airflow/.local/lib/python3.12/site-packages/airflow/example_dags/example_trigger_target_dag.py took 0.052 seconds
[2024-08-10T23:42:08.621+0000] {processor.py:161} INFO - Started process (PID=1891) to work on /home/airflow/.local/lib/python3.12/site-packages/airflow/example_dags/example_trigger_target_dag.py
[2024-08-10T23:42:08.622+0000] {processor.py:830} INFO - Processing file /home/airflow/.local/lib/python3.12/site-packages/airflow/example_dags/example_trigger_target_dag.py for tasks to queue
[2024-08-10T23:42:08.623+0000] {logging_mixin.py:188} INFO - [2024-08-10T23:42:08.623+0000] {dagbag.py:545} INFO - Filling up the DagBag from /home/airflow/.local/lib/python3.12/site-packages/airflow/example_dags/example_trigger_target_dag.py
[2024-08-10T23:42:08.628+0000] {processor.py:840} INFO - DAG(s) 'example_trigger_target_dag' retrieved from /home/airflow/.local/lib/python3.12/site-packages/airflow/example_dags/example_trigger_target_dag.py
[2024-08-10T23:42:08.643+0000] {logging_mixin.py:188} INFO - [2024-08-10T23:42:08.643+0000] {dag.py:3089} INFO - Sync 1 DAGs
[2024-08-10T23:42:08.653+0000] {logging_mixin.py:188} INFO - [2024-08-10T23:42:08.653+0000] {dag.py:3947} INFO - Setting next_dagrun for example_trigger_target_dag to None, run_after=None
[2024-08-10T23:42:08.667+0000] {processor.py:183} INFO - Processing /home/airflow/.local/lib/python3.12/site-packages/airflow/example_dags/example_trigger_target_dag.py took 0.049 seconds
[2024-08-10T23:42:39.265+0000] {processor.py:161} INFO - Started process (PID=1950) to work on /home/airflow/.local/lib/python3.12/site-packages/airflow/example_dags/example_trigger_target_dag.py
[2024-08-10T23:42:39.266+0000] {processor.py:830} INFO - Processing file /home/airflow/.local/lib/python3.12/site-packages/airflow/example_dags/example_trigger_target_dag.py for tasks to queue
[2024-08-10T23:42:39.267+0000] {logging_mixin.py:188} INFO - [2024-08-10T23:42:39.267+0000] {dagbag.py:545} INFO - Filling up the DagBag from /home/airflow/.local/lib/python3.12/site-packages/airflow/example_dags/example_trigger_target_dag.py
[2024-08-10T23:42:39.271+0000] {processor.py:840} INFO - DAG(s) 'example_trigger_target_dag' retrieved from /home/airflow/.local/lib/python3.12/site-packages/airflow/example_dags/example_trigger_target_dag.py
[2024-08-10T23:42:39.288+0000] {logging_mixin.py:188} INFO - [2024-08-10T23:42:39.287+0000] {dag.py:3089} INFO - Sync 1 DAGs
[2024-08-10T23:42:39.298+0000] {logging_mixin.py:188} INFO - [2024-08-10T23:42:39.298+0000] {dag.py:3947} INFO - Setting next_dagrun for example_trigger_target_dag to None, run_after=None
[2024-08-10T23:42:39.314+0000] {processor.py:183} INFO - Processing /home/airflow/.local/lib/python3.12/site-packages/airflow/example_dags/example_trigger_target_dag.py took 0.053 seconds
[2024-08-10T23:43:09.627+0000] {processor.py:161} INFO - Started process (PID=2009) to work on /home/airflow/.local/lib/python3.12/site-packages/airflow/example_dags/example_trigger_target_dag.py
[2024-08-10T23:43:09.628+0000] {processor.py:830} INFO - Processing file /home/airflow/.local/lib/python3.12/site-packages/airflow/example_dags/example_trigger_target_dag.py for tasks to queue
[2024-08-10T23:43:09.630+0000] {logging_mixin.py:188} INFO - [2024-08-10T23:43:09.630+0000] {dagbag.py:545} INFO - Filling up the DagBag from /home/airflow/.local/lib/python3.12/site-packages/airflow/example_dags/example_trigger_target_dag.py
[2024-08-10T23:43:09.635+0000] {processor.py:840} INFO - DAG(s) 'example_trigger_target_dag' retrieved from /home/airflow/.local/lib/python3.12/site-packages/airflow/example_dags/example_trigger_target_dag.py
[2024-08-10T23:43:09.651+0000] {logging_mixin.py:188} INFO - [2024-08-10T23:43:09.651+0000] {dag.py:3089} INFO - Sync 1 DAGs
[2024-08-10T23:43:09.661+0000] {logging_mixin.py:188} INFO - [2024-08-10T23:43:09.661+0000] {dag.py:3947} INFO - Setting next_dagrun for example_trigger_target_dag to None, run_after=None
[2024-08-10T23:43:09.676+0000] {processor.py:183} INFO - Processing /home/airflow/.local/lib/python3.12/site-packages/airflow/example_dags/example_trigger_target_dag.py took 0.053 seconds
[2024-08-10T23:43:39.856+0000] {processor.py:161} INFO - Started process (PID=2068) to work on /home/airflow/.local/lib/python3.12/site-packages/airflow/example_dags/example_trigger_target_dag.py
[2024-08-10T23:43:39.857+0000] {processor.py:830} INFO - Processing file /home/airflow/.local/lib/python3.12/site-packages/airflow/example_dags/example_trigger_target_dag.py for tasks to queue
[2024-08-10T23:43:39.858+0000] {logging_mixin.py:188} INFO - [2024-08-10T23:43:39.858+0000] {dagbag.py:545} INFO - Filling up the DagBag from /home/airflow/.local/lib/python3.12/site-packages/airflow/example_dags/example_trigger_target_dag.py
[2024-08-10T23:43:39.862+0000] {processor.py:840} INFO - DAG(s) 'example_trigger_target_dag' retrieved from /home/airflow/.local/lib/python3.12/site-packages/airflow/example_dags/example_trigger_target_dag.py
[2024-08-10T23:43:39.877+0000] {logging_mixin.py:188} INFO - [2024-08-10T23:43:39.877+0000] {dag.py:3089} INFO - Sync 1 DAGs
[2024-08-10T23:43:39.887+0000] {logging_mixin.py:188} INFO - [2024-08-10T23:43:39.887+0000] {dag.py:3947} INFO - Setting next_dagrun for example_trigger_target_dag to None, run_after=None
[2024-08-10T23:43:39.904+0000] {processor.py:183} INFO - Processing /home/airflow/.local/lib/python3.12/site-packages/airflow/example_dags/example_trigger_target_dag.py took 0.053 seconds
[2024-08-10T23:44:10.120+0000] {processor.py:161} INFO - Started process (PID=2127) to work on /home/airflow/.local/lib/python3.12/site-packages/airflow/example_dags/example_trigger_target_dag.py
[2024-08-10T23:44:10.121+0000] {processor.py:830} INFO - Processing file /home/airflow/.local/lib/python3.12/site-packages/airflow/example_dags/example_trigger_target_dag.py for tasks to queue
[2024-08-10T23:44:10.122+0000] {logging_mixin.py:188} INFO - [2024-08-10T23:44:10.122+0000] {dagbag.py:545} INFO - Filling up the DagBag from /home/airflow/.local/lib/python3.12/site-packages/airflow/example_dags/example_trigger_target_dag.py
[2024-08-10T23:44:10.126+0000] {processor.py:840} INFO - DAG(s) 'example_trigger_target_dag' retrieved from /home/airflow/.local/lib/python3.12/site-packages/airflow/example_dags/example_trigger_target_dag.py
[2024-08-10T23:44:10.142+0000] {logging_mixin.py:188} INFO - [2024-08-10T23:44:10.142+0000] {dag.py:3089} INFO - Sync 1 DAGs
[2024-08-10T23:44:10.152+0000] {logging_mixin.py:188} INFO - [2024-08-10T23:44:10.152+0000] {dag.py:3947} INFO - Setting next_dagrun for example_trigger_target_dag to None, run_after=None
[2024-08-10T23:44:10.167+0000] {processor.py:183} INFO - Processing /home/airflow/.local/lib/python3.12/site-packages/airflow/example_dags/example_trigger_target_dag.py took 0.051 seconds
[2024-08-10T23:44:40.441+0000] {processor.py:161} INFO - Started process (PID=2186) to work on /home/airflow/.local/lib/python3.12/site-packages/airflow/example_dags/example_trigger_target_dag.py
[2024-08-10T23:44:40.442+0000] {processor.py:830} INFO - Processing file /home/airflow/.local/lib/python3.12/site-packages/airflow/example_dags/example_trigger_target_dag.py for tasks to queue
[2024-08-10T23:44:40.443+0000] {logging_mixin.py:188} INFO - [2024-08-10T23:44:40.443+0000] {dagbag.py:545} INFO - Filling up the DagBag from /home/airflow/.local/lib/python3.12/site-packages/airflow/example_dags/example_trigger_target_dag.py
[2024-08-10T23:44:40.448+0000] {processor.py:840} INFO - DAG(s) 'example_trigger_target_dag' retrieved from /home/airflow/.local/lib/python3.12/site-packages/airflow/example_dags/example_trigger_target_dag.py
[2024-08-10T23:44:40.468+0000] {logging_mixin.py:188} INFO - [2024-08-10T23:44:40.467+0000] {dag.py:3089} INFO - Sync 1 DAGs
[2024-08-10T23:44:40.479+0000] {logging_mixin.py:188} INFO - [2024-08-10T23:44:40.479+0000] {dag.py:3947} INFO - Setting next_dagrun for example_trigger_target_dag to None, run_after=None
[2024-08-10T23:44:40.497+0000] {processor.py:183} INFO - Processing /home/airflow/.local/lib/python3.12/site-packages/airflow/example_dags/example_trigger_target_dag.py took 0.061 seconds
[2024-08-10T23:45:10.806+0000] {processor.py:161} INFO - Started process (PID=2245) to work on /home/airflow/.local/lib/python3.12/site-packages/airflow/example_dags/example_trigger_target_dag.py
[2024-08-10T23:45:10.807+0000] {processor.py:830} INFO - Processing file /home/airflow/.local/lib/python3.12/site-packages/airflow/example_dags/example_trigger_target_dag.py for tasks to queue
[2024-08-10T23:45:10.808+0000] {logging_mixin.py:188} INFO - [2024-08-10T23:45:10.808+0000] {dagbag.py:545} INFO - Filling up the DagBag from /home/airflow/.local/lib/python3.12/site-packages/airflow/example_dags/example_trigger_target_dag.py
[2024-08-10T23:45:10.813+0000] {processor.py:840} INFO - DAG(s) 'example_trigger_target_dag' retrieved from /home/airflow/.local/lib/python3.12/site-packages/airflow/example_dags/example_trigger_target_dag.py
[2024-08-10T23:45:10.829+0000] {logging_mixin.py:188} INFO - [2024-08-10T23:45:10.828+0000] {dag.py:3089} INFO - Sync 1 DAGs
[2024-08-10T23:45:10.839+0000] {logging_mixin.py:188} INFO - [2024-08-10T23:45:10.839+0000] {dag.py:3947} INFO - Setting next_dagrun for example_trigger_target_dag to None, run_after=None
[2024-08-10T23:45:10.855+0000] {processor.py:183} INFO - Processing /home/airflow/.local/lib/python3.12/site-packages/airflow/example_dags/example_trigger_target_dag.py took 0.053 seconds
[2024-08-10T23:45:41.128+0000] {processor.py:161} INFO - Started process (PID=2304) to work on /home/airflow/.local/lib/python3.12/site-packages/airflow/example_dags/example_trigger_target_dag.py
[2024-08-10T23:45:41.129+0000] {processor.py:830} INFO - Processing file /home/airflow/.local/lib/python3.12/site-packages/airflow/example_dags/example_trigger_target_dag.py for tasks to queue
[2024-08-10T23:45:41.130+0000] {logging_mixin.py:188} INFO - [2024-08-10T23:45:41.130+0000] {dagbag.py:545} INFO - Filling up the DagBag from /home/airflow/.local/lib/python3.12/site-packages/airflow/example_dags/example_trigger_target_dag.py
[2024-08-10T23:45:41.135+0000] {processor.py:840} INFO - DAG(s) 'example_trigger_target_dag' retrieved from /home/airflow/.local/lib/python3.12/site-packages/airflow/example_dags/example_trigger_target_dag.py
[2024-08-10T23:45:41.152+0000] {logging_mixin.py:188} INFO - [2024-08-10T23:45:41.151+0000] {dag.py:3089} INFO - Sync 1 DAGs
[2024-08-10T23:45:41.162+0000] {logging_mixin.py:188} INFO - [2024-08-10T23:45:41.162+0000] {dag.py:3947} INFO - Setting next_dagrun for example_trigger_target_dag to None, run_after=None
[2024-08-10T23:45:41.180+0000] {processor.py:183} INFO - Processing /home/airflow/.local/lib/python3.12/site-packages/airflow/example_dags/example_trigger_target_dag.py took 0.057 seconds
[2024-08-10T23:46:11.334+0000] {processor.py:161} INFO - Started process (PID=2363) to work on /home/airflow/.local/lib/python3.12/site-packages/airflow/example_dags/example_trigger_target_dag.py
[2024-08-10T23:46:11.335+0000] {processor.py:830} INFO - Processing file /home/airflow/.local/lib/python3.12/site-packages/airflow/example_dags/example_trigger_target_dag.py for tasks to queue
[2024-08-10T23:46:11.337+0000] {logging_mixin.py:188} INFO - [2024-08-10T23:46:11.336+0000] {dagbag.py:545} INFO - Filling up the DagBag from /home/airflow/.local/lib/python3.12/site-packages/airflow/example_dags/example_trigger_target_dag.py
[2024-08-10T23:46:11.341+0000] {processor.py:840} INFO - DAG(s) 'example_trigger_target_dag' retrieved from /home/airflow/.local/lib/python3.12/site-packages/airflow/example_dags/example_trigger_target_dag.py
[2024-08-10T23:46:11.359+0000] {logging_mixin.py:188} INFO - [2024-08-10T23:46:11.359+0000] {dag.py:3089} INFO - Sync 1 DAGs
[2024-08-10T23:46:11.370+0000] {logging_mixin.py:188} INFO - [2024-08-10T23:46:11.370+0000] {dag.py:3947} INFO - Setting next_dagrun for example_trigger_target_dag to None, run_after=None
[2024-08-10T23:46:11.388+0000] {processor.py:183} INFO - Processing /home/airflow/.local/lib/python3.12/site-packages/airflow/example_dags/example_trigger_target_dag.py took 0.058 seconds
[2024-08-10T23:46:41.551+0000] {processor.py:161} INFO - Started process (PID=2422) to work on /home/airflow/.local/lib/python3.12/site-packages/airflow/example_dags/example_trigger_target_dag.py
[2024-08-10T23:46:41.552+0000] {processor.py:830} INFO - Processing file /home/airflow/.local/lib/python3.12/site-packages/airflow/example_dags/example_trigger_target_dag.py for tasks to queue
[2024-08-10T23:46:41.553+0000] {logging_mixin.py:188} INFO - [2024-08-10T23:46:41.553+0000] {dagbag.py:545} INFO - Filling up the DagBag from /home/airflow/.local/lib/python3.12/site-packages/airflow/example_dags/example_trigger_target_dag.py
[2024-08-10T23:46:41.557+0000] {processor.py:840} INFO - DAG(s) 'example_trigger_target_dag' retrieved from /home/airflow/.local/lib/python3.12/site-packages/airflow/example_dags/example_trigger_target_dag.py
[2024-08-10T23:46:41.573+0000] {logging_mixin.py:188} INFO - [2024-08-10T23:46:41.573+0000] {dag.py:3089} INFO - Sync 1 DAGs
[2024-08-10T23:46:41.584+0000] {logging_mixin.py:188} INFO - [2024-08-10T23:46:41.584+0000] {dag.py:3947} INFO - Setting next_dagrun for example_trigger_target_dag to None, run_after=None
[2024-08-10T23:46:41.599+0000] {processor.py:183} INFO - Processing /home/airflow/.local/lib/python3.12/site-packages/airflow/example_dags/example_trigger_target_dag.py took 0.052 seconds
