[2024-08-10T23:26:23.386+0000] {processor.py:161} INFO - Started process (PID=71) to work on /home/airflow/.local/lib/python3.12/site-packages/airflow/example_dags/example_bash_decorator.py
[2024-08-10T23:26:23.386+0000] {processor.py:830} INFO - Processing file /home/airflow/.local/lib/python3.12/site-packages/airflow/example_dags/example_bash_decorator.py for tasks to queue
[2024-08-10T23:26:23.390+0000] {logging_mixin.py:188} INFO - [2024-08-10T23:26:23.388+0000] {dagbag.py:545} INFO - Filling up the DagBag from /home/airflow/.local/lib/python3.12/site-packages/airflow/example_dags/example_bash_decorator.py
[2024-08-10T23:26:23.432+0000] {processor.py:840} INFO - DAG(s) 'example_bash_decorator' retrieved from /home/airflow/.local/lib/python3.12/site-packages/airflow/example_dags/example_bash_decorator.py
[2024-08-10T23:26:23.475+0000] {logging_mixin.py:188} INFO - [2024-08-10T23:26:23.475+0000] {dag.py:3089} INFO - Sync 1 DAGs
[2024-08-10T23:26:23.503+0000] {logging_mixin.py:188} INFO - [2024-08-10T23:26:23.503+0000] {dag.py:3947} INFO - Setting next_dagrun for example_bash_decorator to None, run_after=None
[2024-08-10T23:26:23.537+0000] {processor.py:183} INFO - Processing /home/airflow/.local/lib/python3.12/site-packages/airflow/example_dags/example_bash_decorator.py took 0.165 seconds
[2024-08-10T23:26:53.926+0000] {processor.py:161} INFO - Started process (PID=129) to work on /home/airflow/.local/lib/python3.12/site-packages/airflow/example_dags/example_bash_decorator.py
[2024-08-10T23:26:53.927+0000] {processor.py:830} INFO - Processing file /home/airflow/.local/lib/python3.12/site-packages/airflow/example_dags/example_bash_decorator.py for tasks to queue
[2024-08-10T23:26:53.928+0000] {logging_mixin.py:188} INFO - [2024-08-10T23:26:53.928+0000] {dagbag.py:545} INFO - Filling up the DagBag from /home/airflow/.local/lib/python3.12/site-packages/airflow/example_dags/example_bash_decorator.py
[2024-08-10T23:26:53.938+0000] {processor.py:840} INFO - DAG(s) 'example_bash_decorator' retrieved from /home/airflow/.local/lib/python3.12/site-packages/airflow/example_dags/example_bash_decorator.py
[2024-08-10T23:26:54.024+0000] {logging_mixin.py:188} INFO - [2024-08-10T23:26:54.024+0000] {dag.py:3089} INFO - Sync 1 DAGs
[2024-08-10T23:26:54.033+0000] {logging_mixin.py:188} INFO - [2024-08-10T23:26:54.032+0000] {dag.py:3947} INFO - Setting next_dagrun for example_bash_decorator to None, run_after=None
[2024-08-10T23:26:54.051+0000] {processor.py:183} INFO - Processing /home/airflow/.local/lib/python3.12/site-packages/airflow/example_dags/example_bash_decorator.py took 0.129 seconds
[2024-08-10T23:27:24.383+0000] {processor.py:161} INFO - Started process (PID=187) to work on /home/airflow/.local/lib/python3.12/site-packages/airflow/example_dags/example_bash_decorator.py
[2024-08-10T23:27:24.384+0000] {processor.py:830} INFO - Processing file /home/airflow/.local/lib/python3.12/site-packages/airflow/example_dags/example_bash_decorator.py for tasks to queue
[2024-08-10T23:27:24.386+0000] {logging_mixin.py:188} INFO - [2024-08-10T23:27:24.385+0000] {dagbag.py:545} INFO - Filling up the DagBag from /home/airflow/.local/lib/python3.12/site-packages/airflow/example_dags/example_bash_decorator.py
[2024-08-10T23:27:24.395+0000] {processor.py:840} INFO - DAG(s) 'example_bash_decorator' retrieved from /home/airflow/.local/lib/python3.12/site-packages/airflow/example_dags/example_bash_decorator.py
[2024-08-10T23:27:24.414+0000] {logging_mixin.py:188} INFO - [2024-08-10T23:27:24.414+0000] {dag.py:3089} INFO - Sync 1 DAGs
[2024-08-10T23:27:24.424+0000] {logging_mixin.py:188} INFO - [2024-08-10T23:27:24.424+0000] {dag.py:3947} INFO - Setting next_dagrun for example_bash_decorator to None, run_after=None
[2024-08-10T23:27:24.439+0000] {processor.py:183} INFO - Processing /home/airflow/.local/lib/python3.12/site-packages/airflow/example_dags/example_bash_decorator.py took 0.060 seconds
[2024-08-10T23:27:54.748+0000] {processor.py:161} INFO - Started process (PID=245) to work on /home/airflow/.local/lib/python3.12/site-packages/airflow/example_dags/example_bash_decorator.py
[2024-08-10T23:27:54.749+0000] {processor.py:830} INFO - Processing file /home/airflow/.local/lib/python3.12/site-packages/airflow/example_dags/example_bash_decorator.py for tasks to queue
[2024-08-10T23:27:54.750+0000] {logging_mixin.py:188} INFO - [2024-08-10T23:27:54.750+0000] {dagbag.py:545} INFO - Filling up the DagBag from /home/airflow/.local/lib/python3.12/site-packages/airflow/example_dags/example_bash_decorator.py
[2024-08-10T23:27:54.760+0000] {processor.py:840} INFO - DAG(s) 'example_bash_decorator' retrieved from /home/airflow/.local/lib/python3.12/site-packages/airflow/example_dags/example_bash_decorator.py
[2024-08-10T23:27:54.779+0000] {logging_mixin.py:188} INFO - [2024-08-10T23:27:54.779+0000] {dag.py:3089} INFO - Sync 1 DAGs
[2024-08-10T23:27:54.789+0000] {logging_mixin.py:188} INFO - [2024-08-10T23:27:54.789+0000] {dag.py:3947} INFO - Setting next_dagrun for example_bash_decorator to None, run_after=None
[2024-08-10T23:27:54.803+0000] {processor.py:183} INFO - Processing /home/airflow/.local/lib/python3.12/site-packages/airflow/example_dags/example_bash_decorator.py took 0.060 seconds
[2024-08-10T23:28:25.166+0000] {processor.py:161} INFO - Started process (PID=303) to work on /home/airflow/.local/lib/python3.12/site-packages/airflow/example_dags/example_bash_decorator.py
[2024-08-10T23:28:25.167+0000] {processor.py:830} INFO - Processing file /home/airflow/.local/lib/python3.12/site-packages/airflow/example_dags/example_bash_decorator.py for tasks to queue
[2024-08-10T23:28:25.168+0000] {logging_mixin.py:188} INFO - [2024-08-10T23:28:25.168+0000] {dagbag.py:545} INFO - Filling up the DagBag from /home/airflow/.local/lib/python3.12/site-packages/airflow/example_dags/example_bash_decorator.py
[2024-08-10T23:28:25.178+0000] {processor.py:840} INFO - DAG(s) 'example_bash_decorator' retrieved from /home/airflow/.local/lib/python3.12/site-packages/airflow/example_dags/example_bash_decorator.py
[2024-08-10T23:28:25.199+0000] {logging_mixin.py:188} INFO - [2024-08-10T23:28:25.198+0000] {dag.py:3089} INFO - Sync 1 DAGs
[2024-08-10T23:28:25.208+0000] {logging_mixin.py:188} INFO - [2024-08-10T23:28:25.208+0000] {dag.py:3947} INFO - Setting next_dagrun for example_bash_decorator to None, run_after=None
[2024-08-10T23:28:25.227+0000] {processor.py:183} INFO - Processing /home/airflow/.local/lib/python3.12/site-packages/airflow/example_dags/example_bash_decorator.py took 0.066 seconds
[2024-08-10T23:28:55.448+0000] {processor.py:161} INFO - Started process (PID=361) to work on /home/airflow/.local/lib/python3.12/site-packages/airflow/example_dags/example_bash_decorator.py
[2024-08-10T23:28:55.449+0000] {processor.py:830} INFO - Processing file /home/airflow/.local/lib/python3.12/site-packages/airflow/example_dags/example_bash_decorator.py for tasks to queue
[2024-08-10T23:28:55.450+0000] {logging_mixin.py:188} INFO - [2024-08-10T23:28:55.450+0000] {dagbag.py:545} INFO - Filling up the DagBag from /home/airflow/.local/lib/python3.12/site-packages/airflow/example_dags/example_bash_decorator.py
[2024-08-10T23:28:55.460+0000] {processor.py:840} INFO - DAG(s) 'example_bash_decorator' retrieved from /home/airflow/.local/lib/python3.12/site-packages/airflow/example_dags/example_bash_decorator.py
[2024-08-10T23:28:55.480+0000] {logging_mixin.py:188} INFO - [2024-08-10T23:28:55.479+0000] {dag.py:3089} INFO - Sync 1 DAGs
[2024-08-10T23:28:55.489+0000] {logging_mixin.py:188} INFO - [2024-08-10T23:28:55.489+0000] {dag.py:3947} INFO - Setting next_dagrun for example_bash_decorator to None, run_after=None
[2024-08-10T23:28:55.504+0000] {processor.py:183} INFO - Processing /home/airflow/.local/lib/python3.12/site-packages/airflow/example_dags/example_bash_decorator.py took 0.060 seconds
[2024-08-10T23:29:25.794+0000] {processor.py:161} INFO - Started process (PID=419) to work on /home/airflow/.local/lib/python3.12/site-packages/airflow/example_dags/example_bash_decorator.py
[2024-08-10T23:29:25.795+0000] {processor.py:830} INFO - Processing file /home/airflow/.local/lib/python3.12/site-packages/airflow/example_dags/example_bash_decorator.py for tasks to queue
[2024-08-10T23:29:25.796+0000] {logging_mixin.py:188} INFO - [2024-08-10T23:29:25.796+0000] {dagbag.py:545} INFO - Filling up the DagBag from /home/airflow/.local/lib/python3.12/site-packages/airflow/example_dags/example_bash_decorator.py
[2024-08-10T23:29:25.806+0000] {processor.py:840} INFO - DAG(s) 'example_bash_decorator' retrieved from /home/airflow/.local/lib/python3.12/site-packages/airflow/example_dags/example_bash_decorator.py
[2024-08-10T23:29:25.826+0000] {logging_mixin.py:188} INFO - [2024-08-10T23:29:25.825+0000] {dag.py:3089} INFO - Sync 1 DAGs
[2024-08-10T23:29:25.836+0000] {logging_mixin.py:188} INFO - [2024-08-10T23:29:25.835+0000] {dag.py:3947} INFO - Setting next_dagrun for example_bash_decorator to None, run_after=None
[2024-08-10T23:29:25.852+0000] {processor.py:183} INFO - Processing /home/airflow/.local/lib/python3.12/site-packages/airflow/example_dags/example_bash_decorator.py took 0.062 seconds
[2024-08-10T23:29:56.201+0000] {processor.py:161} INFO - Started process (PID=477) to work on /home/airflow/.local/lib/python3.12/site-packages/airflow/example_dags/example_bash_decorator.py
[2024-08-10T23:29:56.201+0000] {processor.py:830} INFO - Processing file /home/airflow/.local/lib/python3.12/site-packages/airflow/example_dags/example_bash_decorator.py for tasks to queue
[2024-08-10T23:29:56.203+0000] {logging_mixin.py:188} INFO - [2024-08-10T23:29:56.203+0000] {dagbag.py:545} INFO - Filling up the DagBag from /home/airflow/.local/lib/python3.12/site-packages/airflow/example_dags/example_bash_decorator.py
[2024-08-10T23:29:56.212+0000] {processor.py:840} INFO - DAG(s) 'example_bash_decorator' retrieved from /home/airflow/.local/lib/python3.12/site-packages/airflow/example_dags/example_bash_decorator.py
[2024-08-10T23:29:56.231+0000] {logging_mixin.py:188} INFO - [2024-08-10T23:29:56.231+0000] {dag.py:3089} INFO - Sync 1 DAGs
[2024-08-10T23:29:56.241+0000] {logging_mixin.py:188} INFO - [2024-08-10T23:29:56.241+0000] {dag.py:3947} INFO - Setting next_dagrun for example_bash_decorator to None, run_after=None
[2024-08-10T23:29:56.255+0000] {processor.py:183} INFO - Processing /home/airflow/.local/lib/python3.12/site-packages/airflow/example_dags/example_bash_decorator.py took 0.059 seconds
