[2024-08-10T23:26:23.516+0000] {processor.py:161} INFO - Started process (PID=72) to work on /home/airflow/.local/lib/python3.12/site-packages/airflow/example_dags/example_latest_only.py
[2024-08-10T23:26:23.520+0000] {processor.py:830} INFO - Processing file /home/airflow/.local/lib/python3.12/site-packages/airflow/example_dags/example_latest_only.py for tasks to queue
[2024-08-10T23:26:23.531+0000] {logging_mixin.py:188} INFO - [2024-08-10T23:26:23.529+0000] {dagbag.py:545} INFO - Filling up the DagBag from /home/airflow/.local/lib/python3.12/site-packages/airflow/example_dags/example_latest_only.py
[2024-08-10T23:26:23.546+0000] {processor.py:840} INFO - DAG(s) 'latest_only' retrieved from /home/airflow/.local/lib/python3.12/site-packages/airflow/example_dags/example_latest_only.py
[2024-08-10T23:26:23.569+0000] {logging_mixin.py:188} INFO - [2024-08-10T23:26:23.569+0000] {dag.py:3089} INFO - Sync 1 DAGs
[2024-08-10T23:26:23.623+0000] {logging_mixin.py:188} INFO - [2024-08-10T23:26:23.623+0000] {dag.py:3947} INFO - Setting next_dagrun for latest_only to 2024-08-10 16:00:00+00:00, run_after=2024-08-10 20:00:00+00:00
[2024-08-10T23:26:23.654+0000] {processor.py:183} INFO - Processing /home/airflow/.local/lib/python3.12/site-packages/airflow/example_dags/example_latest_only.py took 0.156 seconds
[2024-08-10T23:26:54.058+0000] {processor.py:161} INFO - Started process (PID=130) to work on /home/airflow/.local/lib/python3.12/site-packages/airflow/example_dags/example_latest_only.py
[2024-08-10T23:26:54.059+0000] {processor.py:830} INFO - Processing file /home/airflow/.local/lib/python3.12/site-packages/airflow/example_dags/example_latest_only.py for tasks to queue
[2024-08-10T23:26:54.060+0000] {logging_mixin.py:188} INFO - [2024-08-10T23:26:54.060+0000] {dagbag.py:545} INFO - Filling up the DagBag from /home/airflow/.local/lib/python3.12/site-packages/airflow/example_dags/example_latest_only.py
[2024-08-10T23:26:54.063+0000] {processor.py:840} INFO - DAG(s) 'latest_only' retrieved from /home/airflow/.local/lib/python3.12/site-packages/airflow/example_dags/example_latest_only.py
[2024-08-10T23:26:54.148+0000] {logging_mixin.py:188} INFO - [2024-08-10T23:26:54.148+0000] {dag.py:3089} INFO - Sync 1 DAGs
[2024-08-10T23:26:54.167+0000] {logging_mixin.py:188} INFO - [2024-08-10T23:26:54.167+0000] {dag.py:3947} INFO - Setting next_dagrun for latest_only to 2024-08-10 16:00:00+00:00, run_after=2024-08-10 20:00:00+00:00
[2024-08-10T23:26:54.187+0000] {processor.py:183} INFO - Processing /home/airflow/.local/lib/python3.12/site-packages/airflow/example_dags/example_latest_only.py took 0.133 seconds
[2024-08-10T23:27:24.445+0000] {processor.py:161} INFO - Started process (PID=188) to work on /home/airflow/.local/lib/python3.12/site-packages/airflow/example_dags/example_latest_only.py
[2024-08-10T23:27:24.446+0000] {processor.py:830} INFO - Processing file /home/airflow/.local/lib/python3.12/site-packages/airflow/example_dags/example_latest_only.py for tasks to queue
[2024-08-10T23:27:24.448+0000] {logging_mixin.py:188} INFO - [2024-08-10T23:27:24.448+0000] {dagbag.py:545} INFO - Filling up the DagBag from /home/airflow/.local/lib/python3.12/site-packages/airflow/example_dags/example_latest_only.py
[2024-08-10T23:27:24.451+0000] {processor.py:840} INFO - DAG(s) 'latest_only' retrieved from /home/airflow/.local/lib/python3.12/site-packages/airflow/example_dags/example_latest_only.py
[2024-08-10T23:27:24.466+0000] {logging_mixin.py:188} INFO - [2024-08-10T23:27:24.466+0000] {dag.py:3089} INFO - Sync 1 DAGs
[2024-08-10T23:27:24.484+0000] {logging_mixin.py:188} INFO - [2024-08-10T23:27:24.484+0000] {dag.py:3947} INFO - Setting next_dagrun for latest_only to 2024-08-10 16:00:00+00:00, run_after=2024-08-10 20:00:00+00:00
[2024-08-10T23:27:24.502+0000] {processor.py:183} INFO - Processing /home/airflow/.local/lib/python3.12/site-packages/airflow/example_dags/example_latest_only.py took 0.061 seconds
[2024-08-10T23:27:54.779+0000] {processor.py:161} INFO - Started process (PID=246) to work on /home/airflow/.local/lib/python3.12/site-packages/airflow/example_dags/example_latest_only.py
[2024-08-10T23:27:54.780+0000] {processor.py:830} INFO - Processing file /home/airflow/.local/lib/python3.12/site-packages/airflow/example_dags/example_latest_only.py for tasks to queue
[2024-08-10T23:27:54.781+0000] {logging_mixin.py:188} INFO - [2024-08-10T23:27:54.781+0000] {dagbag.py:545} INFO - Filling up the DagBag from /home/airflow/.local/lib/python3.12/site-packages/airflow/example_dags/example_latest_only.py
[2024-08-10T23:27:54.785+0000] {processor.py:840} INFO - DAG(s) 'latest_only' retrieved from /home/airflow/.local/lib/python3.12/site-packages/airflow/example_dags/example_latest_only.py
[2024-08-10T23:27:54.800+0000] {logging_mixin.py:188} INFO - [2024-08-10T23:27:54.800+0000] {dag.py:3089} INFO - Sync 1 DAGs
[2024-08-10T23:27:54.817+0000] {logging_mixin.py:188} INFO - [2024-08-10T23:27:54.817+0000] {dag.py:3947} INFO - Setting next_dagrun for latest_only to 2024-08-10 16:00:00+00:00, run_after=2024-08-10 20:00:00+00:00
[2024-08-10T23:27:54.834+0000] {processor.py:183} INFO - Processing /home/airflow/.local/lib/python3.12/site-packages/airflow/example_dags/example_latest_only.py took 0.058 seconds
[2024-08-10T23:28:25.227+0000] {processor.py:161} INFO - Started process (PID=304) to work on /home/airflow/.local/lib/python3.12/site-packages/airflow/example_dags/example_latest_only.py
[2024-08-10T23:28:25.228+0000] {processor.py:830} INFO - Processing file /home/airflow/.local/lib/python3.12/site-packages/airflow/example_dags/example_latest_only.py for tasks to queue
[2024-08-10T23:28:25.230+0000] {logging_mixin.py:188} INFO - [2024-08-10T23:28:25.230+0000] {dagbag.py:545} INFO - Filling up the DagBag from /home/airflow/.local/lib/python3.12/site-packages/airflow/example_dags/example_latest_only.py
[2024-08-10T23:28:25.234+0000] {processor.py:840} INFO - DAG(s) 'latest_only' retrieved from /home/airflow/.local/lib/python3.12/site-packages/airflow/example_dags/example_latest_only.py
[2024-08-10T23:28:25.251+0000] {logging_mixin.py:188} INFO - [2024-08-10T23:28:25.250+0000] {dag.py:3089} INFO - Sync 1 DAGs
[2024-08-10T23:28:25.270+0000] {logging_mixin.py:188} INFO - [2024-08-10T23:28:25.269+0000] {dag.py:3947} INFO - Setting next_dagrun for latest_only to 2024-08-10 16:00:00+00:00, run_after=2024-08-10 20:00:00+00:00
[2024-08-10T23:28:25.288+0000] {processor.py:183} INFO - Processing /home/airflow/.local/lib/python3.12/site-packages/airflow/example_dags/example_latest_only.py took 0.066 seconds
[2024-08-10T23:28:55.460+0000] {processor.py:161} INFO - Started process (PID=362) to work on /home/airflow/.local/lib/python3.12/site-packages/airflow/example_dags/example_latest_only.py
[2024-08-10T23:28:55.461+0000] {processor.py:830} INFO - Processing file /home/airflow/.local/lib/python3.12/site-packages/airflow/example_dags/example_latest_only.py for tasks to queue
[2024-08-10T23:28:55.463+0000] {logging_mixin.py:188} INFO - [2024-08-10T23:28:55.462+0000] {dagbag.py:545} INFO - Filling up the DagBag from /home/airflow/.local/lib/python3.12/site-packages/airflow/example_dags/example_latest_only.py
[2024-08-10T23:28:55.466+0000] {processor.py:840} INFO - DAG(s) 'latest_only' retrieved from /home/airflow/.local/lib/python3.12/site-packages/airflow/example_dags/example_latest_only.py
[2024-08-10T23:28:55.481+0000] {logging_mixin.py:188} INFO - [2024-08-10T23:28:55.481+0000] {dag.py:3089} INFO - Sync 1 DAGs
[2024-08-10T23:28:55.497+0000] {logging_mixin.py:188} INFO - [2024-08-10T23:28:55.497+0000] {dag.py:3947} INFO - Setting next_dagrun for latest_only to 2024-08-10 16:00:00+00:00, run_after=2024-08-10 20:00:00+00:00
[2024-08-10T23:28:55.512+0000] {processor.py:183} INFO - Processing /home/airflow/.local/lib/python3.12/site-packages/airflow/example_dags/example_latest_only.py took 0.056 seconds
[2024-08-10T23:29:25.802+0000] {processor.py:161} INFO - Started process (PID=420) to work on /home/airflow/.local/lib/python3.12/site-packages/airflow/example_dags/example_latest_only.py
[2024-08-10T23:29:25.803+0000] {processor.py:830} INFO - Processing file /home/airflow/.local/lib/python3.12/site-packages/airflow/example_dags/example_latest_only.py for tasks to queue
[2024-08-10T23:29:25.805+0000] {logging_mixin.py:188} INFO - [2024-08-10T23:29:25.804+0000] {dagbag.py:545} INFO - Filling up the DagBag from /home/airflow/.local/lib/python3.12/site-packages/airflow/example_dags/example_latest_only.py
[2024-08-10T23:29:25.808+0000] {processor.py:840} INFO - DAG(s) 'latest_only' retrieved from /home/airflow/.local/lib/python3.12/site-packages/airflow/example_dags/example_latest_only.py
[2024-08-10T23:29:25.823+0000] {logging_mixin.py:188} INFO - [2024-08-10T23:29:25.823+0000] {dag.py:3089} INFO - Sync 1 DAGs
[2024-08-10T23:29:25.842+0000] {logging_mixin.py:188} INFO - [2024-08-10T23:29:25.841+0000] {dag.py:3947} INFO - Setting next_dagrun for latest_only to 2024-08-10 16:00:00+00:00, run_after=2024-08-10 20:00:00+00:00
[2024-08-10T23:29:25.857+0000] {processor.py:183} INFO - Processing /home/airflow/.local/lib/python3.12/site-packages/airflow/example_dags/example_latest_only.py took 0.059 seconds
[2024-08-10T23:29:56.211+0000] {processor.py:161} INFO - Started process (PID=478) to work on /home/airflow/.local/lib/python3.12/site-packages/airflow/example_dags/example_latest_only.py
[2024-08-10T23:29:56.212+0000] {processor.py:830} INFO - Processing file /home/airflow/.local/lib/python3.12/site-packages/airflow/example_dags/example_latest_only.py for tasks to queue
[2024-08-10T23:29:56.213+0000] {logging_mixin.py:188} INFO - [2024-08-10T23:29:56.213+0000] {dagbag.py:545} INFO - Filling up the DagBag from /home/airflow/.local/lib/python3.12/site-packages/airflow/example_dags/example_latest_only.py
[2024-08-10T23:29:56.217+0000] {processor.py:840} INFO - DAG(s) 'latest_only' retrieved from /home/airflow/.local/lib/python3.12/site-packages/airflow/example_dags/example_latest_only.py
[2024-08-10T23:29:56.231+0000] {logging_mixin.py:188} INFO - [2024-08-10T23:29:56.231+0000] {dag.py:3089} INFO - Sync 1 DAGs
[2024-08-10T23:29:56.247+0000] {logging_mixin.py:188} INFO - [2024-08-10T23:29:56.247+0000] {dag.py:3947} INFO - Setting next_dagrun for latest_only to 2024-08-10 16:00:00+00:00, run_after=2024-08-10 20:00:00+00:00
[2024-08-10T23:29:56.263+0000] {processor.py:183} INFO - Processing /home/airflow/.local/lib/python3.12/site-packages/airflow/example_dags/example_latest_only.py took 0.055 seconds
[2024-08-10T23:30:26.395+0000] {processor.py:161} INFO - Started process (PID=536) to work on /home/airflow/.local/lib/python3.12/site-packages/airflow/example_dags/example_latest_only.py
[2024-08-10T23:30:26.396+0000] {processor.py:830} INFO - Processing file /home/airflow/.local/lib/python3.12/site-packages/airflow/example_dags/example_latest_only.py for tasks to queue
[2024-08-10T23:30:26.397+0000] {logging_mixin.py:188} INFO - [2024-08-10T23:30:26.397+0000] {dagbag.py:545} INFO - Filling up the DagBag from /home/airflow/.local/lib/python3.12/site-packages/airflow/example_dags/example_latest_only.py
[2024-08-10T23:30:26.400+0000] {processor.py:840} INFO - DAG(s) 'latest_only' retrieved from /home/airflow/.local/lib/python3.12/site-packages/airflow/example_dags/example_latest_only.py
[2024-08-10T23:30:26.415+0000] {logging_mixin.py:188} INFO - [2024-08-10T23:30:26.415+0000] {dag.py:3089} INFO - Sync 1 DAGs
[2024-08-10T23:30:26.432+0000] {logging_mixin.py:188} INFO - [2024-08-10T23:30:26.432+0000] {dag.py:3947} INFO - Setting next_dagrun for latest_only to 2024-08-10 16:00:00+00:00, run_after=2024-08-10 20:00:00+00:00
[2024-08-10T23:30:26.448+0000] {processor.py:183} INFO - Processing /home/airflow/.local/lib/python3.12/site-packages/airflow/example_dags/example_latest_only.py took 0.057 seconds
[2024-08-10T23:30:56.786+0000] {processor.py:161} INFO - Started process (PID=594) to work on /home/airflow/.local/lib/python3.12/site-packages/airflow/example_dags/example_latest_only.py
[2024-08-10T23:30:56.786+0000] {processor.py:830} INFO - Processing file /home/airflow/.local/lib/python3.12/site-packages/airflow/example_dags/example_latest_only.py for tasks to queue
[2024-08-10T23:30:56.788+0000] {logging_mixin.py:188} INFO - [2024-08-10T23:30:56.787+0000] {dagbag.py:545} INFO - Filling up the DagBag from /home/airflow/.local/lib/python3.12/site-packages/airflow/example_dags/example_latest_only.py
[2024-08-10T23:30:56.791+0000] {processor.py:840} INFO - DAG(s) 'latest_only' retrieved from /home/airflow/.local/lib/python3.12/site-packages/airflow/example_dags/example_latest_only.py
[2024-08-10T23:30:56.808+0000] {logging_mixin.py:188} INFO - [2024-08-10T23:30:56.807+0000] {dag.py:3089} INFO - Sync 1 DAGs
[2024-08-10T23:30:56.825+0000] {logging_mixin.py:188} INFO - [2024-08-10T23:30:56.825+0000] {dag.py:3947} INFO - Setting next_dagrun for latest_only to 2024-08-10 16:00:00+00:00, run_after=2024-08-10 20:00:00+00:00
[2024-08-10T23:30:56.842+0000] {processor.py:183} INFO - Processing /home/airflow/.local/lib/python3.12/site-packages/airflow/example_dags/example_latest_only.py took 0.061 seconds
