[2024-08-10T23:26:22.882+0000] {processor.py:161} INFO - Started process (PID=65) to work on /home/airflow/.local/lib/python3.12/site-packages/airflow/example_dags/tutorial_objectstorage.py
[2024-08-10T23:26:22.883+0000] {processor.py:830} INFO - Processing file /home/airflow/.local/lib/python3.12/site-packages/airflow/example_dags/tutorial_objectstorage.py for tasks to queue
[2024-08-10T23:26:22.884+0000] {logging_mixin.py:188} INFO - [2024-08-10T23:26:22.884+0000] {dagbag.py:545} INFO - Filling up the DagBag from /home/airflow/.local/lib/python3.12/site-packages/airflow/example_dags/tutorial_objectstorage.py
[2024-08-10T23:26:22.893+0000] {processor.py:840} INFO - DAG(s) 'tutorial_objectstorage' retrieved from /home/airflow/.local/lib/python3.12/site-packages/airflow/example_dags/tutorial_objectstorage.py
[2024-08-10T23:26:22.908+0000] {logging_mixin.py:188} INFO - [2024-08-10T23:26:22.908+0000] {dag.py:3089} INFO - Sync 1 DAGs
[2024-08-10T23:26:22.927+0000] {logging_mixin.py:188} INFO - [2024-08-10T23:26:22.927+0000] {dag.py:3947} INFO - Setting next_dagrun for tutorial_objectstorage to None, run_after=None
[2024-08-10T23:26:22.951+0000] {processor.py:183} INFO - Processing /home/airflow/.local/lib/python3.12/site-packages/airflow/example_dags/tutorial_objectstorage.py took 0.073 seconds
[2024-08-10T23:26:53.515+0000] {processor.py:161} INFO - Started process (PID=123) to work on /home/airflow/.local/lib/python3.12/site-packages/airflow/example_dags/tutorial_objectstorage.py
[2024-08-10T23:26:53.515+0000] {processor.py:830} INFO - Processing file /home/airflow/.local/lib/python3.12/site-packages/airflow/example_dags/tutorial_objectstorage.py for tasks to queue
[2024-08-10T23:26:53.516+0000] {logging_mixin.py:188} INFO - [2024-08-10T23:26:53.516+0000] {dagbag.py:545} INFO - Filling up the DagBag from /home/airflow/.local/lib/python3.12/site-packages/airflow/example_dags/tutorial_objectstorage.py
[2024-08-10T23:26:53.521+0000] {processor.py:840} INFO - DAG(s) 'tutorial_objectstorage' retrieved from /home/airflow/.local/lib/python3.12/site-packages/airflow/example_dags/tutorial_objectstorage.py
[2024-08-10T23:26:53.603+0000] {logging_mixin.py:188} INFO - [2024-08-10T23:26:53.603+0000] {dag.py:3089} INFO - Sync 1 DAGs
[2024-08-10T23:26:53.611+0000] {logging_mixin.py:188} INFO - [2024-08-10T23:26:53.611+0000] {dag.py:3947} INFO - Setting next_dagrun for tutorial_objectstorage to None, run_after=None
[2024-08-10T23:26:53.626+0000] {processor.py:183} INFO - Processing /home/airflow/.local/lib/python3.12/site-packages/airflow/example_dags/tutorial_objectstorage.py took 0.116 seconds
[2024-08-10T23:27:24.145+0000] {processor.py:161} INFO - Started process (PID=181) to work on /home/airflow/.local/lib/python3.12/site-packages/airflow/example_dags/tutorial_objectstorage.py
[2024-08-10T23:27:24.146+0000] {processor.py:830} INFO - Processing file /home/airflow/.local/lib/python3.12/site-packages/airflow/example_dags/tutorial_objectstorage.py for tasks to queue
[2024-08-10T23:27:24.147+0000] {logging_mixin.py:188} INFO - [2024-08-10T23:27:24.147+0000] {dagbag.py:545} INFO - Filling up the DagBag from /home/airflow/.local/lib/python3.12/site-packages/airflow/example_dags/tutorial_objectstorage.py
[2024-08-10T23:27:24.153+0000] {processor.py:840} INFO - DAG(s) 'tutorial_objectstorage' retrieved from /home/airflow/.local/lib/python3.12/site-packages/airflow/example_dags/tutorial_objectstorage.py
[2024-08-10T23:27:24.170+0000] {logging_mixin.py:188} INFO - [2024-08-10T23:27:24.169+0000] {dag.py:3089} INFO - Sync 1 DAGs
[2024-08-10T23:27:24.180+0000] {logging_mixin.py:188} INFO - [2024-08-10T23:27:24.180+0000] {dag.py:3947} INFO - Setting next_dagrun for tutorial_objectstorage to None, run_after=None
[2024-08-10T23:27:24.198+0000] {processor.py:183} INFO - Processing /home/airflow/.local/lib/python3.12/site-packages/airflow/example_dags/tutorial_objectstorage.py took 0.057 seconds
[2024-08-10T23:27:54.531+0000] {processor.py:161} INFO - Started process (PID=239) to work on /home/airflow/.local/lib/python3.12/site-packages/airflow/example_dags/tutorial_objectstorage.py
[2024-08-10T23:27:54.532+0000] {processor.py:830} INFO - Processing file /home/airflow/.local/lib/python3.12/site-packages/airflow/example_dags/tutorial_objectstorage.py for tasks to queue
[2024-08-10T23:27:54.533+0000] {logging_mixin.py:188} INFO - [2024-08-10T23:27:54.533+0000] {dagbag.py:545} INFO - Filling up the DagBag from /home/airflow/.local/lib/python3.12/site-packages/airflow/example_dags/tutorial_objectstorage.py
[2024-08-10T23:27:54.538+0000] {processor.py:840} INFO - DAG(s) 'tutorial_objectstorage' retrieved from /home/airflow/.local/lib/python3.12/site-packages/airflow/example_dags/tutorial_objectstorage.py
[2024-08-10T23:27:54.553+0000] {logging_mixin.py:188} INFO - [2024-08-10T23:27:54.553+0000] {dag.py:3089} INFO - Sync 1 DAGs
[2024-08-10T23:27:54.563+0000] {logging_mixin.py:188} INFO - [2024-08-10T23:27:54.563+0000] {dag.py:3947} INFO - Setting next_dagrun for tutorial_objectstorage to None, run_after=None
[2024-08-10T23:27:54.578+0000] {processor.py:183} INFO - Processing /home/airflow/.local/lib/python3.12/site-packages/airflow/example_dags/tutorial_objectstorage.py took 0.052 seconds
[2024-08-10T23:28:24.904+0000] {processor.py:161} INFO - Started process (PID=297) to work on /home/airflow/.local/lib/python3.12/site-packages/airflow/example_dags/tutorial_objectstorage.py
[2024-08-10T23:28:24.905+0000] {processor.py:830} INFO - Processing file /home/airflow/.local/lib/python3.12/site-packages/airflow/example_dags/tutorial_objectstorage.py for tasks to queue
[2024-08-10T23:28:24.906+0000] {logging_mixin.py:188} INFO - [2024-08-10T23:28:24.906+0000] {dagbag.py:545} INFO - Filling up the DagBag from /home/airflow/.local/lib/python3.12/site-packages/airflow/example_dags/tutorial_objectstorage.py
[2024-08-10T23:28:24.911+0000] {processor.py:840} INFO - DAG(s) 'tutorial_objectstorage' retrieved from /home/airflow/.local/lib/python3.12/site-packages/airflow/example_dags/tutorial_objectstorage.py
[2024-08-10T23:28:24.927+0000] {logging_mixin.py:188} INFO - [2024-08-10T23:28:24.927+0000] {dag.py:3089} INFO - Sync 1 DAGs
[2024-08-10T23:28:24.938+0000] {logging_mixin.py:188} INFO - [2024-08-10T23:28:24.937+0000] {dag.py:3947} INFO - Setting next_dagrun for tutorial_objectstorage to None, run_after=None
[2024-08-10T23:28:24.953+0000] {processor.py:183} INFO - Processing /home/airflow/.local/lib/python3.12/site-packages/airflow/example_dags/tutorial_objectstorage.py took 0.053 seconds
[2024-08-10T23:28:55.214+0000] {processor.py:161} INFO - Started process (PID=355) to work on /home/airflow/.local/lib/python3.12/site-packages/airflow/example_dags/tutorial_objectstorage.py
[2024-08-10T23:28:55.214+0000] {processor.py:830} INFO - Processing file /home/airflow/.local/lib/python3.12/site-packages/airflow/example_dags/tutorial_objectstorage.py for tasks to queue
[2024-08-10T23:28:55.216+0000] {logging_mixin.py:188} INFO - [2024-08-10T23:28:55.215+0000] {dagbag.py:545} INFO - Filling up the DagBag from /home/airflow/.local/lib/python3.12/site-packages/airflow/example_dags/tutorial_objectstorage.py
[2024-08-10T23:28:55.221+0000] {processor.py:840} INFO - DAG(s) 'tutorial_objectstorage' retrieved from /home/airflow/.local/lib/python3.12/site-packages/airflow/example_dags/tutorial_objectstorage.py
[2024-08-10T23:28:55.237+0000] {logging_mixin.py:188} INFO - [2024-08-10T23:28:55.236+0000] {dag.py:3089} INFO - Sync 1 DAGs
[2024-08-10T23:28:55.246+0000] {logging_mixin.py:188} INFO - [2024-08-10T23:28:55.246+0000] {dag.py:3947} INFO - Setting next_dagrun for tutorial_objectstorage to None, run_after=None
[2024-08-10T23:28:55.262+0000] {processor.py:183} INFO - Processing /home/airflow/.local/lib/python3.12/site-packages/airflow/example_dags/tutorial_objectstorage.py took 0.053 seconds
[2024-08-10T23:29:25.477+0000] {processor.py:161} INFO - Started process (PID=413) to work on /home/airflow/.local/lib/python3.12/site-packages/airflow/example_dags/tutorial_objectstorage.py
[2024-08-10T23:29:25.477+0000] {processor.py:830} INFO - Processing file /home/airflow/.local/lib/python3.12/site-packages/airflow/example_dags/tutorial_objectstorage.py for tasks to queue
[2024-08-10T23:29:25.479+0000] {logging_mixin.py:188} INFO - [2024-08-10T23:29:25.478+0000] {dagbag.py:545} INFO - Filling up the DagBag from /home/airflow/.local/lib/python3.12/site-packages/airflow/example_dags/tutorial_objectstorage.py
[2024-08-10T23:29:25.484+0000] {processor.py:840} INFO - DAG(s) 'tutorial_objectstorage' retrieved from /home/airflow/.local/lib/python3.12/site-packages/airflow/example_dags/tutorial_objectstorage.py
[2024-08-10T23:29:25.499+0000] {logging_mixin.py:188} INFO - [2024-08-10T23:29:25.499+0000] {dag.py:3089} INFO - Sync 1 DAGs
[2024-08-10T23:29:25.509+0000] {logging_mixin.py:188} INFO - [2024-08-10T23:29:25.509+0000] {dag.py:3947} INFO - Setting next_dagrun for tutorial_objectstorage to None, run_after=None
[2024-08-10T23:29:25.526+0000] {processor.py:183} INFO - Processing /home/airflow/.local/lib/python3.12/site-packages/airflow/example_dags/tutorial_objectstorage.py took 0.053 seconds
[2024-08-10T23:29:55.887+0000] {processor.py:161} INFO - Started process (PID=471) to work on /home/airflow/.local/lib/python3.12/site-packages/airflow/example_dags/tutorial_objectstorage.py
[2024-08-10T23:29:55.888+0000] {processor.py:830} INFO - Processing file /home/airflow/.local/lib/python3.12/site-packages/airflow/example_dags/tutorial_objectstorage.py for tasks to queue
[2024-08-10T23:29:55.890+0000] {logging_mixin.py:188} INFO - [2024-08-10T23:29:55.889+0000] {dagbag.py:545} INFO - Filling up the DagBag from /home/airflow/.local/lib/python3.12/site-packages/airflow/example_dags/tutorial_objectstorage.py
[2024-08-10T23:29:55.895+0000] {processor.py:840} INFO - DAG(s) 'tutorial_objectstorage' retrieved from /home/airflow/.local/lib/python3.12/site-packages/airflow/example_dags/tutorial_objectstorage.py
[2024-08-10T23:29:55.911+0000] {logging_mixin.py:188} INFO - [2024-08-10T23:29:55.910+0000] {dag.py:3089} INFO - Sync 1 DAGs
[2024-08-10T23:29:55.921+0000] {logging_mixin.py:188} INFO - [2024-08-10T23:29:55.920+0000] {dag.py:3947} INFO - Setting next_dagrun for tutorial_objectstorage to None, run_after=None
[2024-08-10T23:29:55.938+0000] {processor.py:183} INFO - Processing /home/airflow/.local/lib/python3.12/site-packages/airflow/example_dags/tutorial_objectstorage.py took 0.055 seconds
[2024-08-10T23:30:26.150+0000] {processor.py:161} INFO - Started process (PID=529) to work on /home/airflow/.local/lib/python3.12/site-packages/airflow/example_dags/tutorial_objectstorage.py
[2024-08-10T23:30:26.151+0000] {processor.py:830} INFO - Processing file /home/airflow/.local/lib/python3.12/site-packages/airflow/example_dags/tutorial_objectstorage.py for tasks to queue
[2024-08-10T23:30:26.152+0000] {logging_mixin.py:188} INFO - [2024-08-10T23:30:26.152+0000] {dagbag.py:545} INFO - Filling up the DagBag from /home/airflow/.local/lib/python3.12/site-packages/airflow/example_dags/tutorial_objectstorage.py
[2024-08-10T23:30:26.157+0000] {processor.py:840} INFO - DAG(s) 'tutorial_objectstorage' retrieved from /home/airflow/.local/lib/python3.12/site-packages/airflow/example_dags/tutorial_objectstorage.py
[2024-08-10T23:30:26.171+0000] {logging_mixin.py:188} INFO - [2024-08-10T23:30:26.171+0000] {dag.py:3089} INFO - Sync 1 DAGs
[2024-08-10T23:30:26.181+0000] {logging_mixin.py:188} INFO - [2024-08-10T23:30:26.180+0000] {dag.py:3947} INFO - Setting next_dagrun for tutorial_objectstorage to None, run_after=None
[2024-08-10T23:30:26.195+0000] {processor.py:183} INFO - Processing /home/airflow/.local/lib/python3.12/site-packages/airflow/example_dags/tutorial_objectstorage.py took 0.048 seconds
[2024-08-10T23:30:56.476+0000] {processor.py:161} INFO - Started process (PID=587) to work on /home/airflow/.local/lib/python3.12/site-packages/airflow/example_dags/tutorial_objectstorage.py
[2024-08-10T23:30:56.477+0000] {processor.py:830} INFO - Processing file /home/airflow/.local/lib/python3.12/site-packages/airflow/example_dags/tutorial_objectstorage.py for tasks to queue
[2024-08-10T23:30:56.478+0000] {logging_mixin.py:188} INFO - [2024-08-10T23:30:56.478+0000] {dagbag.py:545} INFO - Filling up the DagBag from /home/airflow/.local/lib/python3.12/site-packages/airflow/example_dags/tutorial_objectstorage.py
[2024-08-10T23:30:56.485+0000] {processor.py:840} INFO - DAG(s) 'tutorial_objectstorage' retrieved from /home/airflow/.local/lib/python3.12/site-packages/airflow/example_dags/tutorial_objectstorage.py
[2024-08-10T23:30:56.505+0000] {logging_mixin.py:188} INFO - [2024-08-10T23:30:56.505+0000] {dag.py:3089} INFO - Sync 1 DAGs
[2024-08-10T23:30:56.516+0000] {logging_mixin.py:188} INFO - [2024-08-10T23:30:56.516+0000] {dag.py:3947} INFO - Setting next_dagrun for tutorial_objectstorage to None, run_after=None
[2024-08-10T23:30:56.535+0000] {processor.py:183} INFO - Processing /home/airflow/.local/lib/python3.12/site-packages/airflow/example_dags/tutorial_objectstorage.py took 0.066 seconds
[2024-08-10T23:31:26.993+0000] {processor.py:161} INFO - Started process (PID=646) to work on /home/airflow/.local/lib/python3.12/site-packages/airflow/example_dags/tutorial_objectstorage.py
[2024-08-10T23:31:26.994+0000] {processor.py:830} INFO - Processing file /home/airflow/.local/lib/python3.12/site-packages/airflow/example_dags/tutorial_objectstorage.py for tasks to queue
[2024-08-10T23:31:26.995+0000] {logging_mixin.py:188} INFO - [2024-08-10T23:31:26.995+0000] {dagbag.py:545} INFO - Filling up the DagBag from /home/airflow/.local/lib/python3.12/site-packages/airflow/example_dags/tutorial_objectstorage.py
[2024-08-10T23:31:27.000+0000] {processor.py:840} INFO - DAG(s) 'tutorial_objectstorage' retrieved from /home/airflow/.local/lib/python3.12/site-packages/airflow/example_dags/tutorial_objectstorage.py
[2024-08-10T23:31:27.015+0000] {logging_mixin.py:188} INFO - [2024-08-10T23:31:27.015+0000] {dag.py:3089} INFO - Sync 1 DAGs
[2024-08-10T23:31:27.025+0000] {logging_mixin.py:188} INFO - [2024-08-10T23:31:27.024+0000] {dag.py:3947} INFO - Setting next_dagrun for tutorial_objectstorage to None, run_after=None
[2024-08-10T23:31:27.039+0000] {processor.py:183} INFO - Processing /home/airflow/.local/lib/python3.12/site-packages/airflow/example_dags/tutorial_objectstorage.py took 0.053 seconds
[2024-08-10T23:31:57.370+0000] {processor.py:161} INFO - Started process (PID=704) to work on /home/airflow/.local/lib/python3.12/site-packages/airflow/example_dags/tutorial_objectstorage.py
[2024-08-10T23:31:57.371+0000] {processor.py:830} INFO - Processing file /home/airflow/.local/lib/python3.12/site-packages/airflow/example_dags/tutorial_objectstorage.py for tasks to queue
[2024-08-10T23:31:57.372+0000] {logging_mixin.py:188} INFO - [2024-08-10T23:31:57.372+0000] {dagbag.py:545} INFO - Filling up the DagBag from /home/airflow/.local/lib/python3.12/site-packages/airflow/example_dags/tutorial_objectstorage.py
[2024-08-10T23:31:57.377+0000] {processor.py:840} INFO - DAG(s) 'tutorial_objectstorage' retrieved from /home/airflow/.local/lib/python3.12/site-packages/airflow/example_dags/tutorial_objectstorage.py
[2024-08-10T23:31:57.393+0000] {logging_mixin.py:188} INFO - [2024-08-10T23:31:57.393+0000] {dag.py:3089} INFO - Sync 1 DAGs
[2024-08-10T23:31:57.404+0000] {logging_mixin.py:188} INFO - [2024-08-10T23:31:57.403+0000] {dag.py:3947} INFO - Setting next_dagrun for tutorial_objectstorage to None, run_after=None
[2024-08-10T23:31:57.418+0000] {processor.py:183} INFO - Processing /home/airflow/.local/lib/python3.12/site-packages/airflow/example_dags/tutorial_objectstorage.py took 0.052 seconds
[2024-08-10T23:32:27.757+0000] {processor.py:161} INFO - Started process (PID=762) to work on /home/airflow/.local/lib/python3.12/site-packages/airflow/example_dags/tutorial_objectstorage.py
[2024-08-10T23:32:27.758+0000] {processor.py:830} INFO - Processing file /home/airflow/.local/lib/python3.12/site-packages/airflow/example_dags/tutorial_objectstorage.py for tasks to queue
[2024-08-10T23:32:27.760+0000] {logging_mixin.py:188} INFO - [2024-08-10T23:32:27.759+0000] {dagbag.py:545} INFO - Filling up the DagBag from /home/airflow/.local/lib/python3.12/site-packages/airflow/example_dags/tutorial_objectstorage.py
[2024-08-10T23:32:27.766+0000] {processor.py:840} INFO - DAG(s) 'tutorial_objectstorage' retrieved from /home/airflow/.local/lib/python3.12/site-packages/airflow/example_dags/tutorial_objectstorage.py
[2024-08-10T23:32:27.783+0000] {logging_mixin.py:188} INFO - [2024-08-10T23:32:27.783+0000] {dag.py:3089} INFO - Sync 1 DAGs
[2024-08-10T23:32:27.793+0000] {logging_mixin.py:188} INFO - [2024-08-10T23:32:27.793+0000] {dag.py:3947} INFO - Setting next_dagrun for tutorial_objectstorage to None, run_after=None
[2024-08-10T23:32:27.809+0000] {processor.py:183} INFO - Processing /home/airflow/.local/lib/python3.12/site-packages/airflow/example_dags/tutorial_objectstorage.py took 0.056 seconds
[2024-08-10T23:32:58.002+0000] {processor.py:161} INFO - Started process (PID=820) to work on /home/airflow/.local/lib/python3.12/site-packages/airflow/example_dags/tutorial_objectstorage.py
[2024-08-10T23:32:58.003+0000] {processor.py:830} INFO - Processing file /home/airflow/.local/lib/python3.12/site-packages/airflow/example_dags/tutorial_objectstorage.py for tasks to queue
[2024-08-10T23:32:58.004+0000] {logging_mixin.py:188} INFO - [2024-08-10T23:32:58.004+0000] {dagbag.py:545} INFO - Filling up the DagBag from /home/airflow/.local/lib/python3.12/site-packages/airflow/example_dags/tutorial_objectstorage.py
[2024-08-10T23:32:58.009+0000] {processor.py:840} INFO - DAG(s) 'tutorial_objectstorage' retrieved from /home/airflow/.local/lib/python3.12/site-packages/airflow/example_dags/tutorial_objectstorage.py
[2024-08-10T23:32:58.024+0000] {logging_mixin.py:188} INFO - [2024-08-10T23:32:58.023+0000] {dag.py:3089} INFO - Sync 1 DAGs
[2024-08-10T23:32:58.034+0000] {logging_mixin.py:188} INFO - [2024-08-10T23:32:58.033+0000] {dag.py:3947} INFO - Setting next_dagrun for tutorial_objectstorage to None, run_after=None
[2024-08-10T23:32:58.048+0000] {processor.py:183} INFO - Processing /home/airflow/.local/lib/python3.12/site-packages/airflow/example_dags/tutorial_objectstorage.py took 0.051 seconds
[2024-08-10T23:33:28.296+0000] {processor.py:161} INFO - Started process (PID=878) to work on /home/airflow/.local/lib/python3.12/site-packages/airflow/example_dags/tutorial_objectstorage.py
[2024-08-10T23:33:28.296+0000] {processor.py:830} INFO - Processing file /home/airflow/.local/lib/python3.12/site-packages/airflow/example_dags/tutorial_objectstorage.py for tasks to queue
[2024-08-10T23:33:28.298+0000] {logging_mixin.py:188} INFO - [2024-08-10T23:33:28.298+0000] {dagbag.py:545} INFO - Filling up the DagBag from /home/airflow/.local/lib/python3.12/site-packages/airflow/example_dags/tutorial_objectstorage.py
[2024-08-10T23:33:28.303+0000] {processor.py:840} INFO - DAG(s) 'tutorial_objectstorage' retrieved from /home/airflow/.local/lib/python3.12/site-packages/airflow/example_dags/tutorial_objectstorage.py
[2024-08-10T23:33:28.318+0000] {logging_mixin.py:188} INFO - [2024-08-10T23:33:28.317+0000] {dag.py:3089} INFO - Sync 1 DAGs
[2024-08-10T23:33:28.328+0000] {logging_mixin.py:188} INFO - [2024-08-10T23:33:28.328+0000] {dag.py:3947} INFO - Setting next_dagrun for tutorial_objectstorage to None, run_after=None
[2024-08-10T23:33:28.343+0000] {processor.py:183} INFO - Processing /home/airflow/.local/lib/python3.12/site-packages/airflow/example_dags/tutorial_objectstorage.py took 0.052 seconds
[2024-08-10T23:33:58.503+0000] {processor.py:161} INFO - Started process (PID=936) to work on /home/airflow/.local/lib/python3.12/site-packages/airflow/example_dags/tutorial_objectstorage.py
[2024-08-10T23:33:58.503+0000] {processor.py:830} INFO - Processing file /home/airflow/.local/lib/python3.12/site-packages/airflow/example_dags/tutorial_objectstorage.py for tasks to queue
[2024-08-10T23:33:58.505+0000] {logging_mixin.py:188} INFO - [2024-08-10T23:33:58.505+0000] {dagbag.py:545} INFO - Filling up the DagBag from /home/airflow/.local/lib/python3.12/site-packages/airflow/example_dags/tutorial_objectstorage.py
[2024-08-10T23:33:58.510+0000] {processor.py:840} INFO - DAG(s) 'tutorial_objectstorage' retrieved from /home/airflow/.local/lib/python3.12/site-packages/airflow/example_dags/tutorial_objectstorage.py
[2024-08-10T23:33:58.526+0000] {logging_mixin.py:188} INFO - [2024-08-10T23:33:58.525+0000] {dag.py:3089} INFO - Sync 1 DAGs
[2024-08-10T23:33:58.536+0000] {logging_mixin.py:188} INFO - [2024-08-10T23:33:58.535+0000] {dag.py:3947} INFO - Setting next_dagrun for tutorial_objectstorage to None, run_after=None
[2024-08-10T23:33:58.551+0000] {processor.py:183} INFO - Processing /home/airflow/.local/lib/python3.12/site-packages/airflow/example_dags/tutorial_objectstorage.py took 0.052 seconds
[2024-08-10T23:34:28.925+0000] {processor.py:161} INFO - Started process (PID=994) to work on /home/airflow/.local/lib/python3.12/site-packages/airflow/example_dags/tutorial_objectstorage.py
[2024-08-10T23:34:28.925+0000] {processor.py:830} INFO - Processing file /home/airflow/.local/lib/python3.12/site-packages/airflow/example_dags/tutorial_objectstorage.py for tasks to queue
[2024-08-10T23:34:28.927+0000] {logging_mixin.py:188} INFO - [2024-08-10T23:34:28.926+0000] {dagbag.py:545} INFO - Filling up the DagBag from /home/airflow/.local/lib/python3.12/site-packages/airflow/example_dags/tutorial_objectstorage.py
[2024-08-10T23:34:28.931+0000] {processor.py:840} INFO - DAG(s) 'tutorial_objectstorage' retrieved from /home/airflow/.local/lib/python3.12/site-packages/airflow/example_dags/tutorial_objectstorage.py
[2024-08-10T23:34:28.947+0000] {logging_mixin.py:188} INFO - [2024-08-10T23:34:28.947+0000] {dag.py:3089} INFO - Sync 1 DAGs
[2024-08-10T23:34:28.957+0000] {logging_mixin.py:188} INFO - [2024-08-10T23:34:28.957+0000] {dag.py:3947} INFO - Setting next_dagrun for tutorial_objectstorage to None, run_after=None
[2024-08-10T23:34:28.974+0000] {processor.py:183} INFO - Processing /home/airflow/.local/lib/python3.12/site-packages/airflow/example_dags/tutorial_objectstorage.py took 0.053 seconds
[2024-08-10T23:34:59.204+0000] {processor.py:161} INFO - Started process (PID=1052) to work on /home/airflow/.local/lib/python3.12/site-packages/airflow/example_dags/tutorial_objectstorage.py
[2024-08-10T23:34:59.205+0000] {processor.py:830} INFO - Processing file /home/airflow/.local/lib/python3.12/site-packages/airflow/example_dags/tutorial_objectstorage.py for tasks to queue
[2024-08-10T23:34:59.206+0000] {logging_mixin.py:188} INFO - [2024-08-10T23:34:59.206+0000] {dagbag.py:545} INFO - Filling up the DagBag from /home/airflow/.local/lib/python3.12/site-packages/airflow/example_dags/tutorial_objectstorage.py
[2024-08-10T23:34:59.211+0000] {processor.py:840} INFO - DAG(s) 'tutorial_objectstorage' retrieved from /home/airflow/.local/lib/python3.12/site-packages/airflow/example_dags/tutorial_objectstorage.py
[2024-08-10T23:34:59.225+0000] {logging_mixin.py:188} INFO - [2024-08-10T23:34:59.225+0000] {dag.py:3089} INFO - Sync 1 DAGs
[2024-08-10T23:34:59.235+0000] {logging_mixin.py:188} INFO - [2024-08-10T23:34:59.235+0000] {dag.py:3947} INFO - Setting next_dagrun for tutorial_objectstorage to None, run_after=None
[2024-08-10T23:34:59.251+0000] {processor.py:183} INFO - Processing /home/airflow/.local/lib/python3.12/site-packages/airflow/example_dags/tutorial_objectstorage.py took 0.051 seconds
[2024-08-10T23:35:29.658+0000] {processor.py:161} INFO - Started process (PID=1110) to work on /home/airflow/.local/lib/python3.12/site-packages/airflow/example_dags/tutorial_objectstorage.py
[2024-08-10T23:35:29.659+0000] {processor.py:830} INFO - Processing file /home/airflow/.local/lib/python3.12/site-packages/airflow/example_dags/tutorial_objectstorage.py for tasks to queue
[2024-08-10T23:35:29.661+0000] {logging_mixin.py:188} INFO - [2024-08-10T23:35:29.661+0000] {dagbag.py:545} INFO - Filling up the DagBag from /home/airflow/.local/lib/python3.12/site-packages/airflow/example_dags/tutorial_objectstorage.py
[2024-08-10T23:35:29.666+0000] {processor.py:840} INFO - DAG(s) 'tutorial_objectstorage' retrieved from /home/airflow/.local/lib/python3.12/site-packages/airflow/example_dags/tutorial_objectstorage.py
[2024-08-10T23:35:29.681+0000] {logging_mixin.py:188} INFO - [2024-08-10T23:35:29.681+0000] {dag.py:3089} INFO - Sync 1 DAGs
[2024-08-10T23:35:29.691+0000] {logging_mixin.py:188} INFO - [2024-08-10T23:35:29.690+0000] {dag.py:3947} INFO - Setting next_dagrun for tutorial_objectstorage to None, run_after=None
[2024-08-10T23:35:29.704+0000] {processor.py:183} INFO - Processing /home/airflow/.local/lib/python3.12/site-packages/airflow/example_dags/tutorial_objectstorage.py took 0.050 seconds
[2024-08-10T23:35:59.945+0000] {processor.py:161} INFO - Started process (PID=1168) to work on /home/airflow/.local/lib/python3.12/site-packages/airflow/example_dags/tutorial_objectstorage.py
[2024-08-10T23:35:59.945+0000] {processor.py:830} INFO - Processing file /home/airflow/.local/lib/python3.12/site-packages/airflow/example_dags/tutorial_objectstorage.py for tasks to queue
[2024-08-10T23:35:59.947+0000] {logging_mixin.py:188} INFO - [2024-08-10T23:35:59.946+0000] {dagbag.py:545} INFO - Filling up the DagBag from /home/airflow/.local/lib/python3.12/site-packages/airflow/example_dags/tutorial_objectstorage.py
[2024-08-10T23:35:59.951+0000] {processor.py:840} INFO - DAG(s) 'tutorial_objectstorage' retrieved from /home/airflow/.local/lib/python3.12/site-packages/airflow/example_dags/tutorial_objectstorage.py
[2024-08-10T23:35:59.967+0000] {logging_mixin.py:188} INFO - [2024-08-10T23:35:59.967+0000] {dag.py:3089} INFO - Sync 1 DAGs
[2024-08-10T23:35:59.977+0000] {logging_mixin.py:188} INFO - [2024-08-10T23:35:59.976+0000] {dag.py:3947} INFO - Setting next_dagrun for tutorial_objectstorage to None, run_after=None
[2024-08-10T23:35:59.993+0000] {processor.py:183} INFO - Processing /home/airflow/.local/lib/python3.12/site-packages/airflow/example_dags/tutorial_objectstorage.py took 0.052 seconds
[2024-08-10T23:36:30.957+0000] {processor.py:161} INFO - Started process (PID=1227) to work on /home/airflow/.local/lib/python3.12/site-packages/airflow/example_dags/tutorial_objectstorage.py
[2024-08-10T23:36:30.958+0000] {processor.py:830} INFO - Processing file /home/airflow/.local/lib/python3.12/site-packages/airflow/example_dags/tutorial_objectstorage.py for tasks to queue
[2024-08-10T23:36:30.959+0000] {logging_mixin.py:188} INFO - [2024-08-10T23:36:30.959+0000] {dagbag.py:545} INFO - Filling up the DagBag from /home/airflow/.local/lib/python3.12/site-packages/airflow/example_dags/tutorial_objectstorage.py
[2024-08-10T23:36:30.964+0000] {processor.py:840} INFO - DAG(s) 'tutorial_objectstorage' retrieved from /home/airflow/.local/lib/python3.12/site-packages/airflow/example_dags/tutorial_objectstorage.py
[2024-08-10T23:36:30.979+0000] {logging_mixin.py:188} INFO - [2024-08-10T23:36:30.979+0000] {dag.py:3089} INFO - Sync 1 DAGs
[2024-08-10T23:36:30.990+0000] {logging_mixin.py:188} INFO - [2024-08-10T23:36:30.989+0000] {dag.py:3947} INFO - Setting next_dagrun for tutorial_objectstorage to None, run_after=None
[2024-08-10T23:36:31.007+0000] {processor.py:183} INFO - Processing /home/airflow/.local/lib/python3.12/site-packages/airflow/example_dags/tutorial_objectstorage.py took 0.054 seconds
[2024-08-10T23:37:01.680+0000] {processor.py:161} INFO - Started process (PID=1286) to work on /home/airflow/.local/lib/python3.12/site-packages/airflow/example_dags/tutorial_objectstorage.py
[2024-08-10T23:37:01.681+0000] {processor.py:830} INFO - Processing file /home/airflow/.local/lib/python3.12/site-packages/airflow/example_dags/tutorial_objectstorage.py for tasks to queue
[2024-08-10T23:37:01.682+0000] {logging_mixin.py:188} INFO - [2024-08-10T23:37:01.682+0000] {dagbag.py:545} INFO - Filling up the DagBag from /home/airflow/.local/lib/python3.12/site-packages/airflow/example_dags/tutorial_objectstorage.py
[2024-08-10T23:37:01.687+0000] {processor.py:840} INFO - DAG(s) 'tutorial_objectstorage' retrieved from /home/airflow/.local/lib/python3.12/site-packages/airflow/example_dags/tutorial_objectstorage.py
[2024-08-10T23:37:01.703+0000] {logging_mixin.py:188} INFO - [2024-08-10T23:37:01.703+0000] {dag.py:3089} INFO - Sync 1 DAGs
[2024-08-10T23:37:01.713+0000] {logging_mixin.py:188} INFO - [2024-08-10T23:37:01.713+0000] {dag.py:3947} INFO - Setting next_dagrun for tutorial_objectstorage to None, run_after=None
[2024-08-10T23:37:01.728+0000] {processor.py:183} INFO - Processing /home/airflow/.local/lib/python3.12/site-packages/airflow/example_dags/tutorial_objectstorage.py took 0.052 seconds
[2024-08-10T23:37:32.114+0000] {processor.py:161} INFO - Started process (PID=1345) to work on /home/airflow/.local/lib/python3.12/site-packages/airflow/example_dags/tutorial_objectstorage.py
[2024-08-10T23:37:32.115+0000] {processor.py:830} INFO - Processing file /home/airflow/.local/lib/python3.12/site-packages/airflow/example_dags/tutorial_objectstorage.py for tasks to queue
[2024-08-10T23:37:32.116+0000] {logging_mixin.py:188} INFO - [2024-08-10T23:37:32.116+0000] {dagbag.py:545} INFO - Filling up the DagBag from /home/airflow/.local/lib/python3.12/site-packages/airflow/example_dags/tutorial_objectstorage.py
[2024-08-10T23:37:32.121+0000] {processor.py:840} INFO - DAG(s) 'tutorial_objectstorage' retrieved from /home/airflow/.local/lib/python3.12/site-packages/airflow/example_dags/tutorial_objectstorage.py
[2024-08-10T23:37:32.136+0000] {logging_mixin.py:188} INFO - [2024-08-10T23:37:32.136+0000] {dag.py:3089} INFO - Sync 1 DAGs
[2024-08-10T23:37:32.146+0000] {logging_mixin.py:188} INFO - [2024-08-10T23:37:32.146+0000] {dag.py:3947} INFO - Setting next_dagrun for tutorial_objectstorage to None, run_after=None
[2024-08-10T23:37:32.164+0000] {processor.py:183} INFO - Processing /home/airflow/.local/lib/python3.12/site-packages/airflow/example_dags/tutorial_objectstorage.py took 0.054 seconds
[2024-08-10T23:38:02.615+0000] {processor.py:161} INFO - Started process (PID=1405) to work on /home/airflow/.local/lib/python3.12/site-packages/airflow/example_dags/tutorial_objectstorage.py
[2024-08-10T23:38:02.616+0000] {processor.py:830} INFO - Processing file /home/airflow/.local/lib/python3.12/site-packages/airflow/example_dags/tutorial_objectstorage.py for tasks to queue
[2024-08-10T23:38:02.617+0000] {logging_mixin.py:188} INFO - [2024-08-10T23:38:02.617+0000] {dagbag.py:545} INFO - Filling up the DagBag from /home/airflow/.local/lib/python3.12/site-packages/airflow/example_dags/tutorial_objectstorage.py
[2024-08-10T23:38:02.622+0000] {processor.py:840} INFO - DAG(s) 'tutorial_objectstorage' retrieved from /home/airflow/.local/lib/python3.12/site-packages/airflow/example_dags/tutorial_objectstorage.py
[2024-08-10T23:38:02.638+0000] {logging_mixin.py:188} INFO - [2024-08-10T23:38:02.637+0000] {dag.py:3089} INFO - Sync 1 DAGs
[2024-08-10T23:38:02.647+0000] {logging_mixin.py:188} INFO - [2024-08-10T23:38:02.647+0000] {dag.py:3947} INFO - Setting next_dagrun for tutorial_objectstorage to None, run_after=None
[2024-08-10T23:38:02.662+0000] {processor.py:183} INFO - Processing /home/airflow/.local/lib/python3.12/site-packages/airflow/example_dags/tutorial_objectstorage.py took 0.051 seconds
[2024-08-10T23:38:32.941+0000] {processor.py:161} INFO - Started process (PID=1464) to work on /home/airflow/.local/lib/python3.12/site-packages/airflow/example_dags/tutorial_objectstorage.py
[2024-08-10T23:38:32.942+0000] {processor.py:830} INFO - Processing file /home/airflow/.local/lib/python3.12/site-packages/airflow/example_dags/tutorial_objectstorage.py for tasks to queue
[2024-08-10T23:38:32.943+0000] {logging_mixin.py:188} INFO - [2024-08-10T23:38:32.943+0000] {dagbag.py:545} INFO - Filling up the DagBag from /home/airflow/.local/lib/python3.12/site-packages/airflow/example_dags/tutorial_objectstorage.py
[2024-08-10T23:38:32.948+0000] {processor.py:840} INFO - DAG(s) 'tutorial_objectstorage' retrieved from /home/airflow/.local/lib/python3.12/site-packages/airflow/example_dags/tutorial_objectstorage.py
[2024-08-10T23:38:32.963+0000] {logging_mixin.py:188} INFO - [2024-08-10T23:38:32.963+0000] {dag.py:3089} INFO - Sync 1 DAGs
[2024-08-10T23:38:32.973+0000] {logging_mixin.py:188} INFO - [2024-08-10T23:38:32.973+0000] {dag.py:3947} INFO - Setting next_dagrun for tutorial_objectstorage to None, run_after=None
[2024-08-10T23:38:32.990+0000] {processor.py:183} INFO - Processing /home/airflow/.local/lib/python3.12/site-packages/airflow/example_dags/tutorial_objectstorage.py took 0.053 seconds
[2024-08-10T23:39:03.330+0000] {processor.py:161} INFO - Started process (PID=1523) to work on /home/airflow/.local/lib/python3.12/site-packages/airflow/example_dags/tutorial_objectstorage.py
[2024-08-10T23:39:03.331+0000] {processor.py:830} INFO - Processing file /home/airflow/.local/lib/python3.12/site-packages/airflow/example_dags/tutorial_objectstorage.py for tasks to queue
[2024-08-10T23:39:03.332+0000] {logging_mixin.py:188} INFO - [2024-08-10T23:39:03.332+0000] {dagbag.py:545} INFO - Filling up the DagBag from /home/airflow/.local/lib/python3.12/site-packages/airflow/example_dags/tutorial_objectstorage.py
[2024-08-10T23:39:03.338+0000] {processor.py:840} INFO - DAG(s) 'tutorial_objectstorage' retrieved from /home/airflow/.local/lib/python3.12/site-packages/airflow/example_dags/tutorial_objectstorage.py
[2024-08-10T23:39:03.357+0000] {logging_mixin.py:188} INFO - [2024-08-10T23:39:03.357+0000] {dag.py:3089} INFO - Sync 1 DAGs
[2024-08-10T23:39:03.369+0000] {logging_mixin.py:188} INFO - [2024-08-10T23:39:03.369+0000] {dag.py:3947} INFO - Setting next_dagrun for tutorial_objectstorage to None, run_after=None
[2024-08-10T23:39:03.388+0000] {processor.py:183} INFO - Processing /home/airflow/.local/lib/python3.12/site-packages/airflow/example_dags/tutorial_objectstorage.py took 0.062 seconds
[2024-08-10T23:39:33.825+0000] {processor.py:161} INFO - Started process (PID=1582) to work on /home/airflow/.local/lib/python3.12/site-packages/airflow/example_dags/tutorial_objectstorage.py
[2024-08-10T23:39:33.826+0000] {processor.py:830} INFO - Processing file /home/airflow/.local/lib/python3.12/site-packages/airflow/example_dags/tutorial_objectstorage.py for tasks to queue
[2024-08-10T23:39:33.827+0000] {logging_mixin.py:188} INFO - [2024-08-10T23:39:33.827+0000] {dagbag.py:545} INFO - Filling up the DagBag from /home/airflow/.local/lib/python3.12/site-packages/airflow/example_dags/tutorial_objectstorage.py
[2024-08-10T23:39:33.832+0000] {processor.py:840} INFO - DAG(s) 'tutorial_objectstorage' retrieved from /home/airflow/.local/lib/python3.12/site-packages/airflow/example_dags/tutorial_objectstorage.py
[2024-08-10T23:39:33.849+0000] {logging_mixin.py:188} INFO - [2024-08-10T23:39:33.849+0000] {dag.py:3089} INFO - Sync 1 DAGs
[2024-08-10T23:39:33.859+0000] {logging_mixin.py:188} INFO - [2024-08-10T23:39:33.859+0000] {dag.py:3947} INFO - Setting next_dagrun for tutorial_objectstorage to None, run_after=None
[2024-08-10T23:39:33.877+0000] {processor.py:183} INFO - Processing /home/airflow/.local/lib/python3.12/site-packages/airflow/example_dags/tutorial_objectstorage.py took 0.056 seconds
[2024-08-10T23:40:04.768+0000] {processor.py:161} INFO - Started process (PID=1641) to work on /home/airflow/.local/lib/python3.12/site-packages/airflow/example_dags/tutorial_objectstorage.py
[2024-08-10T23:40:04.769+0000] {processor.py:830} INFO - Processing file /home/airflow/.local/lib/python3.12/site-packages/airflow/example_dags/tutorial_objectstorage.py for tasks to queue
[2024-08-10T23:40:04.770+0000] {logging_mixin.py:188} INFO - [2024-08-10T23:40:04.770+0000] {dagbag.py:545} INFO - Filling up the DagBag from /home/airflow/.local/lib/python3.12/site-packages/airflow/example_dags/tutorial_objectstorage.py
[2024-08-10T23:40:04.775+0000] {processor.py:840} INFO - DAG(s) 'tutorial_objectstorage' retrieved from /home/airflow/.local/lib/python3.12/site-packages/airflow/example_dags/tutorial_objectstorage.py
[2024-08-10T23:40:04.790+0000] {logging_mixin.py:188} INFO - [2024-08-10T23:40:04.790+0000] {dag.py:3089} INFO - Sync 1 DAGs
[2024-08-10T23:40:04.801+0000] {logging_mixin.py:188} INFO - [2024-08-10T23:40:04.801+0000] {dag.py:3947} INFO - Setting next_dagrun for tutorial_objectstorage to None, run_after=None
[2024-08-10T23:40:04.939+0000] {processor.py:183} INFO - Processing /home/airflow/.local/lib/python3.12/site-packages/airflow/example_dags/tutorial_objectstorage.py took 0.175 seconds
[2024-08-10T23:40:35.643+0000] {processor.py:161} INFO - Started process (PID=1700) to work on /home/airflow/.local/lib/python3.12/site-packages/airflow/example_dags/tutorial_objectstorage.py
[2024-08-10T23:40:35.644+0000] {processor.py:830} INFO - Processing file /home/airflow/.local/lib/python3.12/site-packages/airflow/example_dags/tutorial_objectstorage.py for tasks to queue
[2024-08-10T23:40:35.645+0000] {logging_mixin.py:188} INFO - [2024-08-10T23:40:35.645+0000] {dagbag.py:545} INFO - Filling up the DagBag from /home/airflow/.local/lib/python3.12/site-packages/airflow/example_dags/tutorial_objectstorage.py
[2024-08-10T23:40:35.650+0000] {processor.py:840} INFO - DAG(s) 'tutorial_objectstorage' retrieved from /home/airflow/.local/lib/python3.12/site-packages/airflow/example_dags/tutorial_objectstorage.py
[2024-08-10T23:40:35.665+0000] {logging_mixin.py:188} INFO - [2024-08-10T23:40:35.665+0000] {dag.py:3089} INFO - Sync 1 DAGs
[2024-08-10T23:40:35.675+0000] {logging_mixin.py:188} INFO - [2024-08-10T23:40:35.675+0000] {dag.py:3947} INFO - Setting next_dagrun for tutorial_objectstorage to None, run_after=None
[2024-08-10T23:40:35.693+0000] {processor.py:183} INFO - Processing /home/airflow/.local/lib/python3.12/site-packages/airflow/example_dags/tutorial_objectstorage.py took 0.055 seconds
[2024-08-10T23:41:05.763+0000] {processor.py:161} INFO - Started process (PID=1758) to work on /home/airflow/.local/lib/python3.12/site-packages/airflow/example_dags/tutorial_objectstorage.py
[2024-08-10T23:41:05.764+0000] {processor.py:830} INFO - Processing file /home/airflow/.local/lib/python3.12/site-packages/airflow/example_dags/tutorial_objectstorage.py for tasks to queue
[2024-08-10T23:41:05.766+0000] {logging_mixin.py:188} INFO - [2024-08-10T23:41:05.766+0000] {dagbag.py:545} INFO - Filling up the DagBag from /home/airflow/.local/lib/python3.12/site-packages/airflow/example_dags/tutorial_objectstorage.py
[2024-08-10T23:41:05.772+0000] {processor.py:840} INFO - DAG(s) 'tutorial_objectstorage' retrieved from /home/airflow/.local/lib/python3.12/site-packages/airflow/example_dags/tutorial_objectstorage.py
[2024-08-10T23:41:05.789+0000] {logging_mixin.py:188} INFO - [2024-08-10T23:41:05.789+0000] {dag.py:3089} INFO - Sync 1 DAGs
[2024-08-10T23:41:05.801+0000] {logging_mixin.py:188} INFO - [2024-08-10T23:41:05.800+0000] {dag.py:3947} INFO - Setting next_dagrun for tutorial_objectstorage to None, run_after=None
[2024-08-10T23:41:05.820+0000] {processor.py:183} INFO - Processing /home/airflow/.local/lib/python3.12/site-packages/airflow/example_dags/tutorial_objectstorage.py took 0.061 seconds
[2024-08-10T23:41:35.859+0000] {processor.py:161} INFO - Started process (PID=1817) to work on /home/airflow/.local/lib/python3.12/site-packages/airflow/example_dags/tutorial_objectstorage.py
[2024-08-10T23:41:35.860+0000] {processor.py:830} INFO - Processing file /home/airflow/.local/lib/python3.12/site-packages/airflow/example_dags/tutorial_objectstorage.py for tasks to queue
[2024-08-10T23:41:35.861+0000] {logging_mixin.py:188} INFO - [2024-08-10T23:41:35.861+0000] {dagbag.py:545} INFO - Filling up the DagBag from /home/airflow/.local/lib/python3.12/site-packages/airflow/example_dags/tutorial_objectstorage.py
[2024-08-10T23:41:35.866+0000] {processor.py:840} INFO - DAG(s) 'tutorial_objectstorage' retrieved from /home/airflow/.local/lib/python3.12/site-packages/airflow/example_dags/tutorial_objectstorage.py
[2024-08-10T23:41:35.880+0000] {logging_mixin.py:188} INFO - [2024-08-10T23:41:35.880+0000] {dag.py:3089} INFO - Sync 1 DAGs
[2024-08-10T23:41:35.890+0000] {logging_mixin.py:188} INFO - [2024-08-10T23:41:35.890+0000] {dag.py:3947} INFO - Setting next_dagrun for tutorial_objectstorage to None, run_after=None
[2024-08-10T23:41:35.905+0000] {processor.py:183} INFO - Processing /home/airflow/.local/lib/python3.12/site-packages/airflow/example_dags/tutorial_objectstorage.py took 0.050 seconds
[2024-08-10T23:42:05.981+0000] {processor.py:161} INFO - Started process (PID=1876) to work on /home/airflow/.local/lib/python3.12/site-packages/airflow/example_dags/tutorial_objectstorage.py
[2024-08-10T23:42:05.982+0000] {processor.py:830} INFO - Processing file /home/airflow/.local/lib/python3.12/site-packages/airflow/example_dags/tutorial_objectstorage.py for tasks to queue
[2024-08-10T23:42:05.984+0000] {logging_mixin.py:188} INFO - [2024-08-10T23:42:05.983+0000] {dagbag.py:545} INFO - Filling up the DagBag from /home/airflow/.local/lib/python3.12/site-packages/airflow/example_dags/tutorial_objectstorage.py
[2024-08-10T23:42:05.989+0000] {processor.py:840} INFO - DAG(s) 'tutorial_objectstorage' retrieved from /home/airflow/.local/lib/python3.12/site-packages/airflow/example_dags/tutorial_objectstorage.py
[2024-08-10T23:42:06.005+0000] {logging_mixin.py:188} INFO - [2024-08-10T23:42:06.004+0000] {dag.py:3089} INFO - Sync 1 DAGs
[2024-08-10T23:42:06.015+0000] {logging_mixin.py:188} INFO - [2024-08-10T23:42:06.015+0000] {dag.py:3947} INFO - Setting next_dagrun for tutorial_objectstorage to None, run_after=None
[2024-08-10T23:42:06.033+0000] {processor.py:183} INFO - Processing /home/airflow/.local/lib/python3.12/site-packages/airflow/example_dags/tutorial_objectstorage.py took 0.055 seconds
[2024-08-10T23:42:36.831+0000] {processor.py:161} INFO - Started process (PID=1941) to work on /home/airflow/.local/lib/python3.12/site-packages/airflow/example_dags/tutorial_objectstorage.py
[2024-08-10T23:42:36.832+0000] {processor.py:830} INFO - Processing file /home/airflow/.local/lib/python3.12/site-packages/airflow/example_dags/tutorial_objectstorage.py for tasks to queue
[2024-08-10T23:42:36.834+0000] {logging_mixin.py:188} INFO - [2024-08-10T23:42:36.833+0000] {dagbag.py:545} INFO - Filling up the DagBag from /home/airflow/.local/lib/python3.12/site-packages/airflow/example_dags/tutorial_objectstorage.py
[2024-08-10T23:42:36.838+0000] {processor.py:840} INFO - DAG(s) 'tutorial_objectstorage' retrieved from /home/airflow/.local/lib/python3.12/site-packages/airflow/example_dags/tutorial_objectstorage.py
[2024-08-10T23:42:36.855+0000] {logging_mixin.py:188} INFO - [2024-08-10T23:42:36.854+0000] {dag.py:3089} INFO - Sync 1 DAGs
[2024-08-10T23:42:36.866+0000] {logging_mixin.py:188} INFO - [2024-08-10T23:42:36.866+0000] {dag.py:3947} INFO - Setting next_dagrun for tutorial_objectstorage to None, run_after=None
[2024-08-10T23:42:36.888+0000] {processor.py:183} INFO - Processing /home/airflow/.local/lib/python3.12/site-packages/airflow/example_dags/tutorial_objectstorage.py took 0.060 seconds
[2024-08-10T23:43:07.239+0000] {processor.py:161} INFO - Started process (PID=2000) to work on /home/airflow/.local/lib/python3.12/site-packages/airflow/example_dags/tutorial_objectstorage.py
[2024-08-10T23:43:07.240+0000] {processor.py:830} INFO - Processing file /home/airflow/.local/lib/python3.12/site-packages/airflow/example_dags/tutorial_objectstorage.py for tasks to queue
[2024-08-10T23:43:07.241+0000] {logging_mixin.py:188} INFO - [2024-08-10T23:43:07.241+0000] {dagbag.py:545} INFO - Filling up the DagBag from /home/airflow/.local/lib/python3.12/site-packages/airflow/example_dags/tutorial_objectstorage.py
[2024-08-10T23:43:07.246+0000] {processor.py:840} INFO - DAG(s) 'tutorial_objectstorage' retrieved from /home/airflow/.local/lib/python3.12/site-packages/airflow/example_dags/tutorial_objectstorage.py
[2024-08-10T23:43:07.260+0000] {logging_mixin.py:188} INFO - [2024-08-10T23:43:07.260+0000] {dag.py:3089} INFO - Sync 1 DAGs
[2024-08-10T23:43:07.269+0000] {logging_mixin.py:188} INFO - [2024-08-10T23:43:07.269+0000] {dag.py:3947} INFO - Setting next_dagrun for tutorial_objectstorage to None, run_after=None
[2024-08-10T23:43:07.284+0000] {processor.py:183} INFO - Processing /home/airflow/.local/lib/python3.12/site-packages/airflow/example_dags/tutorial_objectstorage.py took 0.049 seconds
[2024-08-10T23:43:37.426+0000] {processor.py:161} INFO - Started process (PID=2059) to work on /home/airflow/.local/lib/python3.12/site-packages/airflow/example_dags/tutorial_objectstorage.py
[2024-08-10T23:43:37.427+0000] {processor.py:830} INFO - Processing file /home/airflow/.local/lib/python3.12/site-packages/airflow/example_dags/tutorial_objectstorage.py for tasks to queue
[2024-08-10T23:43:37.429+0000] {logging_mixin.py:188} INFO - [2024-08-10T23:43:37.429+0000] {dagbag.py:545} INFO - Filling up the DagBag from /home/airflow/.local/lib/python3.12/site-packages/airflow/example_dags/tutorial_objectstorage.py
[2024-08-10T23:43:37.434+0000] {processor.py:840} INFO - DAG(s) 'tutorial_objectstorage' retrieved from /home/airflow/.local/lib/python3.12/site-packages/airflow/example_dags/tutorial_objectstorage.py
[2024-08-10T23:43:37.448+0000] {logging_mixin.py:188} INFO - [2024-08-10T23:43:37.448+0000] {dag.py:3089} INFO - Sync 1 DAGs
[2024-08-10T23:43:37.458+0000] {logging_mixin.py:188} INFO - [2024-08-10T23:43:37.458+0000] {dag.py:3947} INFO - Setting next_dagrun for tutorial_objectstorage to None, run_after=None
[2024-08-10T23:43:37.474+0000] {processor.py:183} INFO - Processing /home/airflow/.local/lib/python3.12/site-packages/airflow/example_dags/tutorial_objectstorage.py took 0.052 seconds
[2024-08-10T23:44:07.694+0000] {processor.py:161} INFO - Started process (PID=2118) to work on /home/airflow/.local/lib/python3.12/site-packages/airflow/example_dags/tutorial_objectstorage.py
[2024-08-10T23:44:07.695+0000] {processor.py:830} INFO - Processing file /home/airflow/.local/lib/python3.12/site-packages/airflow/example_dags/tutorial_objectstorage.py for tasks to queue
[2024-08-10T23:44:07.696+0000] {logging_mixin.py:188} INFO - [2024-08-10T23:44:07.696+0000] {dagbag.py:545} INFO - Filling up the DagBag from /home/airflow/.local/lib/python3.12/site-packages/airflow/example_dags/tutorial_objectstorage.py
[2024-08-10T23:44:07.701+0000] {processor.py:840} INFO - DAG(s) 'tutorial_objectstorage' retrieved from /home/airflow/.local/lib/python3.12/site-packages/airflow/example_dags/tutorial_objectstorage.py
[2024-08-10T23:44:07.715+0000] {logging_mixin.py:188} INFO - [2024-08-10T23:44:07.715+0000] {dag.py:3089} INFO - Sync 1 DAGs
[2024-08-10T23:44:07.725+0000] {logging_mixin.py:188} INFO - [2024-08-10T23:44:07.725+0000] {dag.py:3947} INFO - Setting next_dagrun for tutorial_objectstorage to None, run_after=None
[2024-08-10T23:44:07.741+0000] {processor.py:183} INFO - Processing /home/airflow/.local/lib/python3.12/site-packages/airflow/example_dags/tutorial_objectstorage.py took 0.051 seconds
[2024-08-10T23:44:37.981+0000] {processor.py:161} INFO - Started process (PID=2177) to work on /home/airflow/.local/lib/python3.12/site-packages/airflow/example_dags/tutorial_objectstorage.py
[2024-08-10T23:44:37.982+0000] {processor.py:830} INFO - Processing file /home/airflow/.local/lib/python3.12/site-packages/airflow/example_dags/tutorial_objectstorage.py for tasks to queue
[2024-08-10T23:44:37.983+0000] {logging_mixin.py:188} INFO - [2024-08-10T23:44:37.983+0000] {dagbag.py:545} INFO - Filling up the DagBag from /home/airflow/.local/lib/python3.12/site-packages/airflow/example_dags/tutorial_objectstorage.py
[2024-08-10T23:44:37.989+0000] {processor.py:840} INFO - DAG(s) 'tutorial_objectstorage' retrieved from /home/airflow/.local/lib/python3.12/site-packages/airflow/example_dags/tutorial_objectstorage.py
[2024-08-10T23:44:38.005+0000] {logging_mixin.py:188} INFO - [2024-08-10T23:44:38.005+0000] {dag.py:3089} INFO - Sync 1 DAGs
[2024-08-10T23:44:38.016+0000] {logging_mixin.py:188} INFO - [2024-08-10T23:44:38.016+0000] {dag.py:3947} INFO - Setting next_dagrun for tutorial_objectstorage to None, run_after=None
[2024-08-10T23:44:38.032+0000] {processor.py:183} INFO - Processing /home/airflow/.local/lib/python3.12/site-packages/airflow/example_dags/tutorial_objectstorage.py took 0.055 seconds
[2024-08-10T23:45:08.365+0000] {processor.py:161} INFO - Started process (PID=2236) to work on /home/airflow/.local/lib/python3.12/site-packages/airflow/example_dags/tutorial_objectstorage.py
[2024-08-10T23:45:08.366+0000] {processor.py:830} INFO - Processing file /home/airflow/.local/lib/python3.12/site-packages/airflow/example_dags/tutorial_objectstorage.py for tasks to queue
[2024-08-10T23:45:08.367+0000] {logging_mixin.py:188} INFO - [2024-08-10T23:45:08.367+0000] {dagbag.py:545} INFO - Filling up the DagBag from /home/airflow/.local/lib/python3.12/site-packages/airflow/example_dags/tutorial_objectstorage.py
[2024-08-10T23:45:08.372+0000] {processor.py:840} INFO - DAG(s) 'tutorial_objectstorage' retrieved from /home/airflow/.local/lib/python3.12/site-packages/airflow/example_dags/tutorial_objectstorage.py
[2024-08-10T23:45:08.387+0000] {logging_mixin.py:188} INFO - [2024-08-10T23:45:08.386+0000] {dag.py:3089} INFO - Sync 1 DAGs
[2024-08-10T23:45:08.396+0000] {logging_mixin.py:188} INFO - [2024-08-10T23:45:08.396+0000] {dag.py:3947} INFO - Setting next_dagrun for tutorial_objectstorage to None, run_after=None
[2024-08-10T23:45:08.412+0000] {processor.py:183} INFO - Processing /home/airflow/.local/lib/python3.12/site-packages/airflow/example_dags/tutorial_objectstorage.py took 0.051 seconds
[2024-08-10T23:45:38.708+0000] {processor.py:161} INFO - Started process (PID=2295) to work on /home/airflow/.local/lib/python3.12/site-packages/airflow/example_dags/tutorial_objectstorage.py
[2024-08-10T23:45:38.709+0000] {processor.py:830} INFO - Processing file /home/airflow/.local/lib/python3.12/site-packages/airflow/example_dags/tutorial_objectstorage.py for tasks to queue
[2024-08-10T23:45:38.710+0000] {logging_mixin.py:188} INFO - [2024-08-10T23:45:38.710+0000] {dagbag.py:545} INFO - Filling up the DagBag from /home/airflow/.local/lib/python3.12/site-packages/airflow/example_dags/tutorial_objectstorage.py
[2024-08-10T23:45:38.715+0000] {processor.py:840} INFO - DAG(s) 'tutorial_objectstorage' retrieved from /home/airflow/.local/lib/python3.12/site-packages/airflow/example_dags/tutorial_objectstorage.py
[2024-08-10T23:45:38.731+0000] {logging_mixin.py:188} INFO - [2024-08-10T23:45:38.730+0000] {dag.py:3089} INFO - Sync 1 DAGs
[2024-08-10T23:45:38.742+0000] {logging_mixin.py:188} INFO - [2024-08-10T23:45:38.741+0000] {dag.py:3947} INFO - Setting next_dagrun for tutorial_objectstorage to None, run_after=None
[2024-08-10T23:45:38.757+0000] {processor.py:183} INFO - Processing /home/airflow/.local/lib/python3.12/site-packages/airflow/example_dags/tutorial_objectstorage.py took 0.054 seconds
