[2024-08-10T23:26:21.929+0000] {processor.py:161} INFO - Started process (PID=52) to work on /home/airflow/.local/lib/python3.12/site-packages/airflow/example_dags/tutorial_dag.py
[2024-08-10T23:26:21.929+0000] {processor.py:830} INFO - Processing file /home/airflow/.local/lib/python3.12/site-packages/airflow/example_dags/tutorial_dag.py for tasks to queue
[2024-08-10T23:26:21.930+0000] {logging_mixin.py:188} INFO - [2024-08-10T23:26:21.930+0000] {dagbag.py:545} INFO - Filling up the DagBag from /home/airflow/.local/lib/python3.12/site-packages/airflow/example_dags/tutorial_dag.py
[2024-08-10T23:26:21.937+0000] {processor.py:840} INFO - DAG(s) 'tutorial_dag' retrieved from /home/airflow/.local/lib/python3.12/site-packages/airflow/example_dags/tutorial_dag.py
[2024-08-10T23:26:21.948+0000] {logging_mixin.py:188} INFO - [2024-08-10T23:26:21.948+0000] {dag.py:3089} INFO - Sync 1 DAGs
[2024-08-10T23:26:21.977+0000] {logging_mixin.py:188} INFO - [2024-08-10T23:26:21.977+0000] {dag.py:3947} INFO - Setting next_dagrun for tutorial_dag to None, run_after=None
[2024-08-10T23:26:22.009+0000] {processor.py:183} INFO - Processing /home/airflow/.local/lib/python3.12/site-packages/airflow/example_dags/tutorial_dag.py took 0.085 seconds
[2024-08-10T23:26:52.471+0000] {processor.py:161} INFO - Started process (PID=109) to work on /home/airflow/.local/lib/python3.12/site-packages/airflow/example_dags/tutorial_dag.py
[2024-08-10T23:26:52.472+0000] {processor.py:830} INFO - Processing file /home/airflow/.local/lib/python3.12/site-packages/airflow/example_dags/tutorial_dag.py for tasks to queue
[2024-08-10T23:26:52.473+0000] {logging_mixin.py:188} INFO - [2024-08-10T23:26:52.473+0000] {dagbag.py:545} INFO - Filling up the DagBag from /home/airflow/.local/lib/python3.12/site-packages/airflow/example_dags/tutorial_dag.py
[2024-08-10T23:26:52.477+0000] {processor.py:840} INFO - DAG(s) 'tutorial_dag' retrieved from /home/airflow/.local/lib/python3.12/site-packages/airflow/example_dags/tutorial_dag.py
[2024-08-10T23:26:52.556+0000] {logging_mixin.py:188} INFO - [2024-08-10T23:26:52.555+0000] {dag.py:3089} INFO - Sync 1 DAGs
[2024-08-10T23:26:52.565+0000] {logging_mixin.py:188} INFO - [2024-08-10T23:26:52.565+0000] {dag.py:3947} INFO - Setting next_dagrun for tutorial_dag to None, run_after=None
[2024-08-10T23:26:52.581+0000] {processor.py:183} INFO - Processing /home/airflow/.local/lib/python3.12/site-packages/airflow/example_dags/tutorial_dag.py took 0.114 seconds
[2024-08-10T23:27:23.556+0000] {processor.py:161} INFO - Started process (PID=168) to work on /home/airflow/.local/lib/python3.12/site-packages/airflow/example_dags/tutorial_dag.py
[2024-08-10T23:27:23.557+0000] {processor.py:830} INFO - Processing file /home/airflow/.local/lib/python3.12/site-packages/airflow/example_dags/tutorial_dag.py for tasks to queue
[2024-08-10T23:27:23.558+0000] {logging_mixin.py:188} INFO - [2024-08-10T23:27:23.558+0000] {dagbag.py:545} INFO - Filling up the DagBag from /home/airflow/.local/lib/python3.12/site-packages/airflow/example_dags/tutorial_dag.py
[2024-08-10T23:27:23.562+0000] {processor.py:840} INFO - DAG(s) 'tutorial_dag' retrieved from /home/airflow/.local/lib/python3.12/site-packages/airflow/example_dags/tutorial_dag.py
[2024-08-10T23:27:23.579+0000] {logging_mixin.py:188} INFO - [2024-08-10T23:27:23.578+0000] {dag.py:3089} INFO - Sync 1 DAGs
[2024-08-10T23:27:23.588+0000] {logging_mixin.py:188} INFO - [2024-08-10T23:27:23.588+0000] {dag.py:3947} INFO - Setting next_dagrun for tutorial_dag to None, run_after=None
[2024-08-10T23:27:23.603+0000] {processor.py:183} INFO - Processing /home/airflow/.local/lib/python3.12/site-packages/airflow/example_dags/tutorial_dag.py took 0.051 seconds
[2024-08-10T23:27:53.935+0000] {processor.py:161} INFO - Started process (PID=226) to work on /home/airflow/.local/lib/python3.12/site-packages/airflow/example_dags/tutorial_dag.py
[2024-08-10T23:27:53.936+0000] {processor.py:830} INFO - Processing file /home/airflow/.local/lib/python3.12/site-packages/airflow/example_dags/tutorial_dag.py for tasks to queue
[2024-08-10T23:27:53.937+0000] {logging_mixin.py:188} INFO - [2024-08-10T23:27:53.937+0000] {dagbag.py:545} INFO - Filling up the DagBag from /home/airflow/.local/lib/python3.12/site-packages/airflow/example_dags/tutorial_dag.py
[2024-08-10T23:27:53.941+0000] {processor.py:840} INFO - DAG(s) 'tutorial_dag' retrieved from /home/airflow/.local/lib/python3.12/site-packages/airflow/example_dags/tutorial_dag.py
[2024-08-10T23:27:53.956+0000] {logging_mixin.py:188} INFO - [2024-08-10T23:27:53.956+0000] {dag.py:3089} INFO - Sync 1 DAGs
[2024-08-10T23:27:53.969+0000] {logging_mixin.py:188} INFO - [2024-08-10T23:27:53.968+0000] {dag.py:3947} INFO - Setting next_dagrun for tutorial_dag to None, run_after=None
[2024-08-10T23:27:53.990+0000] {processor.py:183} INFO - Processing /home/airflow/.local/lib/python3.12/site-packages/airflow/example_dags/tutorial_dag.py took 0.060 seconds
[2024-08-10T23:28:24.046+0000] {processor.py:161} INFO - Started process (PID=283) to work on /home/airflow/.local/lib/python3.12/site-packages/airflow/example_dags/tutorial_dag.py
[2024-08-10T23:28:24.047+0000] {processor.py:830} INFO - Processing file /home/airflow/.local/lib/python3.12/site-packages/airflow/example_dags/tutorial_dag.py for tasks to queue
[2024-08-10T23:28:24.049+0000] {logging_mixin.py:188} INFO - [2024-08-10T23:28:24.048+0000] {dagbag.py:545} INFO - Filling up the DagBag from /home/airflow/.local/lib/python3.12/site-packages/airflow/example_dags/tutorial_dag.py
[2024-08-10T23:28:24.052+0000] {processor.py:840} INFO - DAG(s) 'tutorial_dag' retrieved from /home/airflow/.local/lib/python3.12/site-packages/airflow/example_dags/tutorial_dag.py
[2024-08-10T23:28:24.069+0000] {logging_mixin.py:188} INFO - [2024-08-10T23:28:24.068+0000] {dag.py:3089} INFO - Sync 1 DAGs
[2024-08-10T23:28:24.078+0000] {logging_mixin.py:188} INFO - [2024-08-10T23:28:24.078+0000] {dag.py:3947} INFO - Setting next_dagrun for tutorial_dag to None, run_after=None
[2024-08-10T23:28:24.094+0000] {processor.py:183} INFO - Processing /home/airflow/.local/lib/python3.12/site-packages/airflow/example_dags/tutorial_dag.py took 0.052 seconds
[2024-08-10T23:28:54.679+0000] {processor.py:161} INFO - Started process (PID=342) to work on /home/airflow/.local/lib/python3.12/site-packages/airflow/example_dags/tutorial_dag.py
[2024-08-10T23:28:54.680+0000] {processor.py:830} INFO - Processing file /home/airflow/.local/lib/python3.12/site-packages/airflow/example_dags/tutorial_dag.py for tasks to queue
[2024-08-10T23:28:54.681+0000] {logging_mixin.py:188} INFO - [2024-08-10T23:28:54.681+0000] {dagbag.py:545} INFO - Filling up the DagBag from /home/airflow/.local/lib/python3.12/site-packages/airflow/example_dags/tutorial_dag.py
[2024-08-10T23:28:54.685+0000] {processor.py:840} INFO - DAG(s) 'tutorial_dag' retrieved from /home/airflow/.local/lib/python3.12/site-packages/airflow/example_dags/tutorial_dag.py
[2024-08-10T23:28:54.702+0000] {logging_mixin.py:188} INFO - [2024-08-10T23:28:54.702+0000] {dag.py:3089} INFO - Sync 1 DAGs
[2024-08-10T23:28:54.712+0000] {logging_mixin.py:188} INFO - [2024-08-10T23:28:54.712+0000] {dag.py:3947} INFO - Setting next_dagrun for tutorial_dag to None, run_after=None
[2024-08-10T23:28:54.728+0000] {processor.py:183} INFO - Processing /home/airflow/.local/lib/python3.12/site-packages/airflow/example_dags/tutorial_dag.py took 0.053 seconds
[2024-08-10T23:29:24.922+0000] {processor.py:161} INFO - Started process (PID=400) to work on /home/airflow/.local/lib/python3.12/site-packages/airflow/example_dags/tutorial_dag.py
[2024-08-10T23:29:24.923+0000] {processor.py:830} INFO - Processing file /home/airflow/.local/lib/python3.12/site-packages/airflow/example_dags/tutorial_dag.py for tasks to queue
[2024-08-10T23:29:24.924+0000] {logging_mixin.py:188} INFO - [2024-08-10T23:29:24.924+0000] {dagbag.py:545} INFO - Filling up the DagBag from /home/airflow/.local/lib/python3.12/site-packages/airflow/example_dags/tutorial_dag.py
[2024-08-10T23:29:24.927+0000] {processor.py:840} INFO - DAG(s) 'tutorial_dag' retrieved from /home/airflow/.local/lib/python3.12/site-packages/airflow/example_dags/tutorial_dag.py
[2024-08-10T23:29:24.944+0000] {logging_mixin.py:188} INFO - [2024-08-10T23:29:24.944+0000] {dag.py:3089} INFO - Sync 1 DAGs
[2024-08-10T23:29:24.955+0000] {logging_mixin.py:188} INFO - [2024-08-10T23:29:24.954+0000] {dag.py:3947} INFO - Setting next_dagrun for tutorial_dag to None, run_after=None
[2024-08-10T23:29:24.970+0000] {processor.py:183} INFO - Processing /home/airflow/.local/lib/python3.12/site-packages/airflow/example_dags/tutorial_dag.py took 0.052 seconds
[2024-08-10T23:29:55.119+0000] {processor.py:161} INFO - Started process (PID=458) to work on /home/airflow/.local/lib/python3.12/site-packages/airflow/example_dags/tutorial_dag.py
[2024-08-10T23:29:55.120+0000] {processor.py:830} INFO - Processing file /home/airflow/.local/lib/python3.12/site-packages/airflow/example_dags/tutorial_dag.py for tasks to queue
[2024-08-10T23:29:55.121+0000] {logging_mixin.py:188} INFO - [2024-08-10T23:29:55.121+0000] {dagbag.py:545} INFO - Filling up the DagBag from /home/airflow/.local/lib/python3.12/site-packages/airflow/example_dags/tutorial_dag.py
[2024-08-10T23:29:55.126+0000] {processor.py:840} INFO - DAG(s) 'tutorial_dag' retrieved from /home/airflow/.local/lib/python3.12/site-packages/airflow/example_dags/tutorial_dag.py
[2024-08-10T23:29:55.145+0000] {logging_mixin.py:188} INFO - [2024-08-10T23:29:55.145+0000] {dag.py:3089} INFO - Sync 1 DAGs
[2024-08-10T23:29:55.156+0000] {logging_mixin.py:188} INFO - [2024-08-10T23:29:55.155+0000] {dag.py:3947} INFO - Setting next_dagrun for tutorial_dag to None, run_after=None
[2024-08-10T23:29:55.174+0000] {processor.py:183} INFO - Processing /home/airflow/.local/lib/python3.12/site-packages/airflow/example_dags/tutorial_dag.py took 0.060 seconds
[2024-08-10T23:30:25.473+0000] {processor.py:161} INFO - Started process (PID=516) to work on /home/airflow/.local/lib/python3.12/site-packages/airflow/example_dags/tutorial_dag.py
[2024-08-10T23:30:25.474+0000] {processor.py:830} INFO - Processing file /home/airflow/.local/lib/python3.12/site-packages/airflow/example_dags/tutorial_dag.py for tasks to queue
[2024-08-10T23:30:25.475+0000] {logging_mixin.py:188} INFO - [2024-08-10T23:30:25.475+0000] {dagbag.py:545} INFO - Filling up the DagBag from /home/airflow/.local/lib/python3.12/site-packages/airflow/example_dags/tutorial_dag.py
[2024-08-10T23:30:25.479+0000] {processor.py:840} INFO - DAG(s) 'tutorial_dag' retrieved from /home/airflow/.local/lib/python3.12/site-packages/airflow/example_dags/tutorial_dag.py
[2024-08-10T23:30:25.495+0000] {logging_mixin.py:188} INFO - [2024-08-10T23:30:25.495+0000] {dag.py:3089} INFO - Sync 1 DAGs
[2024-08-10T23:30:25.505+0000] {logging_mixin.py:188} INFO - [2024-08-10T23:30:25.505+0000] {dag.py:3947} INFO - Setting next_dagrun for tutorial_dag to None, run_after=None
[2024-08-10T23:30:25.520+0000] {processor.py:183} INFO - Processing /home/airflow/.local/lib/python3.12/site-packages/airflow/example_dags/tutorial_dag.py took 0.050 seconds
[2024-08-10T23:30:55.616+0000] {processor.py:161} INFO - Started process (PID=573) to work on /home/airflow/.local/lib/python3.12/site-packages/airflow/example_dags/tutorial_dag.py
[2024-08-10T23:30:55.617+0000] {processor.py:830} INFO - Processing file /home/airflow/.local/lib/python3.12/site-packages/airflow/example_dags/tutorial_dag.py for tasks to queue
[2024-08-10T23:30:55.618+0000] {logging_mixin.py:188} INFO - [2024-08-10T23:30:55.618+0000] {dagbag.py:545} INFO - Filling up the DagBag from /home/airflow/.local/lib/python3.12/site-packages/airflow/example_dags/tutorial_dag.py
[2024-08-10T23:30:55.623+0000] {processor.py:840} INFO - DAG(s) 'tutorial_dag' retrieved from /home/airflow/.local/lib/python3.12/site-packages/airflow/example_dags/tutorial_dag.py
[2024-08-10T23:30:55.640+0000] {logging_mixin.py:188} INFO - [2024-08-10T23:30:55.640+0000] {dag.py:3089} INFO - Sync 1 DAGs
[2024-08-10T23:30:55.654+0000] {logging_mixin.py:188} INFO - [2024-08-10T23:30:55.654+0000] {dag.py:3947} INFO - Setting next_dagrun for tutorial_dag to None, run_after=None
[2024-08-10T23:30:55.674+0000] {processor.py:183} INFO - Processing /home/airflow/.local/lib/python3.12/site-packages/airflow/example_dags/tutorial_dag.py took 0.063 seconds
