[2024-08-10T23:26:22.984+0000] {processor.py:161} INFO - Started process (PID=67) to work on /home/airflow/.local/lib/python3.12/site-packages/airflow/example_dags/tutorial.py
[2024-08-10T23:26:22.984+0000] {processor.py:830} INFO - Processing file /home/airflow/.local/lib/python3.12/site-packages/airflow/example_dags/tutorial.py for tasks to queue
[2024-08-10T23:26:22.987+0000] {logging_mixin.py:188} INFO - [2024-08-10T23:26:22.986+0000] {dagbag.py:545} INFO - Filling up the DagBag from /home/airflow/.local/lib/python3.12/site-packages/airflow/example_dags/tutorial.py
[2024-08-10T23:26:23.002+0000] {processor.py:840} INFO - DAG(s) 'tutorial' retrieved from /home/airflow/.local/lib/python3.12/site-packages/airflow/example_dags/tutorial.py
[2024-08-10T23:26:23.021+0000] {logging_mixin.py:188} INFO - [2024-08-10T23:26:23.020+0000] {dag.py:3089} INFO - Sync 1 DAGs
[2024-08-10T23:26:23.079+0000] {logging_mixin.py:188} INFO - [2024-08-10T23:26:23.079+0000] {dag.py:3947} INFO - Setting next_dagrun for tutorial to 2024-08-09 00:00:00+00:00, run_after=2024-08-10 00:00:00+00:00
[2024-08-10T23:26:23.105+0000] {processor.py:183} INFO - Processing /home/airflow/.local/lib/python3.12/site-packages/airflow/example_dags/tutorial.py took 0.129 seconds
[2024-08-10T23:26:53.645+0000] {processor.py:161} INFO - Started process (PID=125) to work on /home/airflow/.local/lib/python3.12/site-packages/airflow/example_dags/tutorial.py
[2024-08-10T23:26:53.645+0000] {processor.py:830} INFO - Processing file /home/airflow/.local/lib/python3.12/site-packages/airflow/example_dags/tutorial.py for tasks to queue
[2024-08-10T23:26:53.646+0000] {logging_mixin.py:188} INFO - [2024-08-10T23:26:53.646+0000] {dagbag.py:545} INFO - Filling up the DagBag from /home/airflow/.local/lib/python3.12/site-packages/airflow/example_dags/tutorial.py
[2024-08-10T23:26:53.650+0000] {processor.py:840} INFO - DAG(s) 'tutorial' retrieved from /home/airflow/.local/lib/python3.12/site-packages/airflow/example_dags/tutorial.py
[2024-08-10T23:26:53.729+0000] {logging_mixin.py:188} INFO - [2024-08-10T23:26:53.729+0000] {dag.py:3089} INFO - Sync 1 DAGs
[2024-08-10T23:26:53.744+0000] {logging_mixin.py:188} INFO - [2024-08-10T23:26:53.744+0000] {dag.py:3947} INFO - Setting next_dagrun for tutorial to 2024-08-09 00:00:00+00:00, run_after=2024-08-10 00:00:00+00:00
[2024-08-10T23:26:53.762+0000] {processor.py:183} INFO - Processing /home/airflow/.local/lib/python3.12/site-packages/airflow/example_dags/tutorial.py took 0.121 seconds
[2024-08-10T23:27:24.217+0000] {processor.py:161} INFO - Started process (PID=183) to work on /home/airflow/.local/lib/python3.12/site-packages/airflow/example_dags/tutorial.py
[2024-08-10T23:27:24.218+0000] {processor.py:830} INFO - Processing file /home/airflow/.local/lib/python3.12/site-packages/airflow/example_dags/tutorial.py for tasks to queue
[2024-08-10T23:27:24.220+0000] {logging_mixin.py:188} INFO - [2024-08-10T23:27:24.219+0000] {dagbag.py:545} INFO - Filling up the DagBag from /home/airflow/.local/lib/python3.12/site-packages/airflow/example_dags/tutorial.py
[2024-08-10T23:27:24.224+0000] {processor.py:840} INFO - DAG(s) 'tutorial' retrieved from /home/airflow/.local/lib/python3.12/site-packages/airflow/example_dags/tutorial.py
[2024-08-10T23:27:24.241+0000] {logging_mixin.py:188} INFO - [2024-08-10T23:27:24.241+0000] {dag.py:3089} INFO - Sync 1 DAGs
[2024-08-10T23:27:24.260+0000] {logging_mixin.py:188} INFO - [2024-08-10T23:27:24.260+0000] {dag.py:3947} INFO - Setting next_dagrun for tutorial to 2024-08-09 00:00:00+00:00, run_after=2024-08-10 00:00:00+00:00
[2024-08-10T23:27:24.276+0000] {processor.py:183} INFO - Processing /home/airflow/.local/lib/python3.12/site-packages/airflow/example_dags/tutorial.py took 0.063 seconds
[2024-08-10T23:27:54.597+0000] {processor.py:161} INFO - Started process (PID=241) to work on /home/airflow/.local/lib/python3.12/site-packages/airflow/example_dags/tutorial.py
[2024-08-10T23:27:54.598+0000] {processor.py:830} INFO - Processing file /home/airflow/.local/lib/python3.12/site-packages/airflow/example_dags/tutorial.py for tasks to queue
[2024-08-10T23:27:54.599+0000] {logging_mixin.py:188} INFO - [2024-08-10T23:27:54.599+0000] {dagbag.py:545} INFO - Filling up the DagBag from /home/airflow/.local/lib/python3.12/site-packages/airflow/example_dags/tutorial.py
[2024-08-10T23:27:54.603+0000] {processor.py:840} INFO - DAG(s) 'tutorial' retrieved from /home/airflow/.local/lib/python3.12/site-packages/airflow/example_dags/tutorial.py
[2024-08-10T23:27:54.619+0000] {logging_mixin.py:188} INFO - [2024-08-10T23:27:54.618+0000] {dag.py:3089} INFO - Sync 1 DAGs
[2024-08-10T23:27:54.636+0000] {logging_mixin.py:188} INFO - [2024-08-10T23:27:54.635+0000] {dag.py:3947} INFO - Setting next_dagrun for tutorial to 2024-08-09 00:00:00+00:00, run_after=2024-08-10 00:00:00+00:00
[2024-08-10T23:27:54.650+0000] {processor.py:183} INFO - Processing /home/airflow/.local/lib/python3.12/site-packages/airflow/example_dags/tutorial.py took 0.058 seconds
[2024-08-10T23:28:24.978+0000] {processor.py:161} INFO - Started process (PID=299) to work on /home/airflow/.local/lib/python3.12/site-packages/airflow/example_dags/tutorial.py
[2024-08-10T23:28:24.979+0000] {processor.py:830} INFO - Processing file /home/airflow/.local/lib/python3.12/site-packages/airflow/example_dags/tutorial.py for tasks to queue
[2024-08-10T23:28:24.980+0000] {logging_mixin.py:188} INFO - [2024-08-10T23:28:24.980+0000] {dagbag.py:545} INFO - Filling up the DagBag from /home/airflow/.local/lib/python3.12/site-packages/airflow/example_dags/tutorial.py
[2024-08-10T23:28:24.985+0000] {processor.py:840} INFO - DAG(s) 'tutorial' retrieved from /home/airflow/.local/lib/python3.12/site-packages/airflow/example_dags/tutorial.py
[2024-08-10T23:28:25.002+0000] {logging_mixin.py:188} INFO - [2024-08-10T23:28:25.002+0000] {dag.py:3089} INFO - Sync 1 DAGs
[2024-08-10T23:28:25.021+0000] {logging_mixin.py:188} INFO - [2024-08-10T23:28:25.021+0000] {dag.py:3947} INFO - Setting next_dagrun for tutorial to 2024-08-09 00:00:00+00:00, run_after=2024-08-10 00:00:00+00:00
[2024-08-10T23:28:25.039+0000] {processor.py:183} INFO - Processing /home/airflow/.local/lib/python3.12/site-packages/airflow/example_dags/tutorial.py took 0.065 seconds
[2024-08-10T23:28:55.218+0000] {processor.py:161} INFO - Started process (PID=356) to work on /home/airflow/.local/lib/python3.12/site-packages/airflow/example_dags/tutorial.py
[2024-08-10T23:28:55.219+0000] {processor.py:830} INFO - Processing file /home/airflow/.local/lib/python3.12/site-packages/airflow/example_dags/tutorial.py for tasks to queue
[2024-08-10T23:28:55.220+0000] {logging_mixin.py:188} INFO - [2024-08-10T23:28:55.220+0000] {dagbag.py:545} INFO - Filling up the DagBag from /home/airflow/.local/lib/python3.12/site-packages/airflow/example_dags/tutorial.py
[2024-08-10T23:28:55.224+0000] {processor.py:840} INFO - DAG(s) 'tutorial' retrieved from /home/airflow/.local/lib/python3.12/site-packages/airflow/example_dags/tutorial.py
[2024-08-10T23:28:55.239+0000] {logging_mixin.py:188} INFO - [2024-08-10T23:28:55.239+0000] {dag.py:3089} INFO - Sync 1 DAGs
[2024-08-10T23:28:55.256+0000] {logging_mixin.py:188} INFO - [2024-08-10T23:28:55.255+0000] {dag.py:3947} INFO - Setting next_dagrun for tutorial to 2024-08-09 00:00:00+00:00, run_after=2024-08-10 00:00:00+00:00
[2024-08-10T23:28:55.274+0000] {processor.py:183} INFO - Processing /home/airflow/.local/lib/python3.12/site-packages/airflow/example_dags/tutorial.py took 0.059 seconds
[2024-08-10T23:29:25.544+0000] {processor.py:161} INFO - Started process (PID=414) to work on /home/airflow/.local/lib/python3.12/site-packages/airflow/example_dags/tutorial.py
[2024-08-10T23:29:25.545+0000] {processor.py:830} INFO - Processing file /home/airflow/.local/lib/python3.12/site-packages/airflow/example_dags/tutorial.py for tasks to queue
[2024-08-10T23:29:25.546+0000] {logging_mixin.py:188} INFO - [2024-08-10T23:29:25.546+0000] {dagbag.py:545} INFO - Filling up the DagBag from /home/airflow/.local/lib/python3.12/site-packages/airflow/example_dags/tutorial.py
[2024-08-10T23:29:25.550+0000] {processor.py:840} INFO - DAG(s) 'tutorial' retrieved from /home/airflow/.local/lib/python3.12/site-packages/airflow/example_dags/tutorial.py
[2024-08-10T23:29:25.567+0000] {logging_mixin.py:188} INFO - [2024-08-10T23:29:25.566+0000] {dag.py:3089} INFO - Sync 1 DAGs
[2024-08-10T23:29:25.585+0000] {logging_mixin.py:188} INFO - [2024-08-10T23:29:25.585+0000] {dag.py:3947} INFO - Setting next_dagrun for tutorial to 2024-08-09 00:00:00+00:00, run_after=2024-08-10 00:00:00+00:00
[2024-08-10T23:29:25.603+0000] {processor.py:183} INFO - Processing /home/airflow/.local/lib/python3.12/site-packages/airflow/example_dags/tutorial.py took 0.063 seconds
[2024-08-10T23:29:55.957+0000] {processor.py:161} INFO - Started process (PID=472) to work on /home/airflow/.local/lib/python3.12/site-packages/airflow/example_dags/tutorial.py
[2024-08-10T23:29:55.958+0000] {processor.py:830} INFO - Processing file /home/airflow/.local/lib/python3.12/site-packages/airflow/example_dags/tutorial.py for tasks to queue
[2024-08-10T23:29:55.959+0000] {logging_mixin.py:188} INFO - [2024-08-10T23:29:55.959+0000] {dagbag.py:545} INFO - Filling up the DagBag from /home/airflow/.local/lib/python3.12/site-packages/airflow/example_dags/tutorial.py
[2024-08-10T23:29:55.963+0000] {processor.py:840} INFO - DAG(s) 'tutorial' retrieved from /home/airflow/.local/lib/python3.12/site-packages/airflow/example_dags/tutorial.py
[2024-08-10T23:29:55.980+0000] {logging_mixin.py:188} INFO - [2024-08-10T23:29:55.980+0000] {dag.py:3089} INFO - Sync 1 DAGs
[2024-08-10T23:29:55.996+0000] {logging_mixin.py:188} INFO - [2024-08-10T23:29:55.996+0000] {dag.py:3947} INFO - Setting next_dagrun for tutorial to 2024-08-09 00:00:00+00:00, run_after=2024-08-10 00:00:00+00:00
[2024-08-10T23:29:56.012+0000] {processor.py:183} INFO - Processing /home/airflow/.local/lib/python3.12/site-packages/airflow/example_dags/tutorial.py took 0.059 seconds
